This is pdfTeX, Version 3.14159265-2.6-1.40.16 (TeX Live 2015/Debian) (preloaded format=pdflatex 2017.9.14)  31 OCT 2017 14:40
entering extended mode
 restricted \write18 enabled.
 %&-line parsing enabled.
**NPSC.tex
(./NPSC.tex
LaTeX2e <2016/02/01>
Babel <3.9q> and hyphenation patterns for 81 language(s) loaded.
(/usr/share/texlive/texmf-dist/tex/latex/base/report.cls
Document Class: report 2014/09/29 v1.4h Standard LaTeX document class
(/usr/share/texlive/texmf-dist/tex/latex/base/size11.clo
File: size11.clo 2014/09/29 v1.4h Standard LaTeX file (size option)
)
\c@part=\count79
\c@chapter=\count80
\c@section=\count81
\c@subsection=\count82
\c@subsubsection=\count83
\c@paragraph=\count84
\c@subparagraph=\count85
\c@figure=\count86
\c@table=\count87
\abovecaptionskip=\skip41
\belowcaptionskip=\skip42
\bibindent=\dimen102
)
\@input{preamble/preamble.aux}
\openout2 = `preamble/preamble.aux'.

(./preamble/preamble.tex
(/usr/share/texlive/texmf-dist/tex/latex/geometry/geometry.sty
Package: geometry 2010/09/12 v5.6 Page Geometry

(/usr/share/texlive/texmf-dist/tex/latex/graphics/keyval.sty
Package: keyval 2014/10/28 v1.15 key=value parser (DPC)
\KV@toks@=\toks14
)
(/usr/share/texlive/texmf-dist/tex/generic/oberdiek/ifpdf.sty
Package: ifpdf 2011/01/30 v2.3 Provides the ifpdf switch (HO)
Package ifpdf Info: pdfTeX in PDF mode is detected.
)
(/usr/share/texlive/texmf-dist/tex/generic/oberdiek/ifvtex.sty
Package: ifvtex 2010/03/01 v1.5 Detect VTeX and its facilities (HO)
Package ifvtex Info: VTeX not detected.
)
(/usr/share/texlive/texmf-dist/tex/generic/ifxetex/ifxetex.sty
Package: ifxetex 2010/09/12 v0.6 Provides ifxetex conditional
)
\Gm@cnth=\count88
\Gm@cntv=\count89
\c@Gm@tempcnt=\count90
\Gm@bindingoffset=\dimen103
\Gm@wd@mp=\dimen104
\Gm@odd@mp=\dimen105
\Gm@even@mp=\dimen106
\Gm@layoutwidth=\dimen107
\Gm@layoutheight=\dimen108
\Gm@layouthoffset=\dimen109
\Gm@layoutvoffset=\dimen110
\Gm@dimlist=\toks15
)
(/usr/share/texlive/texmf-dist/tex/latex/graphics/graphicx.sty
Package: graphicx 2014/10/28 v1.0g Enhanced LaTeX Graphics (DPC,SPQR)

(/usr/share/texlive/texmf-dist/tex/latex/graphics/graphics.sty
Package: graphics 2016/01/03 v1.0q Standard LaTeX Graphics (DPC,SPQR)

(/usr/share/texlive/texmf-dist/tex/latex/graphics/trig.sty
Package: trig 2016/01/03 v1.10 sin cos tan (DPC)
)
(/usr/share/texlive/texmf-dist/tex/latex/latexconfig/graphics.cfg
File: graphics.cfg 2010/04/23 v1.9 graphics configuration of TeX Live
)
Package graphics Info: Driver file: pdftex.def on input line 95.

(/usr/share/texlive/texmf-dist/tex/latex/pdftex-def/pdftex.def
File: pdftex.def 2011/05/27 v0.06d Graphics/color for pdfTeX

(/usr/share/texlive/texmf-dist/tex/generic/oberdiek/infwarerr.sty
Package: infwarerr 2010/04/08 v1.3 Providing info/warning/error messages (HO)
)
(/usr/share/texlive/texmf-dist/tex/generic/oberdiek/ltxcmds.sty
Package: ltxcmds 2011/11/09 v1.22 LaTeX kernel commands for general use (HO)
)
\Gread@gobject=\count91
))
\Gin@req@height=\dimen111
\Gin@req@width=\dimen112
)
(/usr/share/texlive/texmf-dist/tex/latex/fancyhdr/fancyhdr.sty
\fancy@headwidth=\skip43
\f@ncyO@elh=\skip44
\f@ncyO@erh=\skip45
\f@ncyO@olh=\skip46
\f@ncyO@orh=\skip47
\f@ncyO@elf=\skip48
\f@ncyO@erf=\skip49
\f@ncyO@olf=\skip50
\f@ncyO@orf=\skip51
)
(/usr/share/texlive/texmf-dist/tex/latex/amsmath/amsmath.sty
Package: amsmath 2016/03/03 v2.15a AMS math features
\@mathmargin=\skip52

For additional information on amsmath, use the `?' option.
(/usr/share/texlive/texmf-dist/tex/latex/amsmath/amstext.sty
Package: amstext 2000/06/29 v2.01 AMS text

(/usr/share/texlive/texmf-dist/tex/latex/amsmath/amsgen.sty
File: amsgen.sty 1999/11/30 v2.0 generic functions
\@emptytoks=\toks16
\ex@=\dimen113
))
(/usr/share/texlive/texmf-dist/tex/latex/amsmath/amsbsy.sty
Package: amsbsy 1999/11/29 v1.2d Bold Symbols
\pmbraise@=\dimen114
)
(/usr/share/texlive/texmf-dist/tex/latex/amsmath/amsopn.sty
Package: amsopn 1999/12/14 v2.01 operator names
)
\inf@bad=\count92
LaTeX Info: Redefining \frac on input line 199.
\uproot@=\count93
\leftroot@=\count94
LaTeX Info: Redefining \overline on input line 297.
\classnum@=\count95
\DOTSCASE@=\count96
LaTeX Info: Redefining \ldots on input line 394.
LaTeX Info: Redefining \dots on input line 397.
LaTeX Info: Redefining \cdots on input line 518.
\Mathstrutbox@=\box26
\strutbox@=\box27
\big@size=\dimen115
LaTeX Font Info:    Redeclaring font encoding OML on input line 630.
LaTeX Font Info:    Redeclaring font encoding OMS on input line 631.
\macc@depth=\count97
\c@MaxMatrixCols=\count98
\dotsspace@=\muskip10
\c@parentequation=\count99
\dspbrk@lvl=\count100
\tag@help=\toks17
\row@=\count101
\column@=\count102
\maxfields@=\count103
\andhelp@=\toks18
\eqnshift@=\dimen116
\alignsep@=\dimen117
\tagshift@=\dimen118
\tagwidth@=\dimen119
\totwidth@=\dimen120
\lineht@=\dimen121
\@envbody=\toks19
\multlinegap=\skip53
\multlinetaggap=\skip54
\mathdisplay@stack=\toks20
LaTeX Info: Redefining \[ on input line 2735.
LaTeX Info: Redefining \] on input line 2736.
)
(/usr/share/texlive/texmf-dist/tex/latex/amscls/amsthm.sty
Package: amsthm 2015/03/04 v2.20.2
\thm@style=\toks21
\thm@bodyfont=\toks22
\thm@headfont=\toks23
\thm@notefont=\toks24
\thm@headpunct=\toks25
\thm@preskip=\skip55
\thm@postskip=\skip56
\thm@headsep=\skip57
\dth@everypar=\toks26
)
(/usr/share/texlive/texmf-dist/tex/latex/amsfonts/amssymb.sty
Package: amssymb 2013/01/14 v3.01 AMS font symbols

(/usr/share/texlive/texmf-dist/tex/latex/amsfonts/amsfonts.sty
Package: amsfonts 2013/01/14 v3.01 Basic AMSFonts support
\symAMSa=\mathgroup4
\symAMSb=\mathgroup5
LaTeX Font Info:    Overwriting math alphabet `\mathfrak' in version `bold'
(Font)                  U/euf/m/n --> U/euf/b/n on input line 106.
))
(/usr/share/texlive/texmf-dist/tex/latex/lastpage/lastpage.sty
Package: lastpage 2015/03/29 v1.2m Refers to last page's name (HMM; JPG)
)
(/usr/share/texlive/texmf-dist/tex/latex/caption/subcaption.sty
Package: subcaption 2016/02/20 v1.1-142 Sub-captions (AR)

(/usr/share/texlive/texmf-dist/tex/latex/caption/caption.sty
Package: caption 2016/02/21 v3.3-144 Customizing captions (AR)

(/usr/share/texlive/texmf-dist/tex/latex/caption/caption3.sty
Package: caption3 2016/02/04 v1.7-139 caption3 kernel (AR)
Package caption3 Info: TeX engine: e-TeX on input line 67.
\captionmargin=\dimen122
\captionmargin@=\dimen123
\captionwidth=\dimen124
\caption@tempdima=\dimen125
\caption@indent=\dimen126
\caption@parindent=\dimen127
\caption@hangindent=\dimen128
)
\c@ContinuedFloat=\count104
)
\c@subfigure=\count105
\c@subtable=\count106
)
(/usr/share/texlive/texmf-dist/tex/latex/graphics/lscape.sty
Package: lscape 2000/10/22 v3.01 Landscape Pages (DPC)
)
(/usr/share/texlive/texmf-dist/tex/latex/hyphenat/hyphenat.sty
Package: hyphenat 2009/09/02 v2.3c hyphenation utilities
\langwohyphens=\language81
LaTeX Info: Redefining \_ on input line 43.
)
(/usr/share/texlive/texmf-dist/tex/latex/setspace/setspace.sty
Package: setspace 2011/12/19 v6.7a set line spacing
)
(/usr/share/texlive/texmf-dist/tex/latex/hyperref/hyperref.sty
Package: hyperref 2012/11/06 v6.83m Hypertext links for LaTeX

(/usr/share/texlive/texmf-dist/tex/generic/oberdiek/hobsub-hyperref.sty
Package: hobsub-hyperref 2012/05/28 v1.13 Bundle oberdiek, subset hyperref (HO)


(/usr/share/texlive/texmf-dist/tex/generic/oberdiek/hobsub-generic.sty
Package: hobsub-generic 2012/05/28 v1.13 Bundle oberdiek, subset generic (HO)
Package: hobsub 2012/05/28 v1.13 Construct package bundles (HO)
Package hobsub Info: Skipping package `infwarerr' (already loaded).
Package hobsub Info: Skipping package `ltxcmds' (already loaded).
Package: ifluatex 2010/03/01 v1.3 Provides the ifluatex switch (HO)
Package ifluatex Info: LuaTeX not detected.
Package hobsub Info: Skipping package `ifvtex' (already loaded).
Package: intcalc 2007/09/27 v1.1 Expandable calculations with integers (HO)
Package hobsub Info: Skipping package `ifpdf' (already loaded).
Package: etexcmds 2011/02/16 v1.5 Avoid name clashes with e-TeX commands (HO)
Package etexcmds Info: Could not find \expanded.
(etexcmds)             That can mean that you are not using pdfTeX 1.50 or
(etexcmds)             that some package has redefined \expanded.
(etexcmds)             In the latter case, load this package earlier.
Package: kvsetkeys 2012/04/25 v1.16 Key value parser (HO)
Package: kvdefinekeys 2011/04/07 v1.3 Define keys (HO)
Package: pdftexcmds 2011/11/29 v0.20 Utility functions of pdfTeX for LuaTeX (HO
)
Package pdftexcmds Info: LuaTeX not detected.
Package pdftexcmds Info: \pdf@primitive is available.
Package pdftexcmds Info: \pdf@ifprimitive is available.
Package pdftexcmds Info: \pdfdraftmode found.
Package: pdfescape 2011/11/25 v1.13 Implements pdfTeX's escape features (HO)
Package: bigintcalc 2012/04/08 v1.3 Expandable calculations on big integers (HO
)
Package: bitset 2011/01/30 v1.1 Handle bit-vector datatype (HO)
Package: uniquecounter 2011/01/30 v1.2 Provide unlimited unique counter (HO)
)
Package hobsub Info: Skipping package `hobsub' (already loaded).
Package: letltxmacro 2010/09/02 v1.4 Let assignment for LaTeX macros (HO)
Package: hopatch 2012/05/28 v1.2 Wrapper for package hooks (HO)
Package: xcolor-patch 2011/01/30 xcolor patch
Package: atveryend 2011/06/30 v1.8 Hooks at the very end of document (HO)
Package atveryend Info: \enddocument detected (standard20110627).
Package: atbegshi 2011/10/05 v1.16 At begin shipout hook (HO)
Package: refcount 2011/10/16 v3.4 Data extraction from label references (HO)
Package: hycolor 2011/01/30 v1.7 Color options for hyperref/bookmark (HO)
)
(/usr/share/texlive/texmf-dist/tex/latex/oberdiek/auxhook.sty
Package: auxhook 2011/03/04 v1.3 Hooks for auxiliary files (HO)
)
(/usr/share/texlive/texmf-dist/tex/latex/oberdiek/kvoptions.sty
Package: kvoptions 2011/06/30 v3.11 Key value format for package options (HO)
)
\@linkdim=\dimen129
\Hy@linkcounter=\count107
\Hy@pagecounter=\count108

(/usr/share/texlive/texmf-dist/tex/latex/hyperref/pd1enc.def
File: pd1enc.def 2012/11/06 v6.83m Hyperref: PDFDocEncoding definition (HO)
)
\Hy@SavedSpaceFactor=\count109

(/usr/share/texlive/texmf-dist/tex/latex/latexconfig/hyperref.cfg
File: hyperref.cfg 2002/06/06 v1.2 hyperref configuration of TeXLive
)
Package hyperref Info: Hyper figures OFF on input line 4443.
Package hyperref Info: Link nesting OFF on input line 4448.
Package hyperref Info: Hyper index ON on input line 4451.
Package hyperref Info: Plain pages OFF on input line 4458.
Package hyperref Info: Backreferencing OFF on input line 4463.
Package hyperref Info: Implicit mode ON; LaTeX internals redefined.
Package hyperref Info: Bookmarks ON on input line 4688.
\c@Hy@tempcnt=\count110

(/usr/share/texlive/texmf-dist/tex/latex/url/url.sty
\Urlmuskip=\muskip11
Package: url 2013/09/16  ver 3.4  Verb mode for urls, etc.
)
LaTeX Info: Redefining \url on input line 5041.
\XeTeXLinkMargin=\dimen130
\Fld@menulength=\count111
\Field@Width=\dimen131
\Fld@charsize=\dimen132
Package hyperref Info: Hyper figures OFF on input line 6295.
Package hyperref Info: Link nesting OFF on input line 6300.
Package hyperref Info: Hyper index ON on input line 6303.
Package hyperref Info: backreferencing OFF on input line 6310.
Package hyperref Info: Link coloring OFF on input line 6315.
Package hyperref Info: Link coloring with OCG OFF on input line 6320.
Package hyperref Info: PDF/A mode OFF on input line 6325.
LaTeX Info: Redefining \ref on input line 6365.
LaTeX Info: Redefining \pageref on input line 6369.
\Hy@abspage=\count112
\c@Item=\count113
\c@Hfootnote=\count114
)

Package hyperref Message: Driver (autodetected): hpdftex.

(/usr/share/texlive/texmf-dist/tex/latex/hyperref/hpdftex.def
File: hpdftex.def 2012/11/06 v6.83m Hyperref driver for pdfTeX
\Fld@listcount=\count115
\c@bookmark@seq@number=\count116

(/usr/share/texlive/texmf-dist/tex/latex/oberdiek/rerunfilecheck.sty
Package: rerunfilecheck 2011/04/15 v1.7 Rerun checks for auxiliary files (HO)
Package uniquecounter Info: New unique counter `rerunfilecheck' on input line 2
82.
)
\Hy@SectionHShift=\skip58
)
(/usr/share/texlive/texmf-dist/tex/latex/graphics/color.sty
Package: color 2016/01/03 v1.1b Standard LaTeX Color (DPC)

(/usr/share/texlive/texmf-dist/tex/latex/latexconfig/color.cfg
File: color.cfg 2007/01/18 v1.5 color configuration of teTeX/TeXLive
)
Package color Info: Driver file: pdftex.def on input line 143.
)
(/usr/share/texlive/texmf-dist/tex/latex/xcolor/xcolor.sty
Package: xcolor 2007/01/21 v2.11 LaTeX color extensions (UK)

(/usr/share/texlive/texmf-dist/tex/latex/latexconfig/color.cfg
File: color.cfg 2007/01/18 v1.5 color configuration of teTeX/TeXLive
)
Package xcolor Info: Driver file: pdftex.def on input line 225.
LaTeX Info: Redefining \color on input line 702.
Package xcolor Info: Model `cmy' substituted by `cmy0' on input line 1337.
Package xcolor Info: Model `hsb' substituted by `rgb' on input line 1341.
Package xcolor Info: Model `RGB' extended on input line 1353.
Package xcolor Info: Model `HTML' substituted by `rgb' on input line 1355.
Package xcolor Info: Model `Hsb' substituted by `hsb' on input line 1356.
Package xcolor Info: Model `tHsb' substituted by `hsb' on input line 1357.
Package xcolor Info: Model `HSB' substituted by `hsb' on input line 1358.
Package xcolor Info: Model `Gray' substituted by `gray' on input line 1359.
Package xcolor Info: Model `wave' substituted by `hsb' on input line 1360.

(/usr/share/texlive/texmf-dist/tex/latex/graphics/dvipsnam.def
File: dvipsnam.def 2015/12/30 v3.0k Driver-dependent file (DPC,SPQR)
))
(/usr/share/texlive/texmf-dist/tex/latex/oberdiek/pdflscape.sty
Package: pdflscape 2008/08/11 v0.10 Display of landscape pages in PDF (HO)
Package pdflscape Info: Auto-detected driver: pdftex on input line 80.
)
(/usr/share/texlive/texmf-dist/tex/latex/cleveref/cleveref.sty
Package: cleveref 2013/12/28 v0.19 Intelligent cross-referencing
Package cleveref Info: `hyperref' support loaded on input line 2230.
LaTeX Info: Redefining \cref on input line 2230.
LaTeX Info: Redefining \Cref on input line 2230.
LaTeX Info: Redefining \crefrange on input line 2230.
LaTeX Info: Redefining \Crefrange on input line 2230.
LaTeX Info: Redefining \cpageref on input line 2230.
LaTeX Info: Redefining \Cpageref on input line 2230.
LaTeX Info: Redefining \cpagerefrange on input line 2230.
LaTeX Info: Redefining \Cpagerefrange on input line 2230.
LaTeX Info: Redefining \labelcref on input line 2230.
LaTeX Info: Redefining \labelcpageref on input line 2230.
Package cleveref Info: `amsthm' support loaded on input line 2858.
)
(/usr/share/texlive/texmf-dist/tex/latex/multirow/multirow.sty
\bigstrutjot=\dimen133
)
(/usr/share/texlive/texmf-dist/tex/latex/dirtytalk/dirtytalk.sty
Package: dirtytalk 2010/11/21 A package making "quoting" easier

(/usr/share/texlive/texmf-dist/tex/latex/base/ifthen.sty
Package: ifthen 2014/09/29 v1.1c Standard LaTeX ifthen package (DPC)
)
\c@dirtytalk@qdepth=\count117
)) (./NPSC.aux
(./body/Introduction.aux) (./body/Literature.aux

LaTeX Warning: Label `fig:neopixel_cascade' multiply defined.


LaTeX Warning: Label `fig:neopixel_cascade@cref' multiply defined.


LaTeX Warning: Label `sub@fig:neopixel_cascade' multiply defined.


LaTeX Warning: Label `sub@fig:neopixel_cascade@cref' multiply defined.

) (./body/Design.aux) (./body/Implementation.aux) (./body/Results.aux)
(./body/Discussion.aux) (./body/Conclusions.aux) (./body/Recommendations.aux)
(./bibliography/References.aux

LaTeX Warning: Label `ho2014' multiply defined.

) (./appendices/appendixa.aux) (./appendices/appendixb.aux))
\openout1 = `NPSC.aux'.

LaTeX Font Info:    Checking defaults for OML/cmm/m/it on input line 14.
LaTeX Font Info:    ... okay on input line 14.
LaTeX Font Info:    Checking defaults for T1/cmr/m/n on input line 14.
LaTeX Font Info:    ... okay on input line 14.
LaTeX Font Info:    Checking defaults for OT1/cmr/m/n on input line 14.
LaTeX Font Info:    ... okay on input line 14.
LaTeX Font Info:    Checking defaults for OMS/cmsy/m/n on input line 14.
LaTeX Font Info:    ... okay on input line 14.
LaTeX Font Info:    Checking defaults for OMX/cmex/m/n on input line 14.
LaTeX Font Info:    ... okay on input line 14.
LaTeX Font Info:    Checking defaults for U/cmr/m/n on input line 14.
LaTeX Font Info:    ... okay on input line 14.
LaTeX Font Info:    Checking defaults for PD1/pdf/m/n on input line 14.
LaTeX Font Info:    ... okay on input line 14.

*geometry* driver: auto-detecting
*geometry* detected driver: pdftex
*geometry* verbose mode - [ preamble ] result:
* driver: pdftex
* paper: a4paper
* layout: <same size as paper>
* layoutoffset:(h,v)=(0.0pt,0.0pt)
* modes: 
* h-part:(L,W,R)=(108.405pt, 416.83289pt, 72.26999pt)
* v-part:(T,H,B)=(72.26999pt, 700.50687pt, 72.26999pt)
* \paperwidth=597.50787pt
* \paperheight=845.04684pt
* \textwidth=416.83289pt
* \textheight=700.50687pt
* \oddsidemargin=36.13501pt
* \evensidemargin=36.13501pt
* \topmargin=-37.0pt
* \headheight=12.0pt
* \headsep=25.0pt
* \topskip=11.0pt
* \footskip=30.0pt
* \marginparwidth=50.0pt
* \marginparsep=10.0pt
* \columnsep=10.0pt
* \skip\footins=10.0pt plus 4.0pt minus 2.0pt
* \hoffset=0.0pt
* \voffset=0.0pt
* \mag=1000
* \@twocolumnfalse
* \@twosidefalse
* \@mparswitchfalse
* \@reversemarginfalse
* (1in=72.27pt=25.4mm, 1cm=28.453pt)

(/usr/share/texlive/texmf-dist/tex/context/base/supp-pdf.mkii
[Loading MPS to PDF converter (version 2006.09.02).]
\scratchcounter=\count118
\scratchdimen=\dimen134
\scratchbox=\box28
\nofMPsegments=\count119
\nofMParguments=\count120
\everyMPshowfont=\toks27
\MPscratchCnt=\count121
\MPscratchDim=\dimen135
\MPnumerator=\count122
\makeMPintoPDFobject=\count123
\everyMPtoPDFconversion=\toks28
) (/usr/share/texlive/texmf-dist/tex/latex/oberdiek/epstopdf-base.sty
Package: epstopdf-base 2010/02/09 v2.5 Base part for package epstopdf

(/usr/share/texlive/texmf-dist/tex/latex/oberdiek/grfext.sty
Package: grfext 2010/08/19 v1.1 Manage graphics extensions (HO)
)
Package grfext Info: Graphics extension search list:
(grfext)             [.png,.pdf,.jpg,.mps,.jpeg,.jbig2,.jb2,.PNG,.PDF,.JPG,.JPE
G,.JBIG2,.JB2,.eps]
(grfext)             \AppendGraphicsExtensions on input line 452.

(/usr/share/texlive/texmf-dist/tex/latex/latexconfig/epstopdf-sys.cfg
File: epstopdf-sys.cfg 2010/07/13 v1.3 Configuration of (r)epstopdf for TeX Liv
e
))
Package lastpage Info: Please have a look at the pageslts package at
(lastpage)             https://www.ctan.org/pkg/pageslts
(lastpage)             ! on input line 14.
Package caption Info: Begin \AtBeginDocument code.
Package caption Info: hyperref package is loaded.
Package caption Info: End \AtBeginDocument code.
\AtBeginShipoutBox=\box29
Package hyperref Info: Link coloring OFF on input line 14.

(/usr/share/texlive/texmf-dist/tex/latex/hyperref/nameref.sty
Package: nameref 2012/10/27 v2.43 Cross-referencing by name of section

(/usr/share/texlive/texmf-dist/tex/generic/oberdiek/gettitlestring.sty
Package: gettitlestring 2010/12/03 v1.4 Cleanup title references (HO)
)
\c@section@level=\count124
)
LaTeX Info: Redefining \ref on input line 14.
LaTeX Info: Redefining \pageref on input line 14.
LaTeX Info: Redefining \nameref on input line 14.

(./NPSC.out) (./NPSC.out)
\@outlinefile=\write3
\openout3 = `NPSC.out'.

 (./preamble/title.tex
<./figures/uctLogo.png, id=365, 418.56375pt x 425.59pt>
File: ./figures/uctLogo.png Graphic file (type png)

<use ./figures/uctLogo.png>
Package pdftex.def Info: ./figures/uctLogo.png used on input line 14.
(pdftex.def)             Requested size: 125.57008pt x 127.67798pt.
) [1



{/var/lib/texmf/fonts/map/pdftex/updmap/pdftex.map} <./figures/uctLogo.png>] [2
] (./preamble/plagiarism.tex
Underfull \hbox (badness 10000) in paragraph at lines 1--2

 []

) [3] (./preamble/acknowledgments.tex
Underfull \hbox (badness 10000) in paragraph at lines 1--2

 []

) [1] (./preamble/abstract.tex
Underfull \hbox (badness 10000) in paragraph at lines 1--2

 []

) [2] (./NPSC.toc
LaTeX Font Info:    Try loading font information for U+msa on input line 2.
 (/usr/share/texlive/texmf-dist/tex/latex/amsfonts/umsa.fd
File: umsa.fd 2013/01/14 v3.01 AMS symbols A
)
LaTeX Font Info:    Try loading font information for U+msb on input line 2.

(/usr/share/texlive/texmf-dist/tex/latex/amsfonts/umsb.fd
File: umsb.fd 2013/01/14 v3.01 AMS symbols B
) [3

] [4] [5])
\tf@toc=\write4
\openout4 = `NPSC.toc'.


[6] (./NPSC.lof)
\tf@lof=\write5
\openout5 = `NPSC.lof'.

 [7

] (./NPSC.lot)
\tf@lot=\write6
\openout6 = `NPSC.lot'.

 [8

]

Package Fancyhdr Warning: \fancyhead's `E' option without twoside option is use
less on input line 81.


Package Fancyhdr Warning: \fancyhead's `E' option without twoside option is use
less on input line 81.

\openout2 = `body/Introduction.aux'.

(./body/Introduction.tex
Chapter 1.
pdfTeX warning (ext4): destination with the same identifier (name{page.1}) has 
been already used, duplicate ignored
<to be read again> 
                   \relax 
l.19 \begin{itemize}
                     [1


]
LaTeX Font Info:    Try loading font information for OMS+cmr on input line 30.

(/usr/share/texlive/texmf-dist/tex/latex/base/omscmr.fd
File: omscmr.fd 2014/09/29 v2.5h Standard LaTeX font definitions
)
LaTeX Font Info:    Font shape `OMS/cmr/m/n' in size <10.95> not available
(Font)              Font shape `OMS/cmsy/m/n' tried instead on input line 30.


Package Fancyhdr Warning: \headheight is too small (12.0pt): 
 Make it at least 13.59999pt.
 We now make it that large for the rest of the document.
 This may cause the page layout to be inconsistent, however.

pdfTeX warning (ext4): destination with the same identifier (name{page.2}) has 
been already used, duplicate ignored
<to be read again> 
                   \relax 
l.44 \begin{itemize}
                     [2]
<./figures/gantt_chart.png, id=583, 1329.96875pt x 442.65375pt>
File: ./figures/gantt_chart.png Graphic file (type png)

<use ./figures/gantt_chart.png>
Package pdftex.def Info: ./figures/gantt_chart.png used on input line 61.
(pdftex.def)             Requested size: 465.49603pt x 154.93112pt.

Overfull \hbox (48.66315pt too wide) in paragraph at lines 61--62
 [][] 
 []

pdfTeX warning (ext4): destination with the same identifier (name{page.3}) has 
been already used, duplicate ignored
<to be read again> 
                   \relax 
l.69 \item \textbf
                  {Research} [3 <./figures/gantt_chart.png>]
Overfull \hbox (8.16394pt too wide) in paragraph at lines 71--72
[]\OT1/cmr/bx/n/10.95 Introduction: \OT1/cmr/m/n/10.95 The feasability of the p
roject as well as its scope and limitations
 []

[4] <./figures/wbs.jpg, id=593, 2171.11125pt x 827.09pt>
File: ./figures/wbs.jpg Graphic file (type jpg)

<use ./figures/wbs.jpg>
Package pdftex.def Info: ./figures/wbs.jpg used on input line 90.
(pdftex.def)             Requested size: 759.90033pt x 289.48582pt.

Overfull \hbox (59.39346pt too wide) in paragraph at lines 90--91
 [][] 
 []

[5

 <./figures/wbs.jpg>])
\openout2 = `body/Literature.aux'.

 (./body/Literature.tex
Chapter 2.
<./figures/lit_rev.jpg, id=599, 3276.24pt x 1413.28pt>
File: ./figures/lit_rev.jpg Graphic file (type jpg)

<use ./figures/lit_rev.jpg>
Package pdftex.def Info: ./figures/lit_rev.jpg used on input line 6.
(pdftex.def)             Requested size: 327.64319pt x 141.33627pt.

Overfull \hbox (10.75488pt too wide) in paragraph at lines 16--17
\OT1/cmr/m/n/10.95 suprachiasmatic nuclei. These internal clocks or endegenous 
clocks are internal mechanisms
 []


Overfull \hbox (19.06894pt too wide) in paragraph at lines 19--22
\OT1/cmr/m/n/10.95 external cues (endogenous), are influenced by the presence o
f external stimuli (entertainable),
 []


Overfull \hbox (17.25412pt too wide) in paragraph at lines 19--22
\OT1/cmr/m/n/10.95 of external stimuli -also known as \OT1/cmr/m/it/10.95 zeitg
ebers\OT1/cmr/m/n/10.95 -, circadian rhythms synchronise their periodicity
 []

[6




 <./figures/lit_rev.jpg>] [7]
Overfull \hbox (2.92265pt too wide) in paragraph at lines 34--35
\OT1/cmr/m/n/10.95 suppression action spectrum was formed using eight different
 wavelengths between $440\OML/cmm/m/it/10.95 nm$
 []


Overfull \hbox (3.60178pt too wide) in paragraph at lines 37--38
[]\OT1/cmr/m/it/10.95 Smaller wavelength monochromatic light have a greater cha
nge in Plasma Melatonin
 []

[8] [9]
Overfull \hbox (2.32954pt too wide) in paragraph at lines 67--68
\OT1/cmr/m/n/10.95 producing specific light have been used in treating patients
 with sleep-disorder. Advanced
 []

<./figures/sol1.jpg, id=640, 1204.5pt x 1204.5pt>
File: ./figures/sol1.jpg Graphic file (type jpg)
 <use ./figures/sol1.jpg>
Package pdftex.def Info: ./figures/sol1.jpg used on input line 73.
(pdftex.def)             Requested size: 240.89574pt x 240.89574pt.

[10] <./figures/philips1.png, id=655, 495.8525pt x 436.63126pt>
File: ./figures/philips1.png Graphic file (type png)

<use ./figures/philips1.png>
Package pdftex.def Info: ./figures/philips1.png used on input line 84.
(pdftex.def)             Requested size: 198.33748pt x 174.6494pt.

Overfull \hbox (10.76396pt too wide) in paragraph at lines 84--85
[][] 
 []

<./figures/philips2.jpeg, id=656, 590.205pt x 501.875pt>
File: ./figures/philips2.jpeg Graphic file (type jpg)

<use ./figures/philips2.jpeg>
Package pdftex.def Info: ./figures/philips2.jpeg used on input line 89.
(pdftex.def)             Requested size: 206.57484pt x 175.65887pt.

Overfull \hbox (19.00133pt too wide) in paragraph at lines 89--90
[][] 
 []


Underfull \hbox (badness 10000) in paragraph at lines 90--90
[]\OT1/cmr/m/n/10 (b) |HF3551/60, coloured sunrise
 []


LaTeX Warning: `!h' float specifier changed to `!ht'.


Overfull \hbox (25.05084pt too wide) in paragraph at lines 107--110
\OT1/cmr/m/n/10.95 various range of microcontroller suitable for different appl
ication. The NPSC's microcontroller
 []

[11 <./figures/sol1.jpg>]
Overfull \hbox (1.25914pt too wide) in paragraph at lines 111--112
[]\OT1/cmr/bx/n/10.95 Size of the FLASH: \OT1/cmr/m/n/10.95 How many lines of c
ode can be loaded to the microcontroller? 
 []

[12 <./figures/philips1.png> <./figures/philips2.jpeg>]
Underfull \hbox (badness 10000) in paragraph at lines 128--128
[]\OT1/cmr/bx/n/10.95 Arduino
 []


Overfull \hbox (2.91342pt too wide) in paragraph at lines 128--128
[]\OT1/cmr/bx/n/10.95 Raspberry
 []


Underfull \hbox (badness 10000) in paragraph at lines 130--130
[]\OT1/cmr/m/n/10.95 dual-core, dual-
 []


Underfull \hbox (badness 10000) in paragraph at lines 130--130
[]\OT1/cmr/m/n/10.95 1GHz
 []


Overfull \hbox (3.52827pt too wide) in paragraph at lines 132--132
[]\OT1/cmr/m/n/10.95 MicroSDHC| 
 []


Overfull \hbox (12.8664pt too wide) in paragraph at lines 124--138
 [][] 
 []


Overfull \hbox (2.02641pt too wide) in paragraph at lines 143--145
\OT1/cmr/bx/n/10.95 Erasable Programmable Read-Only Memory \OT1/cmr/m/n/10.95 (
EEPROM) is a non-volatile memory
 []

[13] <./figures/resistiveTouch.jpg, id=688, 301.125pt x 234.8775pt>
File: ./figures/resistiveTouch.jpg Graphic file (type jpg)

<use ./figures/resistiveTouch.jpg>
Package pdftex.def Info: ./figures/resistiveTouch.jpg used on input line 159.
(pdftex.def)             Requested size: 120.44786pt x 93.94933pt.

<./figures/capacitiveTouch.jpg, id=691, 371.3875pt x 290.08376pt>
File: ./figures/capacitiveTouch.jpg Graphic file (type jpg)

<use ./figures/capacitiveTouch.jpg>
Package pdftex.def Info: ./figures/capacitiveTouch.jpg used on input line 164.
(pdftex.def)             Requested size: 129.98756pt x 101.53082pt.


LaTeX Warning: `!h' float specifier changed to `!ht'.


Underfull \hbox (badness 10000) in paragraph at lines 180--180
[]\OT1/cmr/bx/n/10.95 Wavelength
 []


Underfull \hbox (badness 10000) in paragraph at lines 180--180
[]\OT1/cmr/bx/n/10.95 Luminous
 []


Underfull \hbox (badness 10000) in paragraph at lines 180--180
\OT1/cmr/bx/n/10.95 intensity
 []


Underfull \hbox (badness 10000) in paragraph at lines 180--181
[]\OT1/cmr/bx/n/10.95 Colour
 []


Overfull \hbox (2.73691pt too wide) in paragraph at lines 180--181
\OT1/cmr/bx/n/10.95 temperature
 []

[14]
Missing character: There is no Œ in font cmti10!
Missing character: There is no ∏ in font cmti10!
 <./figures/ring.png, id=705, 626.34pt x 363.3575pt>
File: ./figures/ring.png Graphic file (type png)

<use ./figures/ring.png>
Package pdftex.def Info: ./figures/ring.png used on input line 204.
(pdftex.def)             Requested size: 375.80688pt x 218.01617pt.


LaTeX Warning: `!h' float specifier changed to `!ht'.


LaTeX Warning: Reference `neopixel_illuminance' on page 1 undefined on input li
ne 212.


LaTeX Warning: `!h' float specifier changed to `!ht'.

[15 <./figures/resistiveTouch.jpg> <./figures/capacitiveTouch.jpg>] [16 <./figu
res/ring.png>] <./figures/neopixel_nrz.png, id=730, 555.07375pt x 325.215pt>
File: ./figures/neopixel_nrz.png Graphic file (type png)

<use ./figures/neopixel_nrz.png>
Package pdftex.def Info: ./figures/neopixel_nrz.png used on input line 257.
(pdftex.def)             Requested size: 222.02556pt x 130.0837pt.

Overfull \hbox (34.45204pt too wide) in paragraph at lines 257--258
[][] 
 []

<./figures/neopixel_cascade.png, id=731, 539.01375pt x 184.69pt>
File: ./figures/neopixel_cascade.png Graphic file (type png)

<use ./figures/neopixel_cascade.png>
Package pdftex.def Info: ./figures/neopixel_cascade.png used on input line 262.

(pdftex.def)             Requested size: 215.60167pt x 73.87468pt.

Overfull \hbox (28.02815pt too wide) in paragraph at lines 262--263
[][] 
 []


Underfull \hbox (badness 1102) in paragraph at lines 263--263
[]\OT1/cmr/m/n/10 (b) |Neopixels connected in daisy chain
 []

<./figures/neopixel_serial.png, id=732, 1062.97125pt x 600.2425pt>
File: ./figures/neopixel_serial.png Graphic file (type png)

<use ./figures/neopixel_serial.png>
Package pdftex.def Info: ./figures/neopixel_serial.png used on input line 267.
(pdftex.def)             Requested size: 478.33266pt x 270.10663pt.

Overfull \hbox (61.49977pt too wide) in paragraph at lines 267--268
[][] 
 []


LaTeX Warning: `!h' float specifier changed to `!ht'.

<./figures/pcb_design_flow.png, id=737, 553.06625pt x 435.6275pt>
File: ./figures/pcb_design_flow.png Graphic file (type png)

<use ./figures/pcb_design_flow.png>
Package pdftex.def Info: ./figures/pcb_design_flow.png used on input line 283.
(pdftex.def)             Requested size: 276.53244pt x 217.81322pt.

Overfull \hbox (3.76808pt too wide) in paragraph at lines 279--287
\OT1/cmr/m/n/10.95 One important design requirement (need) for the NPSC light r
equirement is its theoretical
 []

[17] [18 <./figures/neopixel_nrz.png> <./figures/neopixel_cascade.png> <./figur
es/neopixel_serial.png>] [19 <./figures/pcb_design_flow.png>]) [20]
\openout2 = `body/Design.aux'.


(./body/Design.tex
Chapter 3.
[21



] [22]) [23] [24]
\openout2 = `body/Implementation.aux'.

 (./body/Implementation.tex
Chapter 4.
[25



]) [26]
\openout2 = `body/Results.aux'.

 (./body/Results.tex
Chapter 5.
) [27



]
\openout2 = `body/Discussion.aux'.

 (./body/Discussion.tex
Chapter 6.
) [28



]
\openout2 = `body/Conclusions.aux'.

 (./body/Conclusions.tex
Chapter 7.
) [29



]
\openout2 = `body/Recommendations.aux'.

 (./body/Recommendations.tex
Chapter 8.
) [30



]
\openout2 = `bibliography/References.aux'.

 (./bibliography/References.tex [31


]
Missing character: There is no ‚ in font cmr10!
Missing character: There is no Ä in font cmr10!
Missing character: There is no ì in font cmr10!
Missing character: There is no ‚ in font cmr10!
Missing character: There is no Ä in font cmr10!
Missing character: There is no ì in font cmr10!
 [32

]
Missing character: There is no ‚ in font cmr10!
Missing character: There is no Ä in font cmr10!
Missing character: There is no ú in font cmr10!
Missing character: There is no ‚ in font cmr10!
Missing character: There is no Ä in font cmr10!
Missing character: There is no ù in font cmr10!

Underfull \hbox (badness 1102) in paragraph at lines 33--35
[]\OT1/cmr/m/n/10.95 Mark S. Rea and Mariana G. Figueiro, ``A Working Threshold
 for Acute
 []


Underfull \hbox (badness 1019) in paragraph at lines 37--39
[]\OT1/cmr/m/n/10.95 ``Scientific Background Discoveries of Molecular Mechanism
s Controlling the
 []


Underfull \hbox (badness 5637) in paragraph at lines 43--45
[]\OT1/cmr/m/n/10.95 Philips, [Online], available at: https://www.usa.philips.c
om/c-p/HF3550[]-
 []


Underfull \hbox (badness 10000) in paragraph at lines 51--53
[]\OT1/cmr/m/n/10.95 Marshall Brain,``How Microcontrollers Work'',\OT1/cmr/m/it
/10.95 HowStuffWorks.com\OT1/cmr/m/n/10.95 [Online]
 []


Underfull \hbox (badness 10000) in paragraph at lines 53--55
[]\OT1/cmr/m/n/10.95 ``Arduino Due Specifications'', \OT1/cmr/m/it/10.95 Arduin
o\OT1/cmr/m/n/10.95 , [Online], available at:
 []


Underfull \hbox (badness 4120) in paragraph at lines 55--57
[]\OT1/cmr/m/n/10.95 ``Intel Edison Specifications'', \OT1/cmr/m/it/10.95 Intel
\OT1/cmr/m/n/10.95 , [Online], available at: https://cdn-
 []


Underfull \hbox (badness 2922) in paragraph at lines 57--59
[]\OT1/cmr/m/n/10.95 ``Raspberry Pi Zero Specifications'', \OT1/cmr/m/it/10.95 
Raspberry Pi\OT1/cmr/m/n/10.95 , [Online], available at:
 []


Underfull \hbox (badness 10000) in paragraph at lines 59--60
[]\OT1/cmr/m/n/10.95 ``STM32F407VGT6 Specifications'', \OT1/cmr/m/it/10.95 STM 
microelectronics\OT1/cmr/m/n/10.95 , [Online],
 []


Underfull \hbox (badness 10000) in paragraph at lines 59--60
\OT1/cmr/m/n/10.95 available at: http://www.st.com/en/microcontrollers/stm32f40
7-
 []


Underfull \hbox (badness 10000) in paragraph at lines 65--67
[]\OT1/cmr/m/n/10.95 Tom Tyson, ``Serial EEPROM Solutions vs. Parallel Solution
s'',
 []


Underfull \hbox (badness 10000) in paragraph at lines 65--67
\OT1/cmr/m/it/10.95 Memory Products Division, Microchip\OT1/cmr/m/n/10.95 , [On
line], available at:
 []

[33pdfTeX warning (ext4): destination with the same identifier (name{cite.ho201
4}) has been already used, duplicate ignored

\AtBegShi@Output ...ipout \box \AtBeginShipoutBox 
                                                  \fi \fi 
l.75 \bibitem{bluetooth}
                         K. V. S. S. S. S. Sairam and N. Gunasekaran and S. ...
]
Underfull \hbox (badness 10000) in paragraph at lines 81--83
[]\OT1/cmr/m/n/10.95 ``Resistive Touch Screen'', \OT1/cmr/m/it/10.95 Baanto\OT1
/cmr/m/n/10.95 ,[Online], available at:
 []


Underfull \hbox (badness 10000) in paragraph at lines 83--84
[]\OT1/cmr/m/n/10.95 ``Capacitive Touch Screen'', \OT1/cmr/m/it/10.95 Baanto\OT
1/cmr/m/n/10.95 ,[Online], available at:
 []


Underfull \hbox (badness 10000) in paragraph at lines 89--91
[]\OT1/cmr/m/n/10.95 ``Serial Peripheral Interface (SPI) '', \OT1/cmr/m/it/10.9
5 Sparkfun\OT1/cmr/m/n/10.95 ,[Online], available at:
 []


Underfull \hbox (badness 10000) in paragraph at lines 91--93
[]\OT1/cmr/m/n/10.95 `` Serial Communication '', \OT1/cmr/m/it/10.95 Sparkfun\O
T1/cmr/m/n/10.95 ,[Online], available at:
 []


Underfull \hbox (badness 10000) in paragraph at lines 100--103
[]\OT1/cmr/m/n/10.95 ``Generic Standard on Printed Board Design'', \OT1/cmr/m/i
t/10.95 ASSOCIATION
 []


Underfull \hbox (badness 10000) in paragraph at lines 100--103
\OT1/cmr/m/it/10.95 CONNECTING ELECTRONICS INDUSTRIES\OT1/cmr/m/n/10.95 ,[Onlin
e], available at:
 []

) [34]
\openout2 = `appendices/appendixa.aux'.

 (./appendices/appendixa.tex
Appendix A.
) [35



]
\openout2 = `appendices/appendixb.aux'.

 (./appendices/appendixb.tex
Appendix B.
) [36



] 
AED: lastpage setting LastPage
Package atveryend Info: Empty hook `BeforeClearDocument' on input line 82.
Package atveryend Info: Empty hook `AfterLastShipout' on input line 82.
(./NPSC.aux (./body/Introduction.aux) (./body/Literature.aux)
(./body/Design.aux) (./body/Implementation.aux) (./body/Results.aux)
(./body/Discussion.aux) (./body/Conclusions.aux) (./body/Recommendations.aux)
(./bibliography/References.aux) (./appendices/appendixa.aux)
(./appendices/appendixb.aux))
Package atveryend Info: Executing hook `AtVeryEndDocument' on input line 82.
Package atveryend Info: Executing hook `AtEndAfterFileList' on input line 82.
Package rerunfilecheck Info: File `NPSC.out' has not changed.
(rerunfilecheck)             Checksum: 2CFF3F917DEB1B8B08D40E40914BE4E4;6140.


LaTeX Warning: There were undefined references.


LaTeX Warning: There were multiply-defined labels.

Package atveryend Info: Empty hook `AtVeryVeryEnd' on input line 82.
 ) 
Here is how much of TeX's memory you used:
 10437 strings out of 493029
 165732 string characters out of 6136234
 283259 words of memory out of 5000000
 13503 multiletter control sequences out of 15000+600000
 13554 words of font info for 51 fonts, out of 8000000 for 9000
 1141 hyphenation exceptions out of 8191
 46i,12n,46p,1266b,632s stack positions out of 5000i,500n,10000p,200000b,80000s
</usr/share/texlive/texmf-dist/fonts/type1/public/amsfonts/cm/cmbx10.pfb></us
r/share/texlive/texmf-dist/fonts/type1/public/amsfonts/cm/cmbx12.pfb></usr/shar
e/texlive/texmf-dist/fonts/type1/public/amsfonts/cm/cmmi10.pfb></usr/share/texl
ive/texmf-dist/fonts/type1/public/amsfonts/cm/cmmi6.pfb></usr/share/texlive/tex
mf-dist/fonts/type1/public/amsfonts/cm/cmmi8.pfb></usr/share/texlive/texmf-dist
/fonts/type1/public/amsfonts/cm/cmr10.pfb></usr/share/texlive/texmf-dist/fonts/
type1/public/amsfonts/cm/cmr12.pfb></usr/share/texlive/texmf-dist/fonts/type1/p
ublic/amsfonts/cm/cmr6.pfb></usr/share/texlive/texmf-dist/fonts/type1/public/am
sfonts/cm/cmr8.pfb></usr/share/texlive/texmf-dist/fonts/type1/public/amsfonts/c
m/cmr9.pfb></usr/share/texlive/texmf-dist/fonts/type1/public/amsfonts/cm/cmsy10
.pfb></usr/share/texlive/texmf-dist/fonts/type1/public/amsfonts/cm/cmti10.pfb>
Output written on NPSC.pdf (47 pages, 1277393 bytes).
PDF statistics:
 951 PDF objects out of 1000 (max. 8388607)
 857 compressed objects within 9 object streams
 220 named destinations out of 1000 (max. 500000)
 791 words of extra memory for PDF output out of 10000 (max. 10000000)

