Removed Pin From Net: NetName=VCC_1 Pin=C2-2
Removed Pin From Net: NetName=VCC_1 Pin=C3-2
Removed Pin From Net: NetName=VCC_1 Pin=C5-2
Removed Pin From Net: NetName=VCC_1 Pin=C6-2
Removed Pin From Net: NetName=VCC_1 Pin=C8-2
Removed Pin From Net: NetName=VCC_1 Pin=C9-2
Removed Pin From Net: NetName=VCC_1 Pin=C11-2
Removed Pin From Net: NetName=VCC_1 Pin=C12-2
Removed Pin From Net: NetName=VCC_1 Pin=C14-2
Removed Pin From Net: NetName=VCC_1 Pin=C15-2
Removed Pin From Net: NetName=VCC_1 Pin=C17-2
Removed Pin From Net: NetName=VCC_1 Pin=C18-2
Removed Pin From Net: NetName=VCC_1 Pin=C20-2
Removed Pin From Net: NetName=VCC_1 Pin=C21-2
Removed Pin From Net: NetName=VCC_1 Pin=C23-2
Removed Pin From Net: NetName=VCC_1 Pin=C24-2
Removed Pin From Net: NetName=VCC_1 Pin=C26-2
Removed Pin From Net: NetName=VCC_1 Pin=C27-2
Removed Pin From Net: NetName=VCC_1 Pin=C29-2
Removed Pin From Net: NetName=VCC_1 Pin=C30-2
Removed Pin From Net: NetName=VCC_1 Pin=C32-2
Removed Pin From Net: NetName=VCC_1 Pin=C33-2
Removed Pin From Net: NetName=VCC_1 Pin=C35-2
Removed Pin From Net: NetName=VCC_1 Pin=C36-2
Removed Pin From Net: NetName=GND Pin=C37-1
Removed Pin From Net: NetName=VCC_1 Pin=C37-2
Removed Pin From Net: NetName=GND Pin=C38-1
Removed Pin From Net: NetName=VCC_1 Pin=C38-2
Removed Pin From Net: NetName=GND Pin=C39-1
Removed Pin From Net: NetName=VCC_1 Pin=C39-2
Removed Pin From Net: NetName=GND Pin=C40-1
Removed Pin From Net: NetName=VCC_1 Pin=C40-2
Removed Pin From Net: NetName=GND Pin=C41-1
Removed Pin From Net: NetName=VCC_1 Pin=C41-2
Removed Pin From Net: NetName=GND Pin=C42-1
Removed Pin From Net: NetName=VCC_1 Pin=C42-2
Removed Pin From Net: NetName=GND Pin=C43-1
Removed Pin From Net: NetName=VCC_1 Pin=C43-2
Removed Pin From Net: NetName=GND Pin=C44-1
Removed Pin From Net: NetName=VCC_1 Pin=C44-2
Removed Pin From Net: NetName=GND Pin=C45-1
Removed Pin From Net: NetName=VCC_1 Pin=C45-2
Removed Pin From Net: NetName=GND Pin=C46-1
Removed Pin From Net: NetName=VCC_1 Pin=C46-2
Removed Pin From Net: NetName=GND Pin=C47-1
Removed Pin From Net: NetName=VCC_1 Pin=C47-2
Removed Pin From Net: NetName=GND Pin=C48-1
Removed Pin From Net: NetName=VCC_1 Pin=C48-2
Removed Pin From Net: NetName=GND Pin=C49-1
Removed Pin From Net: NetName=VCC_1 Pin=C49-2
Removed Pin From Net: NetName=GND Pin=C50-1
Removed Pin From Net: NetName=VCC_1 Pin=C50-2
Removed Pin From Net: NetName=GND Pin=C51-1
Removed Pin From Net: NetName=VCC_1 Pin=C51-2
Removed Pin From Net: NetName=GND Pin=C52-1
Removed Pin From Net: NetName=VCC_1 Pin=C52-2
Removed Pin From Net: NetName=GND Pin=C53-1
Removed Pin From Net: NetName=VCC_1 Pin=C53-2
Removed Pin From Net: NetName=GND Pin=C54-1
Removed Pin From Net: NetName=VCC_1 Pin=C54-2
Removed Pin From Net: NetName=GND Pin=C55-1
Removed Pin From Net: NetName=VCC_1 Pin=C55-2
Removed Pin From Net: NetName=GND Pin=C56-1
Removed Pin From Net: NetName=VCC_1 Pin=C56-2
Removed Pin From Net: NetName=GND Pin=C57-1
Removed Pin From Net: NetName=VCC_1 Pin=C57-2
Removed Pin From Net: NetName=GND Pin=C58-1
Removed Pin From Net: NetName=VCC_1 Pin=C58-2
Removed Pin From Net: NetName=GND Pin=C59-1
Removed Pin From Net: NetName=VCC_1 Pin=C59-2
Removed Pin From Net: NetName=GND Pin=C60-1
Removed Pin From Net: NetName=VCC_1 Pin=C60-2
Removed Pin From Net: NetName=GND Pin=C61-1
Removed Pin From Net: NetName=VCC_2 Pin=C61-2
Removed Pin From Net: NetName=GND Pin=C62-1
Removed Pin From Net: NetName=VCC_2 Pin=C62-2
Removed Pin From Net: NetName=GND Pin=C63-1
Removed Pin From Net: NetName=VCC_2 Pin=C63-2
Removed Pin From Net: NetName=GND Pin=C64-1
Removed Pin From Net: NetName=VCC_2 Pin=C64-2
Removed Pin From Net: NetName=GND Pin=C65-1
Removed Pin From Net: NetName=VCC_2 Pin=C65-2
Removed Pin From Net: NetName=GND Pin=C66-1
Removed Pin From Net: NetName=VCC_2 Pin=C66-2
Removed Pin From Net: NetName=GND Pin=C67-1
Removed Pin From Net: NetName=VCC_2 Pin=C67-2
Removed Pin From Net: NetName=GND Pin=C68-1
Removed Pin From Net: NetName=VCC_2 Pin=C68-2
Removed Pin From Net: NetName=GND Pin=C69-1
Removed Pin From Net: NetName=VCC_2 Pin=C69-2
Removed Pin From Net: NetName=GND Pin=C70-1
Removed Pin From Net: NetName=VCC_2 Pin=C70-2
Removed Pin From Net: NetName=GND Pin=C71-1
Removed Pin From Net: NetName=VCC_2 Pin=C71-2
Removed Pin From Net: NetName=GND Pin=C72-1
Removed Pin From Net: NetName=VCC_2 Pin=C72-2
Removed Pin From Net: NetName=GND Pin=C73-1
Removed Pin From Net: NetName=VCC_2 Pin=C73-2
Removed Pin From Net: NetName=GND Pin=C74-1
Removed Pin From Net: NetName=VCC_2 Pin=C74-2
Removed Pin From Net: NetName=GND Pin=C75-1
Removed Pin From Net: NetName=VCC_2 Pin=C75-2
Removed Pin From Net: NetName=GND Pin=C76-1
Removed Pin From Net: NetName=VCC_2 Pin=C76-2
Removed Pin From Net: NetName=GND Pin=C77-1
Removed Pin From Net: NetName=VCC_2 Pin=C77-2
Removed Pin From Net: NetName=GND Pin=C78-1
Removed Pin From Net: NetName=VCC_2 Pin=C78-2
Removed Pin From Net: NetName=GND Pin=C79-1
Removed Pin From Net: NetName=VCC_2 Pin=C79-2
Removed Pin From Net: NetName=GND Pin=C80-1
Removed Pin From Net: NetName=VCC_2 Pin=C80-2
Removed Pin From Net: NetName=GND Pin=C81-1
Removed Pin From Net: NetName=VCC_2 Pin=C81-2
Removed Pin From Net: NetName=GND Pin=C82-1
Removed Pin From Net: NetName=VCC_2 Pin=C82-2
Removed Pin From Net: NetName=GND Pin=C83-1
Removed Pin From Net: NetName=VCC_2 Pin=C83-2
Removed Pin From Net: NetName=GND Pin=C84-1
Removed Pin From Net: NetName=VCC_2 Pin=C84-2
Removed Pin From Net: NetName=GND Pin=C85-1
Removed Pin From Net: NetName=VCC_2 Pin=C85-2
Removed Pin From Net: NetName=GND Pin=C86-1
Removed Pin From Net: NetName=VCC_2 Pin=C86-2
Removed Pin From Net: NetName=GND Pin=C87-1
Removed Pin From Net: NetName=VCC_2 Pin=C87-2
Removed Pin From Net: NetName=GND Pin=C88-1
Removed Pin From Net: NetName=VCC_2 Pin=C88-2
Removed Pin From Net: NetName=GND Pin=C89-1
Removed Pin From Net: NetName=VCC_2 Pin=C89-2
Removed Pin From Net: NetName=GND Pin=C90-1
Removed Pin From Net: NetName=VCC_2 Pin=C90-2
Removed Pin From Net: NetName=GND Pin=C91-1
Removed Pin From Net: NetName=VCC_2 Pin=C91-2
Removed Pin From Net: NetName=GND Pin=C92-1
Removed Pin From Net: NetName=VCC_2 Pin=C92-2
Removed Pin From Net: NetName=GND Pin=C93-1
Removed Pin From Net: NetName=VCC_2 Pin=C93-2
Removed Pin From Net: NetName=GND Pin=C94-1
Removed Pin From Net: NetName=VCC_2 Pin=C94-2
Removed Pin From Net: NetName=GND Pin=C95-1
Removed Pin From Net: NetName=VCC_2 Pin=C95-2
Removed Pin From Net: NetName=GND Pin=C96-1
Removed Pin From Net: NetName=VCC_2 Pin=C96-2
Removed Pin From Net: NetName=GND Pin=C97-1
Removed Pin From Net: NetName=VCC_2 Pin=C97-2
Removed Pin From Net: NetName=GND Pin=C98-1
Removed Pin From Net: NetName=VCC_2 Pin=C98-2
Removed Pin From Net: NetName=GND Pin=C99-1
Removed Pin From Net: NetName=VCC_2 Pin=C99-2
Removed Pin From Net: NetName=GND Pin=C100-1
Removed Pin From Net: NetName=VCC_2 Pin=C100-2
Removed Pin From Net: NetName=GND Pin=C101-1
Removed Pin From Net: NetName=VCC_2 Pin=C101-2
Removed Pin From Net: NetName=GND Pin=C102-1
Removed Pin From Net: NetName=VCC_2 Pin=C102-2
Removed Pin From Net: NetName=GND Pin=C103-1
Removed Pin From Net: NetName=VCC_2 Pin=C103-2
Removed Pin From Net: NetName=GND Pin=C104-1
Removed Pin From Net: NetName=VCC_2 Pin=C104-2
Removed Pin From Net: NetName=GND Pin=C105-1
Removed Pin From Net: NetName=VCC_2 Pin=C105-2
Removed Pin From Net: NetName=GND Pin=C106-1
Removed Pin From Net: NetName=VCC_2 Pin=C106-2
Removed Pin From Net: NetName=GND Pin=C107-1
Removed Pin From Net: NetName=VCC_2 Pin=C107-2
Removed Pin From Net: NetName=GND Pin=C108-1
Removed Pin From Net: NetName=VCC_2 Pin=C108-2
Removed Pin From Net: NetName=GND Pin=C109-1
Removed Pin From Net: NetName=VCC_2 Pin=C109-2
Removed Pin From Net: NetName=GND Pin=C110-1
Removed Pin From Net: NetName=VCC_2 Pin=C110-2
Removed Pin From Net: NetName=GND Pin=C111-1
Removed Pin From Net: NetName=VCC_2 Pin=C111-2
Removed Pin From Net: NetName=GND Pin=C112-1
Removed Pin From Net: NetName=VCC_2 Pin=C112-2
Removed Pin From Net: NetName=GND Pin=C113-1
Removed Pin From Net: NetName=VCC_2 Pin=C113-2
Removed Pin From Net: NetName=GND Pin=C114-1
Removed Pin From Net: NetName=VCC_2 Pin=C114-2
Removed Pin From Net: NetName=GND Pin=C115-1
Removed Pin From Net: NetName=VCC_2 Pin=C115-2
Removed Pin From Net: NetName=GND Pin=C116-1
Removed Pin From Net: NetName=VCC_2 Pin=C116-2
Removed Pin From Net: NetName=GND Pin=C117-1
Removed Pin From Net: NetName=VCC_2 Pin=C117-2
Removed Pin From Net: NetName=GND Pin=C118-1
Removed Pin From Net: NetName=VCC_2 Pin=C118-2
Removed Pin From Net: NetName=GND Pin=C119-1
Removed Pin From Net: NetName=VCC_2 Pin=C119-2
Removed Pin From Net: NetName=GND Pin=C120-1
Removed Pin From Net: NetName=VCC_2 Pin=C120-2
Removed Pin From Net: NetName=GND Pin=C121-1
Removed Pin From Net: NetName=VCC_3 Pin=C121-2
Removed Pin From Net: NetName=GND Pin=C122-1
Removed Pin From Net: NetName=VCC_3 Pin=C122-2
Removed Pin From Net: NetName=GND Pin=C123-1
Removed Pin From Net: NetName=VCC_3 Pin=C123-2
Removed Pin From Net: NetName=GND Pin=C124-1
Removed Pin From Net: NetName=VCC_3 Pin=C124-2
Removed Pin From Net: NetName=GND Pin=C125-1
Removed Pin From Net: NetName=VCC_3 Pin=C125-2
Removed Pin From Net: NetName=GND Pin=C126-1
Removed Pin From Net: NetName=VCC_3 Pin=C126-2
Removed Pin From Net: NetName=GND Pin=C127-1
Removed Pin From Net: NetName=VCC_3 Pin=C127-2
Removed Pin From Net: NetName=GND Pin=C128-1
Removed Pin From Net: NetName=VCC_3 Pin=C128-2
Removed Pin From Net: NetName=GND Pin=C129-1
Removed Pin From Net: NetName=VCC_3 Pin=C129-2
Removed Pin From Net: NetName=GND Pin=C130-1
Removed Pin From Net: NetName=VCC_3 Pin=C130-2
Removed Pin From Net: NetName=GND Pin=C131-1
Removed Pin From Net: NetName=VCC_3 Pin=C131-2
Removed Pin From Net: NetName=GND Pin=C132-1
Removed Pin From Net: NetName=VCC_3 Pin=C132-2
Removed Pin From Net: NetName=GND Pin=C133-1
Removed Pin From Net: NetName=VCC_3 Pin=C133-2
Removed Pin From Net: NetName=GND Pin=C134-1
Removed Pin From Net: NetName=VCC_3 Pin=C134-2
Removed Pin From Net: NetName=GND Pin=C135-1
Removed Pin From Net: NetName=VCC_3 Pin=C135-2
Removed Pin From Net: NetName=GND Pin=C136-1
Removed Pin From Net: NetName=VCC_3 Pin=C136-2
Removed Pin From Net: NetName=GND Pin=C137-1
Removed Pin From Net: NetName=VCC_3 Pin=C137-2
Removed Pin From Net: NetName=GND Pin=C138-1
Removed Pin From Net: NetName=VCC_3 Pin=C138-2
Removed Pin From Net: NetName=GND Pin=C139-1
Removed Pin From Net: NetName=VCC_3 Pin=C139-2
Removed Pin From Net: NetName=GND Pin=C140-1
Removed Pin From Net: NetName=VCC_3 Pin=C140-2
Removed Pin From Net: NetName=GND Pin=C141-1
Removed Pin From Net: NetName=VCC_3 Pin=C141-2
Removed Pin From Net: NetName=GND Pin=C142-1
Removed Pin From Net: NetName=VCC_3 Pin=C142-2
Removed Pin From Net: NetName=GND Pin=C143-1
Removed Pin From Net: NetName=VCC_3 Pin=C143-2
Removed Pin From Net: NetName=GND Pin=C144-1
Removed Pin From Net: NetName=VCC_3 Pin=C144-2
Removed Pin From Net: NetName=GND Pin=C145-1
Removed Pin From Net: NetName=VCC_3 Pin=C145-2
Removed Pin From Net: NetName=GND Pin=C146-1
Removed Pin From Net: NetName=VCC_3 Pin=C146-2
Removed Pin From Net: NetName=GND Pin=C147-1
Removed Pin From Net: NetName=VCC_3 Pin=C147-2
Removed Pin From Net: NetName=GND Pin=C148-1
Removed Pin From Net: NetName=VCC_3 Pin=C148-2
Removed Pin From Net: NetName=GND Pin=C149-1
Removed Pin From Net: NetName=VCC_3 Pin=C149-2
Removed Pin From Net: NetName=GND Pin=C150-1
Removed Pin From Net: NetName=VCC_3 Pin=C150-2
Removed Pin From Net: NetName=GND Pin=C151-1
Removed Pin From Net: NetName=VCC_3 Pin=C151-2
Removed Pin From Net: NetName=GND Pin=C152-1
Removed Pin From Net: NetName=VCC_3 Pin=C152-2
Removed Pin From Net: NetName=GND Pin=C153-1
Removed Pin From Net: NetName=VCC_3 Pin=C153-2
Removed Pin From Net: NetName=GND Pin=C154-1
Removed Pin From Net: NetName=VCC_3 Pin=C154-2
Removed Pin From Net: NetName=GND Pin=C155-1
Removed Pin From Net: NetName=VCC_3 Pin=C155-2
Removed Pin From Net: NetName=GND Pin=C156-1
Removed Pin From Net: NetName=VCC_3 Pin=C156-2
Removed Pin From Net: NetName=GND Pin=C157-1
Removed Pin From Net: NetName=VCC_3 Pin=C157-2
Removed Pin From Net: NetName=GND Pin=C158-1
Removed Pin From Net: NetName=VCC_3 Pin=C158-2
Removed Pin From Net: NetName=GND Pin=C159-1
Removed Pin From Net: NetName=VCC_3 Pin=C159-2
Removed Pin From Net: NetName=GND Pin=C160-1
Removed Pin From Net: NetName=VCC_3 Pin=C160-2
Removed Pin From Net: NetName=GND Pin=C161-1
Removed Pin From Net: NetName=VCC_3 Pin=C161-2
Removed Pin From Net: NetName=GND Pin=C162-1
Removed Pin From Net: NetName=VCC_3 Pin=C162-2
Removed Pin From Net: NetName=GND Pin=C163-1
Removed Pin From Net: NetName=VCC_3 Pin=C163-2
Removed Pin From Net: NetName=GND Pin=C164-1
Removed Pin From Net: NetName=VCC_3 Pin=C164-2
Removed Pin From Net: NetName=GND Pin=C165-1
Removed Pin From Net: NetName=VCC_3 Pin=C165-2
Removed Pin From Net: NetName=GND Pin=C166-1
Removed Pin From Net: NetName=VCC_3 Pin=C166-2
Removed Pin From Net: NetName=GND Pin=C167-1
Removed Pin From Net: NetName=VCC_3 Pin=C167-2
Removed Pin From Net: NetName=GND Pin=C168-1
Removed Pin From Net: NetName=VCC_3 Pin=C168-2
Removed Pin From Net: NetName=GND Pin=C169-1
Removed Pin From Net: NetName=VCC_3 Pin=C169-2
Removed Pin From Net: NetName=GND Pin=C170-1
Removed Pin From Net: NetName=VCC_3 Pin=C170-2
Removed Pin From Net: NetName=GND Pin=C171-1
Removed Pin From Net: NetName=VCC_3 Pin=C171-2
Removed Pin From Net: NetName=GND Pin=C172-1
Removed Pin From Net: NetName=VCC_3 Pin=C172-2
Removed Pin From Net: NetName=GND Pin=C173-1
Removed Pin From Net: NetName=VCC_3 Pin=C173-2
Removed Pin From Net: NetName=GND Pin=C174-1
Removed Pin From Net: NetName=VCC_3 Pin=C174-2
Removed Pin From Net: NetName=GND Pin=C175-1
Removed Pin From Net: NetName=VCC_3 Pin=C175-2
Removed Pin From Net: NetName=GND Pin=C176-1
Removed Pin From Net: NetName=VCC_3 Pin=C176-2
Removed Pin From Net: NetName=GND Pin=C177-1
Removed Pin From Net: NetName=VCC_3 Pin=C177-2
Removed Pin From Net: NetName=VCC_3 Pin=C178-1
Removed Pin From Net: NetName=VCC_3 Pin=C178-2
Removed Pin From Net: NetName=GND Pin=C179-1
Removed Pin From Net: NetName=VCC_1 Pin=C179-2
Removed Pin From Net: NetName=GND Pin=C180-1
Removed Pin From Net: NetName=VCC_3 Pin=C180-2
Removed Pin From Net: NetName=VCC_1 Pin=U179-1
Removed Member From Class: ClassName=ring Member=C37
Removed Member From Class: ClassName=ring Member=C38
Removed Member From Class: ClassName=ring Member=C39
Removed Member From Class: ClassName=ring Member=C40
Removed Member From Class: ClassName=ring Member=C41
Removed Member From Class: ClassName=ring Member=C42
Removed Member From Class: ClassName=ring Member=C43
Removed Member From Class: ClassName=ring Member=C44
Removed Member From Class: ClassName=ring Member=C45
Removed Member From Class: ClassName=ring Member=C46
Removed Member From Class: ClassName=ring Member=C47
Removed Member From Class: ClassName=ring Member=C48
Removed Member From Class: ClassName=ring Member=C49
Removed Member From Class: ClassName=ring Member=C50
Removed Member From Class: ClassName=ring Member=C51
Removed Member From Class: ClassName=ring Member=C52
Removed Member From Class: ClassName=ring Member=C53
Removed Member From Class: ClassName=ring Member=C54
Removed Member From Class: ClassName=ring Member=C55
Removed Member From Class: ClassName=ring Member=C56
Removed Member From Class: ClassName=ring Member=C57
Removed Member From Class: ClassName=ring Member=C58
Removed Member From Class: ClassName=ring Member=C59
Removed Member From Class: ClassName=ring Member=C60
Removed Member From Class: ClassName=ring Member=C61
Removed Member From Class: ClassName=ring Member=C62
Removed Member From Class: ClassName=ring Member=C63
Removed Member From Class: ClassName=ring Member=C64
Removed Member From Class: ClassName=ring Member=C65
Removed Member From Class: ClassName=ring Member=C66
Removed Member From Class: ClassName=ring Member=C67
Removed Member From Class: ClassName=ring Member=C68
Removed Member From Class: ClassName=ring Member=C69
Removed Member From Class: ClassName=ring Member=C70
Removed Member From Class: ClassName=ring Member=C71
Removed Member From Class: ClassName=ring Member=C72
Removed Member From Class: ClassName=ring Member=C73
Removed Member From Class: ClassName=ring Member=C74
Removed Member From Class: ClassName=ring Member=C75
Removed Member From Class: ClassName=ring Member=C76
Removed Member From Class: ClassName=ring Member=C77
Removed Member From Class: ClassName=ring Member=C78
Removed Member From Class: ClassName=ring Member=C79
Removed Member From Class: ClassName=ring Member=C80
Removed Member From Class: ClassName=ring Member=C81
Removed Member From Class: ClassName=ring Member=C82
Removed Member From Class: ClassName=ring Member=C83
Removed Member From Class: ClassName=ring Member=C84
Removed Member From Class: ClassName=ring Member=C85
Removed Member From Class: ClassName=ring Member=C86
Removed Member From Class: ClassName=ring Member=C87
Removed Member From Class: ClassName=ring Member=C88
Removed Member From Class: ClassName=ring Member=C89
Removed Member From Class: ClassName=ring Member=C90
Removed Member From Class: ClassName=ring Member=C91
Removed Member From Class: ClassName=ring Member=C92
Removed Member From Class: ClassName=ring Member=C93
Removed Member From Class: ClassName=ring Member=C94
Removed Member From Class: ClassName=ring Member=C95
Removed Member From Class: ClassName=ring Member=C96
Removed Member From Class: ClassName=ring Member=C97
Removed Member From Class: ClassName=ring Member=C98
Removed Member From Class: ClassName=ring Member=C99
Removed Member From Class: ClassName=ring Member=C100
Removed Member From Class: ClassName=ring Member=C101
Removed Member From Class: ClassName=ring Member=C102
Removed Member From Class: ClassName=ring Member=C103
Removed Member From Class: ClassName=ring Member=C104
Removed Member From Class: ClassName=ring Member=C105
Removed Member From Class: ClassName=ring Member=C106
Removed Member From Class: ClassName=ring Member=C107
Removed Member From Class: ClassName=ring Member=C108
Removed Member From Class: ClassName=ring Member=C109
Removed Member From Class: ClassName=ring Member=C110
Removed Member From Class: ClassName=ring Member=C111
Removed Member From Class: ClassName=ring Member=C112
Removed Member From Class: ClassName=ring Member=C113
Removed Member From Class: ClassName=ring Member=C114
Removed Member From Class: ClassName=ring Member=C115
Removed Member From Class: ClassName=ring Member=C116
Removed Member From Class: ClassName=ring Member=C117
Removed Member From Class: ClassName=ring Member=C118
Removed Member From Class: ClassName=ring Member=C119
Removed Member From Class: ClassName=ring Member=C120
Removed Member From Class: ClassName=ring Member=C121
Removed Member From Class: ClassName=ring Member=C122
Removed Member From Class: ClassName=ring Member=C123
Removed Member From Class: ClassName=ring Member=C124
Removed Member From Class: ClassName=ring Member=C125
Removed Member From Class: ClassName=ring Member=C126
Removed Member From Class: ClassName=ring Member=C127
Removed Member From Class: ClassName=ring Member=C128
Removed Member From Class: ClassName=ring Member=C129
Removed Member From Class: ClassName=ring Member=C130
Removed Member From Class: ClassName=ring Member=C131
Removed Member From Class: ClassName=ring Member=C132
Removed Member From Class: ClassName=ring Member=C133
Removed Member From Class: ClassName=ring Member=C134
Removed Member From Class: ClassName=ring Member=C135
Removed Member From Class: ClassName=ring Member=C136
Removed Member From Class: ClassName=ring Member=C137
Removed Member From Class: ClassName=ring Member=C138
Removed Member From Class: ClassName=ring Member=C139
Removed Member From Class: ClassName=ring Member=C140
Removed Member From Class: ClassName=ring Member=C141
Removed Member From Class: ClassName=ring Member=C142
Removed Member From Class: ClassName=ring Member=C143
Removed Member From Class: ClassName=ring Member=C144
Removed Member From Class: ClassName=ring Member=C145
Removed Member From Class: ClassName=ring Member=C146
Removed Member From Class: ClassName=ring Member=C147
Removed Member From Class: ClassName=ring Member=C148
Removed Member From Class: ClassName=ring Member=C149
Removed Member From Class: ClassName=ring Member=C150
Removed Member From Class: ClassName=ring Member=C151
Removed Member From Class: ClassName=ring Member=C152
Removed Member From Class: ClassName=ring Member=C153
Removed Member From Class: ClassName=ring Member=C154
Removed Member From Class: ClassName=ring Member=C155
Removed Member From Class: ClassName=ring Member=C156
Removed Member From Class: ClassName=ring Member=C157
Removed Member From Class: ClassName=ring Member=C158
Removed Member From Class: ClassName=ring Member=C159
Removed Member From Class: ClassName=ring Member=C160
Removed Member From Class: ClassName=ring Member=C161
Removed Member From Class: ClassName=ring Member=C162
Removed Member From Class: ClassName=ring Member=C163
Removed Member From Class: ClassName=ring Member=C164
Removed Member From Class: ClassName=ring Member=C165
Removed Member From Class: ClassName=ring Member=C166
Removed Member From Class: ClassName=ring Member=C167
Removed Member From Class: ClassName=ring Member=C168
Removed Member From Class: ClassName=ring Member=C169
Removed Member From Class: ClassName=ring Member=C170
Removed Member From Class: ClassName=ring Member=C171
Removed Member From Class: ClassName=ring Member=C172
Removed Member From Class: ClassName=ring Member=C173
Removed Member From Class: ClassName=ring Member=C174
Removed Member From Class: ClassName=ring Member=C175
Removed Member From Class: ClassName=ring Member=C176
Removed Member From Class: ClassName=ring Member=C177
Removed Member From Class: ClassName=ring Member=C178
Removed Member From Class: ClassName=ring Member=C179
Removed Member From Class: ClassName=ring Member=C180
Change Component Footprint: Designator=C6 Old Footprint=CAPC0805(2012)100_L New Footprint=CAPC0805(2012)100_N
Change Component Footprint: Designator=C7 Old Footprint=CAPC0805(2012)100_L New Footprint=CAPC0805(2012)100_N
Change Component Footprint: Designator=C8 Old Footprint=CAPC0805(2012)100_L New Footprint=CAPC0805(2012)100_N
Change Component Footprint: Designator=C9 Old Footprint=CAPC0805(2012)100_L New Footprint=CAPC0805(2012)100_N
Change Component Footprint: Designator=C10 Old Footprint=CAPC0805(2012)100_L New Footprint=CAPC0805(2012)100_N
Change Component Footprint: Designator=C11 Old Footprint=CAPC0805(2012)100_L New Footprint=CAPC0805(2012)100_N
Change Component Footprint: Designator=C12 Old Footprint=CAPC0805(2012)100_L New Footprint=CAPC0805(2012)100_N
Change Component Footprint: Designator=C13 Old Footprint=CAPC0805(2012)100_L New Footprint=CAPC0805(2012)100_N
Change Component Footprint: Designator=C14 Old Footprint=CAPC0805(2012)100_L New Footprint=CAPC0805(2012)100_N
Change Component Footprint: Designator=C15 Old Footprint=CAPC0805(2012)100_L New Footprint=CAPC0805(2012)100_N
Change Component Footprint: Designator=C16 Old Footprint=CAPC0805(2012)100_L New Footprint=CAPC0805(2012)100_N
Change Component Footprint: Designator=C17 Old Footprint=CAPC0805(2012)100_L New Footprint=CAPC0805(2012)100_N
Change Component Footprint: Designator=C18 Old Footprint=CAPC0805(2012)100_L New Footprint=CAPC0805(2012)100_N
Change Component Footprint: Designator=C19 Old Footprint=CAPC0805(2012)100_L New Footprint=CAPC0805(2012)100_N
Change Component Footprint: Designator=C20 Old Footprint=CAPC0805(2012)100_L New Footprint=CAPC0805(2012)100_N
Change Component Footprint: Designator=C21 Old Footprint=CAPC0805(2012)100_L New Footprint=CAPC0805(2012)100_N
Change Component Footprint: Designator=C22 Old Footprint=CAPC0805(2012)100_L New Footprint=CAPC0805(2012)100_N
Change Component Footprint: Designator=C23 Old Footprint=CAPC0805(2012)100_L New Footprint=CAPC0805(2012)100_N
Change Component Footprint: Designator=C24 Old Footprint=CAPC0805(2012)100_L New Footprint=CAPC0805(2012)100_N
Change Component Footprint: Designator=C25 Old Footprint=CAPC0805(2012)100_L New Footprint=CAPC0805(2012)100_N
Change Component Footprint: Designator=C26 Old Footprint=CAPC0805(2012)100_L New Footprint=CAPC0805(2012)100_N
Change Component Footprint: Designator=C27 Old Footprint=CAPC0805(2012)100_L New Footprint=CAPC0805(2012)100_N
Change Component Footprint: Designator=C28 Old Footprint=CAPC0805(2012)100_L New Footprint=CAPC0805(2012)100_N
Change Component Footprint: Designator=C29 Old Footprint=CAPC0805(2012)100_L New Footprint=CAPC0805(2012)100_N
Change Component Footprint: Designator=C30 Old Footprint=CAPC0805(2012)100_L New Footprint=CAPC0805(2012)100_N
Change Component Footprint: Designator=C31 Old Footprint=CAPC0805(2012)100_L New Footprint=CAPC0805(2012)100_N
Change Component Footprint: Designator=C32 Old Footprint=CAPC0805(2012)100_L New Footprint=CAPC0805(2012)100_N
Change Component Footprint: Designator=C33 Old Footprint=CAPC0805(2012)100_L New Footprint=CAPC0805(2012)100_N
Change Component Footprint: Designator=C34 Old Footprint=CAPC0805(2012)100_L New Footprint=CAPC0805(2012)100_N
Change Component Footprint: Designator=C35 Old Footprint=CAPC0805(2012)100_L New Footprint=CAPC0805(2012)100_N
Change Component Footprint: Designator=C36 Old Footprint=CAPC0805(2012)100_L New Footprint=CAPC0805(2012)100_N
Change Component Footprint: Designator=C2 Old Footprint=CAPC0805(2012)100_M New Footprint=CAPC0805(2012)100_N
Change Component Footprint: Designator=C3 Old Footprint=CAPC0805(2012)100_M New Footprint=CAPC0805(2012)100_N
Change Component Comment : Designator=C6 Old Comment=CAP 0.5pF 10V 0805(2012) New Comment=100nF 
Change Component Comment : Designator=C7 Old Comment=CAP 0.5pF 10V 0805(2012) New Comment=100nF 
Change Component Comment : Designator=C8 Old Comment=CAP 0.5pF 10V 0805(2012) New Comment=100nF 
Change Component Comment : Designator=C9 Old Comment=CAP 0.5pF 10V 0805(2012) New Comment=100nF 
Change Component Comment : Designator=C10 Old Comment=CAP 0.5pF 10V 0805(2012) New Comment=100nF 
Change Component Comment : Designator=C11 Old Comment=CAP 0.5pF 10V 0805(2012) New Comment=100nF 
Change Component Comment : Designator=C12 Old Comment=CAP 0.5pF 10V 0805(2012) New Comment=100nF 
Change Component Comment : Designator=C13 Old Comment=CAP 0.5pF 10V 0805(2012) New Comment=100nF 
Change Component Comment : Designator=C14 Old Comment=CAP 0.5pF 10V 0805(2012) New Comment=100nF 
Change Component Comment : Designator=C15 Old Comment=CAP 0.5pF 10V 0805(2012) New Comment=100nF 
Change Component Comment : Designator=C16 Old Comment=CAP 0.5pF 10V 0805(2012) New Comment=100nF 
Change Component Comment : Designator=C17 Old Comment=CAP 0.5pF 10V 0805(2012) New Comment=100nF 
Change Component Comment : Designator=C18 Old Comment=CAP 0.5pF 10V 0805(2012) New Comment=100nF 
Change Component Comment : Designator=C19 Old Comment=CAP 0.5pF 10V 0805(2012) New Comment=100nF 
Change Component Comment : Designator=C20 Old Comment=CAP 0.5pF 10V 0805(2012) New Comment=100nF 
Change Component Comment : Designator=C21 Old Comment=CAP 0.5pF 10V 0805(2012) New Comment=100nF 
Change Component Comment : Designator=C22 Old Comment=CAP 0.5pF 10V 0805(2012) New Comment=100nF 
Change Component Comment : Designator=C23 Old Comment=CAP 0.5pF 10V 0805(2012) New Comment=100nF 
Change Component Comment : Designator=C24 Old Comment=CAP 0.5pF 10V 0805(2012) New Comment=100nF 
Change Component Comment : Designator=C25 Old Comment=CAP 0.5pF 10V 0805(2012) New Comment=100nF 
Change Component Comment : Designator=C26 Old Comment=CAP 0.5pF 10V 0805(2012) New Comment=100nF 
Change Component Comment : Designator=C27 Old Comment=CAP 0.5pF 10V 0805(2012) New Comment=100nF 
Change Component Comment : Designator=C28 Old Comment=CAP 0.5pF 10V 0805(2012) New Comment=100nF 
Change Component Comment : Designator=C29 Old Comment=CAP 0.5pF 10V 0805(2012) New Comment=100nF 
Change Component Comment : Designator=C30 Old Comment=CAP 0.5pF 10V 0805(2012) New Comment=100nF 
Change Component Comment : Designator=C31 Old Comment=CAP 0.5pF 10V 0805(2012) New Comment=100nF 
Change Component Comment : Designator=C32 Old Comment=CAP 0.5pF 10V 0805(2012) New Comment=100nF 
Change Component Comment : Designator=C33 Old Comment=CAP 0.5pF 10V 0805(2012) New Comment=100nF 
Change Component Comment : Designator=C34 Old Comment=CAP 0.5pF 10V 0805(2012) New Comment=100nF 
Change Component Comment : Designator=C35 Old Comment=CAP 0.5pF 10V 0805(2012) New Comment=100nF 
Change Component Comment : Designator=C36 Old Comment=CAP 0.5pF 10V 0805(2012) New Comment=100nF 
Change Component Comment : Designator=C1 Old Comment=CAP 100nF 10V 0805(2012) New Comment=100nF 
Change Component Comment : Designator=C2 Old Comment=CAP 100nF 10V 0805(2012) New Comment=100nF 
Change Component Comment : Designator=C3 Old Comment=CAP 100nF 10V 0805(2012) New Comment=100nF 
Change Component Comment : Designator=C4 Old Comment=CAP 100nF 10V 0805(2012) New Comment=100nF 
Change Component Comment : Designator=C5 Old Comment=CAP 100nF 10V 0805(2012) New Comment=100nF 
Change component parameters: Designator = "C2"; Footprint = "CAPC0805(2012)100_N"; UniqueID = "\ORPQYOIG"
Change component parameters. Clean all parameters for all variants
Change component parameters (AddParameter): Name = "Case-EIA"; Value = "0805"; VariantName = "[No Variations]"
Change component parameters (AddParameter): Name = "Case-Metric"; Value = "2012"; VariantName = "[No Variations]"
Change component parameters (AddParameter): Name = "Max Thickness"; Value = "1 mm"; VariantName = "[No Variations]"
Change component parameters (AddParameter): Name = "Rated Voltage"; Value = "10 V"; VariantName = "[No Variations]"
Change component parameters (AddParameter): Name = "Technology"; Value = "SMT"; VariantName = "[No Variations]"
Change component parameters (AddParameter): Name = "Tolerance"; Value = "±20%"; VariantName = "[No Variations]"
Change component parameters (AddParameter): Name = "Value"; Value = "100nF"; VariantName = "[No Variations]"
Change component parameters: Designator = "C3"; Footprint = "CAPC0805(2012)100_N"; UniqueID = "\BCJAKURN"
Change component parameters. Clean all parameters for all variants
Change component parameters (AddParameter): Name = "Case-EIA"; Value = "0805"; VariantName = "[No Variations]"
Change component parameters (AddParameter): Name = "Case-Metric"; Value = "2012"; VariantName = "[No Variations]"
Change component parameters (AddParameter): Name = "Max Thickness"; Value = "1 mm"; VariantName = "[No Variations]"
Change component parameters (AddParameter): Name = "Rated Voltage"; Value = "10 V"; VariantName = "[No Variations]"
Change component parameters (AddParameter): Name = "Technology"; Value = "SMT"; VariantName = "[No Variations]"
Change component parameters (AddParameter): Name = "Tolerance"; Value = "±20%"; VariantName = "[No Variations]"
Change component parameters (AddParameter): Name = "Value"; Value = "100nF"; VariantName = "[No Variations]"
Change component parameters: Designator = "C6"; Footprint = "CAPC0805(2012)100_N"; UniqueID = "\CIWVJXID"
Change component parameters. Clean all parameters for all variants
Change component parameters (AddParameter): Name = "Case-EIA"; Value = "0805"; VariantName = "[No Variations]"
Change component parameters (AddParameter): Name = "Case-Metric"; Value = "2012"; VariantName = "[No Variations]"
Change component parameters (AddParameter): Name = "Max Thickness"; Value = "1 mm"; VariantName = "[No Variations]"
Change component parameters (AddParameter): Name = "Rated Voltage"; Value = "10 V"; VariantName = "[No Variations]"
Change component parameters (AddParameter): Name = "Technology"; Value = "SMT"; VariantName = "[No Variations]"
Change component parameters (AddParameter): Name = "Tolerance"; Value = "±20%"; VariantName = "[No Variations]"
Change component parameters (AddParameter): Name = "Value"; Value = "100nF"; VariantName = "[No Variations]"
Change component parameters: Designator = "C7"; Footprint = "CAPC0805(2012)100_N"; UniqueID = "\UTFOYQWC"
Change component parameters. Clean all parameters for all variants
Change component parameters (AddParameter): Name = "Case-EIA"; Value = "0805"; VariantName = "[No Variations]"
Change component parameters (AddParameter): Name = "Case-Metric"; Value = "2012"; VariantName = "[No Variations]"
Change component parameters (AddParameter): Name = "Max Thickness"; Value = "1 mm"; VariantName = "[No Variations]"
Change component parameters (AddParameter): Name = "Rated Voltage"; Value = "10 V"; VariantName = "[No Variations]"
Change component parameters (AddParameter): Name = "Technology"; Value = "SMT"; VariantName = "[No Variations]"
Change component parameters (AddParameter): Name = "Tolerance"; Value = "±20%"; VariantName = "[No Variations]"
Change component parameters (AddParameter): Name = "Value"; Value = "100nF"; VariantName = "[No Variations]"
Change component parameters: Designator = "C8"; Footprint = "CAPC0805(2012)100_N"; UniqueID = "\RUQHTWLL"
Change component parameters. Clean all parameters for all variants
Change component parameters (AddParameter): Name = "Case-EIA"; Value = "0805"; VariantName = "[No Variations]"
Change component parameters (AddParameter): Name = "Case-Metric"; Value = "2012"; VariantName = "[No Variations]"
Change component parameters (AddParameter): Name = "Max Thickness"; Value = "1 mm"; VariantName = "[No Variations]"
Change component parameters (AddParameter): Name = "Rated Voltage"; Value = "10 V"; VariantName = "[No Variations]"
Change component parameters (AddParameter): Name = "Technology"; Value = "SMT"; VariantName = "[No Variations]"
Change component parameters (AddParameter): Name = "Tolerance"; Value = "±20%"; VariantName = "[No Variations]"
Change component parameters (AddParameter): Name = "Value"; Value = "100nF"; VariantName = "[No Variations]"
Change component parameters: Designator = "C9"; Footprint = "CAPC0805(2012)100_N"; UniqueID = "\QPGSNEKS"
Change component parameters. Clean all parameters for all variants
Change component parameters (AddParameter): Name = "Case-EIA"; Value = "0805"; VariantName = "[No Variations]"
Change component parameters (AddParameter): Name = "Case-Metric"; Value = "2012"; VariantName = "[No Variations]"
Change component parameters (AddParameter): Name = "Max Thickness"; Value = "1 mm"; VariantName = "[No Variations]"
Change component parameters (AddParameter): Name = "Rated Voltage"; Value = "10 V"; VariantName = "[No Variations]"
Change component parameters (AddParameter): Name = "Technology"; Value = "SMT"; VariantName = "[No Variations]"
Change component parameters (AddParameter): Name = "Tolerance"; Value = "±20%"; VariantName = "[No Variations]"
Change component parameters (AddParameter): Name = "Value"; Value = "100nF"; VariantName = "[No Variations]"
Change component parameters: Designator = "C10"; Footprint = "CAPC0805(2012)100_N"; UniqueID = "\XYTCUOFA"
Change component parameters. Clean all parameters for all variants
Change component parameters (AddParameter): Name = "Case-EIA"; Value = "0805"; VariantName = "[No Variations]"
Change component parameters (AddParameter): Name = "Case-Metric"; Value = "2012"; VariantName = "[No Variations]"
Change component parameters (AddParameter): Name = "Max Thickness"; Value = "1 mm"; VariantName = "[No Variations]"
Change component parameters (AddParameter): Name = "Rated Voltage"; Value = "10 V"; VariantName = "[No Variations]"
Change component parameters (AddParameter): Name = "Technology"; Value = "SMT"; VariantName = "[No Variations]"
Change component parameters (AddParameter): Name = "Tolerance"; Value = "±20%"; VariantName = "[No Variations]"
Change component parameters (AddParameter): Name = "Value"; Value = "100nF"; VariantName = "[No Variations]"
Change component parameters: Designator = "C11"; Footprint = "CAPC0805(2012)100_N"; UniqueID = "\DPGDJGUP"
Change component parameters. Clean all parameters for all variants
Change component parameters (AddParameter): Name = "Case-EIA"; Value = "0805"; VariantName = "[No Variations]"
Change component parameters (AddParameter): Name = "Case-Metric"; Value = "2012"; VariantName = "[No Variations]"
Change component parameters (AddParameter): Name = "Max Thickness"; Value = "1 mm"; VariantName = "[No Variations]"
Change component parameters (AddParameter): Name = "Rated Voltage"; Value = "10 V"; VariantName = "[No Variations]"
Change component parameters (AddParameter): Name = "Technology"; Value = "SMT"; VariantName = "[No Variations]"
Change component parameters (AddParameter): Name = "Tolerance"; Value = "±20%"; VariantName = "[No Variations]"
Change component parameters (AddParameter): Name = "Value"; Value = "100nF"; VariantName = "[No Variations]"
Change component parameters: Designator = "C12"; Footprint = "CAPC0805(2012)100_N"; UniqueID = "\OLDFCFAE"
Change component parameters. Clean all parameters for all variants
Change component parameters (AddParameter): Name = "Case-EIA"; Value = "0805"; VariantName = "[No Variations]"
Change component parameters (AddParameter): Name = "Case-Metric"; Value = "2012"; VariantName = "[No Variations]"
Change component parameters (AddParameter): Name = "Max Thickness"; Value = "1 mm"; VariantName = "[No Variations]"
Change component parameters (AddParameter): Name = "Rated Voltage"; Value = "10 V"; VariantName = "[No Variations]"
Change component parameters (AddParameter): Name = "Technology"; Value = "SMT"; VariantName = "[No Variations]"
Change component parameters (AddParameter): Name = "Tolerance"; Value = "±20%"; VariantName = "[No Variations]"
Change component parameters (AddParameter): Name = "Value"; Value = "100nF"; VariantName = "[No Variations]"
Change component parameters: Designator = "C13"; Footprint = "CAPC0805(2012)100_N"; UniqueID = "\JEIKBSIR"
Change component parameters. Clean all parameters for all variants
Change component parameters (AddParameter): Name = "Case-EIA"; Value = "0805"; VariantName = "[No Variations]"
Change component parameters (AddParameter): Name = "Case-Metric"; Value = "2012"; VariantName = "[No Variations]"
Change component parameters (AddParameter): Name = "Max Thickness"; Value = "1 mm"; VariantName = "[No Variations]"
Change component parameters (AddParameter): Name = "Rated Voltage"; Value = "10 V"; VariantName = "[No Variations]"
Change component parameters (AddParameter): Name = "Technology"; Value = "SMT"; VariantName = "[No Variations]"
Change component parameters (AddParameter): Name = "Tolerance"; Value = "±20%"; VariantName = "[No Variations]"
Change component parameters (AddParameter): Name = "Value"; Value = "100nF"; VariantName = "[No Variations]"
Change component parameters: Designator = "C14"; Footprint = "CAPC0805(2012)100_N"; UniqueID = "\AGASMHRA"
Change component parameters. Clean all parameters for all variants
Change component parameters (AddParameter): Name = "Case-EIA"; Value = "0805"; VariantName = "[No Variations]"
Change component parameters (AddParameter): Name = "Case-Metric"; Value = "2012"; VariantName = "[No Variations]"
Change component parameters (AddParameter): Name = "Max Thickness"; Value = "1 mm"; VariantName = "[No Variations]"
Change component parameters (AddParameter): Name = "Rated Voltage"; Value = "10 V"; VariantName = "[No Variations]"
Change component parameters (AddParameter): Name = "Technology"; Value = "SMT"; VariantName = "[No Variations]"
Change component parameters (AddParameter): Name = "Tolerance"; Value = "±20%"; VariantName = "[No Variations]"
Change component parameters (AddParameter): Name = "Value"; Value = "100nF"; VariantName = "[No Variations]"
Change component parameters: Designator = "C15"; Footprint = "CAPC0805(2012)100_N"; UniqueID = "\NHAUVTXA"
Change component parameters. Clean all parameters for all variants
Change component parameters (AddParameter): Name = "Case-EIA"; Value = "0805"; VariantName = "[No Variations]"
Change component parameters (AddParameter): Name = "Case-Metric"; Value = "2012"; VariantName = "[No Variations]"
Change component parameters (AddParameter): Name = "Max Thickness"; Value = "1 mm"; VariantName = "[No Variations]"
Change component parameters (AddParameter): Name = "Rated Voltage"; Value = "10 V"; VariantName = "[No Variations]"
Change component parameters (AddParameter): Name = "Technology"; Value = "SMT"; VariantName = "[No Variations]"
Change component parameters (AddParameter): Name = "Tolerance"; Value = "±20%"; VariantName = "[No Variations]"
Change component parameters (AddParameter): Name = "Value"; Value = "100nF"; VariantName = "[No Variations]"
Change component parameters: Designator = "C16"; Footprint = "CAPC0805(2012)100_N"; UniqueID = "\HGNMENJN"
Change component parameters. Clean all parameters for all variants
Change component parameters (AddParameter): Name = "Case-EIA"; Value = "0805"; VariantName = "[No Variations]"
Change component parameters (AddParameter): Name = "Case-Metric"; Value = "2012"; VariantName = "[No Variations]"
Change component parameters (AddParameter): Name = "Max Thickness"; Value = "1 mm"; VariantName = "[No Variations]"
Change component parameters (AddParameter): Name = "Rated Voltage"; Value = "10 V"; VariantName = "[No Variations]"
Change component parameters (AddParameter): Name = "Technology"; Value = "SMT"; VariantName = "[No Variations]"
Change component parameters (AddParameter): Name = "Tolerance"; Value = "±20%"; VariantName = "[No Variations]"
Change component parameters (AddParameter): Name = "Value"; Value = "100nF"; VariantName = "[No Variations]"
Change component parameters: Designator = "C17"; Footprint = "CAPC0805(2012)100_N"; UniqueID = "\QDIGKJED"
Change component parameters. Clean all parameters for all variants
Change component parameters (AddParameter): Name = "Case-EIA"; Value = "0805"; VariantName = "[No Variations]"
Change component parameters (AddParameter): Name = "Case-Metric"; Value = "2012"; VariantName = "[No Variations]"
Change component parameters (AddParameter): Name = "Max Thickness"; Value = "1 mm"; VariantName = "[No Variations]"
Change component parameters (AddParameter): Name = "Rated Voltage"; Value = "10 V"; VariantName = "[No Variations]"
Change component parameters (AddParameter): Name = "Technology"; Value = "SMT"; VariantName = "[No Variations]"
Change component parameters (AddParameter): Name = "Tolerance"; Value = "±20%"; VariantName = "[No Variations]"
Change component parameters (AddParameter): Name = "Value"; Value = "100nF"; VariantName = "[No Variations]"
Change component parameters: Designator = "C18"; Footprint = "CAPC0805(2012)100_N"; UniqueID = "\VJXFWDBW"
Change component parameters. Clean all parameters for all variants
Change component parameters (AddParameter): Name = "Case-EIA"; Value = "0805"; VariantName = "[No Variations]"
Change component parameters (AddParameter): Name = "Case-Metric"; Value = "2012"; VariantName = "[No Variations]"
Change component parameters (AddParameter): Name = "Max Thickness"; Value = "1 mm"; VariantName = "[No Variations]"
Change component parameters (AddParameter): Name = "Rated Voltage"; Value = "10 V"; VariantName = "[No Variations]"
Change component parameters (AddParameter): Name = "Technology"; Value = "SMT"; VariantName = "[No Variations]"
Change component parameters (AddParameter): Name = "Tolerance"; Value = "±20%"; VariantName = "[No Variations]"
Change component parameters (AddParameter): Name = "Value"; Value = "100nF"; VariantName = "[No Variations]"
Change component parameters: Designator = "C19"; Footprint = "CAPC0805(2012)100_N"; UniqueID = "\NXMSYVQX"
Change component parameters. Clean all parameters for all variants
Change component parameters (AddParameter): Name = "Case-EIA"; Value = "0805"; VariantName = "[No Variations]"
Change component parameters (AddParameter): Name = "Case-Metric"; Value = "2012"; VariantName = "[No Variations]"
Change component parameters (AddParameter): Name = "Max Thickness"; Value = "1 mm"; VariantName = "[No Variations]"
Change component parameters (AddParameter): Name = "Rated Voltage"; Value = "10 V"; VariantName = "[No Variations]"
Change component parameters (AddParameter): Name = "Technology"; Value = "SMT"; VariantName = "[No Variations]"
Change component parameters (AddParameter): Name = "Tolerance"; Value = "±20%"; VariantName = "[No Variations]"
Change component parameters (AddParameter): Name = "Value"; Value = "100nF"; VariantName = "[No Variations]"
Change component parameters: Designator = "C20"; Footprint = "CAPC0805(2012)100_N"; UniqueID = "\KBQQIYDX"
Change component parameters. Clean all parameters for all variants
Change component parameters (AddParameter): Name = "Case-EIA"; Value = "0805"; VariantName = "[No Variations]"
Change component parameters (AddParameter): Name = "Case-Metric"; Value = "2012"; VariantName = "[No Variations]"
Change component parameters (AddParameter): Name = "Max Thickness"; Value = "1 mm"; VariantName = "[No Variations]"
Change component parameters (AddParameter): Name = "Rated Voltage"; Value = "10 V"; VariantName = "[No Variations]"
Change component parameters (AddParameter): Name = "Technology"; Value = "SMT"; VariantName = "[No Variations]"
Change component parameters (AddParameter): Name = "Tolerance"; Value = "±20%"; VariantName = "[No Variations]"
Change component parameters (AddParameter): Name = "Value"; Value = "100nF"; VariantName = "[No Variations]"
Change component parameters: Designator = "C21"; Footprint = "CAPC0805(2012)100_N"; UniqueID = "\KYHMPGOK"
Change component parameters. Clean all parameters for all variants
Change component parameters (AddParameter): Name = "Case-EIA"; Value = "0805"; VariantName = "[No Variations]"
Change component parameters (AddParameter): Name = "Case-Metric"; Value = "2012"; VariantName = "[No Variations]"
Change component parameters (AddParameter): Name = "Max Thickness"; Value = "1 mm"; VariantName = "[No Variations]"
Change component parameters (AddParameter): Name = "Rated Voltage"; Value = "10 V"; VariantName = "[No Variations]"
Change component parameters (AddParameter): Name = "Technology"; Value = "SMT"; VariantName = "[No Variations]"
Change component parameters (AddParameter): Name = "Tolerance"; Value = "±20%"; VariantName = "[No Variations]"
Change component parameters (AddParameter): Name = "Value"; Value = "100nF"; VariantName = "[No Variations]"
Change component parameters: Designator = "C22"; Footprint = "CAPC0805(2012)100_N"; UniqueID = "\LVSOQKPI"
Change component parameters. Clean all parameters for all variants
Change component parameters (AddParameter): Name = "Case-EIA"; Value = "0805"; VariantName = "[No Variations]"
Change component parameters (AddParameter): Name = "Case-Metric"; Value = "2012"; VariantName = "[No Variations]"
Change component parameters (AddParameter): Name = "Max Thickness"; Value = "1 mm"; VariantName = "[No Variations]"
Change component parameters (AddParameter): Name = "Rated Voltage"; Value = "10 V"; VariantName = "[No Variations]"
Change component parameters (AddParameter): Name = "Technology"; Value = "SMT"; VariantName = "[No Variations]"
Change component parameters (AddParameter): Name = "Tolerance"; Value = "±20%"; VariantName = "[No Variations]"
Change component parameters (AddParameter): Name = "Value"; Value = "100nF"; VariantName = "[No Variations]"
Change component parameters: Designator = "C23"; Footprint = "CAPC0805(2012)100_N"; UniqueID = "\TFIQDRBY"
Change component parameters. Clean all parameters for all variants
Change component parameters (AddParameter): Name = "Case-EIA"; Value = "0805"; VariantName = "[No Variations]"
Change component parameters (AddParameter): Name = "Case-Metric"; Value = "2012"; VariantName = "[No Variations]"
Change component parameters (AddParameter): Name = "Max Thickness"; Value = "1 mm"; VariantName = "[No Variations]"
Change component parameters (AddParameter): Name = "Rated Voltage"; Value = "10 V"; VariantName = "[No Variations]"
Change component parameters (AddParameter): Name = "Technology"; Value = "SMT"; VariantName = "[No Variations]"
Change component parameters (AddParameter): Name = "Tolerance"; Value = "±20%"; VariantName = "[No Variations]"
Change component parameters (AddParameter): Name = "Value"; Value = "100nF"; VariantName = "[No Variations]"
Change component parameters: Designator = "C24"; Footprint = "CAPC0805(2012)100_N"; UniqueID = "\QEXVTSVF"
Change component parameters. Clean all parameters for all variants
Change component parameters (AddParameter): Name = "Case-EIA"; Value = "0805"; VariantName = "[No Variations]"
Change component parameters (AddParameter): Name = "Case-Metric"; Value = "2012"; VariantName = "[No Variations]"
Change component parameters (AddParameter): Name = "Max Thickness"; Value = "1 mm"; VariantName = "[No Variations]"
Change component parameters (AddParameter): Name = "Rated Voltage"; Value = "10 V"; VariantName = "[No Variations]"
Change component parameters (AddParameter): Name = "Technology"; Value = "SMT"; VariantName = "[No Variations]"
Change component parameters (AddParameter): Name = "Tolerance"; Value = "±20%"; VariantName = "[No Variations]"
Change component parameters (AddParameter): Name = "Value"; Value = "100nF"; VariantName = "[No Variations]"
Change component parameters: Designator = "C25"; Footprint = "CAPC0805(2012)100_N"; UniqueID = "\WOFXQLAC"
Change component parameters. Clean all parameters for all variants
Change component parameters (AddParameter): Name = "Case-EIA"; Value = "0805"; VariantName = "[No Variations]"
Change component parameters (AddParameter): Name = "Case-Metric"; Value = "2012"; VariantName = "[No Variations]"
Change component parameters (AddParameter): Name = "Max Thickness"; Value = "1 mm"; VariantName = "[No Variations]"
Change component parameters (AddParameter): Name = "Rated Voltage"; Value = "10 V"; VariantName = "[No Variations]"
Change component parameters (AddParameter): Name = "Technology"; Value = "SMT"; VariantName = "[No Variations]"
Change component parameters (AddParameter): Name = "Tolerance"; Value = "±20%"; VariantName = "[No Variations]"
Change component parameters (AddParameter): Name = "Value"; Value = "100nF"; VariantName = "[No Variations]"
Change component parameters: Designator = "C26"; Footprint = "CAPC0805(2012)100_N"; UniqueID = "\HFRSOIFG"
Change component parameters. Clean all parameters for all variants
Change component parameters (AddParameter): Name = "Case-EIA"; Value = "0805"; VariantName = "[No Variations]"
Change component parameters (AddParameter): Name = "Case-Metric"; Value = "2012"; VariantName = "[No Variations]"
Change component parameters (AddParameter): Name = "Max Thickness"; Value = "1 mm"; VariantName = "[No Variations]"
Change component parameters (AddParameter): Name = "Rated Voltage"; Value = "10 V"; VariantName = "[No Variations]"
Change component parameters (AddParameter): Name = "Technology"; Value = "SMT"; VariantName = "[No Variations]"
Change component parameters (AddParameter): Name = "Tolerance"; Value = "±20%"; VariantName = "[No Variations]"
Change component parameters (AddParameter): Name = "Value"; Value = "100nF"; VariantName = "[No Variations]"
Change component parameters: Designator = "C27"; Footprint = "CAPC0805(2012)100_N"; UniqueID = "\NYFWKUJW"
Change component parameters. Clean all parameters for all variants
Change component parameters (AddParameter): Name = "Case-EIA"; Value = "0805"; VariantName = "[No Variations]"
Change component parameters (AddParameter): Name = "Case-Metric"; Value = "2012"; VariantName = "[No Variations]"
Change component parameters (AddParameter): Name = "Max Thickness"; Value = "1 mm"; VariantName = "[No Variations]"
Change component parameters (AddParameter): Name = "Rated Voltage"; Value = "10 V"; VariantName = "[No Variations]"
Change component parameters (AddParameter): Name = "Technology"; Value = "SMT"; VariantName = "[No Variations]"
Change component parameters (AddParameter): Name = "Tolerance"; Value = "±20%"; VariantName = "[No Variations]"
Change component parameters (AddParameter): Name = "Value"; Value = "100nF"; VariantName = "[No Variations]"
Change component parameters: Designator = "C28"; Footprint = "CAPC0805(2012)100_N"; UniqueID = "\LKJUUVTS"
Change component parameters. Clean all parameters for all variants
Change component parameters (AddParameter): Name = "Case-EIA"; Value = "0805"; VariantName = "[No Variations]"
Change component parameters (AddParameter): Name = "Case-Metric"; Value = "2012"; VariantName = "[No Variations]"
Change component parameters (AddParameter): Name = "Max Thickness"; Value = "1 mm"; VariantName = "[No Variations]"
Change component parameters (AddParameter): Name = "Rated Voltage"; Value = "10 V"; VariantName = "[No Variations]"
Change component parameters (AddParameter): Name = "Technology"; Value = "SMT"; VariantName = "[No Variations]"
Change component parameters (AddParameter): Name = "Tolerance"; Value = "±20%"; VariantName = "[No Variations]"
Change component parameters (AddParameter): Name = "Value"; Value = "100nF"; VariantName = "[No Variations]"
Change component parameters: Designator = "C29"; Footprint = "CAPC0805(2012)100_N"; UniqueID = "\OAADITMH"
Change component parameters. Clean all parameters for all variants
Change component parameters (AddParameter): Name = "Case-EIA"; Value = "0805"; VariantName = "[No Variations]"
Change component parameters (AddParameter): Name = "Case-Metric"; Value = "2012"; VariantName = "[No Variations]"
Change component parameters (AddParameter): Name = "Max Thickness"; Value = "1 mm"; VariantName = "[No Variations]"
Change component parameters (AddParameter): Name = "Rated Voltage"; Value = "10 V"; VariantName = "[No Variations]"
Change component parameters (AddParameter): Name = "Technology"; Value = "SMT"; VariantName = "[No Variations]"
Change component parameters (AddParameter): Name = "Tolerance"; Value = "±20%"; VariantName = "[No Variations]"
Change component parameters (AddParameter): Name = "Value"; Value = "100nF"; VariantName = "[No Variations]"
Change component parameters: Designator = "C30"; Footprint = "CAPC0805(2012)100_N"; UniqueID = "\SGXKAJXD"
Change component parameters. Clean all parameters for all variants
Change component parameters (AddParameter): Name = "Case-EIA"; Value = "0805"; VariantName = "[No Variations]"
Change component parameters (AddParameter): Name = "Case-Metric"; Value = "2012"; VariantName = "[No Variations]"
Change component parameters (AddParameter): Name = "Max Thickness"; Value = "1 mm"; VariantName = "[No Variations]"
Change component parameters (AddParameter): Name = "Rated Voltage"; Value = "10 V"; VariantName = "[No Variations]"
Change component parameters (AddParameter): Name = "Technology"; Value = "SMT"; VariantName = "[No Variations]"
Change component parameters (AddParameter): Name = "Tolerance"; Value = "±20%"; VariantName = "[No Variations]"
Change component parameters (AddParameter): Name = "Value"; Value = "100nF"; VariantName = "[No Variations]"
Change component parameters: Designator = "C31"; Footprint = "CAPC0805(2012)100_N"; UniqueID = "\ETDQFFYP"
Change component parameters. Clean all parameters for all variants
Change component parameters (AddParameter): Name = "Case-EIA"; Value = "0805"; VariantName = "[No Variations]"
Change component parameters (AddParameter): Name = "Case-Metric"; Value = "2012"; VariantName = "[No Variations]"
Change component parameters (AddParameter): Name = "Max Thickness"; Value = "1 mm"; VariantName = "[No Variations]"
Change component parameters (AddParameter): Name = "Rated Voltage"; Value = "10 V"; VariantName = "[No Variations]"
Change component parameters (AddParameter): Name = "Technology"; Value = "SMT"; VariantName = "[No Variations]"
Change component parameters (AddParameter): Name = "Tolerance"; Value = "±20%"; VariantName = "[No Variations]"
Change component parameters (AddParameter): Name = "Value"; Value = "100nF"; VariantName = "[No Variations]"
Change component parameters: Designator = "C32"; Footprint = "CAPC0805(2012)100_N"; UniqueID = "\IYMVUCNE"
Change component parameters. Clean all parameters for all variants
Change component parameters (AddParameter): Name = "Case-EIA"; Value = "0805"; VariantName = "[No Variations]"
Change component parameters (AddParameter): Name = "Case-Metric"; Value = "2012"; VariantName = "[No Variations]"
Change component parameters (AddParameter): Name = "Max Thickness"; Value = "1 mm"; VariantName = "[No Variations]"
Change component parameters (AddParameter): Name = "Rated Voltage"; Value = "10 V"; VariantName = "[No Variations]"
Change component parameters (AddParameter): Name = "Technology"; Value = "SMT"; VariantName = "[No Variations]"
Change component parameters (AddParameter): Name = "Tolerance"; Value = "±20%"; VariantName = "[No Variations]"
Change component parameters (AddParameter): Name = "Value"; Value = "100nF"; VariantName = "[No Variations]"
Change component parameters: Designator = "C33"; Footprint = "CAPC0805(2012)100_N"; UniqueID = "\KSILFXMP"
Change component parameters. Clean all parameters for all variants
Change component parameters (AddParameter): Name = "Case-EIA"; Value = "0805"; VariantName = "[No Variations]"
Change component parameters (AddParameter): Name = "Case-Metric"; Value = "2012"; VariantName = "[No Variations]"
Change component parameters (AddParameter): Name = "Max Thickness"; Value = "1 mm"; VariantName = "[No Variations]"
Change component parameters (AddParameter): Name = "Rated Voltage"; Value = "10 V"; VariantName = "[No Variations]"
Change component parameters (AddParameter): Name = "Technology"; Value = "SMT"; VariantName = "[No Variations]"
Change component parameters (AddParameter): Name = "Tolerance"; Value = "±20%"; VariantName = "[No Variations]"
Change component parameters (AddParameter): Name = "Value"; Value = "100nF"; VariantName = "[No Variations]"
Change component parameters: Designator = "C34"; Footprint = "CAPC0805(2012)100_N"; UniqueID = "\SUVYJRYH"
Change component parameters. Clean all parameters for all variants
Change component parameters (AddParameter): Name = "Case-EIA"; Value = "0805"; VariantName = "[No Variations]"
Change component parameters (AddParameter): Name = "Case-Metric"; Value = "2012"; VariantName = "[No Variations]"
Change component parameters (AddParameter): Name = "Max Thickness"; Value = "1 mm"; VariantName = "[No Variations]"
Change component parameters (AddParameter): Name = "Rated Voltage"; Value = "10 V"; VariantName = "[No Variations]"
Change component parameters (AddParameter): Name = "Technology"; Value = "SMT"; VariantName = "[No Variations]"
Change component parameters (AddParameter): Name = "Tolerance"; Value = "±20%"; VariantName = "[No Variations]"
Change component parameters (AddParameter): Name = "Value"; Value = "100nF"; VariantName = "[No Variations]"
Change component parameters: Designator = "C35"; Footprint = "CAPC0805(2012)100_N"; UniqueID = "\IWJRHMRK"
Change component parameters. Clean all parameters for all variants
Change component parameters (AddParameter): Name = "Case-EIA"; Value = "0805"; VariantName = "[No Variations]"
Change component parameters (AddParameter): Name = "Case-Metric"; Value = "2012"; VariantName = "[No Variations]"
Change component parameters (AddParameter): Name = "Max Thickness"; Value = "1 mm"; VariantName = "[No Variations]"
Change component parameters (AddParameter): Name = "Rated Voltage"; Value = "10 V"; VariantName = "[No Variations]"
Change component parameters (AddParameter): Name = "Technology"; Value = "SMT"; VariantName = "[No Variations]"
Change component parameters (AddParameter): Name = "Tolerance"; Value = "±20%"; VariantName = "[No Variations]"
Change component parameters (AddParameter): Name = "Value"; Value = "100nF"; VariantName = "[No Variations]"
Change component parameters: Designator = "C36"; Footprint = "CAPC0805(2012)100_N"; UniqueID = "\IEBJCQGA"
Change component parameters. Clean all parameters for all variants
Change component parameters (AddParameter): Name = "Case-EIA"; Value = "0805"; VariantName = "[No Variations]"
Change component parameters (AddParameter): Name = "Case-Metric"; Value = "2012"; VariantName = "[No Variations]"
Change component parameters (AddParameter): Name = "Max Thickness"; Value = "1 mm"; VariantName = "[No Variations]"
Change component parameters (AddParameter): Name = "Rated Voltage"; Value = "10 V"; VariantName = "[No Variations]"
Change component parameters (AddParameter): Name = "Technology"; Value = "SMT"; VariantName = "[No Variations]"
Change component parameters (AddParameter): Name = "Tolerance"; Value = "±20%"; VariantName = "[No Variations]"
Change component parameters (AddParameter): Name = "Value"; Value = "100nF"; VariantName = "[No Variations]"
Added Pin To Net: NetName=VCC_2 Pin=C2-2
Added Pin To Net: NetName=VCC_3 Pin=C3-2
Added Pin To Net: NetName=VCC_2 Pin=C5-2
Added Pin To Net: NetName=VCC_3 Pin=C6-2
Added Pin To Net: NetName=VCC_2 Pin=C8-2
Added Pin To Net: NetName=VCC_3 Pin=C9-2
Added Pin To Net: NetName=VCC_2 Pin=C11-2
Added Pin To Net: NetName=VCC_3 Pin=C12-2
Added Pin To Net: NetName=VCC_2 Pin=C14-2
Added Pin To Net: NetName=VCC_3 Pin=C15-2
Added Pin To Net: NetName=VCC_2 Pin=C17-2
Added Pin To Net: NetName=VCC_3 Pin=C18-2
Added Pin To Net: NetName=VCC_2 Pin=C20-2
Added Pin To Net: NetName=VCC_3 Pin=C21-2
Added Pin To Net: NetName=VCC_2 Pin=C23-2
Added Pin To Net: NetName=VCC_3 Pin=C24-2
Added Pin To Net: NetName=VCC_2 Pin=C26-2
Added Pin To Net: NetName=VCC_3 Pin=C27-2
Added Pin To Net: NetName=VCC_2 Pin=C29-2
Added Pin To Net: NetName=VCC_3 Pin=C30-2
Added Pin To Net: NetName=VCC_2 Pin=C32-2
Added Pin To Net: NetName=VCC_3 Pin=C33-2
Added Pin To Net: NetName=VCC_2 Pin=C35-2
Added Pin To Net: NetName=VCC_3 Pin=C36-2
Added Pin To Net: NetName=VCC_3 Pin=U179-1
