Change Component DesignItemId : Designator=C21 Old DesignItemId=CMP-1036-04396-1 New DesignItemId=CMP-1036-00005-1
Change Component DesignItemId : Designator=C22 Old DesignItemId=CMP-1036-04396-1 New DesignItemId=CMP-1036-00005-1
Change Component DesignItemId : Designator=C23 Old DesignItemId=CMP-1036-04396-1 New DesignItemId=CMP-1036-00005-1
Change Component DesignItemId : Designator=C24 Old DesignItemId=CMP-1036-04396-1 New DesignItemId=CMP-1036-00005-1
Change Component DesignItemId : Designator=C25 Old DesignItemId=CMP-1036-04396-1 New DesignItemId=CMP-1036-00005-1
Change Component DesignItemId : Designator=C26 Old DesignItemId=CMP-1036-04396-1 New DesignItemId=CMP-1036-00005-1
Change Component DesignItemId : Designator=C27 Old DesignItemId=CMP-1036-04396-1 New DesignItemId=CMP-1036-00005-1
Change Component DesignItemId : Designator=C28 Old DesignItemId=CMP-1036-04396-1 New DesignItemId=CMP-1036-00005-1
Change Component DesignItemId : Designator=C29 Old DesignItemId=CMP-1036-04396-1 New DesignItemId=CMP-1036-00005-1
Change Component DesignItemId : Designator=C30 Old DesignItemId=CMP-1036-04396-1 New DesignItemId=CMP-1036-00005-1
Change Component DesignItemId : Designator=C31 Old DesignItemId=CMP-1036-04396-1 New DesignItemId=CMP-1036-00005-1
Change Component DesignItemId : Designator=C32 Old DesignItemId=CMP-1036-04396-1 New DesignItemId=CMP-1036-00005-1
Change Component DesignItemId : Designator=C33 Old DesignItemId=CMP-1036-04396-1 New DesignItemId=CMP-1036-00005-1
Change Component DesignItemId : Designator=C34 Old DesignItemId=CMP-1036-04396-1 New DesignItemId=CMP-1036-00005-1
Change Component DesignItemId : Designator=C35 Old DesignItemId=CMP-1036-04396-1 New DesignItemId=CMP-1036-00005-1
Change Component DesignItemId : Designator=C36 Old DesignItemId=CMP-1036-04396-1 New DesignItemId=CMP-1036-00005-1
Change Component DesignItemId : Designator=C37 Old DesignItemId=CMP-1036-04396-1 New DesignItemId=CMP-1036-00005-1
Change Component DesignItemId : Designator=C38 Old DesignItemId=CMP-1036-04396-1 New DesignItemId=CMP-1036-00005-1
Change Component DesignItemId : Designator=C39 Old DesignItemId=CMP-1036-04396-1 New DesignItemId=CMP-1036-00005-1
Change Component DesignItemId : Designator=C40 Old DesignItemId=CMP-1036-04396-1 New DesignItemId=CMP-1036-00005-1
Change Component DesignItemId : Designator=C41 Old DesignItemId=CMP-1036-04396-1 New DesignItemId=CMP-1036-00005-1
Change Component DesignItemId : Designator=C42 Old DesignItemId=CMP-1036-04396-1 New DesignItemId=CMP-1036-00005-1
Change Component DesignItemId : Designator=C43 Old DesignItemId=CMP-1036-04396-1 New DesignItemId=CMP-1036-00005-1
Change Component DesignItemId : Designator=C44 Old DesignItemId=CMP-1036-04396-1 New DesignItemId=CMP-1036-00005-1
Change Component DesignItemId : Designator=C45 Old DesignItemId=CMP-1036-04396-1 New DesignItemId=CMP-1036-00005-1
Change Component DesignItemId : Designator=C46 Old DesignItemId=CMP-1036-04396-1 New DesignItemId=CMP-1036-00005-1
Change Component DesignItemId : Designator=C47 Old DesignItemId=CMP-1036-04396-1 New DesignItemId=CMP-1036-00005-1
Change Component DesignItemId : Designator=C48 Old DesignItemId=CMP-1036-04396-1 New DesignItemId=CMP-1036-00005-1
Change Component DesignItemId : Designator=C49 Old DesignItemId=CMP-1036-04396-1 New DesignItemId=CMP-1036-00005-1
Change Component DesignItemId : Designator=C50 Old DesignItemId=CMP-1036-04396-1 New DesignItemId=CMP-1036-00005-1
Change Component DesignItemId : Designator=C51 Old DesignItemId=CMP-1036-04396-1 New DesignItemId=CMP-1036-00005-1
Change Component DesignItemId : Designator=C52 Old DesignItemId=CMP-1036-04396-1 New DesignItemId=CMP-1036-00005-1
Change Component DesignItemId : Designator=C53 Old DesignItemId=CMP-1036-04396-1 New DesignItemId=CMP-1036-00005-1
Change Component DesignItemId : Designator=C54 Old DesignItemId=CMP-1036-04396-1 New DesignItemId=CMP-1036-00005-1
Change Component DesignItemId : Designator=C55 Old DesignItemId=CMP-1036-04396-1 New DesignItemId=CMP-1036-00005-1
Change Component DesignItemId : Designator=C56 Old DesignItemId=CMP-1036-04396-1 New DesignItemId=CMP-1036-00005-1
Change Component DesignItemId : Designator=C57 Old DesignItemId=CMP-1036-04396-1 New DesignItemId=CMP-1036-00005-1
Change Component DesignItemId : Designator=C58 Old DesignItemId=CMP-1036-04396-1 New DesignItemId=CMP-1036-00005-1
Change Component DesignItemId : Designator=C59 Old DesignItemId=CMP-1036-04396-1 New DesignItemId=CMP-1036-00005-1
Change Component DesignItemId : Designator=C60 Old DesignItemId=CMP-1036-04396-1 New DesignItemId=CMP-1036-00005-1
Change Component Footprint: Designator=C21 Old Footprint=1608[0603] New Footprint=CAPC0805(2012)100_L
Change Component Footprint: Designator=C22 Old Footprint=1608[0603] New Footprint=CAPC0805(2012)100_L
Change Component Footprint: Designator=C23 Old Footprint=1608[0603] New Footprint=CAPC0805(2012)100_L
Change Component Footprint: Designator=C24 Old Footprint=1608[0603] New Footprint=CAPC0805(2012)100_L
Change Component Footprint: Designator=C25 Old Footprint=1608[0603] New Footprint=CAPC0805(2012)100_L
Change Component Footprint: Designator=C26 Old Footprint=1608[0603] New Footprint=CAPC0805(2012)100_L
Change Component Footprint: Designator=C27 Old Footprint=1608[0603] New Footprint=CAPC0805(2012)100_L
Change Component Footprint: Designator=C28 Old Footprint=1608[0603] New Footprint=CAPC0805(2012)100_L
Change Component Footprint: Designator=C29 Old Footprint=1608[0603] New Footprint=CAPC0805(2012)100_L
Change Component Footprint: Designator=C30 Old Footprint=1608[0603] New Footprint=CAPC0805(2012)100_L
Change Component Footprint: Designator=C31 Old Footprint=1608[0603] New Footprint=CAPC0805(2012)100_L
Change Component Footprint: Designator=C32 Old Footprint=1608[0603] New Footprint=CAPC0805(2012)100_L
Change Component Footprint: Designator=C33 Old Footprint=1608[0603] New Footprint=CAPC0805(2012)100_L
Change Component Footprint: Designator=C34 Old Footprint=1608[0603] New Footprint=CAPC0805(2012)100_L
Change Component Footprint: Designator=C35 Old Footprint=1608[0603] New Footprint=CAPC0805(2012)100_L
Change Component Footprint: Designator=C36 Old Footprint=1608[0603] New Footprint=CAPC0805(2012)100_L
Change Component Footprint: Designator=C37 Old Footprint=1608[0603] New Footprint=CAPC0805(2012)100_L
Change Component Footprint: Designator=C38 Old Footprint=1608[0603] New Footprint=CAPC0805(2012)100_L
Change Component Footprint: Designator=C39 Old Footprint=1608[0603] New Footprint=CAPC0805(2012)100_L
Change Component Footprint: Designator=C40 Old Footprint=1608[0603] New Footprint=CAPC0805(2012)100_L
Change Component Footprint: Designator=C41 Old Footprint=1608[0603] New Footprint=CAPC0805(2012)100_L
Change Component Footprint: Designator=C42 Old Footprint=1608[0603] New Footprint=CAPC0805(2012)100_L
Change Component Footprint: Designator=C43 Old Footprint=1608[0603] New Footprint=CAPC0805(2012)100_L
Change Component Footprint: Designator=C44 Old Footprint=1608[0603] New Footprint=CAPC0805(2012)100_L
Change Component Footprint: Designator=C45 Old Footprint=1608[0603] New Footprint=CAPC0805(2012)100_L
Change Component Footprint: Designator=C46 Old Footprint=1608[0603] New Footprint=CAPC0805(2012)100_L
Change Component Footprint: Designator=C47 Old Footprint=1608[0603] New Footprint=CAPC0805(2012)100_L
Change Component Footprint: Designator=C48 Old Footprint=1608[0603] New Footprint=CAPC0805(2012)100_L
Change Component Footprint: Designator=C49 Old Footprint=1608[0603] New Footprint=CAPC0805(2012)100_L
Change Component Footprint: Designator=C50 Old Footprint=1608[0603] New Footprint=CAPC0805(2012)100_L
Change Component Footprint: Designator=C51 Old Footprint=1608[0603] New Footprint=CAPC0805(2012)100_L
Change Component Footprint: Designator=C52 Old Footprint=1608[0603] New Footprint=CAPC0805(2012)100_L
Change Component Footprint: Designator=C53 Old Footprint=1608[0603] New Footprint=CAPC0805(2012)100_L
Change Component Footprint: Designator=C54 Old Footprint=1608[0603] New Footprint=CAPC0805(2012)100_L
Change Component Footprint: Designator=C55 Old Footprint=1608[0603] New Footprint=CAPC0805(2012)100_L
Change Component Footprint: Designator=C56 Old Footprint=1608[0603] New Footprint=CAPC0805(2012)100_L
Change Component Footprint: Designator=C57 Old Footprint=1608[0603] New Footprint=CAPC0805(2012)100_L
Change Component Footprint: Designator=C58 Old Footprint=1608[0603] New Footprint=CAPC0805(2012)100_L
Change Component Footprint: Designator=C59 Old Footprint=1608[0603] New Footprint=CAPC0805(2012)100_L
Change Component Footprint: Designator=C60 Old Footprint=1608[0603] New Footprint=CAPC0805(2012)100_L
Change Component Comment : Designator=C21 Old Comment=CAP New Comment=CAP 0.5pF 10V 0805(2012)
Change Component Comment : Designator=C22 Old Comment=CAP New Comment=CAP 0.5pF 10V 0805(2012)
Change Component Comment : Designator=C23 Old Comment=CAP New Comment=CAP 0.5pF 10V 0805(2012)
Change Component Comment : Designator=C24 Old Comment=CAP New Comment=CAP 0.5pF 10V 0805(2012)
Change Component Comment : Designator=C25 Old Comment=CAP New Comment=CAP 0.5pF 10V 0805(2012)
Change Component Comment : Designator=C26 Old Comment=CAP New Comment=CAP 0.5pF 10V 0805(2012)
Change Component Comment : Designator=C27 Old Comment=CAP New Comment=CAP 0.5pF 10V 0805(2012)
Change Component Comment : Designator=C28 Old Comment=CAP New Comment=CAP 0.5pF 10V 0805(2012)
Change Component Comment : Designator=C29 Old Comment=CAP New Comment=CAP 0.5pF 10V 0805(2012)
Change Component Comment : Designator=C30 Old Comment=CAP New Comment=CAP 0.5pF 10V 0805(2012)
Change Component Comment : Designator=C31 Old Comment=CAP New Comment=CAP 0.5pF 10V 0805(2012)
Change Component Comment : Designator=C32 Old Comment=CAP New Comment=CAP 0.5pF 10V 0805(2012)
Change Component Comment : Designator=C33 Old Comment=CAP New Comment=CAP 0.5pF 10V 0805(2012)
Change Component Comment : Designator=C34 Old Comment=CAP New Comment=CAP 0.5pF 10V 0805(2012)
Change Component Comment : Designator=C35 Old Comment=CAP New Comment=CAP 0.5pF 10V 0805(2012)
Change Component Comment : Designator=C36 Old Comment=CAP New Comment=CAP 0.5pF 10V 0805(2012)
Change Component Comment : Designator=C37 Old Comment=CAP New Comment=CAP 0.5pF 10V 0805(2012)
Change Component Comment : Designator=C38 Old Comment=CAP New Comment=CAP 0.5pF 10V 0805(2012)
Change Component Comment : Designator=C39 Old Comment=CAP New Comment=CAP 0.5pF 10V 0805(2012)
Change Component Comment : Designator=C40 Old Comment=CAP New Comment=CAP 0.5pF 10V 0805(2012)
Change Component Comment : Designator=C41 Old Comment=CAP New Comment=CAP 0.5pF 10V 0805(2012)
Change Component Comment : Designator=C42 Old Comment=CAP New Comment=CAP 0.5pF 10V 0805(2012)
Change Component Comment : Designator=C43 Old Comment=CAP New Comment=CAP 0.5pF 10V 0805(2012)
Change Component Comment : Designator=C44 Old Comment=CAP New Comment=CAP 0.5pF 10V 0805(2012)
Change Component Comment : Designator=C45 Old Comment=CAP New Comment=CAP 0.5pF 10V 0805(2012)
Change Component Comment : Designator=C46 Old Comment=CAP New Comment=CAP 0.5pF 10V 0805(2012)
Change Component Comment : Designator=C47 Old Comment=CAP New Comment=CAP 0.5pF 10V 0805(2012)
Change Component Comment : Designator=C48 Old Comment=CAP New Comment=CAP 0.5pF 10V 0805(2012)
Change Component Comment : Designator=C49 Old Comment=CAP New Comment=CAP 0.5pF 10V 0805(2012)
Change Component Comment : Designator=C50 Old Comment=CAP New Comment=CAP 0.5pF 10V 0805(2012)
Change Component Comment : Designator=C51 Old Comment=CAP New Comment=CAP 0.5pF 10V 0805(2012)
Change Component Comment : Designator=C52 Old Comment=CAP New Comment=CAP 0.5pF 10V 0805(2012)
Change Component Comment : Designator=C53 Old Comment=CAP New Comment=CAP 0.5pF 10V 0805(2012)
Change Component Comment : Designator=C54 Old Comment=CAP New Comment=CAP 0.5pF 10V 0805(2012)
Change Component Comment : Designator=C55 Old Comment=CAP New Comment=CAP 0.5pF 10V 0805(2012)
Change Component Comment : Designator=C56 Old Comment=CAP New Comment=CAP 0.5pF 10V 0805(2012)
Change Component Comment : Designator=C57 Old Comment=CAP New Comment=CAP 0.5pF 10V 0805(2012)
Change Component Comment : Designator=C58 Old Comment=CAP New Comment=CAP 0.5pF 10V 0805(2012)
Change Component Comment : Designator=C59 Old Comment=CAP New Comment=CAP 0.5pF 10V 0805(2012)
Change Component Comment : Designator=C60 Old Comment=CAP New Comment=CAP 0.5pF 10V 0805(2012)
Change Component Description : Designator=C21 Old Description= New Description=CAP 0.5pF 10V ±0.5pF 0805 (2012 Metric) Thickness 1mm SMD
Change Component Description : Designator=C22 Old Description= New Description=CAP 0.5pF 10V ±0.5pF 0805 (2012 Metric) Thickness 1mm SMD
Change Component Description : Designator=C23 Old Description= New Description=CAP 0.5pF 10V ±0.5pF 0805 (2012 Metric) Thickness 1mm SMD
Change Component Description : Designator=C24 Old Description= New Description=CAP 0.5pF 10V ±0.5pF 0805 (2012 Metric) Thickness 1mm SMD
Change Component Description : Designator=C25 Old Description= New Description=CAP 0.5pF 10V ±0.5pF 0805 (2012 Metric) Thickness 1mm SMD
Change Component Description : Designator=C26 Old Description= New Description=CAP 0.5pF 10V ±0.5pF 0805 (2012 Metric) Thickness 1mm SMD
Change Component Description : Designator=C27 Old Description= New Description=CAP 0.5pF 10V ±0.5pF 0805 (2012 Metric) Thickness 1mm SMD
Change Component Description : Designator=C28 Old Description= New Description=CAP 0.5pF 10V ±0.5pF 0805 (2012 Metric) Thickness 1mm SMD
Change Component Description : Designator=C29 Old Description= New Description=CAP 0.5pF 10V ±0.5pF 0805 (2012 Metric) Thickness 1mm SMD
Change Component Description : Designator=C30 Old Description= New Description=CAP 0.5pF 10V ±0.5pF 0805 (2012 Metric) Thickness 1mm SMD
Change Component Description : Designator=C31 Old Description= New Description=CAP 0.5pF 10V ±0.5pF 0805 (2012 Metric) Thickness 1mm SMD
Change Component Description : Designator=C32 Old Description= New Description=CAP 0.5pF 10V ±0.5pF 0805 (2012 Metric) Thickness 1mm SMD
Change Component Description : Designator=C33 Old Description= New Description=CAP 0.5pF 10V ±0.5pF 0805 (2012 Metric) Thickness 1mm SMD
Change Component Description : Designator=C34 Old Description= New Description=CAP 0.5pF 10V ±0.5pF 0805 (2012 Metric) Thickness 1mm SMD
Change Component Description : Designator=C35 Old Description= New Description=CAP 0.5pF 10V ±0.5pF 0805 (2012 Metric) Thickness 1mm SMD
Change Component Description : Designator=C36 Old Description= New Description=CAP 0.5pF 10V ±0.5pF 0805 (2012 Metric) Thickness 1mm SMD
Change Component Description : Designator=C37 Old Description= New Description=CAP 0.5pF 10V ±0.5pF 0805 (2012 Metric) Thickness 1mm SMD
Change Component Description : Designator=C38 Old Description= New Description=CAP 0.5pF 10V ±0.5pF 0805 (2012 Metric) Thickness 1mm SMD
Change Component Description : Designator=C39 Old Description= New Description=CAP 0.5pF 10V ±0.5pF 0805 (2012 Metric) Thickness 1mm SMD
Change Component Description : Designator=C40 Old Description= New Description=CAP 0.5pF 10V ±0.5pF 0805 (2012 Metric) Thickness 1mm SMD
Change Component Description : Designator=C41 Old Description= New Description=CAP 0.5pF 10V ±0.5pF 0805 (2012 Metric) Thickness 1mm SMD
Change Component Description : Designator=C42 Old Description= New Description=CAP 0.5pF 10V ±0.5pF 0805 (2012 Metric) Thickness 1mm SMD
Change Component Description : Designator=C43 Old Description= New Description=CAP 0.5pF 10V ±0.5pF 0805 (2012 Metric) Thickness 1mm SMD
Change Component Description : Designator=C44 Old Description= New Description=CAP 0.5pF 10V ±0.5pF 0805 (2012 Metric) Thickness 1mm SMD
Change Component Description : Designator=C45 Old Description= New Description=CAP 0.5pF 10V ±0.5pF 0805 (2012 Metric) Thickness 1mm SMD
Change Component Description : Designator=C46 Old Description= New Description=CAP 0.5pF 10V ±0.5pF 0805 (2012 Metric) Thickness 1mm SMD
Change Component Description : Designator=C47 Old Description= New Description=CAP 0.5pF 10V ±0.5pF 0805 (2012 Metric) Thickness 1mm SMD
Change Component Description : Designator=C48 Old Description= New Description=CAP 0.5pF 10V ±0.5pF 0805 (2012 Metric) Thickness 1mm SMD
Change Component Description : Designator=C49 Old Description= New Description=CAP 0.5pF 10V ±0.5pF 0805 (2012 Metric) Thickness 1mm SMD
Change Component Description : Designator=C50 Old Description= New Description=CAP 0.5pF 10V ±0.5pF 0805 (2012 Metric) Thickness 1mm SMD
Change Component Description : Designator=C51 Old Description= New Description=CAP 0.5pF 10V ±0.5pF 0805 (2012 Metric) Thickness 1mm SMD
Change Component Description : Designator=C52 Old Description= New Description=CAP 0.5pF 10V ±0.5pF 0805 (2012 Metric) Thickness 1mm SMD
Change Component Description : Designator=C53 Old Description= New Description=CAP 0.5pF 10V ±0.5pF 0805 (2012 Metric) Thickness 1mm SMD
Change Component Description : Designator=C54 Old Description= New Description=CAP 0.5pF 10V ±0.5pF 0805 (2012 Metric) Thickness 1mm SMD
Change Component Description : Designator=C55 Old Description= New Description=CAP 0.5pF 10V ±0.5pF 0805 (2012 Metric) Thickness 1mm SMD
Change Component Description : Designator=C56 Old Description= New Description=CAP 0.5pF 10V ±0.5pF 0805 (2012 Metric) Thickness 1mm SMD
Change Component Description : Designator=C57 Old Description= New Description=CAP 0.5pF 10V ±0.5pF 0805 (2012 Metric) Thickness 1mm SMD
Change Component Description : Designator=C58 Old Description= New Description=CAP 0.5pF 10V ±0.5pF 0805 (2012 Metric) Thickness 1mm SMD
Change Component Description : Designator=C59 Old Description= New Description=CAP 0.5pF 10V ±0.5pF 0805 (2012 Metric) Thickness 1mm SMD
Change Component Description : Designator=C60 Old Description= New Description=CAP 0.5pF 10V ±0.5pF 0805 (2012 Metric) Thickness 1mm SMD
Change Component Library : Designator=C21 Old Library=10 V|VisibleOnAddParamList= New Library=Altium Content Vault
Change Component Library : Designator=C22 Old Library=10 V|VisibleOnAddParamList= New Library=Altium Content Vault
Change Component Library : Designator=C23 Old Library=10 V|VisibleOnAddParamList= New Library=Altium Content Vault
Change Component Library : Designator=C24 Old Library=10 V|VisibleOnAddParamList= New Library=Altium Content Vault
Change Component Library : Designator=C25 Old Library=10 V|VisibleOnAddParamList= New Library=Altium Content Vault
Change Component Library : Designator=C26 Old Library=10 V|VisibleOnAddParamList= New Library=Altium Content Vault
Change Component Library : Designator=C27 Old Library=10 V|VisibleOnAddParamList= New Library=Altium Content Vault
Change Component Library : Designator=C28 Old Library=10 V|VisibleOnAddParamList= New Library=Altium Content Vault
Change Component Library : Designator=C29 Old Library=10 V|VisibleOnAddParamList= New Library=Altium Content Vault
Change Component Library : Designator=C30 Old Library=10 V|VisibleOnAddParamList= New Library=Altium Content Vault
Change Component Library : Designator=C31 Old Library=10 V|VisibleOnAddParamList= New Library=Altium Content Vault
Change Component Library : Designator=C32 Old Library=10 V|VisibleOnAddParamList= New Library=Altium Content Vault
Change Component Library : Designator=C33 Old Library=10 V|VisibleOnAddParamList= New Library=Altium Content Vault
Change Component Library : Designator=C34 Old Library=10 V|VisibleOnAddParamList= New Library=Altium Content Vault
Change Component Library : Designator=C35 Old Library=10 V|VisibleOnAddParamList= New Library=Altium Content Vault
Change Component Library : Designator=C36 Old Library=10 V|VisibleOnAddParamList= New Library=Altium Content Vault
Change Component Library : Designator=C37 Old Library=10 V|VisibleOnAddParamList= New Library=Altium Content Vault
Change Component Library : Designator=C38 Old Library=10 V|VisibleOnAddParamList= New Library=Altium Content Vault
Change Component Library : Designator=C39 Old Library=10 V|VisibleOnAddParamList= New Library=Altium Content Vault
Change Component Library : Designator=C40 Old Library=10 V|VisibleOnAddParamList= New Library=Altium Content Vault
Change Component Library : Designator=C41 Old Library=10 V|VisibleOnAddParamList= New Library=Altium Content Vault
Change Component Library : Designator=C42 Old Library=10 V|VisibleOnAddParamList= New Library=Altium Content Vault
Change Component Library : Designator=C43 Old Library=10 V|VisibleOnAddParamList= New Library=Altium Content Vault
Change Component Library : Designator=C44 Old Library=10 V|VisibleOnAddParamList= New Library=Altium Content Vault
Change Component Library : Designator=C45 Old Library=10 V|VisibleOnAddParamList= New Library=Altium Content Vault
Change Component Library : Designator=C46 Old Library=10 V|VisibleOnAddParamList= New Library=Altium Content Vault
Change Component Library : Designator=C47 Old Library=10 V|VisibleOnAddParamList= New Library=Altium Content Vault
Change Component Library : Designator=C48 Old Library=10 V|VisibleOnAddParamList= New Library=Altium Content Vault
Change Component Library : Designator=C49 Old Library=10 V|VisibleOnAddParamList= New Library=Altium Content Vault
Change Component Library : Designator=C50 Old Library=10 V|VisibleOnAddParamList= New Library=Altium Content Vault
Change Component Library : Designator=C51 Old Library=10 V|VisibleOnAddParamList= New Library=Altium Content Vault
Change Component Library : Designator=C52 Old Library=10 V|VisibleOnAddParamList= New Library=Altium Content Vault
Change Component Library : Designator=C53 Old Library=10 V|VisibleOnAddParamList= New Library=Altium Content Vault
Change Component Library : Designator=C54 Old Library=10 V|VisibleOnAddParamList= New Library=Altium Content Vault
Change Component Library : Designator=C55 Old Library=10 V|VisibleOnAddParamList= New Library=Altium Content Vault
Change Component Library : Designator=C56 Old Library=10 V|VisibleOnAddParamList= New Library=Altium Content Vault
Change Component Library : Designator=C57 Old Library=10 V|VisibleOnAddParamList= New Library=Altium Content Vault
Change Component Library : Designator=C58 Old Library=10 V|VisibleOnAddParamList= New Library=Altium Content Vault
Change Component Library : Designator=C59 Old Library=10 V|VisibleOnAddParamList= New Library=Altium Content Vault
Change Component Library : Designator=C60 Old Library=10 V|VisibleOnAddParamList= New Library=Altium Content Vault
Change component parameters: Designator = "C21"; Footprint = "CAPC0805(2012)100_L"; UniqueID = "\JPNQNSLQ"
Change component parameters. Clean all parameters for all variants
Change component parameters (AddParameter): Name = "Case-EIA"; Value = "0805"; VariantName = "[No Variations]"
Change component parameters (AddParameter): Name = "Case-Metric"; Value = "2012"; VariantName = "[No Variations]"
Change component parameters (AddParameter): Name = "Max Thickness"; Value = "1 mm"; VariantName = "[No Variations]"
Change component parameters (AddParameter): Name = "Rated Voltage"; Value = "10 V"; VariantName = "[No Variations]"
Change component parameters (AddParameter): Name = "Technology"; Value = "SMT"; VariantName = "[No Variations]"
Change component parameters (AddParameter): Name = "Tolerance"; Value = "Â±0.5pF"; VariantName = "[No Variations]"
Change component parameters (AddParameter): Name = "Value"; Value = "0.5pF"; VariantName = "[No Variations]"
Change component parameters: Designator = "C22"; Footprint = "CAPC0805(2012)100_L"; UniqueID = "\FXUVDVND"
Change component parameters. Clean all parameters for all variants
Change component parameters (AddParameter): Name = "Case-EIA"; Value = "0805"; VariantName = "[No Variations]"
Change component parameters (AddParameter): Name = "Case-Metric"; Value = "2012"; VariantName = "[No Variations]"
Change component parameters (AddParameter): Name = "Max Thickness"; Value = "1 mm"; VariantName = "[No Variations]"
Change component parameters (AddParameter): Name = "Rated Voltage"; Value = "10 V"; VariantName = "[No Variations]"
Change component parameters (AddParameter): Name = "Technology"; Value = "SMT"; VariantName = "[No Variations]"
Change component parameters (AddParameter): Name = "Tolerance"; Value = "Â±0.5pF"; VariantName = "[No Variations]"
Change component parameters (AddParameter): Name = "Value"; Value = "0.5pF"; VariantName = "[No Variations]"
Change component parameters: Designator = "C23"; Footprint = "CAPC0805(2012)100_L"; UniqueID = "\GKSSSSYG"
Change component parameters. Clean all parameters for all variants
Change component parameters (AddParameter): Name = "Case-EIA"; Value = "0805"; VariantName = "[No Variations]"
Change component parameters (AddParameter): Name = "Case-Metric"; Value = "2012"; VariantName = "[No Variations]"
Change component parameters (AddParameter): Name = "Max Thickness"; Value = "1 mm"; VariantName = "[No Variations]"
Change component parameters (AddParameter): Name = "Rated Voltage"; Value = "10 V"; VariantName = "[No Variations]"
Change component parameters (AddParameter): Name = "Technology"; Value = "SMT"; VariantName = "[No Variations]"
Change component parameters (AddParameter): Name = "Tolerance"; Value = "Â±0.5pF"; VariantName = "[No Variations]"
Change component parameters (AddParameter): Name = "Value"; Value = "0.5pF"; VariantName = "[No Variations]"
Change component parameters: Designator = "C24"; Footprint = "CAPC0805(2012)100_L"; UniqueID = "\KIFMSGLQ"
Change component parameters. Clean all parameters for all variants
Change component parameters (AddParameter): Name = "Case-EIA"; Value = "0805"; VariantName = "[No Variations]"
Change component parameters (AddParameter): Name = "Case-Metric"; Value = "2012"; VariantName = "[No Variations]"
Change component parameters (AddParameter): Name = "Max Thickness"; Value = "1 mm"; VariantName = "[No Variations]"
Change component parameters (AddParameter): Name = "Rated Voltage"; Value = "10 V"; VariantName = "[No Variations]"
Change component parameters (AddParameter): Name = "Technology"; Value = "SMT"; VariantName = "[No Variations]"
Change component parameters (AddParameter): Name = "Tolerance"; Value = "Â±0.5pF"; VariantName = "[No Variations]"
Change component parameters (AddParameter): Name = "Value"; Value = "0.5pF"; VariantName = "[No Variations]"
Change component parameters: Designator = "C25"; Footprint = "CAPC0805(2012)100_L"; UniqueID = "\NBQQMEMQ"
Change component parameters. Clean all parameters for all variants
Change component parameters (AddParameter): Name = "Case-EIA"; Value = "0805"; VariantName = "[No Variations]"
Change component parameters (AddParameter): Name = "Case-Metric"; Value = "2012"; VariantName = "[No Variations]"
Change component parameters (AddParameter): Name = "Max Thickness"; Value = "1 mm"; VariantName = "[No Variations]"
Change component parameters (AddParameter): Name = "Rated Voltage"; Value = "10 V"; VariantName = "[No Variations]"
Change component parameters (AddParameter): Name = "Technology"; Value = "SMT"; VariantName = "[No Variations]"
Change component parameters (AddParameter): Name = "Tolerance"; Value = "Â±0.5pF"; VariantName = "[No Variations]"
Change component parameters (AddParameter): Name = "Value"; Value = "0.5pF"; VariantName = "[No Variations]"
Change component parameters: Designator = "C26"; Footprint = "CAPC0805(2012)100_L"; UniqueID = "\AADBCXBV"
Change component parameters. Clean all parameters for all variants
Change component parameters (AddParameter): Name = "Case-EIA"; Value = "0805"; VariantName = "[No Variations]"
Change component parameters (AddParameter): Name = "Case-Metric"; Value = "2012"; VariantName = "[No Variations]"
Change component parameters (AddParameter): Name = "Max Thickness"; Value = "1 mm"; VariantName = "[No Variations]"
Change component parameters (AddParameter): Name = "Rated Voltage"; Value = "10 V"; VariantName = "[No Variations]"
Change component parameters (AddParameter): Name = "Technology"; Value = "SMT"; VariantName = "[No Variations]"
Change component parameters (AddParameter): Name = "Tolerance"; Value = "Â±0.5pF"; VariantName = "[No Variations]"
Change component parameters (AddParameter): Name = "Value"; Value = "0.5pF"; VariantName = "[No Variations]"
Change component parameters: Designator = "C27"; Footprint = "CAPC0805(2012)100_L"; UniqueID = "\EQPDIKVN"
Change component parameters. Clean all parameters for all variants
Change component parameters (AddParameter): Name = "Case-EIA"; Value = "0805"; VariantName = "[No Variations]"
Change component parameters (AddParameter): Name = "Case-Metric"; Value = "2012"; VariantName = "[No Variations]"
Change component parameters (AddParameter): Name = "Max Thickness"; Value = "1 mm"; VariantName = "[No Variations]"
Change component parameters (AddParameter): Name = "Rated Voltage"; Value = "10 V"; VariantName = "[No Variations]"
Change component parameters (AddParameter): Name = "Technology"; Value = "SMT"; VariantName = "[No Variations]"
Change component parameters (AddParameter): Name = "Tolerance"; Value = "Â±0.5pF"; VariantName = "[No Variations]"
Change component parameters (AddParameter): Name = "Value"; Value = "0.5pF"; VariantName = "[No Variations]"
Change component parameters: Designator = "C28"; Footprint = "CAPC0805(2012)100_L"; UniqueID = "\AGXLXUKS"
Change component parameters. Clean all parameters for all variants
Change component parameters (AddParameter): Name = "Case-EIA"; Value = "0805"; VariantName = "[No Variations]"
Change component parameters (AddParameter): Name = "Case-Metric"; Value = "2012"; VariantName = "[No Variations]"
Change component parameters (AddParameter): Name = "Max Thickness"; Value = "1 mm"; VariantName = "[No Variations]"
Change component parameters (AddParameter): Name = "Rated Voltage"; Value = "10 V"; VariantName = "[No Variations]"
Change component parameters (AddParameter): Name = "Technology"; Value = "SMT"; VariantName = "[No Variations]"
Change component parameters (AddParameter): Name = "Tolerance"; Value = "Â±0.5pF"; VariantName = "[No Variations]"
Change component parameters (AddParameter): Name = "Value"; Value = "0.5pF"; VariantName = "[No Variations]"
Change component parameters: Designator = "C29"; Footprint = "CAPC0805(2012)100_L"; UniqueID = "\WPKWWXWR"
Change component parameters. Clean all parameters for all variants
Change component parameters (AddParameter): Name = "Case-EIA"; Value = "0805"; VariantName = "[No Variations]"
Change component parameters (AddParameter): Name = "Case-Metric"; Value = "2012"; VariantName = "[No Variations]"
Change component parameters (AddParameter): Name = "Max Thickness"; Value = "1 mm"; VariantName = "[No Variations]"
Change component parameters (AddParameter): Name = "Rated Voltage"; Value = "10 V"; VariantName = "[No Variations]"
Change component parameters (AddParameter): Name = "Technology"; Value = "SMT"; VariantName = "[No Variations]"
Change component parameters (AddParameter): Name = "Tolerance"; Value = "Â±0.5pF"; VariantName = "[No Variations]"
Change component parameters (AddParameter): Name = "Value"; Value = "0.5pF"; VariantName = "[No Variations]"
Change component parameters: Designator = "C30"; Footprint = "CAPC0805(2012)100_L"; UniqueID = "\QDOALUYW"
Change component parameters. Clean all parameters for all variants
Change component parameters (AddParameter): Name = "Case-EIA"; Value = "0805"; VariantName = "[No Variations]"
Change component parameters (AddParameter): Name = "Case-Metric"; Value = "2012"; VariantName = "[No Variations]"
Change component parameters (AddParameter): Name = "Max Thickness"; Value = "1 mm"; VariantName = "[No Variations]"
Change component parameters (AddParameter): Name = "Rated Voltage"; Value = "10 V"; VariantName = "[No Variations]"
Change component parameters (AddParameter): Name = "Technology"; Value = "SMT"; VariantName = "[No Variations]"
Change component parameters (AddParameter): Name = "Tolerance"; Value = "Â±0.5pF"; VariantName = "[No Variations]"
Change component parameters (AddParameter): Name = "Value"; Value = "0.5pF"; VariantName = "[No Variations]"
Change component parameters: Designator = "C31"; Footprint = "CAPC0805(2012)100_L"; UniqueID = "\MXESCRWQ"
Change component parameters. Clean all parameters for all variants
Change component parameters (AddParameter): Name = "Case-EIA"; Value = "0805"; VariantName = "[No Variations]"
Change component parameters (AddParameter): Name = "Case-Metric"; Value = "2012"; VariantName = "[No Variations]"
Change component parameters (AddParameter): Name = "Max Thickness"; Value = "1 mm"; VariantName = "[No Variations]"
Change component parameters (AddParameter): Name = "Rated Voltage"; Value = "10 V"; VariantName = "[No Variations]"
Change component parameters (AddParameter): Name = "Technology"; Value = "SMT"; VariantName = "[No Variations]"
Change component parameters (AddParameter): Name = "Tolerance"; Value = "Â±0.5pF"; VariantName = "[No Variations]"
Change component parameters (AddParameter): Name = "Value"; Value = "0.5pF"; VariantName = "[No Variations]"
Change component parameters: Designator = "C32"; Footprint = "CAPC0805(2012)100_L"; UniqueID = "\MHXPCVUP"
Change component parameters. Clean all parameters for all variants
Change component parameters (AddParameter): Name = "Case-EIA"; Value = "0805"; VariantName = "[No Variations]"
Change component parameters (AddParameter): Name = "Case-Metric"; Value = "2012"; VariantName = "[No Variations]"
Change component parameters (AddParameter): Name = "Max Thickness"; Value = "1 mm"; VariantName = "[No Variations]"
Change component parameters (AddParameter): Name = "Rated Voltage"; Value = "10 V"; VariantName = "[No Variations]"
Change component parameters (AddParameter): Name = "Technology"; Value = "SMT"; VariantName = "[No Variations]"
Change component parameters (AddParameter): Name = "Tolerance"; Value = "Â±0.5pF"; VariantName = "[No Variations]"
Change component parameters (AddParameter): Name = "Value"; Value = "0.5pF"; VariantName = "[No Variations]"
Change component parameters: Designator = "C33"; Footprint = "CAPC0805(2012)100_L"; UniqueID = "\FFLFFUKD"
Change component parameters. Clean all parameters for all variants
Change component parameters (AddParameter): Name = "Case-EIA"; Value = "0805"; VariantName = "[No Variations]"
Change component parameters (AddParameter): Name = "Case-Metric"; Value = "2012"; VariantName = "[No Variations]"
Change component parameters (AddParameter): Name = "Max Thickness"; Value = "1 mm"; VariantName = "[No Variations]"
Change component parameters (AddParameter): Name = "Rated Voltage"; Value = "10 V"; VariantName = "[No Variations]"
Change component parameters (AddParameter): Name = "Technology"; Value = "SMT"; VariantName = "[No Variations]"
Change component parameters (AddParameter): Name = "Tolerance"; Value = "Â±0.5pF"; VariantName = "[No Variations]"
Change component parameters (AddParameter): Name = "Value"; Value = "0.5pF"; VariantName = "[No Variations]"
Change component parameters: Designator = "C34"; Footprint = "CAPC0805(2012)100_L"; UniqueID = "\QYIAGPLQ"
Change component parameters. Clean all parameters for all variants
Change component parameters (AddParameter): Name = "Case-EIA"; Value = "0805"; VariantName = "[No Variations]"
Change component parameters (AddParameter): Name = "Case-Metric"; Value = "2012"; VariantName = "[No Variations]"
Change component parameters (AddParameter): Name = "Max Thickness"; Value = "1 mm"; VariantName = "[No Variations]"
Change component parameters (AddParameter): Name = "Rated Voltage"; Value = "10 V"; VariantName = "[No Variations]"
Change component parameters (AddParameter): Name = "Technology"; Value = "SMT"; VariantName = "[No Variations]"
Change component parameters (AddParameter): Name = "Tolerance"; Value = "Â±0.5pF"; VariantName = "[No Variations]"
Change component parameters (AddParameter): Name = "Value"; Value = "0.5pF"; VariantName = "[No Variations]"
Change component parameters: Designator = "C35"; Footprint = "CAPC0805(2012)100_L"; UniqueID = "\LQAHEEJI"
Change component parameters. Clean all parameters for all variants
Change component parameters (AddParameter): Name = "Case-EIA"; Value = "0805"; VariantName = "[No Variations]"
Change component parameters (AddParameter): Name = "Case-Metric"; Value = "2012"; VariantName = "[No Variations]"
Change component parameters (AddParameter): Name = "Max Thickness"; Value = "1 mm"; VariantName = "[No Variations]"
Change component parameters (AddParameter): Name = "Rated Voltage"; Value = "10 V"; VariantName = "[No Variations]"
Change component parameters (AddParameter): Name = "Technology"; Value = "SMT"; VariantName = "[No Variations]"
Change component parameters (AddParameter): Name = "Tolerance"; Value = "Â±0.5pF"; VariantName = "[No Variations]"
Change component parameters (AddParameter): Name = "Value"; Value = "0.5pF"; VariantName = "[No Variations]"
Change component parameters: Designator = "C36"; Footprint = "CAPC0805(2012)100_L"; UniqueID = "\PDJDMHXU"
Change component parameters. Clean all parameters for all variants
Change component parameters (AddParameter): Name = "Case-EIA"; Value = "0805"; VariantName = "[No Variations]"
Change component parameters (AddParameter): Name = "Case-Metric"; Value = "2012"; VariantName = "[No Variations]"
Change component parameters (AddParameter): Name = "Max Thickness"; Value = "1 mm"; VariantName = "[No Variations]"
Change component parameters (AddParameter): Name = "Rated Voltage"; Value = "10 V"; VariantName = "[No Variations]"
Change component parameters (AddParameter): Name = "Technology"; Value = "SMT"; VariantName = "[No Variations]"
Change component parameters (AddParameter): Name = "Tolerance"; Value = "Â±0.5pF"; VariantName = "[No Variations]"
Change component parameters (AddParameter): Name = "Value"; Value = "0.5pF"; VariantName = "[No Variations]"
Change component parameters: Designator = "C37"; Footprint = "CAPC0805(2012)100_L"; UniqueID = "\OLFBNMCV"
Change component parameters. Clean all parameters for all variants
Change component parameters (AddParameter): Name = "Case-EIA"; Value = "0805"; VariantName = "[No Variations]"
Change component parameters (AddParameter): Name = "Case-Metric"; Value = "2012"; VariantName = "[No Variations]"
Change component parameters (AddParameter): Name = "Max Thickness"; Value = "1 mm"; VariantName = "[No Variations]"
Change component parameters (AddParameter): Name = "Rated Voltage"; Value = "10 V"; VariantName = "[No Variations]"
Change component parameters (AddParameter): Name = "Technology"; Value = "SMT"; VariantName = "[No Variations]"
Change component parameters (AddParameter): Name = "Tolerance"; Value = "Â±0.5pF"; VariantName = "[No Variations]"
Change component parameters (AddParameter): Name = "Value"; Value = "0.5pF"; VariantName = "[No Variations]"
Change component parameters: Designator = "C38"; Footprint = "CAPC0805(2012)100_L"; UniqueID = "\RUYAWWWL"
Change component parameters. Clean all parameters for all variants
Change component parameters (AddParameter): Name = "Case-EIA"; Value = "0805"; VariantName = "[No Variations]"
Change component parameters (AddParameter): Name = "Case-Metric"; Value = "2012"; VariantName = "[No Variations]"
Change component parameters (AddParameter): Name = "Max Thickness"; Value = "1 mm"; VariantName = "[No Variations]"
Change component parameters (AddParameter): Name = "Rated Voltage"; Value = "10 V"; VariantName = "[No Variations]"
Change component parameters (AddParameter): Name = "Technology"; Value = "SMT"; VariantName = "[No Variations]"
Change component parameters (AddParameter): Name = "Tolerance"; Value = "Â±0.5pF"; VariantName = "[No Variations]"
Change component parameters (AddParameter): Name = "Value"; Value = "0.5pF"; VariantName = "[No Variations]"
Change component parameters: Designator = "C39"; Footprint = "CAPC0805(2012)100_L"; UniqueID = "\LDHCOCNV"
Change component parameters. Clean all parameters for all variants
Change component parameters (AddParameter): Name = "Case-EIA"; Value = "0805"; VariantName = "[No Variations]"
Change component parameters (AddParameter): Name = "Case-Metric"; Value = "2012"; VariantName = "[No Variations]"
Change component parameters (AddParameter): Name = "Max Thickness"; Value = "1 mm"; VariantName = "[No Variations]"
Change component parameters (AddParameter): Name = "Rated Voltage"; Value = "10 V"; VariantName = "[No Variations]"
Change component parameters (AddParameter): Name = "Technology"; Value = "SMT"; VariantName = "[No Variations]"
Change component parameters (AddParameter): Name = "Tolerance"; Value = "Â±0.5pF"; VariantName = "[No Variations]"
Change component parameters (AddParameter): Name = "Value"; Value = "0.5pF"; VariantName = "[No Variations]"
Change component parameters: Designator = "C40"; Footprint = "CAPC0805(2012)100_L"; UniqueID = "\DHXNAGHA"
Change component parameters. Clean all parameters for all variants
Change component parameters (AddParameter): Name = "Case-EIA"; Value = "0805"; VariantName = "[No Variations]"
Change component parameters (AddParameter): Name = "Case-Metric"; Value = "2012"; VariantName = "[No Variations]"
Change component parameters (AddParameter): Name = "Max Thickness"; Value = "1 mm"; VariantName = "[No Variations]"
Change component parameters (AddParameter): Name = "Rated Voltage"; Value = "10 V"; VariantName = "[No Variations]"
Change component parameters (AddParameter): Name = "Technology"; Value = "SMT"; VariantName = "[No Variations]"
Change component parameters (AddParameter): Name = "Tolerance"; Value = "Â±0.5pF"; VariantName = "[No Variations]"
Change component parameters (AddParameter): Name = "Value"; Value = "0.5pF"; VariantName = "[No Variations]"
Change component parameters: Designator = "C41"; Footprint = "CAPC0805(2012)100_L"; UniqueID = "\GWSBQKTY"
Change component parameters. Clean all parameters for all variants
Change component parameters (AddParameter): Name = "Case-EIA"; Value = "0805"; VariantName = "[No Variations]"
Change component parameters (AddParameter): Name = "Case-Metric"; Value = "2012"; VariantName = "[No Variations]"
Change component parameters (AddParameter): Name = "Max Thickness"; Value = "1 mm"; VariantName = "[No Variations]"
Change component parameters (AddParameter): Name = "Rated Voltage"; Value = "10 V"; VariantName = "[No Variations]"
Change component parameters (AddParameter): Name = "Technology"; Value = "SMT"; VariantName = "[No Variations]"
Change component parameters (AddParameter): Name = "Tolerance"; Value = "Â±0.5pF"; VariantName = "[No Variations]"
Change component parameters (AddParameter): Name = "Value"; Value = "0.5pF"; VariantName = "[No Variations]"
Change component parameters: Designator = "C42"; Footprint = "CAPC0805(2012)100_L"; UniqueID = "\GDQDJARX"
Change component parameters. Clean all parameters for all variants
Change component parameters (AddParameter): Name = "Case-EIA"; Value = "0805"; VariantName = "[No Variations]"
Change component parameters (AddParameter): Name = "Case-Metric"; Value = "2012"; VariantName = "[No Variations]"
Change component parameters (AddParameter): Name = "Max Thickness"; Value = "1 mm"; VariantName = "[No Variations]"
Change component parameters (AddParameter): Name = "Rated Voltage"; Value = "10 V"; VariantName = "[No Variations]"
Change component parameters (AddParameter): Name = "Technology"; Value = "SMT"; VariantName = "[No Variations]"
Change component parameters (AddParameter): Name = "Tolerance"; Value = "Â±0.5pF"; VariantName = "[No Variations]"
Change component parameters (AddParameter): Name = "Value"; Value = "0.5pF"; VariantName = "[No Variations]"
Change component parameters: Designator = "C43"; Footprint = "CAPC0805(2012)100_L"; UniqueID = "\RYRUEYKD"
Change component parameters. Clean all parameters for all variants
Change component parameters (AddParameter): Name = "Case-EIA"; Value = "0805"; VariantName = "[No Variations]"
Change component parameters (AddParameter): Name = "Case-Metric"; Value = "2012"; VariantName = "[No Variations]"
Change component parameters (AddParameter): Name = "Max Thickness"; Value = "1 mm"; VariantName = "[No Variations]"
Change component parameters (AddParameter): Name = "Rated Voltage"; Value = "10 V"; VariantName = "[No Variations]"
Change component parameters (AddParameter): Name = "Technology"; Value = "SMT"; VariantName = "[No Variations]"
Change component parameters (AddParameter): Name = "Tolerance"; Value = "Â±0.5pF"; VariantName = "[No Variations]"
Change component parameters (AddParameter): Name = "Value"; Value = "0.5pF"; VariantName = "[No Variations]"
Change component parameters: Designator = "C44"; Footprint = "CAPC0805(2012)100_L"; UniqueID = "\BRLTSXWX"
Change component parameters. Clean all parameters for all variants
Change component parameters (AddParameter): Name = "Case-EIA"; Value = "0805"; VariantName = "[No Variations]"
Change component parameters (AddParameter): Name = "Case-Metric"; Value = "2012"; VariantName = "[No Variations]"
Change component parameters (AddParameter): Name = "Max Thickness"; Value = "1 mm"; VariantName = "[No Variations]"
Change component parameters (AddParameter): Name = "Rated Voltage"; Value = "10 V"; VariantName = "[No Variations]"
Change component parameters (AddParameter): Name = "Technology"; Value = "SMT"; VariantName = "[No Variations]"
Change component parameters (AddParameter): Name = "Tolerance"; Value = "Â±0.5pF"; VariantName = "[No Variations]"
Change component parameters (AddParameter): Name = "Value"; Value = "0.5pF"; VariantName = "[No Variations]"
Change component parameters: Designator = "C45"; Footprint = "CAPC0805(2012)100_L"; UniqueID = "\SCNMWMOA"
Change component parameters. Clean all parameters for all variants
Change component parameters (AddParameter): Name = "Case-EIA"; Value = "0805"; VariantName = "[No Variations]"
Change component parameters (AddParameter): Name = "Case-Metric"; Value = "2012"; VariantName = "[No Variations]"
Change component parameters (AddParameter): Name = "Max Thickness"; Value = "1 mm"; VariantName = "[No Variations]"
Change component parameters (AddParameter): Name = "Rated Voltage"; Value = "10 V"; VariantName = "[No Variations]"
Change component parameters (AddParameter): Name = "Technology"; Value = "SMT"; VariantName = "[No Variations]"
Change component parameters (AddParameter): Name = "Tolerance"; Value = "Â±0.5pF"; VariantName = "[No Variations]"
Change component parameters (AddParameter): Name = "Value"; Value = "0.5pF"; VariantName = "[No Variations]"
Change component parameters: Designator = "C46"; Footprint = "CAPC0805(2012)100_L"; UniqueID = "\HYXGIVPX"
Change component parameters. Clean all parameters for all variants
Change component parameters (AddParameter): Name = "Case-EIA"; Value = "0805"; VariantName = "[No Variations]"
Change component parameters (AddParameter): Name = "Case-Metric"; Value = "2012"; VariantName = "[No Variations]"
Change component parameters (AddParameter): Name = "Max Thickness"; Value = "1 mm"; VariantName = "[No Variations]"
Change component parameters (AddParameter): Name = "Rated Voltage"; Value = "10 V"; VariantName = "[No Variations]"
Change component parameters (AddParameter): Name = "Technology"; Value = "SMT"; VariantName = "[No Variations]"
Change component parameters (AddParameter): Name = "Tolerance"; Value = "Â±0.5pF"; VariantName = "[No Variations]"
Change component parameters (AddParameter): Name = "Value"; Value = "0.5pF"; VariantName = "[No Variations]"
Change component parameters: Designator = "C47"; Footprint = "CAPC0805(2012)100_L"; UniqueID = "\GPNDCYFE"
Change component parameters. Clean all parameters for all variants
Change component parameters (AddParameter): Name = "Case-EIA"; Value = "0805"; VariantName = "[No Variations]"
Change component parameters (AddParameter): Name = "Case-Metric"; Value = "2012"; VariantName = "[No Variations]"
Change component parameters (AddParameter): Name = "Max Thickness"; Value = "1 mm"; VariantName = "[No Variations]"
Change component parameters (AddParameter): Name = "Rated Voltage"; Value = "10 V"; VariantName = "[No Variations]"
Change component parameters (AddParameter): Name = "Technology"; Value = "SMT"; VariantName = "[No Variations]"
Change component parameters (AddParameter): Name = "Tolerance"; Value = "Â±0.5pF"; VariantName = "[No Variations]"
Change component parameters (AddParameter): Name = "Value"; Value = "0.5pF"; VariantName = "[No Variations]"
Change component parameters: Designator = "C48"; Footprint = "CAPC0805(2012)100_L"; UniqueID = "\DELKUWOG"
Change component parameters. Clean all parameters for all variants
Change component parameters (AddParameter): Name = "Case-EIA"; Value = "0805"; VariantName = "[No Variations]"
Change component parameters (AddParameter): Name = "Case-Metric"; Value = "2012"; VariantName = "[No Variations]"
Change component parameters (AddParameter): Name = "Max Thickness"; Value = "1 mm"; VariantName = "[No Variations]"
Change component parameters (AddParameter): Name = "Rated Voltage"; Value = "10 V"; VariantName = "[No Variations]"
Change component parameters (AddParameter): Name = "Technology"; Value = "SMT"; VariantName = "[No Variations]"
Change component parameters (AddParameter): Name = "Tolerance"; Value = "Â±0.5pF"; VariantName = "[No Variations]"
Change component parameters (AddParameter): Name = "Value"; Value = "0.5pF"; VariantName = "[No Variations]"
Change component parameters: Designator = "C49"; Footprint = "CAPC0805(2012)100_L"; UniqueID = "\NPRCHJUB"
Change component parameters. Clean all parameters for all variants
Change component parameters (AddParameter): Name = "Case-EIA"; Value = "0805"; VariantName = "[No Variations]"
Change component parameters (AddParameter): Name = "Case-Metric"; Value = "2012"; VariantName = "[No Variations]"
Change component parameters (AddParameter): Name = "Max Thickness"; Value = "1 mm"; VariantName = "[No Variations]"
Change component parameters (AddParameter): Name = "Rated Voltage"; Value = "10 V"; VariantName = "[No Variations]"
Change component parameters (AddParameter): Name = "Technology"; Value = "SMT"; VariantName = "[No Variations]"
Change component parameters (AddParameter): Name = "Tolerance"; Value = "Â±0.5pF"; VariantName = "[No Variations]"
Change component parameters (AddParameter): Name = "Value"; Value = "0.5pF"; VariantName = "[No Variations]"
Change component parameters: Designator = "C50"; Footprint = "CAPC0805(2012)100_L"; UniqueID = "\MRFQPNBM"
Change component parameters. Clean all parameters for all variants
Change component parameters (AddParameter): Name = "Case-EIA"; Value = "0805"; VariantName = "[No Variations]"
Change component parameters (AddParameter): Name = "Case-Metric"; Value = "2012"; VariantName = "[No Variations]"
Change component parameters (AddParameter): Name = "Max Thickness"; Value = "1 mm"; VariantName = "[No Variations]"
Change component parameters (AddParameter): Name = "Rated Voltage"; Value = "10 V"; VariantName = "[No Variations]"
Change component parameters (AddParameter): Name = "Technology"; Value = "SMT"; VariantName = "[No Variations]"
Change component parameters (AddParameter): Name = "Tolerance"; Value = "Â±0.5pF"; VariantName = "[No Variations]"
Change component parameters (AddParameter): Name = "Value"; Value = "0.5pF"; VariantName = "[No Variations]"
Change component parameters: Designator = "C51"; Footprint = "CAPC0805(2012)100_L"; UniqueID = "\SXVTLDEQ"
Change component parameters. Clean all parameters for all variants
Change component parameters (AddParameter): Name = "Case-EIA"; Value = "0805"; VariantName = "[No Variations]"
Change component parameters (AddParameter): Name = "Case-Metric"; Value = "2012"; VariantName = "[No Variations]"
Change component parameters (AddParameter): Name = "Max Thickness"; Value = "1 mm"; VariantName = "[No Variations]"
Change component parameters (AddParameter): Name = "Rated Voltage"; Value = "10 V"; VariantName = "[No Variations]"
Change component parameters (AddParameter): Name = "Technology"; Value = "SMT"; VariantName = "[No Variations]"
Change component parameters (AddParameter): Name = "Tolerance"; Value = "Â±0.5pF"; VariantName = "[No Variations]"
Change component parameters (AddParameter): Name = "Value"; Value = "0.5pF"; VariantName = "[No Variations]"
Change component parameters: Designator = "C52"; Footprint = "CAPC0805(2012)100_L"; UniqueID = "\PYVLDVGX"
Change component parameters. Clean all parameters for all variants
Change component parameters (AddParameter): Name = "Case-EIA"; Value = "0805"; VariantName = "[No Variations]"
Change component parameters (AddParameter): Name = "Case-Metric"; Value = "2012"; VariantName = "[No Variations]"
Change component parameters (AddParameter): Name = "Max Thickness"; Value = "1 mm"; VariantName = "[No Variations]"
Change component parameters (AddParameter): Name = "Rated Voltage"; Value = "10 V"; VariantName = "[No Variations]"
Change component parameters (AddParameter): Name = "Technology"; Value = "SMT"; VariantName = "[No Variations]"
Change component parameters (AddParameter): Name = "Tolerance"; Value = "Â±0.5pF"; VariantName = "[No Variations]"
Change component parameters (AddParameter): Name = "Value"; Value = "0.5pF"; VariantName = "[No Variations]"
Change component parameters: Designator = "C53"; Footprint = "CAPC0805(2012)100_L"; UniqueID = "\CKPKGHNT"
Change component parameters. Clean all parameters for all variants
Change component parameters (AddParameter): Name = "Case-EIA"; Value = "0805"; VariantName = "[No Variations]"
Change component parameters (AddParameter): Name = "Case-Metric"; Value = "2012"; VariantName = "[No Variations]"
Change component parameters (AddParameter): Name = "Max Thickness"; Value = "1 mm"; VariantName = "[No Variations]"
Change component parameters (AddParameter): Name = "Rated Voltage"; Value = "10 V"; VariantName = "[No Variations]"
Change component parameters (AddParameter): Name = "Technology"; Value = "SMT"; VariantName = "[No Variations]"
Change component parameters (AddParameter): Name = "Tolerance"; Value = "Â±0.5pF"; VariantName = "[No Variations]"
Change component parameters (AddParameter): Name = "Value"; Value = "0.5pF"; VariantName = "[No Variations]"
Change component parameters: Designator = "C54"; Footprint = "CAPC0805(2012)100_L"; UniqueID = "\OAUSBWNX"
Change component parameters. Clean all parameters for all variants
Change component parameters (AddParameter): Name = "Case-EIA"; Value = "0805"; VariantName = "[No Variations]"
Change component parameters (AddParameter): Name = "Case-Metric"; Value = "2012"; VariantName = "[No Variations]"
Change component parameters (AddParameter): Name = "Max Thickness"; Value = "1 mm"; VariantName = "[No Variations]"
Change component parameters (AddParameter): Name = "Rated Voltage"; Value = "10 V"; VariantName = "[No Variations]"
Change component parameters (AddParameter): Name = "Technology"; Value = "SMT"; VariantName = "[No Variations]"
Change component parameters (AddParameter): Name = "Tolerance"; Value = "Â±0.5pF"; VariantName = "[No Variations]"
Change component parameters (AddParameter): Name = "Value"; Value = "0.5pF"; VariantName = "[No Variations]"
Change component parameters: Designator = "C55"; Footprint = "CAPC0805(2012)100_L"; UniqueID = "\LOXWIKGJ"
Change component parameters. Clean all parameters for all variants
Change component parameters (AddParameter): Name = "Case-EIA"; Value = "0805"; VariantName = "[No Variations]"
Change component parameters (AddParameter): Name = "Case-Metric"; Value = "2012"; VariantName = "[No Variations]"
Change component parameters (AddParameter): Name = "Max Thickness"; Value = "1 mm"; VariantName = "[No Variations]"
Change component parameters (AddParameter): Name = "Rated Voltage"; Value = "10 V"; VariantName = "[No Variations]"
Change component parameters (AddParameter): Name = "Technology"; Value = "SMT"; VariantName = "[No Variations]"
Change component parameters (AddParameter): Name = "Tolerance"; Value = "Â±0.5pF"; VariantName = "[No Variations]"
Change component parameters (AddParameter): Name = "Value"; Value = "0.5pF"; VariantName = "[No Variations]"
Change component parameters: Designator = "C56"; Footprint = "CAPC0805(2012)100_L"; UniqueID = "\GGAIIKCX"
Change component parameters. Clean all parameters for all variants
Change component parameters (AddParameter): Name = "Case-EIA"; Value = "0805"; VariantName = "[No Variations]"
Change component parameters (AddParameter): Name = "Case-Metric"; Value = "2012"; VariantName = "[No Variations]"
Change component parameters (AddParameter): Name = "Max Thickness"; Value = "1 mm"; VariantName = "[No Variations]"
Change component parameters (AddParameter): Name = "Rated Voltage"; Value = "10 V"; VariantName = "[No Variations]"
Change component parameters (AddParameter): Name = "Technology"; Value = "SMT"; VariantName = "[No Variations]"
Change component parameters (AddParameter): Name = "Tolerance"; Value = "Â±0.5pF"; VariantName = "[No Variations]"
Change component parameters (AddParameter): Name = "Value"; Value = "0.5pF"; VariantName = "[No Variations]"
Change component parameters: Designator = "C57"; Footprint = "CAPC0805(2012)100_L"; UniqueID = "\YFWFOXOS"
Change component parameters. Clean all parameters for all variants
Change component parameters (AddParameter): Name = "Case-EIA"; Value = "0805"; VariantName = "[No Variations]"
Change component parameters (AddParameter): Name = "Case-Metric"; Value = "2012"; VariantName = "[No Variations]"
Change component parameters (AddParameter): Name = "Max Thickness"; Value = "1 mm"; VariantName = "[No Variations]"
Change component parameters (AddParameter): Name = "Rated Voltage"; Value = "10 V"; VariantName = "[No Variations]"
Change component parameters (AddParameter): Name = "Technology"; Value = "SMT"; VariantName = "[No Variations]"
Change component parameters (AddParameter): Name = "Tolerance"; Value = "Â±0.5pF"; VariantName = "[No Variations]"
Change component parameters (AddParameter): Name = "Value"; Value = "0.5pF"; VariantName = "[No Variations]"
Change component parameters: Designator = "C58"; Footprint = "CAPC0805(2012)100_L"; UniqueID = "\IYLASNSB"
Change component parameters. Clean all parameters for all variants
Change component parameters (AddParameter): Name = "Case-EIA"; Value = "0805"; VariantName = "[No Variations]"
Change component parameters (AddParameter): Name = "Case-Metric"; Value = "2012"; VariantName = "[No Variations]"
Change component parameters (AddParameter): Name = "Max Thickness"; Value = "1 mm"; VariantName = "[No Variations]"
Change component parameters (AddParameter): Name = "Rated Voltage"; Value = "10 V"; VariantName = "[No Variations]"
Change component parameters (AddParameter): Name = "Technology"; Value = "SMT"; VariantName = "[No Variations]"
Change component parameters (AddParameter): Name = "Tolerance"; Value = "Â±0.5pF"; VariantName = "[No Variations]"
Change component parameters (AddParameter): Name = "Value"; Value = "0.5pF"; VariantName = "[No Variations]"
Change component parameters: Designator = "C59"; Footprint = "CAPC0805(2012)100_L"; UniqueID = "\DIIHXHOX"
Change component parameters. Clean all parameters for all variants
Change component parameters (AddParameter): Name = "Case-EIA"; Value = "0805"; VariantName = "[No Variations]"
Change component parameters (AddParameter): Name = "Case-Metric"; Value = "2012"; VariantName = "[No Variations]"
Change component parameters (AddParameter): Name = "Max Thickness"; Value = "1 mm"; VariantName = "[No Variations]"
Change component parameters (AddParameter): Name = "Rated Voltage"; Value = "10 V"; VariantName = "[No Variations]"
Change component parameters (AddParameter): Name = "Technology"; Value = "SMT"; VariantName = "[No Variations]"
Change component parameters (AddParameter): Name = "Tolerance"; Value = "Â±0.5pF"; VariantName = "[No Variations]"
Change component parameters (AddParameter): Name = "Value"; Value = "0.5pF"; VariantName = "[No Variations]"
Change component parameters: Designator = "C60"; Footprint = "CAPC0805(2012)100_L"; UniqueID = "\RBLXQTLN"
Change component parameters. Clean all parameters for all variants
Change component parameters (AddParameter): Name = "Case-EIA"; Value = "0805"; VariantName = "[No Variations]"
Change component parameters (AddParameter): Name = "Case-Metric"; Value = "2012"; VariantName = "[No Variations]"
Change component parameters (AddParameter): Name = "Max Thickness"; Value = "1 mm"; VariantName = "[No Variations]"
Change component parameters (AddParameter): Name = "Rated Voltage"; Value = "10 V"; VariantName = "[No Variations]"
Change component parameters (AddParameter): Name = "Technology"; Value = "SMT"; VariantName = "[No Variations]"
Change component parameters (AddParameter): Name = "Tolerance"; Value = "Â±0.5pF"; VariantName = "[No Variations]"
Change component parameters (AddParameter): Name = "Value"; Value = "0.5pF"; VariantName = "[No Variations]"
Added Pin To Net: NetName=GND Pin=C21-1
Added Pin To Net: NetName=GND Pin=C22-1
Added Pin To Net: NetName=GND Pin=C23-1
Added Pin To Net: NetName=GND Pin=C24-1
Added Pin To Net: NetName=GND Pin=C25-1
Added Pin To Net: NetName=GND Pin=C26-1
Added Pin To Net: NetName=GND Pin=C27-1
Added Pin To Net: NetName=GND Pin=C28-1
Added Pin To Net: NetName=GND Pin=C29-1
Added Pin To Net: NetName=GND Pin=C30-1
Added Pin To Net: NetName=GND Pin=C31-1
Added Pin To Net: NetName=GND Pin=C32-1
Added Pin To Net: NetName=GND Pin=C33-1
Added Pin To Net: NetName=GND Pin=C34-1
Added Pin To Net: NetName=GND Pin=C35-1
Added Pin To Net: NetName=GND Pin=C36-1
Added Pin To Net: NetName=GND Pin=C37-1
Added Pin To Net: NetName=GND Pin=C38-1
Added Pin To Net: NetName=GND Pin=C39-1
Added Pin To Net: NetName=GND Pin=C40-1
Added Pin To Net: NetName=GND Pin=C41-1
Added Pin To Net: NetName=GND Pin=C42-1
Added Pin To Net: NetName=GND Pin=C43-1
Added Pin To Net: NetName=GND Pin=C44-1
Added Pin To Net: NetName=GND Pin=C45-1
Added Pin To Net: NetName=GND Pin=C46-1
Added Pin To Net: NetName=GND Pin=C47-1
Added Pin To Net: NetName=GND Pin=C48-1
Added Pin To Net: NetName=GND Pin=C49-1
Added Pin To Net: NetName=GND Pin=C50-1
Added Pin To Net: NetName=GND Pin=C51-1
Added Pin To Net: NetName=GND Pin=C52-1
Added Pin To Net: NetName=GND Pin=C53-1
Added Pin To Net: NetName=GND Pin=C54-1
Added Pin To Net: NetName=GND Pin=C55-1
Added Pin To Net: NetName=GND Pin=C56-1
Added Pin To Net: NetName=GND Pin=C57-1
Added Pin To Net: NetName=GND Pin=C58-1
Added Pin To Net: NetName=GND Pin=C59-1
Added Pin To Net: NetName=GND Pin=C60-1
Added Pin To Net: NetName=VCC Pin=U21-1
Added Pin To Net: NetName=VCC Pin=U22-1
Added Pin To Net: NetName=VCC Pin=U23-1
Added Pin To Net: NetName=VCC Pin=U24-1
Added Pin To Net: NetName=VCC Pin=U25-1
Added Pin To Net: NetName=VCC Pin=U26-1
Added Pin To Net: NetName=VCC Pin=U27-1
Added Pin To Net: NetName=VCC Pin=U28-1
Added Pin To Net: NetName=VCC Pin=U29-1
Added Pin To Net: NetName=VCC Pin=U30-1
Added Pin To Net: NetName=VCC Pin=U31-1
Added Pin To Net: NetName=VCC Pin=U32-1
Added Pin To Net: NetName=VCC Pin=U33-1
Added Pin To Net: NetName=VCC Pin=U34-1
Added Pin To Net: NetName=VCC Pin=U35-1
Added Pin To Net: NetName=VCC Pin=U36-1
Added Pin To Net: NetName=VCC Pin=U37-1
Added Pin To Net: NetName=VCC Pin=U38-1
Added Pin To Net: NetName=VCC Pin=U39-1
Added Pin To Net: NetName=VCC Pin=U40-1
Added Pin To Net: NetName=VCC Pin=U41-1
Added Pin To Net: NetName=VCC Pin=U42-1
Added Pin To Net: NetName=VCC Pin=U43-1
Added Pin To Net: NetName=VCC Pin=U44-1
Added Pin To Net: NetName=VCC Pin=U45-1
Added Pin To Net: NetName=VCC Pin=U46-1
Added Pin To Net: NetName=VCC Pin=U47-1
Added Pin To Net: NetName=VCC Pin=U48-1
Added Pin To Net: NetName=VCC Pin=U49-1
Added Pin To Net: NetName=VCC Pin=U50-1
Added Pin To Net: NetName=VCC Pin=U51-1
Added Pin To Net: NetName=VCC Pin=U52-1
Added Pin To Net: NetName=VCC Pin=U53-1
Added Pin To Net: NetName=VCC Pin=U54-1
Added Pin To Net: NetName=VCC Pin=U55-1
Added Pin To Net: NetName=VCC Pin=U56-1
Added Pin To Net: NetName=VCC Pin=U57-1
Added Pin To Net: NetName=VCC Pin=U58-1
Added Pin To Net: NetName=VCC Pin=U59-1
Added Pin To Net: NetName=VCC Pin=U60-1
