Removed Pin From Net: NetName=VCC Pin=C61-2
Removed Pin From Net: NetName=VCC Pin=C62-2
Removed Pin From Net: NetName=VCC Pin=C63-2
Removed Pin From Net: NetName=VCC Pin=C64-2
Removed Pin From Net: NetName=VCC Pin=C65-2
Removed Pin From Net: NetName=VCC Pin=C66-2
Removed Pin From Net: NetName=VCC Pin=C67-2
Removed Pin From Net: NetName=VCC Pin=C68-2
Removed Pin From Net: NetName=VCC Pin=C69-2
Removed Pin From Net: NetName=VCC Pin=C70-2
Removed Pin From Net: NetName=VCC Pin=C71-2
Removed Pin From Net: NetName=VCC Pin=C72-2
Removed Pin From Net: NetName=VCC Pin=C73-2
Removed Pin From Net: NetName=VCC Pin=C74-2
Removed Pin From Net: NetName=VCC Pin=C75-2
Removed Pin From Net: NetName=VCC Pin=C76-2
Removed Pin From Net: NetName=VCC Pin=C77-2
Removed Pin From Net: NetName=VCC Pin=C78-2
Removed Pin From Net: NetName=VCC Pin=C79-2
Removed Pin From Net: NetName=VCC Pin=C80-2
Removed Pin From Net: NetName=VCC Pin=C81-2
Removed Pin From Net: NetName=VCC Pin=C82-2
Removed Pin From Net: NetName=VCC Pin=C83-2
Removed Pin From Net: NetName=VCC Pin=C84-2
Removed Pin From Net: NetName=VCC Pin=C85-2
Removed Pin From Net: NetName=VCC Pin=C86-2
Removed Pin From Net: NetName=VCC Pin=C87-2
Removed Pin From Net: NetName=VCC Pin=C88-2
Removed Pin From Net: NetName=VCC Pin=C89-2
Removed Pin From Net: NetName=VCC Pin=C90-2
Removed Pin From Net: NetName=VCC Pin=C91-2
Removed Pin From Net: NetName=VCC Pin=C92-2
Removed Pin From Net: NetName=VCC Pin=C93-2
Removed Pin From Net: NetName=VCC Pin=C94-2
Removed Pin From Net: NetName=VCC Pin=C95-2
Removed Pin From Net: NetName=VCC Pin=C96-2
Removed Pin From Net: NetName=VCC Pin=C97-2
Removed Pin From Net: NetName=VCC Pin=C98-2
Removed Pin From Net: NetName=VCC Pin=C99-2
Removed Pin From Net: NetName=VCC Pin=C100-2
Removed Pin From Net: NetName=VCC Pin=C101-2
Removed Pin From Net: NetName=VCC Pin=C102-2
Removed Pin From Net: NetName=VCC Pin=C103-2
Removed Pin From Net: NetName=VCC Pin=C104-2
Removed Pin From Net: NetName=VCC Pin=C105-2
Removed Pin From Net: NetName=VCC Pin=C106-2
Removed Pin From Net: NetName=VCC Pin=C107-2
Removed Pin From Net: NetName=VCC Pin=C108-2
Removed Pin From Net: NetName=VCC Pin=C109-2
Removed Pin From Net: NetName=VCC Pin=C110-2
Removed Pin From Net: NetName=VCC Pin=C111-2
Removed Pin From Net: NetName=VCC Pin=C112-2
Removed Pin From Net: NetName=VCC Pin=C113-2
Removed Pin From Net: NetName=VCC Pin=C114-2
Removed Pin From Net: NetName=VCC Pin=C115-2
Removed Pin From Net: NetName=VCC Pin=C116-2
Removed Pin From Net: NetName=VCC Pin=C117-2
Removed Pin From Net: NetName=VCC Pin=C118-2
Removed Pin From Net: NetName=VCC Pin=C119-2
Removed Pin From Net: NetName=VCC Pin=C120-2
Removed Pin From Net: NetName=VCC Pin=C121-2
Removed Pin From Net: NetName=VCC Pin=C122-2
Removed Pin From Net: NetName=VCC Pin=C123-2
Removed Pin From Net: NetName=VCC Pin=C124-2
Removed Pin From Net: NetName=VCC Pin=C125-2
Removed Pin From Net: NetName=VCC Pin=C126-2
Removed Pin From Net: NetName=VCC Pin=C127-2
Removed Pin From Net: NetName=VCC Pin=C128-2
Removed Pin From Net: NetName=VCC Pin=C129-2
Removed Pin From Net: NetName=VCC Pin=C130-2
Removed Pin From Net: NetName=VCC Pin=C131-2
Removed Pin From Net: NetName=VCC Pin=C132-2
Removed Pin From Net: NetName=VCC Pin=C133-2
Removed Pin From Net: NetName=VCC Pin=C134-2
Removed Pin From Net: NetName=VCC Pin=C135-2
Removed Pin From Net: NetName=VCC Pin=C136-2
Removed Pin From Net: NetName=VCC Pin=C137-2
Removed Pin From Net: NetName=VCC Pin=C138-2
Removed Pin From Net: NetName=VCC Pin=C139-2
Removed Pin From Net: NetName=VCC Pin=C140-2
Removed Pin From Net: NetName=VCC Pin=C141-2
Removed Pin From Net: NetName=VCC Pin=C142-2
Removed Pin From Net: NetName=VCC Pin=C143-2
Removed Pin From Net: NetName=VCC Pin=C144-2
Removed Pin From Net: NetName=VCC Pin=C145-2
Removed Pin From Net: NetName=VCC Pin=C146-2
Removed Pin From Net: NetName=VCC Pin=C147-2
Removed Pin From Net: NetName=VCC Pin=C148-2
Removed Pin From Net: NetName=VCC Pin=C149-2
Removed Pin From Net: NetName=VCC Pin=C150-2
Removed Pin From Net: NetName=VCC Pin=C151-2
Removed Pin From Net: NetName=VCC Pin=C152-2
Removed Pin From Net: NetName=VCC Pin=C153-2
Removed Pin From Net: NetName=VCC Pin=C154-2
Removed Pin From Net: NetName=VCC Pin=C155-2
Removed Pin From Net: NetName=VCC Pin=C156-2
Removed Pin From Net: NetName=VCC Pin=C157-2
Removed Pin From Net: NetName=VCC Pin=C158-2
Removed Pin From Net: NetName=VCC Pin=C159-2
Removed Pin From Net: NetName=VCC Pin=C160-2
Removed Pin From Net: NetName=VCC Pin=C161-2
Removed Pin From Net: NetName=VCC Pin=C162-2
Removed Pin From Net: NetName=VCC Pin=C163-2
Removed Pin From Net: NetName=VCC Pin=C164-2
Removed Pin From Net: NetName=VCC Pin=C165-2
Removed Pin From Net: NetName=VCC Pin=C166-2
Removed Pin From Net: NetName=VCC Pin=C167-2
Removed Pin From Net: NetName=VCC Pin=C168-2
Removed Pin From Net: NetName=VCC Pin=C169-2
Removed Pin From Net: NetName=VCC Pin=C170-2
Removed Pin From Net: NetName=VCC Pin=C171-2
Removed Pin From Net: NetName=VCC Pin=C172-2
Removed Pin From Net: NetName=VCC Pin=C173-2
Removed Pin From Net: NetName=VCC Pin=C174-2
Removed Pin From Net: NetName=VCC Pin=C175-2
Removed Pin From Net: NetName=VCC Pin=C176-2
Removed Pin From Net: NetName=VCC Pin=C177-2
Removed Pin From Net: NetName=GND Pin=C178-1
Removed Pin From Net: NetName=VCC Pin=C178-2
Removed Pin From Net: NetName=VCC Pin=C180-2
Removed Pin From Net: NetName=GND Pin=P1-2
Removed Pin From Net: NetName=Din Pin=P1-3
Removed Pin From Net: NetName=Dout Pin=P1-4
Removed Pin From Net: NetName=VCC Pin=U61-1
Removed Pin From Net: NetName=VCC Pin=U62-1
Removed Pin From Net: NetName=VCC Pin=U63-1
Removed Pin From Net: NetName=VCC Pin=U64-1
Removed Pin From Net: NetName=VCC Pin=U65-1
Removed Pin From Net: NetName=VCC Pin=U66-1
Removed Pin From Net: NetName=VCC Pin=U67-1
Removed Pin From Net: NetName=VCC Pin=U68-1
Removed Pin From Net: NetName=VCC Pin=U69-1
Removed Pin From Net: NetName=VCC Pin=U70-1
Removed Pin From Net: NetName=VCC Pin=U71-1
Removed Pin From Net: NetName=VCC Pin=U72-1
Removed Pin From Net: NetName=VCC Pin=U73-1
Removed Pin From Net: NetName=VCC Pin=U74-1
Removed Pin From Net: NetName=VCC Pin=U75-1
Removed Pin From Net: NetName=VCC Pin=U76-1
Removed Pin From Net: NetName=VCC Pin=U77-1
Removed Pin From Net: NetName=VCC Pin=U78-1
Removed Pin From Net: NetName=VCC Pin=U79-1
Removed Pin From Net: NetName=VCC Pin=U80-1
Removed Pin From Net: NetName=VCC Pin=U81-1
Removed Pin From Net: NetName=VCC Pin=U82-1
Removed Pin From Net: NetName=VCC Pin=U83-1
Removed Pin From Net: NetName=VCC Pin=U84-1
Removed Pin From Net: NetName=VCC Pin=U85-1
Removed Pin From Net: NetName=VCC Pin=U86-1
Removed Pin From Net: NetName=VCC Pin=U87-1
Removed Pin From Net: NetName=VCC Pin=U88-1
Removed Pin From Net: NetName=VCC Pin=U89-1
Removed Pin From Net: NetName=VCC Pin=U90-1
Removed Pin From Net: NetName=VCC Pin=U91-1
Removed Pin From Net: NetName=VCC Pin=U92-1
Removed Pin From Net: NetName=VCC Pin=U93-1
Removed Pin From Net: NetName=VCC Pin=U94-1
Removed Pin From Net: NetName=VCC Pin=U95-1
Removed Pin From Net: NetName=VCC Pin=U96-1
Removed Pin From Net: NetName=VCC Pin=U97-1
Removed Pin From Net: NetName=VCC Pin=U98-1
Removed Pin From Net: NetName=VCC Pin=U99-1
Removed Pin From Net: NetName=VCC Pin=U100-1
Removed Pin From Net: NetName=VCC Pin=U101-1
Removed Pin From Net: NetName=VCC Pin=U102-1
Removed Pin From Net: NetName=VCC Pin=U103-1
Removed Pin From Net: NetName=VCC Pin=U104-1
Removed Pin From Net: NetName=VCC Pin=U105-1
Removed Pin From Net: NetName=VCC Pin=U106-1
Removed Pin From Net: NetName=VCC Pin=U107-1
Removed Pin From Net: NetName=VCC Pin=U108-1
Removed Pin From Net: NetName=VCC Pin=U109-1
Removed Pin From Net: NetName=VCC Pin=U110-1
Removed Pin From Net: NetName=VCC Pin=U111-1
Removed Pin From Net: NetName=VCC Pin=U112-1
Removed Pin From Net: NetName=VCC Pin=U113-1
Removed Pin From Net: NetName=VCC Pin=U114-1
Removed Pin From Net: NetName=VCC Pin=U115-1
Removed Pin From Net: NetName=VCC Pin=U116-1
Removed Pin From Net: NetName=VCC Pin=U117-1
Removed Pin From Net: NetName=VCC Pin=U118-1
Removed Pin From Net: NetName=VCC Pin=U119-1
Removed Pin From Net: NetName=VCC Pin=U120-1
Removed Pin From Net: NetName=VCC Pin=U121-1
Removed Pin From Net: NetName=VCC Pin=U122-1
Removed Pin From Net: NetName=VCC Pin=U123-1
Removed Pin From Net: NetName=VCC Pin=U124-1
Removed Pin From Net: NetName=VCC Pin=U125-1
Removed Pin From Net: NetName=VCC Pin=U126-1
Removed Pin From Net: NetName=VCC Pin=U127-1
Removed Pin From Net: NetName=VCC Pin=U128-1
Removed Pin From Net: NetName=VCC Pin=U129-1
Removed Pin From Net: NetName=VCC Pin=U130-1
Removed Pin From Net: NetName=VCC Pin=U131-1
Removed Pin From Net: NetName=VCC Pin=U132-1
Removed Pin From Net: NetName=VCC Pin=U133-1
Removed Pin From Net: NetName=VCC Pin=U134-1
Removed Pin From Net: NetName=VCC Pin=U135-1
Removed Pin From Net: NetName=VCC Pin=U136-1
Removed Pin From Net: NetName=VCC Pin=U137-1
Removed Pin From Net: NetName=VCC Pin=U138-1
Removed Pin From Net: NetName=VCC Pin=U139-1
Removed Pin From Net: NetName=VCC Pin=U140-1
Removed Pin From Net: NetName=VCC Pin=U141-1
Removed Pin From Net: NetName=VCC Pin=U142-1
Removed Pin From Net: NetName=VCC Pin=U143-1
Removed Pin From Net: NetName=VCC Pin=U144-1
Removed Pin From Net: NetName=VCC Pin=U145-1
Removed Pin From Net: NetName=VCC Pin=U146-1
Removed Pin From Net: NetName=VCC Pin=U147-1
Removed Pin From Net: NetName=VCC Pin=U148-1
Removed Pin From Net: NetName=VCC Pin=U149-1
Removed Pin From Net: NetName=VCC Pin=U150-1
Removed Pin From Net: NetName=VCC Pin=U151-1
Removed Pin From Net: NetName=VCC Pin=U152-1
Removed Pin From Net: NetName=VCC Pin=U153-1
Removed Pin From Net: NetName=VCC Pin=U154-1
Removed Pin From Net: NetName=VCC Pin=U155-1
Removed Pin From Net: NetName=VCC Pin=U156-1
Removed Pin From Net: NetName=VCC Pin=U157-1
Removed Pin From Net: NetName=VCC Pin=U158-1
Removed Pin From Net: NetName=VCC Pin=U159-1
Removed Pin From Net: NetName=VCC Pin=U160-1
Removed Pin From Net: NetName=VCC Pin=U161-1
Removed Pin From Net: NetName=VCC Pin=U162-1
Removed Pin From Net: NetName=VCC Pin=U163-1
Removed Pin From Net: NetName=VCC Pin=U164-1
Removed Pin From Net: NetName=VCC Pin=U165-1
Removed Pin From Net: NetName=VCC Pin=U166-1
Removed Pin From Net: NetName=VCC Pin=U167-1
Removed Pin From Net: NetName=VCC Pin=U168-1
Removed Pin From Net: NetName=VCC Pin=U169-1
Removed Pin From Net: NetName=VCC Pin=U170-1
Removed Pin From Net: NetName=VCC Pin=U171-1
Removed Pin From Net: NetName=VCC Pin=U172-1
Removed Pin From Net: NetName=VCC Pin=U173-1
Removed Pin From Net: NetName=VCC Pin=U174-1
Removed Pin From Net: NetName=VCC Pin=U175-1
Removed Pin From Net: NetName=VCC Pin=U176-1
Removed Pin From Net: NetName=VCC Pin=U177-1
Removed Pin From Net: NetName=VCC Pin=U178-1
Removed Pin From Net: NetName=VCC Pin=U180-1
Change Component DesignItemId : Designator=P1 Old DesignItemId=MHDR1X4 New DesignItemId=pico-clasp-7
Change Component Footprint: Designator=P1 Old Footprint=MHDR1X4 New Footprint=7 pins pico-clasp
Change Component Comment : Designator=P1 Old Comment=MHDR1X4 New Comment=pico-clasp-7pins
Change Component Description : Designator=P1 Old Description=Header, 4-Pin New Description=7 pins pico clasp
Change Component Library : Designator=P1 Old Library=Miscellaneous Connectors.IntLib New Library=Integrated_Library_connectors.IntLib
Change component parameters: Designator = "P1"; Footprint = "7 pins pico-clasp"; UniqueID = "\LLLTIJVS"
Change component parameters. Clean all parameters for all variants
Added Component: Designator=R12(RESC0805(2012)_N)
Add component. Clean all parameters for all variants
Add component (AddParameter): Name = "Case-EIA"; Value = "0805"; VariantName = "[No Variations]"
Add component (AddParameter): Name = "Case-Metric"; Value = "2012"; VariantName = "[No Variations]"
Add component (AddParameter): Name = "Power"; Value = "None"; VariantName = "[No Variations]"
Add component (AddParameter): Name = "Technology"; Value = "SMT"; VariantName = "[No Variations]"
Add component (AddParameter): Name = "Tolerance"; Value = "None"; VariantName = "[No Variations]"
Add component (AddParameter): Name = "Value"; Value = "0.00 Ohm"; VariantName = "[No Variations]"
Added Component: Designator=R13(RESC0805(2012)_N)
Add component. Clean all parameters for all variants
Add component (AddParameter): Name = "Case-EIA"; Value = "0805"; VariantName = "[No Variations]"
Add component (AddParameter): Name = "Case-Metric"; Value = "2012"; VariantName = "[No Variations]"
Add component (AddParameter): Name = "Power"; Value = "None"; VariantName = "[No Variations]"
Add component (AddParameter): Name = "Technology"; Value = "SMT"; VariantName = "[No Variations]"
Add component (AddParameter): Name = "Tolerance"; Value = "None"; VariantName = "[No Variations]"
Add component (AddParameter): Name = "Value"; Value = "0.00 Ohm"; VariantName = "[No Variations]"
Added Pin To Net: NetName=Din Pin=P1-4
Added Pin To Net: NetName=Dout Pin=P1-5
Added Pin To Net: NetName=GND Pin=P1-6
Added Pin To Net: NetName=VCC Pin=R12-2
Change Net Name : Old Net Name=VCC New Net Name=VCC_1
Added Pin To Net: NetName=VCC_2 Pin=C61-2
Added Pin To Net: NetName=VCC_2 Pin=C62-2
Added Pin To Net: NetName=VCC_2 Pin=C63-2
Added Pin To Net: NetName=VCC_2 Pin=C64-2
Added Pin To Net: NetName=VCC_2 Pin=C65-2
Added Pin To Net: NetName=VCC_2 Pin=C66-2
Added Pin To Net: NetName=VCC_2 Pin=C67-2
Added Pin To Net: NetName=VCC_2 Pin=C68-2
Added Pin To Net: NetName=VCC_2 Pin=C69-2
Added Pin To Net: NetName=VCC_2 Pin=C70-2
Added Pin To Net: NetName=VCC_2 Pin=C71-2
Added Pin To Net: NetName=VCC_2 Pin=C72-2
Added Pin To Net: NetName=VCC_2 Pin=C73-2
Added Pin To Net: NetName=VCC_2 Pin=C74-2
Added Pin To Net: NetName=VCC_2 Pin=C75-2
Added Pin To Net: NetName=VCC_2 Pin=C76-2
Added Pin To Net: NetName=VCC_2 Pin=C77-2
Added Pin To Net: NetName=VCC_2 Pin=C78-2
Added Pin To Net: NetName=VCC_2 Pin=C79-2
Added Pin To Net: NetName=VCC_2 Pin=C80-2
Added Pin To Net: NetName=VCC_2 Pin=C81-2
Added Pin To Net: NetName=VCC_2 Pin=C82-2
Added Pin To Net: NetName=VCC_2 Pin=C83-2
Added Pin To Net: NetName=VCC_2 Pin=C84-2
Added Pin To Net: NetName=VCC_2 Pin=C85-2
Added Pin To Net: NetName=VCC_2 Pin=C86-2
Added Pin To Net: NetName=VCC_2 Pin=C87-2
Added Pin To Net: NetName=VCC_2 Pin=C88-2
Added Pin To Net: NetName=VCC_2 Pin=C89-2
Added Pin To Net: NetName=VCC_2 Pin=C90-2
Added Pin To Net: NetName=VCC_2 Pin=C91-2
Added Pin To Net: NetName=VCC_2 Pin=C92-2
Added Pin To Net: NetName=VCC_2 Pin=C93-2
Added Pin To Net: NetName=VCC_2 Pin=C94-2
Added Pin To Net: NetName=VCC_2 Pin=C95-2
Added Pin To Net: NetName=VCC_2 Pin=C96-2
Added Pin To Net: NetName=VCC_2 Pin=C97-2
Added Pin To Net: NetName=VCC_2 Pin=C98-2
Added Pin To Net: NetName=VCC_2 Pin=C99-2
Added Pin To Net: NetName=VCC_2 Pin=C100-2
Added Pin To Net: NetName=VCC_2 Pin=C101-2
Added Pin To Net: NetName=VCC_2 Pin=C102-2
Added Pin To Net: NetName=VCC_2 Pin=C103-2
Added Pin To Net: NetName=VCC_2 Pin=C104-2
Added Pin To Net: NetName=VCC_2 Pin=C105-2
Added Pin To Net: NetName=VCC_2 Pin=C106-2
Added Pin To Net: NetName=VCC_2 Pin=C107-2
Added Pin To Net: NetName=VCC_2 Pin=C108-2
Added Pin To Net: NetName=VCC_2 Pin=C109-2
Added Pin To Net: NetName=VCC_2 Pin=C110-2
Added Pin To Net: NetName=VCC_2 Pin=C111-2
Added Pin To Net: NetName=VCC_2 Pin=C112-2
Added Pin To Net: NetName=VCC_2 Pin=C113-2
Added Pin To Net: NetName=VCC_2 Pin=C114-2
Added Pin To Net: NetName=VCC_2 Pin=C115-2
Added Pin To Net: NetName=VCC_2 Pin=C116-2
Added Pin To Net: NetName=VCC_2 Pin=C117-2
Added Pin To Net: NetName=VCC_2 Pin=C118-2
Added Pin To Net: NetName=VCC_2 Pin=C119-2
Added Pin To Net: NetName=VCC_2 Pin=C120-2
Added Pin To Net: NetName=VCC_2 Pin=P1-2
Added Pin To Net: NetName=VCC_2 Pin=R12-1
Added Pin To Net: NetName=VCC_2 Pin=R13-2
Added Pin To Net: NetName=VCC_2 Pin=U61-1
Added Pin To Net: NetName=VCC_2 Pin=U62-1
Added Pin To Net: NetName=VCC_2 Pin=U63-1
Added Pin To Net: NetName=VCC_2 Pin=U64-1
Added Pin To Net: NetName=VCC_2 Pin=U65-1
Added Pin To Net: NetName=VCC_2 Pin=U66-1
Added Pin To Net: NetName=VCC_2 Pin=U67-1
Added Pin To Net: NetName=VCC_2 Pin=U68-1
Added Pin To Net: NetName=VCC_2 Pin=U69-1
Added Pin To Net: NetName=VCC_2 Pin=U70-1
Added Pin To Net: NetName=VCC_2 Pin=U71-1
Added Pin To Net: NetName=VCC_2 Pin=U72-1
Added Pin To Net: NetName=VCC_2 Pin=U73-1
Added Pin To Net: NetName=VCC_2 Pin=U74-1
Added Pin To Net: NetName=VCC_2 Pin=U75-1
Added Pin To Net: NetName=VCC_2 Pin=U76-1
Added Pin To Net: NetName=VCC_2 Pin=U77-1
Added Pin To Net: NetName=VCC_2 Pin=U78-1
Added Pin To Net: NetName=VCC_2 Pin=U79-1
Added Pin To Net: NetName=VCC_2 Pin=U80-1
Added Pin To Net: NetName=VCC_2 Pin=U81-1
Added Pin To Net: NetName=VCC_2 Pin=U82-1
Added Pin To Net: NetName=VCC_2 Pin=U83-1
Added Pin To Net: NetName=VCC_2 Pin=U84-1
Added Pin To Net: NetName=VCC_2 Pin=U85-1
Added Pin To Net: NetName=VCC_2 Pin=U86-1
Added Pin To Net: NetName=VCC_2 Pin=U87-1
Added Pin To Net: NetName=VCC_2 Pin=U88-1
Added Pin To Net: NetName=VCC_2 Pin=U89-1
Added Pin To Net: NetName=VCC_2 Pin=U90-1
Added Pin To Net: NetName=VCC_2 Pin=U91-1
Added Pin To Net: NetName=VCC_2 Pin=U92-1
Added Pin To Net: NetName=VCC_2 Pin=U93-1
Added Pin To Net: NetName=VCC_2 Pin=U94-1
Added Pin To Net: NetName=VCC_2 Pin=U95-1
Added Pin To Net: NetName=VCC_2 Pin=U96-1
Added Pin To Net: NetName=VCC_2 Pin=U97-1
Added Pin To Net: NetName=VCC_2 Pin=U98-1
Added Pin To Net: NetName=VCC_2 Pin=U99-1
Added Pin To Net: NetName=VCC_2 Pin=U100-1
Added Pin To Net: NetName=VCC_2 Pin=U101-1
Added Pin To Net: NetName=VCC_2 Pin=U102-1
Added Pin To Net: NetName=VCC_2 Pin=U103-1
Added Pin To Net: NetName=VCC_2 Pin=U104-1
Added Pin To Net: NetName=VCC_2 Pin=U105-1
Added Pin To Net: NetName=VCC_2 Pin=U106-1
Added Pin To Net: NetName=VCC_2 Pin=U107-1
Added Pin To Net: NetName=VCC_2 Pin=U108-1
Added Pin To Net: NetName=VCC_2 Pin=U109-1
Added Pin To Net: NetName=VCC_2 Pin=U110-1
Added Pin To Net: NetName=VCC_2 Pin=U111-1
Added Pin To Net: NetName=VCC_2 Pin=U112-1
Added Pin To Net: NetName=VCC_2 Pin=U113-1
Added Pin To Net: NetName=VCC_2 Pin=U114-1
Added Pin To Net: NetName=VCC_2 Pin=U115-1
Added Pin To Net: NetName=VCC_2 Pin=U116-1
Added Pin To Net: NetName=VCC_2 Pin=U117-1
Added Pin To Net: NetName=VCC_2 Pin=U118-1
Added Pin To Net: NetName=VCC_2 Pin=U119-1
Added Pin To Net: NetName=VCC_2 Pin=U120-1
Added Net: Name=VCC_2
Added Pin To Net: NetName=VCC_3 Pin=C121-2
Added Pin To Net: NetName=VCC_3 Pin=C122-2
Added Pin To Net: NetName=VCC_3 Pin=C123-2
Added Pin To Net: NetName=VCC_3 Pin=C124-2
Added Pin To Net: NetName=VCC_3 Pin=C125-2
Added Pin To Net: NetName=VCC_3 Pin=C126-2
Added Pin To Net: NetName=VCC_3 Pin=C127-2
Added Pin To Net: NetName=VCC_3 Pin=C128-2
Added Pin To Net: NetName=VCC_3 Pin=C129-2
Added Pin To Net: NetName=VCC_3 Pin=C130-2
Added Pin To Net: NetName=VCC_3 Pin=C131-2
Added Pin To Net: NetName=VCC_3 Pin=C132-2
Added Pin To Net: NetName=VCC_3 Pin=C133-2
Added Pin To Net: NetName=VCC_3 Pin=C134-2
Added Pin To Net: NetName=VCC_3 Pin=C135-2
Added Pin To Net: NetName=VCC_3 Pin=C136-2
Added Pin To Net: NetName=VCC_3 Pin=C137-2
Added Pin To Net: NetName=VCC_3 Pin=C138-2
Added Pin To Net: NetName=VCC_3 Pin=C139-2
Added Pin To Net: NetName=VCC_3 Pin=C140-2
Added Pin To Net: NetName=VCC_3 Pin=C141-2
Added Pin To Net: NetName=VCC_3 Pin=C142-2
Added Pin To Net: NetName=VCC_3 Pin=C143-2
Added Pin To Net: NetName=VCC_3 Pin=C144-2
Added Pin To Net: NetName=VCC_3 Pin=C145-2
Added Pin To Net: NetName=VCC_3 Pin=C146-2
Added Pin To Net: NetName=VCC_3 Pin=C147-2
Added Pin To Net: NetName=VCC_3 Pin=C148-2
Added Pin To Net: NetName=VCC_3 Pin=C149-2
Added Pin To Net: NetName=VCC_3 Pin=C150-2
Added Pin To Net: NetName=VCC_3 Pin=C151-2
Added Pin To Net: NetName=VCC_3 Pin=C152-2
Added Pin To Net: NetName=VCC_3 Pin=C153-2
Added Pin To Net: NetName=VCC_3 Pin=C154-2
Added Pin To Net: NetName=VCC_3 Pin=C155-2
Added Pin To Net: NetName=VCC_3 Pin=C156-2
Added Pin To Net: NetName=VCC_3 Pin=C157-2
Added Pin To Net: NetName=VCC_3 Pin=C158-2
Added Pin To Net: NetName=VCC_3 Pin=C159-2
Added Pin To Net: NetName=VCC_3 Pin=C160-2
Added Pin To Net: NetName=VCC_3 Pin=C161-2
Added Pin To Net: NetName=VCC_3 Pin=C162-2
Added Pin To Net: NetName=VCC_3 Pin=C163-2
Added Pin To Net: NetName=VCC_3 Pin=C164-2
Added Pin To Net: NetName=VCC_3 Pin=C165-2
Added Pin To Net: NetName=VCC_3 Pin=C166-2
Added Pin To Net: NetName=VCC_3 Pin=C167-2
Added Pin To Net: NetName=VCC_3 Pin=C168-2
Added Pin To Net: NetName=VCC_3 Pin=C169-2
Added Pin To Net: NetName=VCC_3 Pin=C170-2
Added Pin To Net: NetName=VCC_3 Pin=C171-2
Added Pin To Net: NetName=VCC_3 Pin=C172-2
Added Pin To Net: NetName=VCC_3 Pin=C173-2
Added Pin To Net: NetName=VCC_3 Pin=C174-2
Added Pin To Net: NetName=VCC_3 Pin=C175-2
Added Pin To Net: NetName=VCC_3 Pin=C176-2
Added Pin To Net: NetName=VCC_3 Pin=C177-2
Added Pin To Net: NetName=VCC_3 Pin=C178-1
Added Pin To Net: NetName=VCC_3 Pin=C178-2
Added Pin To Net: NetName=VCC_3 Pin=C180-2
Added Pin To Net: NetName=VCC_3 Pin=P1-3
Added Pin To Net: NetName=VCC_3 Pin=R13-1
Added Pin To Net: NetName=VCC_3 Pin=U121-1
Added Pin To Net: NetName=VCC_3 Pin=U122-1
Added Pin To Net: NetName=VCC_3 Pin=U123-1
Added Pin To Net: NetName=VCC_3 Pin=U124-1
Added Pin To Net: NetName=VCC_3 Pin=U125-1
Added Pin To Net: NetName=VCC_3 Pin=U126-1
Added Pin To Net: NetName=VCC_3 Pin=U127-1
Added Pin To Net: NetName=VCC_3 Pin=U128-1
Added Pin To Net: NetName=VCC_3 Pin=U129-1
Added Pin To Net: NetName=VCC_3 Pin=U130-1
Added Pin To Net: NetName=VCC_3 Pin=U131-1
Added Pin To Net: NetName=VCC_3 Pin=U132-1
Added Pin To Net: NetName=VCC_3 Pin=U133-1
Added Pin To Net: NetName=VCC_3 Pin=U134-1
Added Pin To Net: NetName=VCC_3 Pin=U135-1
Added Pin To Net: NetName=VCC_3 Pin=U136-1
Added Pin To Net: NetName=VCC_3 Pin=U137-1
Added Pin To Net: NetName=VCC_3 Pin=U138-1
Added Pin To Net: NetName=VCC_3 Pin=U139-1
Added Pin To Net: NetName=VCC_3 Pin=U140-1
Added Pin To Net: NetName=VCC_3 Pin=U141-1
Added Pin To Net: NetName=VCC_3 Pin=U142-1
Added Pin To Net: NetName=VCC_3 Pin=U143-1
Added Pin To Net: NetName=VCC_3 Pin=U144-1
Added Pin To Net: NetName=VCC_3 Pin=U145-1
Added Pin To Net: NetName=VCC_3 Pin=U146-1
Added Pin To Net: NetName=VCC_3 Pin=U147-1
Added Pin To Net: NetName=VCC_3 Pin=U148-1
Added Pin To Net: NetName=VCC_3 Pin=U149-1
Added Pin To Net: NetName=VCC_3 Pin=U150-1
Added Pin To Net: NetName=VCC_3 Pin=U151-1
Added Pin To Net: NetName=VCC_3 Pin=U152-1
Added Pin To Net: NetName=VCC_3 Pin=U153-1
Added Pin To Net: NetName=VCC_3 Pin=U154-1
Added Pin To Net: NetName=VCC_3 Pin=U155-1
Added Pin To Net: NetName=VCC_3 Pin=U156-1
Added Pin To Net: NetName=VCC_3 Pin=U157-1
Added Pin To Net: NetName=VCC_3 Pin=U158-1
Added Pin To Net: NetName=VCC_3 Pin=U159-1
Added Pin To Net: NetName=VCC_3 Pin=U160-1
Added Pin To Net: NetName=VCC_3 Pin=U161-1
Added Pin To Net: NetName=VCC_3 Pin=U162-1
Added Pin To Net: NetName=VCC_3 Pin=U163-1
Added Pin To Net: NetName=VCC_3 Pin=U164-1
Added Pin To Net: NetName=VCC_3 Pin=U165-1
Added Pin To Net: NetName=VCC_3 Pin=U166-1
Added Pin To Net: NetName=VCC_3 Pin=U167-1
Added Pin To Net: NetName=VCC_3 Pin=U168-1
Added Pin To Net: NetName=VCC_3 Pin=U169-1
Added Pin To Net: NetName=VCC_3 Pin=U170-1
Added Pin To Net: NetName=VCC_3 Pin=U171-1
Added Pin To Net: NetName=VCC_3 Pin=U172-1
Added Pin To Net: NetName=VCC_3 Pin=U173-1
Added Pin To Net: NetName=VCC_3 Pin=U174-1
Added Pin To Net: NetName=VCC_3 Pin=U175-1
Added Pin To Net: NetName=VCC_3 Pin=U176-1
Added Pin To Net: NetName=VCC_3 Pin=U177-1
Added Pin To Net: NetName=VCC_3 Pin=U178-1
Added Pin To Net: NetName=VCC_3 Pin=U180-1
Added Net: Name=VCC_3
Added Member To Class: ClassName=ring Member=Component R12 Jumper 0805(2012)
Added Member To Class: ClassName=ring Member=Component R13 Jumper 0805(2012)
