Added Component: Designator=D1(ACD8143)
Add component. Clean all parameters for all variants
Added Component: Designator=D2(ACD8143)
Add component. Clean all parameters for all variants
Added Component: Designator=D3(ACD8143)
Add component. Clean all parameters for all variants
Added Component: Designator=D4(ACD8143)
Add component. Clean all parameters for all variants
Added Component: Designator=G1(SOIC127P600X175-14N)
Add component. Clean all parameters for all variants
Added Component: Designator=G2(SOIC127P600X175-14N)
Add component. Clean all parameters for all variants
Added Component: Designator=G3(SOIC127P600X175-14N)
Add component. Clean all parameters for all variants
Added Component: Designator=G4(SOIC127P600X175-14N)
Add component. Clean all parameters for all variants
Added Component: Designator=G5(SOIC127P600X175-14N)
Add component. Clean all parameters for all variants
Added Component: Designator=G6(SOIC127P600X175-14N)
Add component. Clean all parameters for all variants
Added Component: Designator=R1(RESC0805(2012)_M)
Add component. Clean all parameters for all variants
Add component (AddParameter): Name = "Case-EIA"; Value = "0805"; VariantName = "[No Variations]"
Add component (AddParameter): Name = "Case-Metric"; Value = "2012"; VariantName = "[No Variations]"
Add component (AddParameter): Name = "Power"; Value = "0.125 W"; VariantName = "[No Variations]"
Add component (AddParameter): Name = "Technology"; Value = "SMT"; VariantName = "[No Variations]"
Add component (AddParameter): Name = "Tolerance"; Value = "1 %"; VariantName = "[No Variations]"
Add component (AddParameter): Name = "Value"; Value = "8450000.00 Ohm"; VariantName = "[No Variations]"
Added Component: Designator=U(SOIC127P1030X235-24N)
Add component. Clean all parameters for all variants
Added Pin To Net: NetName=5V Pin=R1-1
Added Net: Name=5V
Added Net: Name=a
Added Net: Name=B0
Added Net: Name=B1
Added Net: Name=B2
Added Net: Name=B3
Added Net: Name=B4
Added Net: Name=B5
Added Net: Name=B6
Added Net: Name=B7
Added Net: Name=Blue
Added Net: Name=b
Added Net: Name=c
Added Net: Name=D0
Added Net: Name=D1
Added Net: Name=D2
Added Net: Name=D3
Added Net: Name=D4
Added Net: Name=D5
Added Net: Name=D6
Added Net: Name=D7
Added Net: Name=dp
Added Net: Name=d
Added Net: Name=e
Added Net: Name=f
Added Net: Name=G0
Added Net: Name=G1
Added Net: Name=G2
Added Net: Name=G3
Added Net: Name=G4
Added Net: Name=G5
Added Net: Name=G6
Added Net: Name=G7
Added Net: Name=GND
Added Net: Name=Green
Added Net: Name=g
Added Pin To Net: NetName=ISET Pin=R1-2
Added Net: Name=ISET
Added Net: Name=NetU_CLK
Added Net: Name=NetU_DIN
Added Net: Name=NetU_LOAD(~CS)
Added Net: Name=R0
Added Net: Name=R1
Added Net: Name=R2
Added Net: Name=R3
Added Net: Name=R4
Added Net: Name=R5
Added Net: Name=R6
Added Net: Name=R7
Added Net: Name=Red
Added Class: Name=8 digits 8 segments
Added Room: Name=8 digits 8 segments
