Added Component: Designator=D1(ACD8143)
Add component. Clean all parameters for all variants
Added Component: Designator=D2(ACD8143)
Add component. Clean all parameters for all variants
Added Component: Designator=D3(ACD8143)
Add component. Clean all parameters for all variants
Added Component: Designator=D4(ACD8143)
Add component. Clean all parameters for all variants
Added Component: Designator=G1(SOIC127P600X175-14N)
Add component. Clean all parameters for all variants
Added Component: Designator=G2(SOIC127P600X175-14N)
Add component. Clean all parameters for all variants
Added Component: Designator=G3(SOIC127P600X175-14N)
Add component. Clean all parameters for all variants
Added Component: Designator=G4(SOIC127P600X175-14N)
Add component. Clean all parameters for all variants
Added Component: Designator=G5(SOIC127P600X175-14N)
Add component. Clean all parameters for all variants
Added Component: Designator=G6(SOIC127P600X175-14N)
Add component. Clean all parameters for all variants
Added Component: Designator=R1(RESC0805(2012)_M)
Add component. Clean all parameters for all variants
Add component (AddParameter): Name = "Case-EIA"; Value = "0805"; VariantName = "[No Variations]"
Add component (AddParameter): Name = "Case-Metric"; Value = "2012"; VariantName = "[No Variations]"
Add component (AddParameter): Name = "Power"; Value = "0.125 W"; VariantName = "[No Variations]"
Add component (AddParameter): Name = "Technology"; Value = "SMT"; VariantName = "[No Variations]"
Add component (AddParameter): Name = "Tolerance"; Value = "1 %"; VariantName = "[No Variations]"
Add component (AddParameter): Name = "Value"; Value = "8450000.00 Ohm"; VariantName = "[No Variations]"
Added Component: Designator=U(SOIC127P1030X235-24N)
Add component. Clean all parameters for all variants
Added Pin To Net: NetName=5V Pin=G1-14
Added Pin To Net: NetName=5V Pin=G2-14
Added Pin To Net: NetName=5V Pin=G3-14
Added Pin To Net: NetName=5V Pin=G4-14
Added Pin To Net: NetName=5V Pin=G5-14
Added Pin To Net: NetName=5V Pin=G6-14
Added Pin To Net: NetName=5V Pin=R1-1
Added Pin To Net: NetName=5V Pin=U-19
Added Net: Name=5V
Added Pin To Net: NetName=a Pin=D1-13
Added Pin To Net: NetName=a Pin=D2-13
Added Pin To Net: NetName=a Pin=D3-13
Added Pin To Net: NetName=a Pin=D4-13
Added Pin To Net: NetName=a Pin=U-14
Added Net: Name=a
Added Pin To Net: NetName=B0 Pin=D1-10
Added Pin To Net: NetName=B0 Pin=G1-10
Added Net: Name=B0
Added Pin To Net: NetName=B1 Pin=D1-8
Added Pin To Net: NetName=B1 Pin=G2-10
Added Net: Name=B1
Added Pin To Net: NetName=B2 Pin=D2-10
Added Pin To Net: NetName=B2 Pin=G3-10
Added Net: Name=B2
Added Pin To Net: NetName=B3 Pin=D2-8
Added Pin To Net: NetName=B3 Pin=G4-10
Added Net: Name=B3
Added Pin To Net: NetName=B4 Pin=D3-10
Added Pin To Net: NetName=B4 Pin=G5-10
Added Net: Name=B4
Added Pin To Net: NetName=B5 Pin=D3-8
Added Pin To Net: NetName=B5 Pin=G6-10
Added Net: Name=B5
Added Pin To Net: NetName=B6 Pin=D4-10
Added Pin To Net: NetName=B6 Pin=G3-11
Added Net: Name=B6
Added Pin To Net: NetName=B7 Pin=D4-8
Added Pin To Net: NetName=B7 Pin=G6-11
Added Net: Name=B7
Added Pin To Net: NetName=Blue Pin=G1-9
Added Pin To Net: NetName=Blue Pin=G2-9
Added Pin To Net: NetName=Blue Pin=G3-9
Added Pin To Net: NetName=Blue Pin=G3-12
Added Pin To Net: NetName=Blue Pin=G4-9
Added Pin To Net: NetName=Blue Pin=G5-9
Added Pin To Net: NetName=Blue Pin=G6-9
Added Pin To Net: NetName=Blue Pin=G6-12
Added Net: Name=Blue
Added Pin To Net: NetName=b Pin=D1-12
Added Pin To Net: NetName=b Pin=D2-12
Added Pin To Net: NetName=b Pin=D3-12
Added Pin To Net: NetName=b Pin=D4-12
Added Pin To Net: NetName=b Pin=U-16
Added Net: Name=b
Added Pin To Net: NetName=c Pin=D1-9
Added Pin To Net: NetName=c Pin=D2-9
Added Pin To Net: NetName=c Pin=D3-9
Added Pin To Net: NetName=c Pin=D4-9
Added Pin To Net: NetName=c Pin=U-20
Added Net: Name=c
Added Pin To Net: NetName=D0 Pin=G1-1
Added Pin To Net: NetName=D0 Pin=G1-5
Added Pin To Net: NetName=D0 Pin=G1-8
Added Pin To Net: NetName=D0 Pin=U-2
Added Net: Name=D0
Added Pin To Net: NetName=D1 Pin=G2-1
Added Pin To Net: NetName=D1 Pin=G2-5
Added Pin To Net: NetName=D1 Pin=G2-8
Added Pin To Net: NetName=D1 Pin=U-11
Added Net: Name=D1
Added Pin To Net: NetName=D2 Pin=G3-1
Added Pin To Net: NetName=D2 Pin=G3-5
Added Pin To Net: NetName=D2 Pin=G3-8
Added Pin To Net: NetName=D2 Pin=U-6
Added Net: Name=D2
Added Pin To Net: NetName=D3 Pin=G4-1
Added Pin To Net: NetName=D3 Pin=G4-5
Added Pin To Net: NetName=D3 Pin=G4-8
Added Pin To Net: NetName=D3 Pin=U-7
Added Net: Name=D3
Added Pin To Net: NetName=D4 Pin=G5-1
Added Pin To Net: NetName=D4 Pin=G5-5
Added Pin To Net: NetName=D4 Pin=G5-8
Added Pin To Net: NetName=D4 Pin=U-3
Added Net: Name=D4
Added Pin To Net: NetName=D5 Pin=G6-1
Added Pin To Net: NetName=D5 Pin=G6-5
Added Pin To Net: NetName=D5 Pin=G6-8
Added Pin To Net: NetName=D5 Pin=U-10
Added Net: Name=D5
Added Pin To Net: NetName=D6 Pin=G1-13
Added Pin To Net: NetName=D6 Pin=G2-13
Added Pin To Net: NetName=D6 Pin=G3-13
Added Pin To Net: NetName=D6 Pin=U-5
Added Net: Name=D6
Added Pin To Net: NetName=D7 Pin=G4-13
Added Pin To Net: NetName=D7 Pin=G5-13
Added Pin To Net: NetName=D7 Pin=G6-13
Added Pin To Net: NetName=D7 Pin=U-8
Added Net: Name=D7
Added Pin To Net: NetName=dp Pin=D1-3
Added Pin To Net: NetName=dp Pin=D2-3
Added Pin To Net: NetName=dp Pin=D3-3
Added Pin To Net: NetName=dp Pin=D4-3
Added Pin To Net: NetName=dp Pin=U-22
Added Net: Name=dp
Added Pin To Net: NetName=d Pin=D1-2
Added Pin To Net: NetName=d Pin=D2-2
Added Pin To Net: NetName=d Pin=D3-2
Added Pin To Net: NetName=d Pin=D4-2
Added Pin To Net: NetName=d Pin=U-23
Added Net: Name=d
Added Pin To Net: NetName=e Pin=D1-1
Added Pin To Net: NetName=e Pin=D2-1
Added Pin To Net: NetName=e Pin=D3-1
Added Pin To Net: NetName=e Pin=D4-1
Added Pin To Net: NetName=e Pin=U-21
Added Net: Name=e
Added Pin To Net: NetName=f Pin=D1-5
Added Pin To Net: NetName=f Pin=D2-5
Added Pin To Net: NetName=f Pin=D3-5
Added Pin To Net: NetName=f Pin=D4-5
Added Pin To Net: NetName=f Pin=U-15
Added Net: Name=f
Added Pin To Net: NetName=G0 Pin=D1-11
Added Pin To Net: NetName=G0 Pin=G1-4
Added Net: Name=G0
Added Pin To Net: NetName=G1 Pin=D1-7
Added Pin To Net: NetName=G1 Pin=G2-4
Added Net: Name=G1
Added Pin To Net: NetName=G2 Pin=D2-11
Added Pin To Net: NetName=G2 Pin=G3-4
Added Net: Name=G2
Added Pin To Net: NetName=G3 Pin=D2-7
Added Pin To Net: NetName=G3 Pin=G4-4
Added Net: Name=G3
Added Pin To Net: NetName=G4 Pin=D3-11
Added Pin To Net: NetName=G4 Pin=G5-4
Added Net: Name=G4
Added Pin To Net: NetName=G5 Pin=D3-7
Added Pin To Net: NetName=G5 Pin=G6-4
Added Net: Name=G5
Added Pin To Net: NetName=G6 Pin=D4-11
Added Pin To Net: NetName=G6 Pin=G2-11
Added Net: Name=G6
Added Pin To Net: NetName=G7 Pin=D4-7
Added Pin To Net: NetName=G7 Pin=G5-11
Added Net: Name=G7
Added Pin To Net: NetName=GND Pin=G1-7
Added Pin To Net: NetName=GND Pin=G2-7
Added Pin To Net: NetName=GND Pin=G3-7
Added Pin To Net: NetName=GND Pin=G4-7
Added Pin To Net: NetName=GND Pin=G5-7
Added Pin To Net: NetName=GND Pin=G6-7
Added Pin To Net: NetName=GND Pin=U-4
Added Pin To Net: NetName=GND Pin=U-9
Added Net: Name=GND
Added Pin To Net: NetName=Green Pin=G1-6
Added Pin To Net: NetName=Green Pin=G2-6
Added Pin To Net: NetName=Green Pin=G2-12
Added Pin To Net: NetName=Green Pin=G3-6
Added Pin To Net: NetName=Green Pin=G4-6
Added Pin To Net: NetName=Green Pin=G5-6
Added Pin To Net: NetName=Green Pin=G5-12
Added Pin To Net: NetName=Green Pin=G6-6
Added Net: Name=Green
Added Pin To Net: NetName=g Pin=D1-6
Added Pin To Net: NetName=g Pin=D2-6
Added Pin To Net: NetName=g Pin=D3-6
Added Pin To Net: NetName=g Pin=D4-6
Added Pin To Net: NetName=g Pin=U-17
Added Net: Name=g
Added Pin To Net: NetName=ISET Pin=R1-2
Added Pin To Net: NetName=ISET Pin=U-18
Added Net: Name=ISET
Added Pin To Net: NetName=NetU_1 Pin=U-1
Added Net: Name=NetU_1
Added Pin To Net: NetName=NetU_12 Pin=U-12
Added Net: Name=NetU_12
Added Pin To Net: NetName=NetU_13 Pin=U-13
Added Net: Name=NetU_13
Added Pin To Net: NetName=R0 Pin=D1-14
Added Pin To Net: NetName=R0 Pin=G1-3
Added Net: Name=R0
Added Pin To Net: NetName=R1 Pin=D1-4
Added Pin To Net: NetName=R1 Pin=G2-3
Added Net: Name=R1
Added Pin To Net: NetName=R2 Pin=D2-14
Added Pin To Net: NetName=R2 Pin=G3-3
Added Net: Name=R2
Added Pin To Net: NetName=R3 Pin=D2-4
Added Pin To Net: NetName=R3 Pin=G4-3
Added Net: Name=R3
Added Pin To Net: NetName=R4 Pin=D3-14
Added Pin To Net: NetName=R4 Pin=G5-3
Added Net: Name=R4
Added Pin To Net: NetName=R5 Pin=D3-4
Added Pin To Net: NetName=R5 Pin=G6-3
Added Net: Name=R5
Added Pin To Net: NetName=R6 Pin=D4-14
Added Pin To Net: NetName=R6 Pin=G1-11
Added Net: Name=R6
Added Pin To Net: NetName=R7 Pin=D4-4
Added Pin To Net: NetName=R7 Pin=G4-11
Added Net: Name=R7
Added Pin To Net: NetName=Red Pin=G1-2
Added Pin To Net: NetName=Red Pin=G1-12
Added Pin To Net: NetName=Red Pin=G2-2
Added Pin To Net: NetName=Red Pin=G3-2
Added Pin To Net: NetName=Red Pin=G4-2
Added Pin To Net: NetName=Red Pin=G4-12
Added Pin To Net: NetName=Red Pin=G5-2
Added Pin To Net: NetName=Red Pin=G6-2
Added Net: Name=Red
Added Class: Name=8 digits 8 segments
Added Room: Name=8 digits 8 segments
