\BOOKMARK [0][-]{chapter.1}{\376\377\0001\000\040\000M\000o\000d\000u\000l\000e\000\040\000I\000n\000d\000e\000x}{}% 1
\BOOKMARK [1][-]{section.1.1}{\376\377\0001\000.\0001\000\040\000M\000o\000d\000u\000l\000e\000s}{chapter.1}% 2
\BOOKMARK [0][-]{chapter.2}{\376\377\0002\000\040\000F\000i\000l\000e\000\040\000I\000n\000d\000e\000x}{}% 3
\BOOKMARK [1][-]{section.2.1}{\376\377\0002\000.\0001\000\040\000F\000i\000l\000e\000\040\000L\000i\000s\000t}{chapter.2}% 4
\BOOKMARK [0][-]{chapter.3}{\376\377\0003\000\040\000M\000o\000d\000u\000l\000e\000\040\000D\000o\000c\000u\000m\000e\000n\000t\000a\000t\000i\000o\000n}{}% 5
\BOOKMARK [1][-]{section.3.1}{\376\377\0003\000.\0001\000\040\000C\000l\000o\000c\000k\000\137\000m\000a\000n\000a\000g\000e\000m\000e\000n\000t\000\137\000a\000d\000d\000r\000e\000s\000s}{chapter.3}% 6
\BOOKMARK [2][-]{subsection.3.1.1}{\376\377\0003\000.\0001\000.\0001\000\040\000D\000e\000t\000a\000i\000l\000e\000d\000\040\000D\000e\000s\000c\000r\000i\000p\000t\000i\000o\000n}{section.3.1}% 7
\BOOKMARK [2][-]{subsection.3.1.2}{\376\377\0003\000.\0001\000.\0002\000\040\000M\000a\000c\000r\000o\000\040\000D\000e\000f\000i\000n\000i\000t\000i\000o\000n\000\040\000D\000o\000c\000u\000m\000e\000n\000t\000a\000t\000i\000o\000n}{section.3.1}% 8
\BOOKMARK [3][-]{subsubsection.3.1.2.1}{\376\377\0003\000.\0001\000.\0002\000.\0001\000\040\000A\000L\000A\000R\000M\000B\000A\000S\000E\000A\000D\000D\000R\000E\000S\000S}{subsection.3.1.2}% 9
\BOOKMARK [3][-]{subsubsection.3.1.2.2}{\376\377\0003\000.\0001\000.\0002\000.\0002\000\040\000D\000A\000T\000E\000B\000A\000S\000E\000A\000D\000D\000R\000E\000S\000S}{subsection.3.1.2}% 10
\BOOKMARK [3][-]{subsubsection.3.1.2.3}{\376\377\0003\000.\0001\000.\0002\000.\0003\000\040\000T\000I\000M\000E\000B\000A\000S\000E\000A\000D\000D\000R\000E\000S\000S}{subsection.3.1.2}% 11
\BOOKMARK [1][-]{section.3.2}{\376\377\0003\000.\0002\000\040\000C\000l\000o\000c\000k\000\137\000m\000a\000n\000a\000g\000e\000m\000e\000n\000t\000\137\000a\000l\000a\000r\000m\000\137\000o\000f\000f\000s\000e\000t}{chapter.3}% 12
\BOOKMARK [2][-]{subsection.3.2.1}{\376\377\0003\000.\0002\000.\0001\000\040\000D\000e\000t\000a\000i\000l\000e\000d\000\040\000D\000e\000s\000c\000r\000i\000p\000t\000i\000o\000n}{section.3.2}% 13
\BOOKMARK [2][-]{subsection.3.2.2}{\376\377\0003\000.\0002\000.\0002\000\040\000M\000a\000c\000r\000o\000\040\000D\000e\000f\000i\000n\000i\000t\000i\000o\000n\000\040\000D\000o\000c\000u\000m\000e\000n\000t\000a\000t\000i\000o\000n}{section.3.2}% 14
\BOOKMARK [3][-]{subsubsection.3.2.2.1}{\376\377\0003\000.\0002\000.\0002\000.\0001\000\040\000O\000F\000F\000S\000E\000T\000D\000A\000T\000E\000W\000E\000E\000K\000D\000A\000Y}{subsection.3.2.2}% 15
\BOOKMARK [3][-]{subsubsection.3.2.2.2}{\376\377\0003\000.\0002\000.\0002\000.\0002\000\040\000O\000F\000F\000S\000E\000T\000D\000A\000T\000E\000W\000E\000E\000K\000D\000A\000Y\000S\000E\000L}{subsection.3.2.2}% 16
\BOOKMARK [3][-]{subsubsection.3.2.2.3}{\376\377\0003\000.\0002\000.\0002\000.\0003\000\040\000O\000F\000F\000S\000E\000T\000H\0001\0002}{subsection.3.2.2}% 17
\BOOKMARK [3][-]{subsubsection.3.2.2.4}{\376\377\0003\000.\0002\000.\0002\000.\0004\000\040\000O\000F\000F\000S\000E\000T\000H\000O\000U\000R\000S}{subsection.3.2.2}% 18
\BOOKMARK [3][-]{subsubsection.3.2.2.5}{\376\377\0003\000.\0002\000.\0002\000.\0005\000\040\000O\000F\000F\000S\000E\000T\000M\000A\000S\000K}{subsection.3.2.2}% 19
\BOOKMARK [3][-]{subsubsection.3.2.2.6}{\376\377\0003\000.\0002\000.\0002\000.\0006\000\040\000O\000F\000F\000S\000E\000T\000M\000I\000N\000U\000T\000E\000S}{subsection.3.2.2}% 20
\BOOKMARK [3][-]{subsubsection.3.2.2.7}{\376\377\0003\000.\0002\000.\0002\000.\0007\000\040\000O\000F\000F\000S\000E\000T\000N\000A\000M\000E}{subsection.3.2.2}% 21
\BOOKMARK [3][-]{subsubsection.3.2.2.8}{\376\377\0003\000.\0002\000.\0002\000.\0008\000\040\000O\000F\000F\000S\000E\000T\000S\000E\000C\000O\000N\000D\000S}{subsection.3.2.2}% 22
\BOOKMARK [1][-]{section.3.3}{\376\377\0003\000.\0003\000\040\000C\000l\000o\000c\000k\000\137\000m\000a\000n\000a\000g\000e\000m\000e\000n\000t\000\137\000c\000o\000n\000s\000t\000a\000n\000t\000s}{chapter.3}% 23
\BOOKMARK [2][-]{subsection.3.3.1}{\376\377\0003\000.\0003\000.\0001\000\040\000D\000e\000t\000a\000i\000l\000e\000d\000\040\000D\000e\000s\000c\000r\000i\000p\000t\000i\000o\000n}{section.3.3}% 24
\BOOKMARK [2][-]{subsection.3.3.2}{\376\377\0003\000.\0003\000.\0002\000\040\000M\000a\000c\000r\000o\000\040\000D\000e\000f\000i\000n\000i\000t\000i\000o\000n\000\040\000D\000o\000c\000u\000m\000e\000n\000t\000a\000t\000i\000o\000n}{section.3.3}% 25
\BOOKMARK [3][-]{subsubsection.3.3.2.1}{\376\377\0003\000.\0003\000.\0002\000.\0001\000\040\000N\000A\000M\000E\000S\000I\000Z\000E}{subsection.3.3.2}% 26
\BOOKMARK [1][-]{section.3.4}{\376\377\0003\000.\0004\000\040\000v\000a\000r\000i\000a\000b\000l\000e\000s}{chapter.3}% 27
\BOOKMARK [2][-]{subsection.3.4.1}{\376\377\0003\000.\0004\000.\0001\000\040\000D\000e\000t\000a\000i\000l\000e\000d\000\040\000D\000e\000s\000c\000r\000i\000p\000t\000i\000o\000n}{section.3.4}% 28
\BOOKMARK [2][-]{subsection.3.4.2}{\376\377\0003\000.\0004\000.\0002\000\040\000V\000a\000r\000i\000a\000b\000l\000e\000\040\000D\000o\000c\000u\000m\000e\000n\000t\000a\000t\000i\000o\000n}{section.3.4}% 29
\BOOKMARK [3][-]{subsubsection.3.4.2.1}{\376\377\0003\000.\0004\000.\0002\000.\0001\000\040\000e\000e\000p\000r\000o\000m\000i\000n\000d\000e\000x}{subsection.3.4.2}% 30
\BOOKMARK [3][-]{subsubsection.3.4.2.2}{\376\377\0003\000.\0004\000.\0002\000.\0002\000\040\000n\000e\000x\000t\000a\000l\000a\000r\000m}{subsection.3.4.2}% 31
\BOOKMARK [1][-]{section.3.5}{\376\377\0003\000.\0005\000\040\000T\000y\000p\000e}{chapter.3}% 32
\BOOKMARK [2][-]{subsection.3.5.1}{\376\377\0003\000.\0005\000.\0001\000\040\000D\000e\000t\000a\000i\000l\000e\000d\000\040\000D\000e\000s\000c\000r\000i\000p\000t\000i\000o\000n}{section.3.5}% 33
\BOOKMARK [2][-]{subsection.3.5.2}{\376\377\0003\000.\0005\000.\0002\000\040\000D\000a\000t\000a\000\040\000S\000t\000r\000u\000c\000t\000u\000r\000e\000\040\000D\000o\000c\000u\000m\000e\000n\000t\000a\000t\000i\000o\000n}{section.3.5}% 34
\BOOKMARK [3][-]{subsubsection.3.5.2.1}{\376\377\0003\000.\0005\000.\0002\000.\0001\000\040\000s\000t\000r\000u\000c\000t\000\040\000A\000l\000a\000r\000m\000\137\000D\000e\000f\000i\000n\000i\000t\000i\000o\000n}{subsection.3.5.2}% 35
\BOOKMARK [1][-]{section.3.6}{\376\377\0003\000.\0006\000\040\000C\000l\000o\000c\000k\000\137\000M\000a\000n\000a\000g\000e\000m\000e\000n\000t\000\137\000E\000e\000p\000r\000o\000m}{chapter.3}% 36
\BOOKMARK [2][-]{subsection.3.6.1}{\376\377\0003\000.\0006\000.\0001\000\040\000D\000e\000t\000a\000i\000l\000e\000d\000\040\000D\000e\000s\000c\000r\000i\000p\000t\000i\000o\000n}{section.3.6}% 37
\BOOKMARK [2][-]{subsection.3.6.2}{\376\377\0003\000.\0006\000.\0002\000\040\000F\000u\000n\000c\000t\000i\000o\000n\000\040\000D\000o\000c\000u\000m\000e\000n\000t\000a\000t\000i\000o\000n}{section.3.6}% 38
\BOOKMARK [3][-]{subsubsection.3.6.2.1}{\376\377\0003\000.\0006\000.\0002\000.\0001\000\040\000C\000l\000o\000c\000k\000M\000a\000n\000a\000g\000e\000m\000e\000n\000t\000l\000o\000a\000d\000A\000l\000a\000r\000m\000\050\000u\000i\000n\000t\0001\0006\000t\000\040\000i\000n\000d\000e\000x\000\051}{subsection.3.6.2}% 39
\BOOKMARK [3][-]{subsubsection.3.6.2.2}{\376\377\0003\000.\0006\000.\0002\000.\0002\000\040\000C\000l\000o\000c\000k\000M\000a\000n\000a\000g\000e\000m\000e\000n\000t\000l\000o\000a\000d\000D\000a\000t\000e\000\050\000v\000o\000i\000d\000\051}{subsection.3.6.2}% 40
\BOOKMARK [3][-]{subsubsection.3.6.2.3}{\376\377\0003\000.\0006\000.\0002\000.\0003\000\040\000C\000l\000o\000c\000k\000M\000a\000n\000a\000g\000e\000m\000e\000n\000t\000l\000o\000a\000d\000T\000i\000m\000e\000\050\000v\000o\000i\000d\000\051}{subsection.3.6.2}% 41
\BOOKMARK [3][-]{subsubsection.3.6.2.4}{\376\377\0003\000.\0006\000.\0002\000.\0004\000\040\000C\000l\000o\000c\000k\000M\000a\000n\000a\000g\000e\000m\000e\000n\000t\000s\000a\000v\000e\000A\000l\000a\000r\000m\000\050\000A\000l\000a\000r\000m\000D\000e\000f\000i\000n\000i\000t\000i\000o\000n\000\040\000*\000A\000l\000a\000r\000m\000D\000e\000f\000,\000\040\000u\000i\000n\000t\0001\0006\000t\000\040\000a\000d\000d\000r\000e\000s\000s\000\051}{subsection.3.6.2}% 42
\BOOKMARK [3][-]{subsubsection.3.6.2.5}{\376\377\0003\000.\0006\000.\0002\000.\0005\000\040\000C\000l\000o\000c\000k\000M\000a\000n\000a\000g\000e\000m\000e\000n\000t\000s\000a\000v\000e\000D\000a\000t\000e\000\050\000R\000T\000C\000D\000a\000t\000e\000T\000y\000p\000e\000D\000e\000f\000\040\000*\000D\000a\000t\000e\000D\000e\000f\000\051}{subsection.3.6.2}% 43
\BOOKMARK [3][-]{subsubsection.3.6.2.6}{\376\377\0003\000.\0006\000.\0002\000.\0006\000\040\000C\000l\000o\000c\000k\000M\000a\000n\000a\000g\000e\000m\000e\000n\000t\000s\000a\000v\000e\000T\000i\000m\000e\000\050\000R\000T\000C\000T\000i\000m\000e\000T\000y\000p\000e\000D\000e\000f\000\040\000*\000T\000i\000m\000e\000D\000e\000f\000\051}{subsection.3.6.2}% 44
\BOOKMARK [1][-]{section.3.7}{\376\377\0003\000.\0007\000\040\000C\000l\000o\000c\000k\000\137\000M\000a\000n\000a\000g\000e\000m\000e\000n\000t\000\137\000A\000l\000a\000r\000m\000C\000o\000m\000p}{chapter.3}% 45
\BOOKMARK [2][-]{subsection.3.7.1}{\376\377\0003\000.\0007\000.\0001\000\040\000D\000e\000t\000a\000i\000l\000e\000d\000\040\000D\000e\000s\000c\000r\000i\000p\000t\000i\000o\000n}{section.3.7}% 46
\BOOKMARK [2][-]{subsection.3.7.2}{\376\377\0003\000.\0007\000.\0002\000\040\000F\000u\000n\000c\000t\000i\000o\000n\000\040\000D\000o\000c\000u\000m\000e\000n\000t\000a\000t\000i\000o\000n}{section.3.7}% 47
\BOOKMARK [3][-]{subsubsection.3.7.2.1}{\376\377\0003\000.\0007\000.\0002\000.\0001\000\040\000C\000l\000o\000c\000k\000M\000a\000n\000a\000g\000e\000m\000e\000n\000t\000i\000s\000A\000l\000a\000r\000m\000B\000e\000f\000o\000r\000e\000\050\000A\000l\000a\000r\000m\000D\000e\000f\000i\000n\000i\000t\000i\000o\000n\000\040\000*\000a\000l\000a\000r\000m\0001\000,\000\040\000A\000l\000a\000r\000m\000D\000e\000f\000i\000n\000i\000t\000i\000o\000n\000\040\000*\000a\000l\000a\000r\000m\0002\000\051}{subsection.3.7.2}% 48
\BOOKMARK [3][-]{subsubsection.3.7.2.2}{\376\377\0003\000.\0007\000.\0002\000.\0002\000\040\000C\000l\000o\000c\000k\000M\000a\000n\000a\000g\000e\000m\000e\000n\000t\000i\000s\000D\000a\000t\000e\000B\000e\000f\000o\000r\000e\000\050\000R\000T\000C\000D\000a\000t\000e\000T\000y\000p\000e\000D\000e\000f\000\040\000*\000d\000a\000t\000e\0001\000,\000\040\000R\000T\000C\000D\000a\000t\000e\000T\000y\000p\000e\000D\000e\000f\000\040\000*\000d\000a\000t\000e\0002\000\051}{subsection.3.7.2}% 49
\BOOKMARK [3][-]{subsubsection.3.7.2.3}{\376\377\0003\000.\0007\000.\0002\000.\0003\000\040\000C\000l\000o\000c\000k\000M\000a\000n\000a\000g\000e\000m\000e\000n\000t\000i\000s\000T\000i\000m\000e\000B\000e\000f\000o\000r\000e\000\050\000R\000T\000C\000T\000i\000m\000e\000T\000y\000p\000e\000D\000e\000f\000\040\000*\000t\000i\000m\000e\0001\000,\000\040\000R\000T\000C\000T\000i\000m\000e\000T\000y\000p\000e\000D\000e\000f\000\040\000*\000t\000i\000m\000e\0002\000\051}{subsection.3.7.2}% 50
\BOOKMARK [1][-]{section.3.8}{\376\377\0003\000.\0008\000\040\000C\000l\000o\000c\000k\000\137\000M\000a\000n\000a\000g\000e\000m\000e\000n\000t\000\137\000A\000l\000a\000r\000m\000U\000p\000d\000a\000t\000e}{chapter.3}% 51
\BOOKMARK [2][-]{subsection.3.8.1}{\376\377\0003\000.\0008\000.\0001\000\040\000D\000e\000t\000a\000i\000l\000e\000d\000\040\000D\000e\000s\000c\000r\000i\000p\000t\000i\000o\000n}{section.3.8}% 52
\BOOKMARK [2][-]{subsection.3.8.2}{\376\377\0003\000.\0008\000.\0002\000\040\000F\000u\000n\000c\000t\000i\000o\000n\000\040\000D\000o\000c\000u\000m\000e\000n\000t\000a\000t\000i\000o\000n}{section.3.8}% 53
\BOOKMARK [3][-]{subsubsection.3.8.2.1}{\376\377\0003\000.\0008\000.\0002\000.\0001\000\040\000C\000L\000o\000c\000k\000M\000a\000n\000a\000g\000e\000m\000e\000n\000t\000u\000p\000d\000a\000t\000e\000A\000l\000a\000r\000m\000\050\000v\000o\000i\000d\000\051}{subsection.3.8.2}% 54
\BOOKMARK [1][-]{section.3.9}{\376\377\0003\000.\0009\000\040\000C\000l\000o\000c\000k\000\137\000M\000a\000n\000a\000g\000e\000m\000e\000n\000t}{chapter.3}% 55
\BOOKMARK [2][-]{subsection.3.9.1}{\376\377\0003\000.\0009\000.\0001\000\040\000D\000e\000t\000a\000i\000l\000e\000d\000\040\000D\000e\000s\000c\000r\000i\000p\000t\000i\000o\000n}{section.3.9}% 56
\BOOKMARK [1][-]{section.3.10}{\376\377\0003\000.\0001\0000\000\040\000C\000o\000n\000s\000t\000a\000n\000t}{chapter.3}% 57
\BOOKMARK [2][-]{subsection.3.10.1}{\376\377\0003\000.\0001\0000\000.\0001\000\040\000D\000e\000t\000a\000i\000l\000e\000d\000\040\000D\000e\000s\000c\000r\000i\000p\000t\000i\000o\000n}{section.3.10}% 58
\BOOKMARK [2][-]{subsection.3.10.2}{\376\377\0003\000.\0001\0000\000.\0002\000\040\000M\000a\000c\000r\000o\000\040\000D\000e\000f\000i\000n\000i\000t\000i\000o\000n\000\040\000D\000o\000c\000u\000m\000e\000n\000t\000a\000t\000i\000o\000n}{section.3.10}% 59
\BOOKMARK [3][-]{subsubsection.3.10.2.1}{\376\377\0003\000.\0001\0000\000.\0002\000.\0001\000\040\000A\000U\000D\000I\000O\000F\000R\000E\000Q\000U\000E\000N\000C\000Y}{subsection.3.10.2}% 60
\BOOKMARK [3][-]{subsubsection.3.10.2.2}{\376\377\0003\000.\0001\0000\000.\0002\000.\0002\000\040\000D\000M\000A\000F\000R\000E\000Q\000U\000E\000N\000C\000Y}{subsection.3.10.2}% 61
\BOOKMARK [3][-]{subsubsection.3.10.2.3}{\376\377\0003\000.\0001\0000\000.\0002\000.\0003\000\040\000L\000E\000D\000B\000U\000F\000F\000E\000R\000S\000I\000Z\000E}{subsection.3.10.2}% 62
\BOOKMARK [3][-]{subsubsection.3.10.2.4}{\376\377\0003\000.\0001\0000\000.\0002\000.\0004\000\040\000L\000E\000D\000D\000A\000T\000A\000S\000I\000Z\000E}{subsection.3.10.2}% 63
\BOOKMARK [3][-]{subsubsection.3.10.2.5}{\376\377\0003\000.\0001\0000\000.\0002\000.\0005\000\040\000L\000E\000D\000N\000U\000M\000B\000E\000R}{subsection.3.10.2}% 64
\BOOKMARK [3][-]{subsubsection.3.10.2.6}{\376\377\0003\000.\0001\0000\000.\0002\000.\0006\000\040\000M\000A\000X\0008\000B\000I\000T}{subsection.3.10.2}% 65
\BOOKMARK [3][-]{subsubsection.3.10.2.7}{\376\377\0003\000.\0001\0000\000.\0002\000.\0007\000\040\000R\000E\000S\000E\000T\000S\000L\000O\000T\000S\000B\000E\000G\000I\000N}{subsection.3.10.2}% 66
\BOOKMARK [3][-]{subsubsection.3.10.2.8}{\376\377\0003\000.\0001\0000\000.\0002\000.\0008\000\040\000R\000E\000S\000E\000T\000S\000L\000O\000T\000S\000E\000N\000D}{subsection.3.10.2}% 67
\BOOKMARK [3][-]{subsubsection.3.10.2.9}{\376\377\0003\000.\0001\0000\000.\0002\000.\0009\000\040\000T\000I\000M\000E\000R\000C\000L\000O\000C\000K\000F\000R\000E\000Q}{subsection.3.10.2}% 68
\BOOKMARK [3][-]{subsubsection.3.10.2.10}{\376\377\0003\000.\0001\0000\000.\0002\000.\0001\0000\000\040\000T\000I\000M\000E\000R\000P\000E\000R\000I\000O\000D}{subsection.3.10.2}% 69
\BOOKMARK [3][-]{subsubsection.3.10.2.11}{\376\377\0003\000.\0001\0000\000.\0002\000.\0001\0001\000\040\000W\000S\0002\0008\0001\0002\0000}{subsection.3.10.2}% 70
\BOOKMARK [3][-]{subsubsection.3.10.2.12}{\376\377\0003\000.\0001\0000\000.\0002\000.\0001\0002\000\040\000W\000S\0002\0008\0001\0002\0001}{subsection.3.10.2}% 71
\BOOKMARK [3][-]{subsubsection.3.10.2.13}{\376\377\0003\000.\0001\0000\000.\0002\000.\0001\0003\000\040\000W\000S\0002\0008\0001\0002\000F\000R\000E\000Q}{subsection.3.10.2}% 72
\BOOKMARK [3][-]{subsubsection.3.10.2.14}{\376\377\0003\000.\0001\0000\000.\0002\000.\0001\0004\000\040\000W\000S\0002\0008\0001\0002\000L\000A\000S\000T\000S\000L\000O\000T}{subsection.3.10.2}% 73
\BOOKMARK [3][-]{subsubsection.3.10.2.15}{\376\377\0003\000.\0001\0000\000.\0002\000.\0001\0005\000\040\000W\000S\0002\0008\0001\0002\000R\000E\000S\000E\000T}{subsection.3.10.2}% 74
\BOOKMARK [1][-]{section.3.11}{\376\377\0003\000.\0001\0001\000\040\000C\000o\000n\000f\000i\000g\000u\000r\000a\000t\000i\000o\000n\000\040\000f\000u\000n\000c\000t\000i\000o\000n\000s}{chapter.3}% 75
\BOOKMARK [2][-]{subsection.3.11.1}{\376\377\0003\000.\0001\0001\000.\0001\000\040\000D\000e\000t\000a\000i\000l\000e\000d\000\040\000D\000e\000s\000c\000r\000i\000p\000t\000i\000o\000n}{section.3.11}% 76
\BOOKMARK [2][-]{subsection.3.11.2}{\376\377\0003\000.\0001\0001\000.\0002\000\040\000F\000u\000n\000c\000t\000i\000o\000n\000\040\000D\000o\000c\000u\000m\000e\000n\000t\000a\000t\000i\000o\000n}{section.3.11}% 77
\BOOKMARK [3][-]{subsubsection.3.11.2.1}{\376\377\0003\000.\0001\0001\000.\0002\000.\0001\000\040\000a\000u\000d\000i\000o\000d\000i\000s\000a\000b\000l\000e\000\050\000v\000o\000i\000d\000\051}{subsection.3.11.2}% 78
\BOOKMARK [3][-]{subsubsection.3.11.2.2}{\376\377\0003\000.\0001\0001\000.\0002\000.\0002\000\040\000a\000u\000d\000i\000o\000i\000n\000i\000t\000\050\000u\000i\000n\000t\0001\0006\000t\000\040\000*\000D\000A\000C\000B\000u\000f\000f\000e\000r\000,\000\040\000u\000i\000n\000t\0001\0006\000t\000\040\000S\000i\000z\000e\000\051}{subsection.3.11.2}% 79
\BOOKMARK [1][-]{section.3.12}{\376\377\0003\000.\0001\0002\000\040\000P\000l\000a\000y\000\040\000a\000u\000d\000i\000o\000\040\000f\000u\000n\000c\000t\000i\000o\000n\000s}{chapter.3}% 80
\BOOKMARK [2][-]{subsection.3.12.1}{\376\377\0003\000.\0001\0002\000.\0001\000\040\000D\000e\000t\000a\000i\000l\000e\000d\000\040\000D\000e\000s\000c\000r\000i\000p\000t\000i\000o\000n}{section.3.12}% 81
\BOOKMARK [2][-]{subsection.3.12.2}{\376\377\0003\000.\0001\0002\000.\0002\000\040\000F\000u\000n\000c\000t\000i\000o\000n\000\040\000D\000o\000c\000u\000m\000e\000n\000t\000a\000t\000i\000o\000n}{section.3.12}% 82
\BOOKMARK [3][-]{subsubsection.3.12.2.1}{\376\377\0003\000.\0001\0002\000.\0002\000.\0001\000\040\000a\000u\000d\000i\000o\000p\000l\000a\000y\000\050\000u\000i\000n\000t\0001\0006\000t\000\040\000*\000D\000A\000C\000B\000u\000f\000f\000e\000r\000,\000\040\000u\000i\000n\000t\0001\0006\000t\000\040\000S\000i\000z\000e\000\051}{subsection.3.12.2}% 83
\BOOKMARK [1][-]{section.3.13}{\376\377\0003\000.\0001\0003\000\040\000B\000l\000u\000e\000t\000o\000o\000t\000h\000\137\000C\000o\000n\000s\000t\000a\000n\000t\000s}{chapter.3}% 84
\BOOKMARK [2][-]{subsection.3.13.1}{\376\377\0003\000.\0001\0003\000.\0001\000\040\000D\000e\000t\000a\000i\000l\000e\000d\000\040\000D\000e\000s\000c\000r\000i\000p\000t\000i\000o\000n}{section.3.13}% 85
\BOOKMARK [2][-]{subsection.3.13.2}{\376\377\0003\000.\0001\0003\000.\0002\000\040\000M\000a\000c\000r\000o\000\040\000D\000e\000f\000i\000n\000i\000t\000i\000o\000n\000\040\000D\000o\000c\000u\000m\000e\000n\000t\000a\000t\000i\000o\000n}{section.3.13}% 86
\BOOKMARK [3][-]{subsubsection.3.13.2.1}{\376\377\0003\000.\0001\0003\000.\0002\000.\0001\000\040\000B\000L\000U\000E\000T\000O\000O\000T\000H\000A\000F\000U\000S\000A\000R\000T}{subsection.3.13.2}% 87
\BOOKMARK [3][-]{subsubsection.3.13.2.2}{\376\377\0003\000.\0001\0003\000.\0002\000.\0002\000\040\000B\000L\000U\000E\000T\000O\000O\000T\000H\000B\000A\000U\000D\000R\000A\000T\000E}{subsection.3.13.2}% 88
\BOOKMARK [3][-]{subsubsection.3.13.2.3}{\376\377\0003\000.\0001\0003\000.\0002\000.\0003\000\040\000B\000L\000U\000E\000T\000O\000O\000T\000H\000G\000P\000I\000O\000X}{subsection.3.13.2}% 89
\BOOKMARK [3][-]{subsubsection.3.13.2.4}{\376\377\0003\000.\0001\0003\000.\0002\000.\0004\000\040\000B\000L\000U\000E\000T\000O\000O\000T\000H\000P\000E\000R\000I\000P\000H\000G\000P\000I\000O\000X}{subsection.3.13.2}% 90
\BOOKMARK [3][-]{subsubsection.3.13.2.5}{\376\377\0003\000.\0001\0003\000.\0002\000.\0005\000\040\000B\000L\000U\000E\000T\000O\000O\000T\000H\000P\000E\000R\000I\000P\000H\000U\000S\000A\000R\000T\000X}{subsection.3.13.2}% 91
\BOOKMARK [3][-]{subsubsection.3.13.2.6}{\376\377\0003\000.\0001\0003\000.\0002\000.\0006\000\040\000B\000L\000U\000E\000T\000O\000O\000T\000H\000R\000X\000P\000I\000N}{subsection.3.13.2}% 92
\BOOKMARK [3][-]{subsubsection.3.13.2.7}{\376\377\0003\000.\0001\0003\000.\0002\000.\0007\000\040\000B\000L\000U\000E\000T\000O\000O\000T\000H\000R\000X\000P\000I\000N\000S\000O\000U\000R\000C\000E}{subsection.3.13.2}% 93
\BOOKMARK [3][-]{subsubsection.3.13.2.8}{\376\377\0003\000.\0001\0003\000.\0002\000.\0008\000\040\000B\000L\000U\000E\000T\000O\000O\000T\000H\000T\000X\000P\000I\000N}{subsection.3.13.2}% 94
\BOOKMARK [3][-]{subsubsection.3.13.2.9}{\376\377\0003\000.\0001\0003\000.\0002\000.\0009\000\040\000B\000L\000U\000E\000T\000O\000O\000T\000H\000T\000X\000P\000I\000N\000S\000O\000U\000R\000C\000E}{subsection.3.13.2}% 95
\BOOKMARK [3][-]{subsubsection.3.13.2.10}{\376\377\0003\000.\0001\0003\000.\0002\000.\0001\0000\000\040\000B\000L\000U\000E\000T\000O\000O\000T\000H\000U\000S\000A\000R\000T\000X}{subsection.3.13.2}% 96
\BOOKMARK [3][-]{subsubsection.3.13.2.11}{\376\377\0003\000.\0001\0003\000.\0002\000.\0001\0001\000\040\000B\000L\000U\000E\000T\000O\000O\000T\000H\000U\000S\000A\000R\000T\000X\000I\000R\000Q}{subsection.3.13.2}% 97
\BOOKMARK [1][-]{section.3.14}{\376\377\0003\000.\0001\0004\000\040\000I\000n\000i\000t\000i\000a\000l\000i\000z\000a\000t\000i\000o\000n\000\040\000a\000n\000d\000\040\000t\000r\000a\000n\000s\000m\000i\000s\000s\000i\000o\000n\000\040\000h\000a\000n\000d\000l\000e\000r\000\040\000f\000u\000n\000c\000t\000i\000o\000n\000s}{chapter.3}% 98
\BOOKMARK [2][-]{subsection.3.14.1}{\376\377\0003\000.\0001\0004\000.\0001\000\040\000D\000e\000t\000a\000i\000l\000e\000d\000\040\000D\000e\000s\000c\000r\000i\000p\000t\000i\000o\000n}{section.3.14}% 99
\BOOKMARK [2][-]{subsection.3.14.2}{\376\377\0003\000.\0001\0004\000.\0002\000\040\000F\000u\000n\000c\000t\000i\000o\000n\000\040\000D\000o\000c\000u\000m\000e\000n\000t\000a\000t\000i\000o\000n}{section.3.14}% 100
\BOOKMARK [3][-]{subsubsection.3.14.2.1}{\376\377\0003\000.\0001\0004\000.\0002\000.\0001\000\040\000b\000l\000u\000e\000t\000o\000o\000t\000h\000b\000u\000f\000f\000e\000r\000u\000p\000d\000a\000t\000e\000\050\000v\000o\000i\000d\000\051}{subsection.3.14.2}% 101
\BOOKMARK [3][-]{subsubsection.3.14.2.2}{\376\377\0003\000.\0001\0004\000.\0002\000.\0002\000\040\000b\000l\000u\000e\000t\000o\000o\000t\000h\000i\000n\000i\000t\000\050\000v\000o\000i\000d\000\051}{subsection.3.14.2}% 102
\BOOKMARK [3][-]{subsubsection.3.14.2.3}{\376\377\0003\000.\0001\0004\000.\0002\000.\0003\000\040\000D\000M\000A\0002\000S\000t\000r\000e\000a\000m\0005\000I\000R\000Q\000H\000a\000n\000d\000l\000e\000r\000\050\000v\000o\000i\000d\000\051}{subsection.3.14.2}% 103
\BOOKMARK [3][-]{subsubsection.3.14.2.4}{\376\377\0003\000.\0001\0004\000.\0002\000.\0004\000\040\000U\000S\000A\000R\000T\0001\000I\000R\000Q\000H\000a\000n\000d\000l\000e\000r\000\050\000v\000o\000i\000d\000\051}{subsection.3.14.2}% 104
\BOOKMARK [1][-]{section.3.15}{\376\377\0003\000.\0001\0005\000\040\000T\000r\000a\000n\000s\000m\000i\000s\000s\000i\000o\000n\000\040\000f\000u\000n\000c\000t\000i\000o\000n\000s}{chapter.3}% 105
\BOOKMARK [2][-]{subsection.3.15.1}{\376\377\0003\000.\0001\0005\000.\0001\000\040\000D\000e\000t\000a\000i\000l\000e\000d\000\040\000D\000e\000s\000c\000r\000i\000p\000t\000i\000o\000n}{section.3.15}% 106
\BOOKMARK [2][-]{subsection.3.15.2}{\376\377\0003\000.\0001\0005\000.\0002\000\040\000F\000u\000n\000c\000t\000i\000o\000n\000\040\000D\000o\000c\000u\000m\000e\000n\000t\000a\000t\000i\000o\000n}{section.3.15}% 107
\BOOKMARK [3][-]{subsubsection.3.15.2.1}{\376\377\0003\000.\0001\0005\000.\0002\000.\0001\000\040\000b\000l\000u\000e\000t\000o\000o\000t\000h\000s\000e\000n\000d\000\050\000u\000i\000n\000t\0008\000t\000\040\000*\000d\000a\000t\000a\000\051}{subsection.3.15.2}% 108
\BOOKMARK [1][-]{section.3.16}{\376\377\0003\000.\0001\0006\000\040\000R\000T\000C\000\137\000P\000R\000E\000D\000I\000V\000\137\000D\000e\000f\000i\000n\000i\000t\000i\000o\000n\000s}{chapter.3}% 109
\BOOKMARK [2][-]{subsection.3.16.1}{\376\377\0003\000.\0001\0006\000.\0001\000\040\000D\000e\000t\000a\000i\000l\000e\000d\000\040\000D\000e\000s\000c\000r\000i\000p\000t\000i\000o\000n}{section.3.16}% 110
\BOOKMARK [2][-]{subsection.3.16.2}{\376\377\0003\000.\0001\0006\000.\0002\000\040\000M\000a\000c\000r\000o\000\040\000D\000e\000f\000i\000n\000i\000t\000i\000o\000n\000\040\000D\000o\000c\000u\000m\000e\000n\000t\000a\000t\000i\000o\000n}{section.3.16}% 111
\BOOKMARK [3][-]{subsubsection.3.16.2.1}{\376\377\0003\000.\0001\0006\000.\0002\000.\0001\000\040\000R\000T\000C\000P\000R\000E\000D\000I\000V\000A}{subsection.3.16.2}% 112
\BOOKMARK [3][-]{subsubsection.3.16.2.2}{\376\377\0003\000.\0001\0006\000.\0002\000.\0002\000\040\000R\000T\000C\000P\000R\000E\000D\000I\000V\000S}{subsection.3.16.2}% 113
\BOOKMARK [1][-]{section.3.17}{\376\377\0003\000.\0001\0007\000\040\000C\000L\000O\000C\000K\000\137\000C\000h\000o\000i\000c\000e}{chapter.3}% 114
\BOOKMARK [2][-]{subsection.3.17.1}{\376\377\0003\000.\0001\0007\000.\0001\000\040\000D\000e\000t\000a\000i\000l\000e\000d\000\040\000D\000e\000s\000c\000r\000i\000p\000t\000i\000o\000n}{section.3.17}% 115
\BOOKMARK [2][-]{subsection.3.17.2}{\376\377\0003\000.\0001\0007\000.\0002\000\040\000M\000a\000c\000r\000o\000\040\000D\000e\000f\000i\000n\000i\000t\000i\000o\000n\000\040\000D\000o\000c\000u\000m\000e\000n\000t\000a\000t\000i\000o\000n}{section.3.17}% 116
\BOOKMARK [3][-]{subsubsection.3.17.2.1}{\376\377\0003\000.\0001\0007\000.\0002\000.\0001\000\040\000C\000L\000O\000C\000K\000A}{subsection.3.17.2}% 117
\BOOKMARK [3][-]{subsubsection.3.17.2.2}{\376\377\0003\000.\0001\0007\000.\0002\000.\0002\000\040\000C\000L\000O\000C\000K\000B}{subsection.3.17.2}% 118
\BOOKMARK [1][-]{section.3.18}{\376\377\0003\000.\0001\0008\000\040\000C\000L\000O\000C\000K\000\137\000F\000o\000r\000m\000a\000t}{chapter.3}% 119
\BOOKMARK [2][-]{subsection.3.18.1}{\376\377\0003\000.\0001\0008\000.\0001\000\040\000D\000e\000t\000a\000i\000l\000e\000d\000\040\000D\000e\000s\000c\000r\000i\000p\000t\000i\000o\000n}{section.3.18}% 120
\BOOKMARK [2][-]{subsection.3.18.2}{\376\377\0003\000.\0001\0008\000.\0002\000\040\000M\000a\000c\000r\000o\000\040\000D\000e\000f\000i\000n\000i\000t\000i\000o\000n\000\040\000D\000o\000c\000u\000m\000e\000n\000t\000a\000t\000i\000o\000n}{section.3.18}% 121
\BOOKMARK [3][-]{subsubsection.3.18.2.1}{\376\377\0003\000.\0001\0008\000.\0002\000.\0001\000\040\000A\000M}{subsection.3.18.2}% 122
\BOOKMARK [3][-]{subsubsection.3.18.2.2}{\376\377\0003\000.\0001\0008\000.\0002\000.\0002\000\040\000P\000M}{subsection.3.18.2}% 123
\BOOKMARK [1][-]{section.3.19}{\376\377\0003\000.\0001\0009\000\040\000C\000L\000O\000C\000K\000\137\000V\000a\000l\000u\000e}{chapter.3}% 124
\BOOKMARK [2][-]{subsection.3.19.1}{\376\377\0003\000.\0001\0009\000.\0001\000\040\000D\000e\000t\000a\000i\000l\000e\000d\000\040\000D\000e\000s\000c\000r\000i\000p\000t\000i\000o\000n}{section.3.19}% 125
\BOOKMARK [2][-]{subsection.3.19.2}{\376\377\0003\000.\0001\0009\000.\0002\000\040\000M\000a\000c\000r\000o\000\040\000D\000e\000f\000i\000n\000i\000t\000i\000o\000n\000\040\000D\000o\000c\000u\000m\000e\000n\000t\000a\000t\000i\000o\000n}{section.3.19}% 126
\BOOKMARK [3][-]{subsubsection.3.19.2.1}{\376\377\0003\000.\0001\0009\000.\0002\000.\0001\000\040\000C\000L\000O\000C\000K\000D\000a\000t\000e}{subsection.3.19.2}% 127
\BOOKMARK [3][-]{subsubsection.3.19.2.2}{\376\377\0003\000.\0001\0009\000.\0002\000.\0002\000\040\000C\000L\000O\000C\000K\000F\000o\000r\000m\000a\000t}{subsection.3.19.2}% 128
\BOOKMARK [3][-]{subsubsection.3.19.2.3}{\376\377\0003\000.\0001\0009\000.\0002\000.\0003\000\040\000C\000L\000O\000C\000K\000H\000o\000u\000r\000s}{subsection.3.19.2}% 129
\BOOKMARK [3][-]{subsubsection.3.19.2.4}{\376\377\0003\000.\0001\0009\000.\0002\000.\0004\000\040\000C\000L\000O\000C\000K\000M\000i\000n\000u\000t\000e\000s}{subsection.3.19.2}% 130
\BOOKMARK [3][-]{subsubsection.3.19.2.5}{\376\377\0003\000.\0001\0009\000.\0002\000.\0005\000\040\000C\000L\000O\000C\000K\000M\000o\000n\000t\000h}{subsection.3.19.2}% 131
\BOOKMARK [3][-]{subsubsection.3.19.2.6}{\376\377\0003\000.\0001\0009\000.\0002\000.\0006\000\040\000C\000L\000O\000C\000K\000S\000e\000c\000o\000n\000d\000s}{subsection.3.19.2}% 132
\BOOKMARK [3][-]{subsubsection.3.19.2.7}{\376\377\0003\000.\0001\0009\000.\0002\000.\0007\000\040\000C\000L\000O\000C\000K\000W\000e\000e\000k\000D\000a\000y}{subsection.3.19.2}% 133
\BOOKMARK [3][-]{subsubsection.3.19.2.8}{\376\377\0003\000.\0001\0009\000.\0002\000.\0008\000\040\000C\000L\000O\000C\000K\000Y\000e\000a\000r}{subsection.3.19.2}% 134
\BOOKMARK [1][-]{section.3.20}{\376\377\0003\000.\0002\0000\000\040\000R\000E\000P\000E\000A\000T\000\137\000D\000e\000f\000i\000n\000i\000t\000i\000o\000n\000s}{chapter.3}% 135
\BOOKMARK [2][-]{subsection.3.20.1}{\376\377\0003\000.\0002\0000\000.\0001\000\040\000D\000e\000t\000a\000i\000l\000e\000d\000\040\000D\000e\000s\000c\000r\000i\000p\000t\000i\000o\000n}{section.3.20}% 136
\BOOKMARK [2][-]{subsection.3.20.2}{\376\377\0003\000.\0002\0000\000.\0002\000\040\000M\000a\000c\000r\000o\000\040\000D\000e\000f\000i\000n\000i\000t\000i\000o\000n\000\040\000D\000o\000c\000u\000m\000e\000n\000t\000a\000t\000i\000o\000n}{section.3.20}% 137
\BOOKMARK [3][-]{subsubsection.3.20.2.1}{\376\377\0003\000.\0002\0000\000.\0002\000.\0001\000\040\000R\000E\000P\000E\000A\000T\000D\000a\000t\000e\000W\000e\000e\000k\000D\000a\000y}{subsection.3.20.2}% 138
\BOOKMARK [3][-]{subsubsection.3.20.2.2}{\376\377\0003\000.\0002\0000\000.\0002\000.\0002\000\040\000R\000E\000P\000E\000A\000T\000H\000o\000u\000r\000s}{subsection.3.20.2}% 139
\BOOKMARK [3][-]{subsubsection.3.20.2.3}{\376\377\0003\000.\0002\0000\000.\0002\000.\0003\000\040\000R\000E\000P\000E\000A\000T\000M\000i\000n\000u\000t\000e\000s}{subsection.3.20.2}% 140
\BOOKMARK [3][-]{subsubsection.3.20.2.4}{\376\377\0003\000.\0002\0000\000.\0002\000.\0004\000\040\000R\000E\000P\000E\000A\000T\000N\000o\000n\000e}{subsection.3.20.2}% 141
\BOOKMARK [3][-]{subsubsection.3.20.2.5}{\376\377\0003\000.\0002\0000\000.\0002\000.\0005\000\040\000R\000E\000P\000E\000A\000T\000S\000e\000c\000o\000n\000d\000s}{subsection.3.20.2}% 142
\BOOKMARK [1][-]{section.3.21}{\376\377\0003\000.\0002\0001\000\040\000I\000n\000i\000t\000i\000a\000l\000i\000s\000a\000t\000i\000o\000n\000\040\000f\000u\000n\000c\000t\000i\000o\000n\000s}{chapter.3}% 143
\BOOKMARK [2][-]{subsection.3.21.1}{\376\377\0003\000.\0002\0001\000.\0001\000\040\000D\000e\000t\000a\000i\000l\000e\000d\000\040\000D\000e\000s\000c\000r\000i\000p\000t\000i\000o\000n}{section.3.21}% 144
\BOOKMARK [2][-]{subsection.3.21.2}{\376\377\0003\000.\0002\0001\000.\0002\000\040\000F\000u\000n\000c\000t\000i\000o\000n\000\040\000D\000o\000c\000u\000m\000e\000n\000t\000a\000t\000i\000o\000n}{section.3.21}% 145
\BOOKMARK [3][-]{subsubsection.3.21.2.1}{\376\377\0003\000.\0002\0001\000.\0002\000.\0001\000\040\000c\000l\000o\000c\000k\000i\000n\000i\000t\000\050\000v\000o\000i\000d\000\051}{subsection.3.21.2}% 146
\BOOKMARK [1][-]{section.3.22}{\376\377\0003\000.\0002\0002\000\040\000T\000i\000m\000e\000\040\000a\000n\000d\000\040\000D\000a\000t\000e\000\040\000C\000o\000n\000f\000i\000g\000u\000r\000a\000t\000i\000o\000n\000\040\000f\000u\000n\000c\000t\000i\000o\000n\000s}{chapter.3}% 147
\BOOKMARK [2][-]{subsection.3.22.1}{\376\377\0003\000.\0002\0002\000.\0001\000\040\000D\000e\000t\000a\000i\000l\000e\000d\000\040\000D\000e\000s\000c\000r\000i\000p\000t\000i\000o\000n}{section.3.22}% 148
\BOOKMARK [2][-]{subsection.3.22.2}{\376\377\0003\000.\0002\0002\000.\0002\000\040\000F\000u\000n\000c\000t\000i\000o\000n\000\040\000D\000o\000c\000u\000m\000e\000n\000t\000a\000t\000i\000o\000n}{section.3.22}% 149
\BOOKMARK [3][-]{subsubsection.3.22.2.1}{\376\377\0003\000.\0002\0002\000.\0002\000.\0001\000\040\000c\000l\000o\000c\000k\000g\000e\000t\000D\000a\000t\000e\000\050\000v\000o\000i\000d\000\051}{subsection.3.22.2}% 150
\BOOKMARK [3][-]{subsubsection.3.22.2.2}{\376\377\0003\000.\0002\0002\000.\0002\000.\0002\000\040\000c\000l\000o\000c\000k\000g\000e\000t\000T\000i\000m\000e\000\050\000v\000o\000i\000d\000\051}{subsection.3.22.2}% 151
\BOOKMARK [3][-]{subsubsection.3.22.2.3}{\376\377\0003\000.\0002\0002\000.\0002\000.\0003\000\040\000c\000l\000o\000c\000k\000s\000e\000t\000D\000a\000t\000e\000\050\000u\000i\000n\000t\0008\000t\000\040\000w\000e\000e\000k\000D\000a\000y\000,\000\040\000u\000i\000n\000t\0008\000t\000\040\000m\000o\000n\000t\000h\000,\000\040\000u\000i\000n\000t\0008\000t\000\040\000d\000a\000t\000e\000,\000\040\000u\000i\000n\000t\0008\000t\000\040\000y\000e\000a\000r\000\051}{subsection.3.22.2}% 152
\BOOKMARK [3][-]{subsubsection.3.22.2.4}{\376\377\0003\000.\0002\0002\000.\0002\000.\0004\000\040\000c\000l\000o\000c\000k\000s\000e\000t\000T\000i\000m\000e\000\050\000u\000i\000n\000t\0008\000t\000\040\000a\000m\000p\000m\000,\000\040\000u\000i\000n\000t\0008\000t\000\040\000h\000o\000u\000r\000s\000,\000\040\000u\000i\000n\000t\0008\000t\000\040\000m\000i\000n\000u\000t\000e\000s\000,\000\040\000u\000i\000n\000t\0008\000t\000\040\000s\000e\000c\000o\000n\000d\000\051}{subsection.3.22.2}% 153
\BOOKMARK [1][-]{section.3.23}{\376\377\0003\000.\0002\0003\000\040\000A\000l\000a\000r\000m\000s\000\040\000c\000o\000n\000f\000i\000g\000u\000r\000a\000t\000i\000o\000n\000\040\000f\000u\000n\000c\000t\000i\000o\000n\000s}{chapter.3}% 154
\BOOKMARK [2][-]{subsection.3.23.1}{\376\377\0003\000.\0002\0003\000.\0001\000\040\000D\000e\000t\000a\000i\000l\000e\000d\000\040\000D\000e\000s\000c\000r\000i\000p\000t\000i\000o\000n}{section.3.23}% 155
\BOOKMARK [2][-]{subsection.3.23.2}{\376\377\0003\000.\0002\0003\000.\0002\000\040\000F\000u\000n\000c\000t\000i\000o\000n\000\040\000D\000o\000c\000u\000m\000e\000n\000t\000a\000t\000i\000o\000n}{section.3.23}% 156
\BOOKMARK [3][-]{subsubsection.3.23.2.1}{\376\377\0003\000.\0002\0003\000.\0002\000.\0001\000\040\000c\000l\000o\000c\000k\000c\000r\000e\000a\000t\000e\000A\000l\000a\000r\000m\000\050\000u\000i\000n\000t\0008\000t\000\040\000a\000m\000p\000m\000,\000\040\000u\000i\000n\000t\0008\000t\000\040\000h\000o\000u\000r\000s\000,\000\040\000u\000i\000n\000t\0008\000t\000\040\000m\000i\000n\000u\000t\000e\000s\000,\000\040\000u\000i\000n\000t\0008\000t\000\040\000s\000e\000c\000o\000n\000d\000s\000,\000\040\000u\000i\000n\000t\0003\0002\000t\000\040\000d\000a\000t\000e\000W\000e\000e\000k\000D\000a\000y\000S\000e\000l\000,\000\040\000u\000i\000n\000t\0008\000t\000\040\000d\000a\000t\000e\000W\000e\000e\000k\000D\000a\000y\000,\000\040\000u\000i\000n\000t\0003\0002\000t\000\040\000r\000e\000p\000e\000a\000t\000\051}{subsection.3.23.2}% 157
\BOOKMARK [3][-]{subsubsection.3.23.2.2}{\376\377\0003\000.\0002\0003\000.\0002\000.\0002\000\040\000c\000l\000o\000c\000k\000s\000e\000t\000A\000\050\000R\000T\000C\000A\000l\000a\000r\000m\000T\000y\000p\000e\000D\000e\000f\000\040\000*\000A\000l\000a\000r\000m\000\051}{subsection.3.23.2}% 158
\BOOKMARK [3][-]{subsubsection.3.23.2.3}{\376\377\0003\000.\0002\0003\000.\0002\000.\0003\000\040\000c\000l\000o\000c\000k\000s\000e\000t\000A\000l\000a\000r\000m\000\050\000u\000i\000n\000t\0008\000t\000\040\000a\000m\000p\000m\000,\000\040\000u\000i\000n\000t\0008\000t\000\040\000h\000o\000u\000r\000s\000,\000\040\000u\000i\000n\000t\0008\000t\000\040\000m\000i\000n\000u\000t\000e\000s\000,\000\040\000u\000i\000n\000t\0008\000t\000\040\000s\000e\000c\000o\000n\000d\000s\000,\000\040\000u\000i\000n\000t\0003\0002\000t\000\040\000d\000a\000t\000e\000W\000e\000e\000k\000D\000a\000y\000S\000e\000l\000,\000\040\000u\000i\000n\000t\0008\000t\000\040\000d\000a\000t\000e\000W\000e\000e\000k\000D\000a\000y\000,\000\040\000u\000i\000n\000t\0003\0002\000t\000\040\000r\000e\000p\000e\000a\000t\000\051}{subsection.3.23.2}% 159
\BOOKMARK [3][-]{subsubsection.3.23.2.4}{\376\377\0003\000.\0002\0003\000.\0002\000.\0004\000\040\000R\000T\000C\000A\000l\000a\000r\000m\000I\000R\000Q\000H\000a\000n\000d\000l\000e\000r\000\050\000v\000o\000i\000d\000\051}{subsection.3.23.2}% 160
\BOOKMARK [1][-]{section.3.24}{\376\377\0003\000.\0002\0004\000\040\000I\000n\000s\000t\000r\000u\000c\000t\000i\000o\000n\000s}{chapter.3}% 161
\BOOKMARK [2][-]{subsection.3.24.1}{\376\377\0003\000.\0002\0004\000.\0001\000\040\000D\000e\000t\000a\000i\000l\000e\000d\000\040\000D\000e\000s\000c\000r\000i\000p\000t\000i\000o\000n}{section.3.24}% 162
\BOOKMARK [2][-]{subsection.3.24.2}{\376\377\0003\000.\0002\0004\000.\0002\000\040\000M\000a\000c\000r\000o\000\040\000D\000e\000f\000i\000n\000i\000t\000i\000o\000n\000\040\000D\000o\000c\000u\000m\000e\000n\000t\000a\000t\000i\000o\000n}{section.3.24}% 163
\BOOKMARK [3][-]{subsubsection.3.24.2.1}{\376\377\0003\000.\0002\0004\000.\0002\000.\0001\000\040\000R\000D\000S\000R}{subsection.3.24.2}% 164
\BOOKMARK [3][-]{subsubsection.3.24.2.2}{\376\377\0003\000.\0002\0004\000.\0002\000.\0002\000\040\000R\000E\000A\000D}{subsection.3.24.2}% 165
\BOOKMARK [3][-]{subsubsection.3.24.2.3}{\376\377\0003\000.\0002\0004\000.\0002\000.\0003\000\040\000W\000R\000D\000I}{subsection.3.24.2}% 166
\BOOKMARK [3][-]{subsubsection.3.24.2.4}{\376\377\0003\000.\0002\0004\000.\0002\000.\0004\000\040\000W\000R\000E\000N}{subsection.3.24.2}% 167
\BOOKMARK [3][-]{subsubsection.3.24.2.5}{\376\377\0003\000.\0002\0004\000.\0002\000.\0005\000\040\000W\000R\000I\000T\000E}{subsection.3.24.2}% 168
\BOOKMARK [3][-]{subsubsection.3.24.2.6}{\376\377\0003\000.\0002\0004\000.\0002\000.\0006\000\040\000W\000R\000S\000R}{subsection.3.24.2}% 169
\BOOKMARK [1][-]{section.3.25}{\376\377\0003\000.\0002\0005\000\040\000U\000t\000i\000l\000i\000t\000i\000e\000s}{chapter.3}% 170
\BOOKMARK [2][-]{subsection.3.25.1}{\376\377\0003\000.\0002\0005\000.\0001\000\040\000D\000e\000t\000a\000i\000l\000e\000d\000\040\000D\000e\000s\000c\000r\000i\000p\000t\000i\000o\000n}{section.3.25}% 171
\BOOKMARK [2][-]{subsection.3.25.2}{\376\377\0003\000.\0002\0005\000.\0002\000\040\000M\000a\000c\000r\000o\000\040\000D\000e\000f\000i\000n\000i\000t\000i\000o\000n\000\040\000D\000o\000c\000u\000m\000e\000n\000t\000a\000t\000i\000o\000n}{section.3.25}% 172
\BOOKMARK [3][-]{subsubsection.3.25.2.1}{\376\377\0003\000.\0002\0005\000.\0002\000.\0001\000\040\000E\000E\000P\000R\000O\000M\000S\000I\000Z\000E}{subsection.3.25.2}% 173
\BOOKMARK [3][-]{subsubsection.3.25.2.2}{\376\377\0003\000.\0002\0005\000.\0002\000.\0002\000\040\000P\000A\000G\000E\000L\000E\000N\000G\000T\000H}{subsection.3.25.2}% 174
\BOOKMARK [1][-]{section.3.26}{\376\377\0003\000.\0002\0006\000\040\000I\000n\000i\000t\000i\000a\000l\000i\000s\000a\000t\000i\000o\000n\000\040\000f\000u\000n\000c\000t\000i\000o\000n\000s}{chapter.3}% 175
\BOOKMARK [2][-]{subsection.3.26.1}{\376\377\0003\000.\0002\0006\000.\0001\000\040\000D\000e\000t\000a\000i\000l\000e\000d\000\040\000D\000e\000s\000c\000r\000i\000p\000t\000i\000o\000n}{section.3.26}% 176
\BOOKMARK [2][-]{subsection.3.26.2}{\376\377\0003\000.\0002\0006\000.\0002\000\040\000F\000u\000n\000c\000t\000i\000o\000n\000\040\000D\000o\000c\000u\000m\000e\000n\000t\000a\000t\000i\000o\000n}{section.3.26}% 177
\BOOKMARK [3][-]{subsubsection.3.26.2.1}{\376\377\0003\000.\0002\0006\000.\0002\000.\0001\000\040\000e\000e\000p\000r\000o\000m\000i\000n\000i\000t\000\050\000v\000o\000i\000d\000\051}{subsection.3.26.2}% 178
\BOOKMARK [1][-]{section.3.27}{\376\377\0003\000.\0002\0007\000\040\000T\000r\000a\000n\000s\000m\000i\000s\000s\000i\000o\000n\000\040\000f\000u\000n\000c\000t\000i\000o\000n\000s}{chapter.3}% 179
\BOOKMARK [2][-]{subsection.3.27.1}{\376\377\0003\000.\0002\0007\000.\0001\000\040\000D\000e\000t\000a\000i\000l\000e\000d\000\040\000D\000e\000s\000c\000r\000i\000p\000t\000i\000o\000n}{section.3.27}% 180
\BOOKMARK [2][-]{subsection.3.27.2}{\376\377\0003\000.\0002\0007\000.\0002\000\040\000F\000u\000n\000c\000t\000i\000o\000n\000\040\000D\000o\000c\000u\000m\000e\000n\000t\000a\000t\000i\000o\000n}{section.3.27}% 181
\BOOKMARK [3][-]{subsubsection.3.27.2.1}{\376\377\0003\000.\0002\0007\000.\0002\000.\0001\000\040\000e\000e\000p\000r\000o\000m\000c\000l\000e\000a\000r\000\050\000v\000o\000i\000d\000\051}{subsection.3.27.2}% 182
\BOOKMARK [3][-]{subsubsection.3.27.2.2}{\376\377\0003\000.\0002\0007\000.\0002\000.\0002\000\040\000e\000e\000p\000r\000o\000m\000r\000e\000a\000d\000\050\000u\000i\000n\000t\0001\0006\000t\000\040\000a\000d\000d\000r\000e\000s\000s\000\051}{subsection.3.27.2}% 183
\BOOKMARK [3][-]{subsubsection.3.27.2.3}{\376\377\0003\000.\0002\0007\000.\0002\000.\0003\000\040\000e\000e\000p\000r\000o\000m\000r\000e\000a\000d\0004\000B\000y\000t\000e\000s\000\050\000u\000i\000n\000t\0001\0006\000t\000\040\000b\000a\000s\000e\000A\000d\000d\000r\000e\000s\000s\000\051}{subsection.3.27.2}% 184
\BOOKMARK [3][-]{subsubsection.3.27.2.4}{\376\377\0003\000.\0002\0007\000.\0002\000.\0004\000\040\000e\000e\000p\000r\000o\000m\000r\000e\000a\000d\000N\000B\000y\000t\000e\000s\000\050\000u\000i\000n\000t\0001\0006\000t\000\040\000b\000a\000s\000e\000A\000d\000d\000r\000e\000s\000s\000,\000\040\000u\000i\000n\000t\0008\000t\000\040\000*\000d\000a\000t\000a\000,\000\040\000u\000i\000n\000t\0001\0006\000t\000\040\000N\000\051}{subsection.3.27.2}% 185
\BOOKMARK [3][-]{subsubsection.3.27.2.5}{\376\377\0003\000.\0002\0007\000.\0002\000.\0005\000\040\000e\000e\000p\000r\000o\000m\000w\000r\000i\000t\000e\000\050\000u\000i\000n\000t\0001\0006\000t\000\040\000a\000d\000d\000r\000e\000s\000s\000,\000\040\000u\000i\000n\000t\0008\000t\000\040\000d\000a\000t\000a\000\051}{subsection.3.27.2}% 186
\BOOKMARK [3][-]{subsubsection.3.27.2.6}{\376\377\0003\000.\0002\0007\000.\0002\000.\0006\000\040\000e\000e\000p\000r\000o\000m\000w\000r\000i\000t\000e\0003\0002\000B\000y\000t\000e\000s\000\050\000u\000i\000n\000t\0001\0006\000t\000\040\000b\000a\000s\000e\000A\000d\000d\000r\000e\000s\000s\000,\000\040\000u\000i\000n\000t\0008\000t\000\040\000*\000d\000a\000t\000a\000\051}{subsection.3.27.2}% 187
\BOOKMARK [3][-]{subsubsection.3.27.2.7}{\376\377\0003\000.\0002\0007\000.\0002\000.\0007\000\040\000e\000e\000p\000r\000o\000m\000w\000r\000i\000t\000e\0004\000B\000y\000t\000e\000s\000\050\000u\000i\000n\000t\0001\0006\000t\000\040\000b\000a\000s\000e\000A\000d\000d\000r\000e\000s\000s\000,\000\040\000u\000i\000n\000t\0008\000t\000\040\000*\000d\000a\000t\000a\000\051}{subsection.3.27.2}% 188
\BOOKMARK [3][-]{subsubsection.3.27.2.8}{\376\377\0003\000.\0002\0007\000.\0002\000.\0008\000\040\000e\000e\000p\000r\000o\000m\000w\000r\000i\000t\000e\000N\000B\000y\000t\000e\000s\000\050\000u\000i\000n\000t\0001\0006\000t\000\040\000b\000a\000s\000e\000A\000d\000d\000r\000e\000s\000s\000,\000\040\000u\000i\000n\000t\0008\000t\000\040\000*\000d\000a\000t\000a\000,\000\040\000u\000i\000n\000t\0001\0006\000t\000\040\000N\000\051}{subsection.3.27.2}% 189
\BOOKMARK [1][-]{section.3.28}{\376\377\0003\000.\0002\0008\000\040\000I\000n\000i\000t\000i\000a\000l\000i\000s\000a\000t\000i\000o\000n\000\040\000f\000u\000n\000c\000t\000i\000o\000n\000s}{chapter.3}% 190
\BOOKMARK [2][-]{subsection.3.28.1}{\376\377\0003\000.\0002\0008\000.\0001\000\040\000D\000e\000t\000a\000i\000l\000e\000d\000\040\000D\000e\000s\000c\000r\000i\000p\000t\000i\000o\000n}{section.3.28}% 191
\BOOKMARK [2][-]{subsection.3.28.2}{\376\377\0003\000.\0002\0008\000.\0002\000\040\000F\000u\000n\000c\000t\000i\000o\000n\000\040\000D\000o\000c\000u\000m\000e\000n\000t\000a\000t\000i\000o\000n}{section.3.28}% 192
\BOOKMARK [3][-]{subsubsection.3.28.2.1}{\376\377\0003\000.\0002\0008\000.\0002\000.\0001\000\040\000n\000e\000o\000p\000i\000x\000e\000l\000i\000n\000i\000t\000\050\000v\000o\000i\000d\000\051}{subsection.3.28.2}% 193
\BOOKMARK [1][-]{section.3.29}{\376\377\0003\000.\0002\0009\000\040\000S\000t\000a\000t\000e\000\040\000a\000l\000t\000e\000r\000a\000t\000i\000o\000n\000\040\000f\000u\000n\000c\000t\000i\000o\000n\000s}{chapter.3}% 194
\BOOKMARK [2][-]{subsection.3.29.1}{\376\377\0003\000.\0002\0009\000.\0001\000\040\000D\000e\000t\000a\000i\000l\000e\000d\000\040\000D\000e\000s\000c\000r\000i\000p\000t\000i\000o\000n}{section.3.29}% 195
\BOOKMARK [2][-]{subsection.3.29.2}{\376\377\0003\000.\0002\0009\000.\0002\000\040\000F\000u\000n\000c\000t\000i\000o\000n\000\040\000D\000o\000c\000u\000m\000e\000n\000t\000a\000t\000i\000o\000n}{section.3.29}% 196
\BOOKMARK [3][-]{subsubsection.3.29.2.1}{\376\377\0003\000.\0002\0009\000.\0002\000.\0001\000\040\000n\000e\000o\000p\000i\000x\000e\000l\000c\000l\000e\000a\000r\000\050\000v\000o\000i\000d\000\051}{subsection.3.29.2}% 197
\BOOKMARK [3][-]{subsubsection.3.29.2.2}{\376\377\0003\000.\0002\0009\000.\0002\000.\0002\000\040\000n\000e\000o\000p\000i\000x\000e\000l\000d\000a\000t\000a\000I\000n\000i\000t\000\050\000v\000o\000i\000d\000\051}{subsection.3.29.2}% 198
\BOOKMARK [3][-]{subsubsection.3.29.2.3}{\376\377\0003\000.\0002\0009\000.\0002\000.\0003\000\040\000n\000e\000o\000p\000i\000x\000e\000l\000s\000e\000t\000B\000r\000i\000g\000h\000t\000n\000e\000s\000s\000\050\000u\000i\000n\000t\0008\000t\000\040\000b\000\051}{subsection.3.29.2}% 199
\BOOKMARK [3][-]{subsubsection.3.29.2.4}{\376\377\0003\000.\0002\0009\000.\0002\000.\0004\000\040\000n\000e\000o\000p\000i\000x\000e\000l\000s\000e\000t\000P\000i\000x\000e\000l\000C\000o\000l\000o\000u\000r\000R\000G\000B\000\050\000u\000i\000n\000t\0008\000t\000\040\000n\000,\000\040\000u\000i\000n\000t\0008\000t\000\040\000r\000,\000\040\000u\000i\000n\000t\0008\000t\000\040\000g\000,\000\040\000u\000i\000n\000t\0008\000t\000\040\000b\000\051}{subsection.3.29.2}% 200
\BOOKMARK [3][-]{subsubsection.3.29.2.5}{\376\377\0003\000.\0002\0009\000.\0002\000.\0005\000\040\000n\000e\000o\000p\000i\000x\000e\000l\000s\000e\000t\000S\000t\000a\000t\000e\000\050\000u\000i\000n\000t\0008\000t\000\040\000s\000\051}{subsection.3.29.2}% 201
\BOOKMARK [3][-]{subsubsection.3.29.2.6}{\376\377\0003\000.\0002\0009\000.\0002\000.\0006\000\040\000n\000e\000o\000p\000i\000x\000e\000l\000s\000h\000o\000w\000\050\000v\000o\000i\000d\000\051}{subsection.3.29.2}% 202
\BOOKMARK [3][-]{subsubsection.3.29.2.7}{\376\377\0003\000.\0002\0009\000.\0002\000.\0007\000\040\000T\000I\000M\0002\000I\000R\000Q\000H\000a\000n\000d\000l\000e\000r\000\050\000v\000o\000i\000d\000\051}{subsection.3.29.2}% 203
\BOOKMARK [1][-]{section.3.30}{\376\377\0003\000.\0003\0000\000\040\000C\000o\000l\000o\000u\000r\000\040\000g\000e\000n\000e\000r\000a\000t\000i\000o\000n\000\040\000f\000u\000n\000c\000t\000i\000o\000n\000s}{chapter.3}% 204
\BOOKMARK [2][-]{subsection.3.30.1}{\376\377\0003\000.\0003\0000\000.\0001\000\040\000D\000e\000t\000a\000i\000l\000e\000d\000\040\000D\000e\000s\000c\000r\000i\000p\000t\000i\000o\000n}{section.3.30}% 205
\BOOKMARK [2][-]{subsection.3.30.2}{\376\377\0003\000.\0003\0000\000.\0002\000\040\000F\000u\000n\000c\000t\000i\000o\000n\000\040\000D\000o\000c\000u\000m\000e\000n\000t\000a\000t\000i\000o\000n}{section.3.30}% 206
\BOOKMARK [3][-]{subsubsection.3.30.2.1}{\376\377\0003\000.\0003\0000\000.\0002\000.\0001\000\040\000n\000e\000o\000p\000i\000x\000e\000l\000c\000o\000l\000o\000u\000r\000R\000G\000B\000\050\000u\000i\000n\000t\0008\000t\000\040\000r\000,\000\040\000u\000i\000n\000t\0008\000t\000\040\000g\000,\000\040\000u\000i\000n\000t\0008\000t\000\040\000b\000\051}{subsection.3.30.2}% 207
\BOOKMARK [3][-]{subsubsection.3.30.2.2}{\376\377\0003\000.\0003\0000\000.\0002\000.\0002\000\040\000n\000e\000o\000p\000i\000x\000e\000l\000c\000o\000l\000o\000u\000r\000R\000G\000B\000W\000\050\000u\000i\000n\000t\0008\000t\000\040\000r\000,\000\040\000u\000i\000n\000t\0008\000t\000\040\000g\000,\000\040\000u\000i\000n\000t\0008\000t\000\040\000b\000,\000\040\000u\000i\000n\000t\0008\000t\000\040\000w\000\051}{subsection.3.30.2}% 208
\BOOKMARK [1][-]{section.3.31}{\376\377\0003\000.\0003\0001\000\040\000c\000o\000l\000o\000u\000r\000\040\000d\000i\000s\000p\000l\000a\000y\000\040\000f\000u\000n\000c\000t\000i\000o\000n\000s}{chapter.3}% 209
\BOOKMARK [2][-]{subsection.3.31.1}{\376\377\0003\000.\0003\0001\000.\0001\000\040\000D\000e\000t\000a\000i\000l\000e\000d\000\040\000D\000e\000s\000c\000r\000i\000p\000t\000i\000o\000n}{section.3.31}% 210
\BOOKMARK [2][-]{subsection.3.31.2}{\376\377\0003\000.\0003\0001\000.\0002\000\040\000F\000u\000n\000c\000t\000i\000o\000n\000\040\000D\000o\000c\000u\000m\000e\000n\000t\000a\000t\000i\000o\000n}{section.3.31}% 211
\BOOKMARK [3][-]{subsubsection.3.31.2.1}{\376\377\0003\000.\0003\0001\000.\0002\000.\0001\000\040\000n\000e\000o\000p\000i\000x\000e\000l\000s\000e\000t\000A\000l\000l\000P\000i\000x\000e\000l\000R\000G\000B\000\050\000u\000i\000n\000t\0008\000t\000\040\000r\000,\000\040\000u\000i\000n\000t\0008\000t\000\040\000g\000,\000\040\000u\000i\000n\000t\0008\000t\000\040\000b\000\051}{subsection.3.31.2}% 212
\BOOKMARK [3][-]{subsubsection.3.31.2.2}{\376\377\0003\000.\0003\0001\000.\0002\000.\0002\000\040\000n\000e\000o\000p\000i\000x\000e\000l\000s\000e\000t\000A\000l\000l\000P\000i\000x\000e\000l\000R\000G\000B\000W\000\050\000u\000i\000n\000t\0008\000t\000\040\000r\000,\000\040\000u\000i\000n\000t\0008\000t\000\040\000g\000,\000\040\000u\000i\000n\000t\0008\000t\000\040\000b\000,\000\040\000u\000i\000n\000t\0008\000t\000\040\000w\000\051}{subsection.3.31.2}% 213
\BOOKMARK [3][-]{subsubsection.3.31.2.3}{\376\377\0003\000.\0003\0001\000.\0002\000.\0003\000\040\000n\000e\000o\000p\000i\000x\000e\000l\000s\000e\000t\000P\000i\000x\000e\000l\000C\000o\000l\000o\000u\000r\000\050\000u\000i\000n\000t\0008\000t\000\040\000n\000,\000\040\000u\000i\000n\000t\0003\0002\000t\000\040\000c\000\051}{subsection.3.31.2}% 214
\BOOKMARK [3][-]{subsubsection.3.31.2.4}{\376\377\0003\000.\0003\0001\000.\0002\000.\0004\000\040\000n\000e\000o\000p\000i\000x\000e\000l\000s\000e\000t\000P\000i\000x\000e\000l\000C\000o\000l\000o\000u\000r\000R\000G\000B\000\050\000u\000i\000n\000t\0008\000t\000\040\000n\000,\000\040\000u\000i\000n\000t\0008\000t\000\040\000r\000,\000\040\000u\000i\000n\000t\0008\000t\000\040\000g\000,\000\040\000u\000i\000n\000t\0008\000t\000\040\000b\000\051}{subsection.3.31.2}% 215
\BOOKMARK [3][-]{subsubsection.3.31.2.5}{\376\377\0003\000.\0003\0001\000.\0002\000.\0005\000\040\000n\000e\000o\000p\000i\000x\000e\000l\000s\000e\000t\000P\000i\000x\000e\000l\000C\000o\000l\000o\000u\000r\000R\000G\000B\000W\000\050\000u\000i\000n\000t\0008\000t\000\040\000n\000,\000\040\000u\000i\000n\000t\0008\000t\000\040\000r\000,\000\040\000u\000i\000n\000t\0008\000t\000\040\000g\000,\000\040\000u\000i\000n\000t\0008\000t\000\040\000b\000,\000\040\000u\000i\000n\000t\0008\000t\000\040\000w\000\051}{subsection.3.31.2}% 216
\BOOKMARK [3][-]{subsubsection.3.31.2.6}{\376\377\0003\000.\0003\0001\000.\0002\000.\0006\000\040\000n\000e\000o\000p\000i\000x\000e\000l\000s\000e\000t\000P\000i\000x\000e\000l\000C\000o\000l\000o\000u\000r\000W\000\050\000u\000i\000n\000t\0008\000t\000\040\000n\000,\000\040\000u\000i\000n\000t\0003\0002\000t\000\040\000c\000\051}{subsection.3.31.2}% 217
\BOOKMARK [1][-]{section.3.32}{\376\377\0003\000.\0003\0002\000\040\000I\000n\000i\000t\000i\000a\000l\000i\000s\000e\000\040\000t\000h\000e\000\040\000t\000e\000m\000p\000e\000r\000a\000t\000u\000r\000e\000\040\000r\000e\000a\000d\000e\000r}{chapter.3}% 218
\BOOKMARK [2][-]{subsection.3.32.1}{\376\377\0003\000.\0003\0002\000.\0001\000\040\000D\000e\000t\000a\000i\000l\000e\000d\000\040\000D\000e\000s\000c\000r\000i\000p\000t\000i\000o\000n}{section.3.32}% 219
\BOOKMARK [2][-]{subsection.3.32.2}{\376\377\0003\000.\0003\0002\000.\0002\000\040\000F\000u\000n\000c\000t\000i\000o\000n\000\040\000D\000o\000c\000u\000m\000e\000n\000t\000a\000t\000i\000o\000n}{section.3.32}% 220
\BOOKMARK [3][-]{subsubsection.3.32.2.1}{\376\377\0003\000.\0003\0002\000.\0002\000.\0001\000\040\000t\000e\000m\000p\000e\000r\000a\000t\000u\000r\000e\000i\000n\000i\000t\000\050\000v\000o\000i\000d\000\051}{subsection.3.32.2}% 221
\BOOKMARK [1][-]{section.3.33}{\376\377\0003\000.\0003\0003\000\040\000T\000e\000m\000p\000e\000r\000a\000t\000u\000r\000e\000\040\000i\000n\000f\000o\000r\000m\000a\000t\000i\000o\000n}{chapter.3}% 222
\BOOKMARK [2][-]{subsection.3.33.1}{\376\377\0003\000.\0003\0003\000.\0001\000\040\000D\000e\000t\000a\000i\000l\000e\000d\000\040\000D\000e\000s\000c\000r\000i\000p\000t\000i\000o\000n}{section.3.33}% 223
\BOOKMARK [2][-]{subsection.3.33.2}{\376\377\0003\000.\0003\0003\000.\0002\000\040\000F\000u\000n\000c\000t\000i\000o\000n\000\040\000D\000o\000c\000u\000m\000e\000n\000t\000a\000t\000i\000o\000n}{section.3.33}% 224
\BOOKMARK [3][-]{subsubsection.3.33.2.1}{\376\377\0003\000.\0003\0003\000.\0002\000.\0001\000\040\000t\000e\000m\000p\000e\000r\000a\000t\000u\000r\000e\000r\000e\000a\000d\000\050\000v\000o\000i\000d\000\051}{subsection.3.33.2}% 225
\BOOKMARK [3][-]{subsubsection.3.33.2.2}{\376\377\0003\000.\0003\0003\000.\0002\000.\0002\000\040\000t\000e\000m\000p\000e\000r\000a\000t\000u\000r\000e\000v\000a\000l\000u\000e\000\050\000v\000o\000i\000d\000\051}{subsection.3.33.2}% 226
\BOOKMARK [1][-]{section.3.34}{\376\377\0003\000.\0003\0004\000\040\000N\000e\000x\000t\000i\000o\000n\000\137\000C\000o\000n\000s\000t\000a\000n\000t\000s}{chapter.3}% 227
\BOOKMARK [2][-]{subsection.3.34.1}{\376\377\0003\000.\0003\0004\000.\0001\000\040\000D\000e\000t\000a\000i\000l\000e\000d\000\040\000D\000e\000s\000c\000r\000i\000p\000t\000i\000o\000n}{section.3.34}% 228
\BOOKMARK [2][-]{subsection.3.34.2}{\376\377\0003\000.\0003\0004\000.\0002\000\040\000M\000a\000c\000r\000o\000\040\000D\000e\000f\000i\000n\000i\000t\000i\000o\000n\000\040\000D\000o\000c\000u\000m\000e\000n\000t\000a\000t\000i\000o\000n}{section.3.34}% 229
\BOOKMARK [3][-]{subsubsection.3.34.2.1}{\376\377\0003\000.\0003\0004\000.\0002\000.\0001\000\040\000N\000E\000X\000T\000I\000O\000N\000A\000F\000U\000S\000A\000R\000T}{subsection.3.34.2}% 230
\BOOKMARK [3][-]{subsubsection.3.34.2.2}{\376\377\0003\000.\0003\0004\000.\0002\000.\0002\000\040\000N\000E\000X\000T\000I\000O\000N\000B\000A\000U\000D\000R\000A\000T\000E}{subsection.3.34.2}% 231
\BOOKMARK [3][-]{subsubsection.3.34.2.3}{\376\377\0003\000.\0003\0004\000.\0002\000.\0003\000\040\000N\000E\000X\000T\000I\000O\000N\000G\000P\000I\000O\000X}{subsection.3.34.2}% 232
\BOOKMARK [3][-]{subsubsection.3.34.2.4}{\376\377\0003\000.\0003\0004\000.\0002\000.\0004\000\040\000N\000E\000X\000T\000I\000O\000N\000P\000E\000R\000I\000P\000H\000G\000P\000I\000O\000X}{subsection.3.34.2}% 233
\BOOKMARK [3][-]{subsubsection.3.34.2.5}{\376\377\0003\000.\0003\0004\000.\0002\000.\0005\000\040\000N\000E\000X\000T\000I\000O\000N\000P\000E\000R\000I\000P\000H\000U\000S\000A\000R\000T\000X}{subsection.3.34.2}% 234
\BOOKMARK [3][-]{subsubsection.3.34.2.6}{\376\377\0003\000.\0003\0004\000.\0002\000.\0006\000\040\000N\000E\000X\000T\000I\000O\000N\000R\000X\000P\000I\000N}{subsection.3.34.2}% 235
\BOOKMARK [3][-]{subsubsection.3.34.2.7}{\376\377\0003\000.\0003\0004\000.\0002\000.\0007\000\040\000N\000E\000X\000T\000I\000O\000N\000R\000X\000P\000I\000N\000S\000O\000U\000R\000C\000E}{subsection.3.34.2}% 236
\BOOKMARK [3][-]{subsubsection.3.34.2.8}{\376\377\0003\000.\0003\0004\000.\0002\000.\0008\000\040\000N\000E\000X\000T\000I\000O\000N\000T\000X\000P\000I\000N}{subsection.3.34.2}% 237
\BOOKMARK [3][-]{subsubsection.3.34.2.9}{\376\377\0003\000.\0003\0004\000.\0002\000.\0009\000\040\000N\000E\000X\000T\000I\000O\000N\000T\000X\000P\000I\000N\000S\000O\000U\000R\000C\000E}{subsection.3.34.2}% 238
\BOOKMARK [3][-]{subsubsection.3.34.2.10}{\376\377\0003\000.\0003\0004\000.\0002\000.\0001\0000\000\040\000N\000E\000X\000T\000I\000O\000N\000U\000S\000A\000R\000T\000X}{subsection.3.34.2}% 239
\BOOKMARK [3][-]{subsubsection.3.34.2.11}{\376\377\0003\000.\0003\0004\000.\0002\000.\0001\0001\000\040\000N\000E\000X\000T\000I\000O\000N\000U\000S\000A\000R\000T\000X\000I\000R\000Q}{subsection.3.34.2}% 240
\BOOKMARK [1][-]{section.3.35}{\376\377\0003\000.\0003\0005\000\040\000I\000n\000i\000t\000i\000a\000l\000i\000z\000a\000t\000i\000o\000n\000\040\000a\000n\000d\000\040\000t\000r\000a\000n\000s\000m\000i\000s\000s\000i\000o\000n\000\040\000h\000a\000n\000d\000l\000e\000r\000\040\000f\000u\000n\000c\000t\000i\000o\000n\000s}{chapter.3}% 241
\BOOKMARK [2][-]{subsection.3.35.1}{\376\377\0003\000.\0003\0005\000.\0001\000\040\000D\000e\000t\000a\000i\000l\000e\000d\000\040\000D\000e\000s\000c\000r\000i\000p\000t\000i\000o\000n}{section.3.35}% 242
\BOOKMARK [2][-]{subsection.3.35.2}{\376\377\0003\000.\0003\0005\000.\0002\000\040\000F\000u\000n\000c\000t\000i\000o\000n\000\040\000D\000o\000c\000u\000m\000e\000n\000t\000a\000t\000i\000o\000n}{section.3.35}% 243
\BOOKMARK [3][-]{subsubsection.3.35.2.1}{\376\377\0003\000.\0003\0005\000.\0002\000.\0001\000\040\000D\000M\000A\0001\000S\000t\000r\000e\000a\000m\0005\000I\000R\000Q\000H\000a\000n\000d\000l\000e\000r\000\050\000v\000o\000i\000d\000\051}{subsection.3.35.2}% 244
\BOOKMARK [3][-]{subsubsection.3.35.2.2}{\376\377\0003\000.\0003\0005\000.\0002\000.\0002\000\040\000n\000e\000x\000t\000i\000o\000n\000b\000u\000f\000f\000e\000r\000u\000p\000d\000a\000t\000e\000\050\000v\000o\000i\000d\000\051}{subsection.3.35.2}% 245
\BOOKMARK [3][-]{subsubsection.3.35.2.3}{\376\377\0003\000.\0003\0005\000.\0002\000.\0003\000\040\000n\000e\000x\000t\000i\000o\000n\000i\000n\000i\000t\000\050\000v\000o\000i\000d\000\051}{subsection.3.35.2}% 246
\BOOKMARK [3][-]{subsubsection.3.35.2.4}{\376\377\0003\000.\0003\0005\000.\0002\000.\0004\000\040\000U\000S\000A\000R\000T\0002\000I\000R\000Q\000H\000a\000n\000d\000l\000e\000r\000\050\000v\000o\000i\000d\000\051}{subsection.3.35.2}% 247
\BOOKMARK [1][-]{section.3.36}{\376\377\0003\000.\0003\0006\000\040\000T\000r\000a\000n\000s\000m\000i\000s\000s\000i\000o\000n\000\040\000f\000u\000n\000c\000t\000i\000o\000n\000s}{chapter.3}% 248
\BOOKMARK [2][-]{subsection.3.36.1}{\376\377\0003\000.\0003\0006\000.\0001\000\040\000D\000e\000t\000a\000i\000l\000e\000d\000\040\000D\000e\000s\000c\000r\000i\000p\000t\000i\000o\000n}{section.3.36}% 249
\BOOKMARK [2][-]{subsection.3.36.2}{\376\377\0003\000.\0003\0006\000.\0002\000\040\000F\000u\000n\000c\000t\000i\000o\000n\000\040\000D\000o\000c\000u\000m\000e\000n\000t\000a\000t\000i\000o\000n}{section.3.36}% 250
\BOOKMARK [3][-]{subsubsection.3.36.2.1}{\376\377\0003\000.\0003\0006\000.\0002\000.\0001\000\040\000n\000e\000x\000t\000i\000o\000n\000s\000e\000n\000d\000\050\000u\000i\000n\000t\0008\000t\000\040\000*\000d\000a\000t\000a\000\051}{subsection.3.36.2}% 251
\BOOKMARK [1][-]{section.3.37}{\376\377\0003\000.\0003\0007\000\040\000A\000u\000d\000i\000o}{chapter.3}% 252
\BOOKMARK [2][-]{subsection.3.37.1}{\376\377\0003\000.\0003\0007\000.\0001\000\040\000D\000e\000t\000a\000i\000l\000e\000d\000\040\000D\000e\000s\000c\000r\000i\000p\000t\000i\000o\000n}{section.3.37}% 253
\BOOKMARK [1][-]{section.3.38}{\376\377\0003\000.\0003\0008\000\040\000B\000l\000u\000e\000t\000o\000o\000t\000h}{chapter.3}% 254
\BOOKMARK [2][-]{subsection.3.38.1}{\376\377\0003\000.\0003\0008\000.\0001\000\040\000D\000e\000t\000a\000i\000l\000e\000d\000\040\000D\000e\000s\000c\000r\000i\000p\000t\000i\000o\000n}{section.3.38}% 255
\BOOKMARK [2][-]{subsection.3.38.2}{\376\377\0003\000.\0003\0008\000.\0002\000\040\000V\000a\000r\000i\000a\000b\000l\000e\000\040\000D\000o\000c\000u\000m\000e\000n\000t\000a\000t\000i\000o\000n}{section.3.38}% 256
\BOOKMARK [3][-]{subsubsection.3.38.2.1}{\376\377\0003\000.\0003\0008\000.\0002\000.\0001\000\040\000b\000l\000u\000e\000t\000o\000o\000t\000h\000r\000e\000a\000d}{subsection.3.38.2}% 257
\BOOKMARK [3][-]{subsubsection.3.38.2.2}{\376\377\0003\000.\0003\0008\000.\0002\000.\0002\000\040\000b\000l\000u\000e\000t\000o\000o\000t\000h\000w\000r\000i\000t\000e}{subsection.3.38.2}% 258
\BOOKMARK [1][-]{section.3.39}{\376\377\0003\000.\0003\0009\000\040\000C\000l\000o\000c\000k}{chapter.3}% 259
\BOOKMARK [2][-]{subsection.3.39.1}{\376\377\0003\000.\0003\0009\000.\0001\000\040\000D\000e\000t\000a\000i\000l\000e\000d\000\040\000D\000e\000s\000c\000r\000i\000p\000t\000i\000o\000n}{section.3.39}% 260
\BOOKMARK [2][-]{subsection.3.39.2}{\376\377\0003\000.\0003\0009\000.\0002\000\040\000V\000a\000r\000i\000a\000b\000l\000e\000\040\000D\000o\000c\000u\000m\000e\000n\000t\000a\000t\000i\000o\000n}{section.3.39}% 261
\BOOKMARK [3][-]{subsubsection.3.39.2.1}{\376\377\0003\000.\0003\0009\000.\0002\000.\0001\000\040\000E\000X\000T\000I\000I\000n\000i\000t\000S\000t\000r\000u\000c\000t}{subsection.3.39.2}% 262
\BOOKMARK [3][-]{subsubsection.3.39.2.2}{\376\377\0003\000.\0003\0009\000.\0002\000.\0002\000\040\000R\000T\000C\000A\000l\000a\000r\000m\000S\000t\000r\000u\000c\000t}{subsection.3.39.2}% 263
\BOOKMARK [3][-]{subsubsection.3.39.2.3}{\376\377\0003\000.\0003\0009\000.\0002\000.\0003\000\040\000R\000T\000C\000I\000n\000i\000t\000S\000t\000r\000u\000c\000t}{subsection.3.39.2}% 264
\BOOKMARK [1][-]{section.3.40}{\376\377\0003\000.\0004\0000\000\040\000C\000o\000n\000f\000i\000g\000u\000r\000a\000t\000i\000o\000n}{chapter.3}% 265
\BOOKMARK [2][-]{subsection.3.40.1}{\376\377\0003\000.\0004\0000\000.\0001\000\040\000D\000e\000t\000a\000i\000l\000e\000d\000\040\000D\000e\000s\000c\000r\000i\000p\000t\000i\000o\000n}{section.3.40}% 266
\BOOKMARK [2][-]{subsection.3.40.2}{\376\377\0003\000.\0004\0000\000.\0002\000\040\000F\000u\000n\000c\000t\000i\000o\000n\000\040\000D\000o\000c\000u\000m\000e\000n\000t\000a\000t\000i\000o\000n}{section.3.40}% 267
\BOOKMARK [3][-]{subsubsection.3.40.2.1}{\376\377\0003\000.\0004\0000\000.\0002\000.\0001\000\040\000E\000r\000r\000o\000r\000H\000a\000n\000d\000l\000e\000r\000\050\000v\000o\000i\000d\000\051}{subsection.3.40.2}% 268
\BOOKMARK [3][-]{subsubsection.3.40.2.2}{\376\377\0003\000.\0004\0000\000.\0002\000.\0002\000\040\000N\000P\000C\000i\000n\000i\000t\000\050\000v\000o\000i\000d\000\051}{subsection.3.40.2}% 269
\BOOKMARK [1][-]{section.3.41}{\376\377\0003\000.\0004\0001\000\040\000E\000e\000p\000r\000o\000m}{chapter.3}% 270
\BOOKMARK [2][-]{subsection.3.41.1}{\376\377\0003\000.\0004\0001\000.\0001\000\040\000D\000e\000t\000a\000i\000l\000e\000d\000\040\000D\000e\000s\000c\000r\000i\000p\000t\000i\000o\000n}{section.3.41}% 271
\BOOKMARK [1][-]{section.3.42}{\376\377\0003\000.\0004\0002\000\040\000N\000e\000o\000P\000i\000x\000e\000l}{chapter.3}% 272
\BOOKMARK [2][-]{subsection.3.42.1}{\376\377\0003\000.\0004\0002\000.\0001\000\040\000D\000e\000t\000a\000i\000l\000e\000d\000\040\000D\000e\000s\000c\000r\000i\000p\000t\000i\000o\000n}{section.3.42}% 273
\BOOKMARK [1][-]{section.3.43}{\376\377\0003\000.\0004\0003\000\040\000T\000e\000m\000p\000e\000r\000a\000t\000u\000r\000e}{chapter.3}% 274
\BOOKMARK [2][-]{subsection.3.43.1}{\376\377\0003\000.\0004\0003\000.\0001\000\040\000D\000e\000t\000a\000i\000l\000e\000d\000\040\000D\000e\000s\000c\000r\000i\000p\000t\000i\000o\000n}{section.3.43}% 275
\BOOKMARK [1][-]{section.3.44}{\376\377\0003\000.\0004\0004\000\040\000U\000t\000i\000l\000s}{chapter.3}% 276
\BOOKMARK [2][-]{subsection.3.44.1}{\376\377\0003\000.\0004\0004\000.\0001\000\040\000D\000e\000t\000a\000i\000l\000e\000d\000\040\000D\000e\000s\000c\000r\000i\000p\000t\000i\000o\000n}{section.3.44}% 277
\BOOKMARK [2][-]{subsection.3.44.2}{\376\377\0003\000.\0004\0004\000.\0002\000\040\000M\000a\000c\000r\000o\000\040\000D\000e\000f\000i\000n\000i\000t\000i\000o\000n\000\040\000D\000o\000c\000u\000m\000e\000n\000t\000a\000t\000i\000o\000n}{section.3.44}% 278
\BOOKMARK [3][-]{subsubsection.3.44.2.1}{\376\377\0003\000.\0004\0004\000.\0002\000.\0001\000\040\000D\000M\000A\000R\000X\000B\000U\000F\000F\000E\000R\000S\000I\000Z\000E}{subsection.3.44.2}% 279
\BOOKMARK [3][-]{subsubsection.3.44.2.2}{\376\377\0003\000.\0004\0004\000.\0002\000.\0002\000\040\000U\000A\000R\000T\000B\000U\000F\000F\000E\000R\000S\000I\000Z\000E}{subsection.3.44.2}% 280
\BOOKMARK [2][-]{subsection.3.44.3}{\376\377\0003\000.\0004\0004\000.\0003\000\040\000E\000n\000u\000m\000e\000r\000a\000t\000i\000o\000n\000\040\000T\000y\000p\000e\000\040\000D\000o\000c\000u\000m\000e\000n\000t\000a\000t\000i\000o\000n}{section.3.44}% 281
\BOOKMARK [3][-]{subsubsection.3.44.3.1}{\376\377\0003\000.\0004\0004\000.\0003\000.\0001\000\040\000b\000o\000o\000l}{subsection.3.44.3}% 282
\BOOKMARK [2][-]{subsection.3.44.4}{\376\377\0003\000.\0004\0004\000.\0004\000\040\000F\000u\000n\000c\000t\000i\000o\000n\000\040\000D\000o\000c\000u\000m\000e\000n\000t\000a\000t\000i\000o\000n}{section.3.44}% 283
\BOOKMARK [3][-]{subsubsection.3.44.4.1}{\376\377\0003\000.\0004\0004\000.\0004\000.\0001\000\040\000d\000e\000l\000a\000y\000\050\000u\000i\000n\000t\0003\0002\000t\000\040\000m\000i\000c\000r\000o\000s\000e\000c\000o\000n\000d\000s\000\051}{subsection.3.44.4}% 284
\BOOKMARK [3][-]{subsubsection.3.44.4.2}{\376\377\0003\000.\0004\0004\000.\0004\000.\0002\000\040\000m\000a\000x\000\050\000u\000i\000n\000t\0003\0002\000t\000\040\000a\000,\000\040\000u\000i\000n\000t\0003\0002\000t\000\040\000b\000,\000\040\000u\000i\000n\000t\0003\0002\000t\000\040\000c\000\051}{subsection.3.44.4}% 285
\BOOKMARK [2][-]{subsection.3.44.5}{\376\377\0003\000.\0004\0004\000.\0005\000\040\000V\000a\000r\000i\000a\000b\000l\000e\000\040\000D\000o\000c\000u\000m\000e\000n\000t\000a\000t\000i\000o\000n}{section.3.44}% 286
\BOOKMARK [3][-]{subsubsection.3.44.5.1}{\376\377\0003\000.\0004\0004\000.\0005\000.\0001\000\040\000D\000M\000A\000R\000X\000B\000u\000f\000f\000e\000r}{subsection.3.44.5}% 287
\BOOKMARK [3][-]{subsubsection.3.44.5.2}{\376\377\0003\000.\0004\0004\000.\0005\000.\0002\000\040\000D\000M\000A\000R\000X\000B\000u\000f\000f\000e\000r}{subsection.3.44.5}% 288
\BOOKMARK [3][-]{subsubsection.3.44.5.3}{\376\377\0003\000.\0004\0004\000.\0005\000.\0003\000\040\000p\000i\000x\000e\000l\000c\000o\000l\000o\000r}{subsection.3.44.5}% 289
\BOOKMARK [3][-]{subsubsection.3.44.5.4}{\376\377\0003\000.\0004\0004\000.\0005\000.\0004\000\040\000p\000i\000x\000e\000l\000c\000o\000l\000o\000r}{subsection.3.44.5}% 290
\BOOKMARK [3][-]{subsubsection.3.44.5.5}{\376\377\0003\000.\0004\0004\000.\0005\000.\0005\000\040\000U\000A\000R\000T\000B\000u\000f\000f\000e\000r}{subsection.3.44.5}% 291
\BOOKMARK [3][-]{subsubsection.3.44.5.6}{\376\377\0003\000.\0004\0004\000.\0005\000.\0006\000\040\000U\000A\000R\000T\000B\000u\000f\000f\000e\000r}{subsection.3.44.5}% 292
\BOOKMARK [1][-]{section.3.45}{\376\377\0003\000.\0004\0005\000\040\000N\000e\000x\000t\000i\000o\000n}{chapter.3}% 293
\BOOKMARK [2][-]{subsection.3.45.1}{\376\377\0003\000.\0004\0005\000.\0001\000\040\000D\000e\000t\000a\000i\000l\000e\000d\000\040\000D\000e\000s\000c\000r\000i\000p\000t\000i\000o\000n}{section.3.45}% 294
\BOOKMARK [2][-]{subsection.3.45.2}{\376\377\0003\000.\0004\0005\000.\0002\000\040\000V\000a\000r\000i\000a\000b\000l\000e\000\040\000D\000o\000c\000u\000m\000e\000n\000t\000a\000t\000i\000o\000n}{section.3.45}% 295
\BOOKMARK [3][-]{subsubsection.3.45.2.1}{\376\377\0003\000.\0004\0005\000.\0002\000.\0001\000\040\000n\000e\000x\000t\000i\000o\000n\000r\000e\000a\000d}{subsection.3.45.2}% 296
\BOOKMARK [3][-]{subsubsection.3.45.2.2}{\376\377\0003\000.\0004\0005\000.\0002\000.\0002\000\040\000n\000e\000x\000t\000i\000o\000n\000w\000r\000i\000t\000e}{subsection.3.45.2}% 297
\BOOKMARK [1][-]{section.3.46}{\376\377\0003\000.\0004\0006\000\040\000C\000l\000o\000c\000k\000\137\000m\000a\000n\000a\000g\000e\000m\000e\000n\000t\000\137\000t\000e\000s\000t}{chapter.3}% 298
\BOOKMARK [2][-]{subsection.3.46.1}{\376\377\0003\000.\0004\0006\000.\0001\000\040\000D\000e\000t\000a\000i\000l\000e\000d\000\040\000D\000e\000s\000c\000r\000i\000p\000t\000i\000o\000n}{section.3.46}% 299
\BOOKMARK [1][-]{section.3.47}{\376\377\0003\000.\0004\0007\000\040\000C\000l\000o\000c\000k\000\137\000m\000a\000n\000a\000g\000e\000m\000e\000n\000t\000\137\000t\000e\000s\000t\000\137\000s\000a\000v\000e\000\137\000l\000o\000d}{chapter.3}% 300
\BOOKMARK [2][-]{subsection.3.47.1}{\376\377\0003\000.\0004\0007\000.\0001\000\040\000D\000e\000t\000a\000i\000l\000e\000d\000\040\000D\000e\000s\000c\000r\000i\000p\000t\000i\000o\000n}{section.3.47}% 301
\BOOKMARK [2][-]{subsection.3.47.2}{\376\377\0003\000.\0004\0007\000.\0002\000\040\000F\000u\000n\000c\000t\000i\000o\000n\000\040\000D\000o\000c\000u\000m\000e\000n\000t\000a\000t\000i\000o\000n}{section.3.47}% 302
\BOOKMARK [3][-]{subsubsection.3.47.2.1}{\376\377\0003\000.\0004\0007\000.\0002\000.\0001\000\040\000t\000e\000s\000t\000C\000l\000o\000c\000k\000M\000a\000n\000g\000e\000m\000e\000n\000t\000s\000a\000v\000e\000a\000n\000d\000l\000o\000a\000d\000a\000l\000a\000r\000m\000\050\000v\000o\000i\000d\000\051}{subsection.3.47.2}% 303
\BOOKMARK [3][-]{subsubsection.3.47.2.2}{\376\377\0003\000.\0004\0007\000.\0002\000.\0002\000\040\000t\000e\000s\000t\000C\000l\000o\000c\000k\000M\000a\000n\000g\000e\000m\000e\000n\000t\000s\000a\000v\000e\000a\000n\000d\000l\000o\000a\000d\000d\000a\000t\000e\000\050\000v\000o\000i\000d\000\051}{subsection.3.47.2}% 304
\BOOKMARK [3][-]{subsubsection.3.47.2.3}{\376\377\0003\000.\0004\0007\000.\0002\000.\0003\000\040\000t\000e\000s\000t\000C\000l\000o\000c\000k\000M\000a\000n\000g\000e\000m\000e\000n\000t\000s\000a\000v\000e\000a\000n\000d\000l\000o\000a\000d\000t\000i\000m\000e\000\050\000v\000o\000i\000d\000\051}{subsection.3.47.2}% 305
\BOOKMARK [1][-]{section.3.48}{\376\377\0003\000.\0004\0008\000\040\000C\000l\000o\000c\000k\000\137\000m\000a\000n\000a\000g\000e\000m\000e\000n\000t\000\137\000t\000e\000s\000t\000\137\000c\000o\000m\000p\000a\000r\000i\000s\000o\000n}{chapter.3}% 306
\BOOKMARK [2][-]{subsection.3.48.1}{\376\377\0003\000.\0004\0008\000.\0001\000\040\000D\000e\000t\000a\000i\000l\000e\000d\000\040\000D\000e\000s\000c\000r\000i\000p\000t\000i\000o\000n}{section.3.48}% 307
\BOOKMARK [2][-]{subsection.3.48.2}{\376\377\0003\000.\0004\0008\000.\0002\000\040\000F\000u\000n\000c\000t\000i\000o\000n\000\040\000D\000o\000c\000u\000m\000e\000n\000t\000a\000t\000i\000o\000n}{section.3.48}% 308
\BOOKMARK [3][-]{subsubsection.3.48.2.1}{\376\377\0003\000.\0004\0008\000.\0002\000.\0001\000\040\000t\000e\000s\000t\000C\000l\000o\000c\000k\000M\000a\000n\000g\000e\000m\000e\000n\000t\000a\000l\000a\000r\000m\000c\000o\000m\000p\000a\000r\000i\000s\000o\000n\000\050\000v\000o\000i\000d\000\051}{subsection.3.48.2}% 309
\BOOKMARK [3][-]{subsubsection.3.48.2.2}{\376\377\0003\000.\0004\0008\000.\0002\000.\0002\000\040\000t\000e\000s\000t\000C\000l\000o\000c\000k\000M\000a\000n\000g\000e\000m\000e\000n\000t\000d\000a\000t\000e\000c\000o\000m\000p\000a\000r\000i\000s\000o\000n\000\050\000v\000o\000i\000d\000\051}{subsection.3.48.2}% 310
\BOOKMARK [3][-]{subsubsection.3.48.2.3}{\376\377\0003\000.\0004\0008\000.\0002\000.\0003\000\040\000t\000e\000s\000t\000C\000l\000o\000c\000k\000M\000a\000n\000g\000e\000m\000e\000n\000t\000t\000i\000m\000e\000c\000o\000m\000p\000a\000r\000i\000s\000o\000n\000\050\000v\000o\000i\000d\000\051}{subsection.3.48.2}% 311
\BOOKMARK [1][-]{section.3.49}{\376\377\0003\000.\0004\0009\000\040\000R\000t\000c\000\137\000t\000e\000s\000t}{chapter.3}% 312
\BOOKMARK [2][-]{subsection.3.49.1}{\376\377\0003\000.\0004\0009\000.\0001\000\040\000D\000e\000t\000a\000i\000l\000e\000d\000\040\000D\000e\000s\000c\000r\000i\000p\000t\000i\000o\000n}{section.3.49}% 313
\BOOKMARK [2][-]{subsection.3.49.2}{\376\377\0003\000.\0004\0009\000.\0002\000\040\000F\000u\000n\000c\000t\000i\000o\000n\000\040\000D\000o\000c\000u\000m\000e\000n\000t\000a\000t\000i\000o\000n}{section.3.49}% 314
\BOOKMARK [3][-]{subsubsection.3.49.2.1}{\376\377\0003\000.\0004\0009\000.\0002\000.\0001\000\040\000t\000e\000s\000t\000c\000l\000o\000c\000k\000a\000l\000a\000r\000m\000\050\000v\000o\000i\000d\000\051}{subsection.3.49.2}% 315
\BOOKMARK [3][-]{subsubsection.3.49.2.2}{\376\377\0003\000.\0004\0009\000.\0002\000.\0002\000\040\000t\000e\000s\000t\000c\000l\000o\000c\000k\000d\000a\000t\000e\000\050\000v\000o\000i\000d\000\051}{subsection.3.49.2}% 316
\BOOKMARK [3][-]{subsubsection.3.49.2.3}{\376\377\0003\000.\0004\0009\000.\0002\000.\0003\000\040\000t\000e\000s\000t\000c\000l\000o\000c\000k\000t\000i\000m\000e\000\050\000v\000o\000i\000d\000\051}{subsection.3.49.2}% 317
\BOOKMARK [1][-]{section.3.50}{\376\377\0003\000.\0005\0000\000\040\000U\000n\000i\000t\000T\000e\000s\000t\000\137\000A\000s\000s\000e\000r\000t}{chapter.3}% 318
\BOOKMARK [2][-]{subsection.3.50.1}{\376\377\0003\000.\0005\0000\000.\0001\000\040\000D\000e\000t\000a\000i\000l\000e\000d\000\040\000D\000e\000s\000c\000r\000i\000p\000t\000i\000o\000n}{section.3.50}% 319
\BOOKMARK [2][-]{subsection.3.50.2}{\376\377\0003\000.\0005\0000\000.\0002\000\040\000F\000u\000n\000c\000t\000i\000o\000n\000\040\000D\000o\000c\000u\000m\000e\000n\000t\000a\000t\000i\000o\000n}{section.3.50}% 320
\BOOKMARK [3][-]{subsubsection.3.50.2.1}{\376\377\0003\000.\0005\0000\000.\0002\000.\0001\000\040\000a\000s\000s\000e\000r\000t\000E\000q\000u\000a\000l\000\050\000i\000n\000t\000\040\000a\000,\000\040\000i\000n\000t\000\040\000b\000\051}{subsection.3.50.2}% 321
\BOOKMARK [3][-]{subsubsection.3.50.2.2}{\376\377\0003\000.\0005\0000\000.\0002\000.\0002\000\040\000a\000s\000s\000e\000r\000t\000F\000a\000l\000s\000e\000\050\000b\000o\000o\000l\000\040\000c\000o\000n\000d\000i\000t\000i\000o\000n\000\051}{subsection.3.50.2}% 322
\BOOKMARK [3][-]{subsubsection.3.50.2.3}{\376\377\0003\000.\0005\0000\000.\0002\000.\0003\000\040\000a\000s\000s\000e\000r\000t\000G\000r\000e\000a\000t\000e\000r\000\050\000i\000n\000t\000\040\000a\000,\000\040\000i\000n\000t\000\040\000b\000\051}{subsection.3.50.2}% 323
\BOOKMARK [3][-]{subsubsection.3.50.2.4}{\376\377\0003\000.\0005\0000\000.\0002\000.\0004\000\040\000a\000s\000s\000e\000r\000t\000G\000r\000e\000a\000t\000e\000r\000O\000r\000E\000q\000u\000a\000l\000\050\000i\000n\000t\000\040\000a\000,\000\040\000i\000n\000t\000\040\000b\000\051}{subsection.3.50.2}% 324
\BOOKMARK [3][-]{subsubsection.3.50.2.5}{\376\377\0003\000.\0005\0000\000.\0002\000.\0005\000\040\000a\000s\000s\000e\000r\000t\000L\000e\000s\000s\000\050\000i\000n\000t\000\040\000a\000,\000\040\000i\000n\000t\000\040\000b\000\051}{subsection.3.50.2}% 325
\BOOKMARK [3][-]{subsubsection.3.50.2.6}{\376\377\0003\000.\0005\0000\000.\0002\000.\0006\000\040\000a\000s\000s\000e\000r\000t\000L\000e\000s\000s\000O\000r\000E\000q\000u\000a\000l\000\050\000i\000n\000t\000\040\000a\000,\000\040\000i\000n\000t\000\040\000b\000\051}{subsection.3.50.2}% 326
\BOOKMARK [3][-]{subsubsection.3.50.2.7}{\376\377\0003\000.\0005\0000\000.\0002\000.\0007\000\040\000a\000s\000s\000e\000r\000t\000T\000r\000u\000e\000\050\000b\000o\000o\000l\000\040\000c\000o\000n\000d\000i\000t\000i\000o\000n\000\051}{subsection.3.50.2}% 327
\BOOKMARK [1][-]{section.3.51}{\376\377\0003\000.\0005\0001\000\040\000E\000e\000p\000r\000o\000m\000\137\000t\000e\000s\000t}{chapter.3}% 328
\BOOKMARK [2][-]{subsection.3.51.1}{\376\377\0003\000.\0005\0001\000.\0001\000\040\000D\000e\000t\000a\000i\000l\000e\000d\000\040\000D\000e\000s\000c\000r\000i\000p\000t\000i\000o\000n}{section.3.51}% 329
\BOOKMARK [2][-]{subsection.3.51.2}{\376\377\0003\000.\0005\0001\000.\0002\000\040\000F\000u\000n\000c\000t\000i\000o\000n\000\040\000D\000o\000c\000u\000m\000e\000n\000t\000a\000t\000i\000o\000n}{section.3.51}% 330
\BOOKMARK [3][-]{subsubsection.3.51.2.1}{\376\377\0003\000.\0005\0001\000.\0002\000.\0001\000\040\000t\000e\000s\000t\000e\000e\000p\000r\000o\000m\000w\000r\000i\000t\000e\0004\000B\000r\000e\000a\000d\0004\000B\000\050\000v\000o\000i\000d\000\051}{subsection.3.51.2}% 331
\BOOKMARK [3][-]{subsubsection.3.51.2.2}{\376\377\0003\000.\0005\0001\000.\0002\000.\0002\000\040\000t\000e\000s\000t\000e\000e\000p\000r\000o\000m\000w\000r\000i\000t\000e\000r\000e\000a\000d\000\050\000v\000o\000i\000d\000\051}{subsection.3.51.2}% 332
\BOOKMARK [3][-]{subsubsection.3.51.2.3}{\376\377\0003\000.\0005\0001\000.\0002\000.\0003\000\040\000t\000e\000s\000t\000e\000e\000p\000r\000o\000m\000w\000r\000i\000t\000e\000N\000B\000r\000e\000a\000d\000N\000B\000\050\000v\000o\000i\000d\000\051}{subsection.3.51.2}% 333
\BOOKMARK [1][-]{section.3.52}{\376\377\0003\000.\0005\0002\000\040\000U\000n\000i\000t\000T\000e\000s\000t}{chapter.3}% 334
\BOOKMARK [2][-]{subsection.3.52.1}{\376\377\0003\000.\0005\0002\000.\0001\000\040\000D\000e\000t\000a\000i\000l\000e\000d\000\040\000D\000e\000s\000c\000r\000i\000p\000t\000i\000o\000n}{section.3.52}% 335
\BOOKMARK [1][-]{section.3.53}{\376\377\0003\000.\0005\0003\000\040\000N\000P\000C}{chapter.3}% 336
\BOOKMARK [2][-]{subsection.3.53.1}{\376\377\0003\000.\0005\0003\000.\0001\000\040\000D\000e\000t\000a\000i\000l\000e\000d\000\040\000D\000e\000s\000c\000r\000i\000p\000t\000i\000o\000n}{section.3.53}% 337
\BOOKMARK [1][-]{section.3.54}{\376\377\0003\000.\0005\0004\000\040\000A\000p\000p\000l\000i\000c\000a\000t\000i\000o\000n}{chapter.3}% 338
\BOOKMARK [2][-]{subsection.3.54.1}{\376\377\0003\000.\0005\0004\000.\0001\000\040\000D\000e\000t\000a\000i\000l\000e\000d\000\040\000D\000e\000s\000c\000r\000i\000p\000t\000i\000o\000n}{section.3.54}% 339
\BOOKMARK [1][-]{section.3.55}{\376\377\0003\000.\0005\0005\000\040\000F\000r\000a\000m\000e\000w\000o\000r\000k}{chapter.3}% 340
\BOOKMARK [2][-]{subsection.3.55.1}{\376\377\0003\000.\0005\0005\000.\0001\000\040\000D\000e\000t\000a\000i\000l\000e\000d\000\040\000D\000e\000s\000c\000r\000i\000p\000t\000i\000o\000n}{section.3.55}% 341
\BOOKMARK [1][-]{section.3.56}{\376\377\0003\000.\0005\0006\000\040\000U\000n\000i\000t\000T\000e\000s\000t}{chapter.3}% 342
\BOOKMARK [2][-]{subsection.3.56.1}{\376\377\0003\000.\0005\0006\000.\0001\000\040\000D\000e\000t\000a\000i\000l\000e\000d\000\040\000D\000e\000s\000c\000r\000i\000p\000t\000i\000o\000n}{section.3.56}% 343
\BOOKMARK [0][-]{chapter.4}{\376\377\0004\000\040\000F\000i\000l\000e\000\040\000D\000o\000c\000u\000m\000e\000n\000t\000a\000t\000i\000o\000n}{}% 344
\BOOKMARK [1][-]{section.4.1}{\376\377\0004\000.\0001\000\040\000c\000l\000o\000c\000k\000\137\000m\000a\000n\000a\000g\000e\000m\000e\000n\000t\000.\000c\000\040\000F\000i\000l\000e\000\040\000R\000e\000f\000e\000r\000e\000n\000c\000e}{chapter.4}% 345
\BOOKMARK [2][-]{subsection.4.1.1}{\376\377\0004\000.\0001\000.\0001\000\040\000D\000e\000t\000a\000i\000l\000e\000d\000\040\000D\000e\000s\000c\000r\000i\000p\000t\000i\000o\000n}{section.4.1}% 346
\BOOKMARK [1][-]{section.4.2}{\376\377\0004\000.\0002\000\040\000c\000l\000o\000c\000k\000\137\000m\000a\000n\000a\000g\000e\000m\000e\000n\000t\000.\000h\000\040\000F\000i\000l\000e\000\040\000R\000e\000f\000e\000r\000e\000n\000c\000e}{chapter.4}% 347
\BOOKMARK [2][-]{subsection.4.2.1}{\376\377\0004\000.\0002\000.\0001\000\040\000D\000e\000t\000a\000i\000l\000e\000d\000\040\000D\000e\000s\000c\000r\000i\000p\000t\000i\000o\000n}{section.4.2}% 348
\BOOKMARK [1][-]{section.4.3}{\376\377\0004\000.\0003\000\040\000c\000l\000o\000c\000k\000\137\000m\000a\000n\000a\000g\000e\000m\000e\000n\000t\000\137\000t\000e\000s\000t\000.\000c\000\040\000F\000i\000l\000e\000\040\000R\000e\000f\000e\000r\000e\000n\000c\000e}{chapter.4}% 349
\BOOKMARK [2][-]{subsection.4.3.1}{\376\377\0004\000.\0003\000.\0001\000\040\000D\000e\000t\000a\000i\000l\000e\000d\000\040\000D\000e\000s\000c\000r\000i\000p\000t\000i\000o\000n}{section.4.3}% 350
\BOOKMARK [1][-]{section.4.4}{\376\377\0004\000.\0004\000\040\000c\000l\000o\000c\000k\000\137\000m\000a\000n\000a\000g\000e\000m\000e\000n\000t\000\137\000t\000e\000s\000t\000.\000h\000\040\000F\000i\000l\000e\000\040\000R\000e\000f\000e\000r\000e\000n\000c\000e}{chapter.4}% 351
\BOOKMARK [1][-]{section.4.5}{\376\377\0004\000.\0005\000\040\000e\000e\000p\000r\000o\000m\000\137\000t\000e\000s\000t\000.\000c\000\040\000F\000i\000l\000e\000\040\000R\000e\000f\000e\000r\000e\000n\000c\000e}{chapter.4}% 352
\BOOKMARK [2][-]{subsection.4.5.1}{\376\377\0004\000.\0005\000.\0001\000\040\000D\000e\000t\000a\000i\000l\000e\000d\000\040\000D\000e\000s\000c\000r\000i\000p\000t\000i\000o\000n}{section.4.5}% 353
\BOOKMARK [1][-]{section.4.6}{\376\377\0004\000.\0006\000\040\000e\000e\000p\000r\000o\000m\000\137\000t\000e\000s\000t\000.\000h\000\040\000F\000i\000l\000e\000\040\000R\000e\000f\000e\000r\000e\000n\000c\000e}{chapter.4}% 354
\BOOKMARK [2][-]{subsection.4.6.1}{\376\377\0004\000.\0006\000.\0001\000\040\000D\000e\000t\000a\000i\000l\000e\000d\000\040\000D\000e\000s\000c\000r\000i\000p\000t\000i\000o\000n}{section.4.6}% 355
\BOOKMARK [1][-]{section.4.7}{\376\377\0004\000.\0007\000\040\000N\000P\000C\000\137\000a\000u\000d\000i\000o\000.\000c\000\040\000F\000i\000l\000e\000\040\000R\000e\000f\000e\000r\000e\000n\000c\000e}{chapter.4}% 356
\BOOKMARK [2][-]{subsection.4.7.1}{\376\377\0004\000.\0007\000.\0001\000\040\000D\000e\000t\000a\000i\000l\000e\000d\000\040\000D\000e\000s\000c\000r\000i\000p\000t\000i\000o\000n}{section.4.7}% 357
\BOOKMARK [1][-]{section.4.8}{\376\377\0004\000.\0008\000\040\000N\000P\000C\000\137\000a\000u\000d\000i\000o\000.\000h\000\040\000F\000i\000l\000e\000\040\000R\000e\000f\000e\000r\000e\000n\000c\000e}{chapter.4}% 358
\BOOKMARK [2][-]{subsection.4.8.1}{\376\377\0004\000.\0008\000.\0001\000\040\000D\000e\000t\000a\000i\000l\000e\000d\000\040\000D\000e\000s\000c\000r\000i\000p\000t\000i\000o\000n}{section.4.8}% 359
\BOOKMARK [1][-]{section.4.9}{\376\377\0004\000.\0009\000\040\000N\000P\000C\000\137\000b\000l\000u\000e\000t\000o\000o\000t\000h\000.\000c\000\040\000F\000i\000l\000e\000\040\000R\000e\000f\000e\000r\000e\000n\000c\000e}{chapter.4}% 360
\BOOKMARK [1][-]{section.4.10}{\376\377\0004\000.\0001\0000\000\040\000N\000P\000C\000\137\000b\000l\000u\000e\000t\000o\000o\000t\000h\000.\000h\000\040\000F\000i\000l\000e\000\040\000R\000e\000f\000e\000r\000e\000n\000c\000e}{chapter.4}% 361
\BOOKMARK [2][-]{subsection.4.10.1}{\376\377\0004\000.\0001\0000\000.\0001\000\040\000D\000e\000t\000a\000i\000l\000e\000d\000\040\000D\000e\000s\000c\000r\000i\000p\000t\000i\000o\000n}{section.4.10}% 362
\BOOKMARK [1][-]{section.4.11}{\376\377\0004\000.\0001\0001\000\040\000N\000P\000C\000\137\000c\000l\000o\000c\000k\000.\000c\000\040\000F\000i\000l\000e\000\040\000R\000e\000f\000e\000r\000e\000n\000c\000e}{chapter.4}% 363
\BOOKMARK [2][-]{subsection.4.11.1}{\376\377\0004\000.\0001\0001\000.\0001\000\040\000D\000e\000t\000a\000i\000l\000e\000d\000\040\000D\000e\000s\000c\000r\000i\000p\000t\000i\000o\000n}{section.4.11}% 364
\BOOKMARK [1][-]{section.4.12}{\376\377\0004\000.\0001\0002\000\040\000N\000P\000C\000\137\000c\000l\000o\000c\000k\000.\000h\000\040\000F\000i\000l\000e\000\040\000R\000e\000f\000e\000r\000e\000n\000c\000e}{chapter.4}% 365
\BOOKMARK [2][-]{subsection.4.12.1}{\376\377\0004\000.\0001\0002\000.\0001\000\040\000D\000e\000t\000a\000i\000l\000e\000d\000\040\000D\000e\000s\000c\000r\000i\000p\000t\000i\000o\000n}{section.4.12}% 366
\BOOKMARK [1][-]{section.4.13}{\376\377\0004\000.\0001\0003\000\040\000N\000P\000C\000\137\000c\000o\000n\000f\000i\000g\000u\000r\000a\000t\000i\000o\000n\000.\000c\000\040\000F\000i\000l\000e\000\040\000R\000e\000f\000e\000r\000e\000n\000c\000e}{chapter.4}% 367
\BOOKMARK [2][-]{subsection.4.13.1}{\376\377\0004\000.\0001\0003\000.\0001\000\040\000D\000e\000t\000a\000i\000l\000e\000d\000\040\000D\000e\000s\000c\000r\000i\000p\000t\000i\000o\000n}{section.4.13}% 368
\BOOKMARK [1][-]{section.4.14}{\376\377\0004\000.\0001\0004\000\040\000N\000P\000C\000\137\000c\000o\000n\000f\000i\000g\000u\000r\000a\000t\000i\000o\000n\000.\000h\000\040\000F\000i\000l\000e\000\040\000R\000e\000f\000e\000r\000e\000n\000c\000e}{chapter.4}% 369
\BOOKMARK [2][-]{subsection.4.14.1}{\376\377\0004\000.\0001\0004\000.\0001\000\040\000D\000e\000t\000a\000i\000l\000e\000d\000\040\000D\000e\000s\000c\000r\000i\000p\000t\000i\000o\000n}{section.4.14}% 370
\BOOKMARK [1][-]{section.4.15}{\376\377\0004\000.\0001\0005\000\040\000N\000P\000C\000\137\000e\000e\000p\000r\000o\000m\000.\000c\000\040\000F\000i\000l\000e\000\040\000R\000e\000f\000e\000r\000e\000n\000c\000e}{chapter.4}% 371
\BOOKMARK [2][-]{subsection.4.15.1}{\376\377\0004\000.\0001\0005\000.\0001\000\040\000D\000e\000t\000a\000i\000l\000e\000d\000\040\000D\000e\000s\000c\000r\000i\000p\000t\000i\000o\000n}{section.4.15}% 372
\BOOKMARK [1][-]{section.4.16}{\376\377\0004\000.\0001\0006\000\040\000N\000P\000C\000\137\000e\000e\000p\000r\000o\000m\000.\000h\000\040\000F\000i\000l\000e\000\040\000R\000e\000f\000e\000r\000e\000n\000c\000e}{chapter.4}% 373
\BOOKMARK [2][-]{subsection.4.16.1}{\376\377\0004\000.\0001\0006\000.\0001\000\040\000D\000e\000t\000a\000i\000l\000e\000d\000\040\000D\000e\000s\000c\000r\000i\000p\000t\000i\000o\000n}{section.4.16}% 374
\BOOKMARK [1][-]{section.4.17}{\376\377\0004\000.\0001\0007\000\040\000N\000P\000C\000\137\000n\000e\000o\000p\000i\000x\000e\000l\000.\000c\000\040\000F\000i\000l\000e\000\040\000R\000e\000f\000e\000r\000e\000n\000c\000e}{chapter.4}% 375
\BOOKMARK [2][-]{subsection.4.17.1}{\376\377\0004\000.\0001\0007\000.\0001\000\040\000D\000e\000t\000a\000i\000l\000e\000d\000\040\000D\000e\000s\000c\000r\000i\000p\000t\000i\000o\000n}{section.4.17}% 376
\BOOKMARK [1][-]{section.4.18}{\376\377\0004\000.\0001\0008\000\040\000N\000P\000C\000\137\000n\000e\000o\000p\000i\000x\000e\000l\000.\000h\000\040\000F\000i\000l\000e\000\040\000R\000e\000f\000e\000r\000e\000n\000c\000e}{chapter.4}% 377
\BOOKMARK [2][-]{subsection.4.18.1}{\376\377\0004\000.\0001\0008\000.\0001\000\040\000D\000e\000t\000a\000i\000l\000e\000d\000\040\000D\000e\000s\000c\000r\000i\000p\000t\000i\000o\000n}{section.4.18}% 378
\BOOKMARK [1][-]{section.4.19}{\376\377\0004\000.\0001\0009\000\040\000N\000P\000C\000\137\000t\000e\000m\000p\000e\000r\000a\000t\000u\000r\000e\000.\000c\000\040\000F\000i\000l\000e\000\040\000R\000e\000f\000e\000r\000e\000n\000c\000e}{chapter.4}% 379
\BOOKMARK [2][-]{subsection.4.19.1}{\376\377\0004\000.\0001\0009\000.\0001\000\040\000D\000e\000t\000a\000i\000l\000e\000d\000\040\000D\000e\000s\000c\000r\000i\000p\000t\000i\000o\000n}{section.4.19}% 380
\BOOKMARK [1][-]{section.4.20}{\376\377\0004\000.\0002\0000\000\040\000N\000P\000C\000\137\000t\000e\000m\000p\000e\000r\000a\000t\000u\000r\000e\000.\000h\000\040\000F\000i\000l\000e\000\040\000R\000e\000f\000e\000r\000e\000n\000c\000e}{chapter.4}% 381
\BOOKMARK [2][-]{subsection.4.20.1}{\376\377\0004\000.\0002\0000\000.\0001\000\040\000D\000e\000t\000a\000i\000l\000e\000d\000\040\000D\000e\000s\000c\000r\000i\000p\000t\000i\000o\000n}{section.4.20}% 382
\BOOKMARK [1][-]{section.4.21}{\376\377\0004\000.\0002\0001\000\040\000N\000P\000C\000\137\000u\000t\000i\000l\000s\000.\000c\000\040\000F\000i\000l\000e\000\040\000R\000e\000f\000e\000r\000e\000n\000c\000e}{chapter.4}% 383
\BOOKMARK [2][-]{subsection.4.21.1}{\376\377\0004\000.\0002\0001\000.\0001\000\040\000D\000e\000t\000a\000i\000l\000e\000d\000\040\000D\000e\000s\000c\000r\000i\000p\000t\000i\000o\000n}{section.4.21}% 384
\BOOKMARK [1][-]{section.4.22}{\376\377\0004\000.\0002\0002\000\040\000N\000P\000C\000\137\000u\000t\000i\000l\000s\000.\000h\000\040\000F\000i\000l\000e\000\040\000R\000e\000f\000e\000r\000e\000n\000c\000e}{chapter.4}% 385
\BOOKMARK [2][-]{subsection.4.22.1}{\376\377\0004\000.\0002\0002\000.\0001\000\040\000D\000e\000t\000a\000i\000l\000e\000d\000\040\000D\000e\000s\000c\000r\000i\000p\000t\000i\000o\000n}{section.4.22}% 386
\BOOKMARK [1][-]{section.4.23}{\376\377\0004\000.\0002\0003\000\040\000N\000P\000S\000C\000\137\000n\000e\000x\000t\000i\000o\000n\000.\000c\000\040\000F\000i\000l\000e\000\040\000R\000e\000f\000e\000r\000e\000n\000c\000e}{chapter.4}% 387
\BOOKMARK [2][-]{subsection.4.23.1}{\376\377\0004\000.\0002\0003\000.\0001\000\040\000D\000e\000t\000a\000i\000l\000e\000d\000\040\000D\000e\000s\000c\000r\000i\000p\000t\000i\000o\000n}{section.4.23}% 388
\BOOKMARK [1][-]{section.4.24}{\376\377\0004\000.\0002\0004\000\040\000N\000P\000S\000C\000\137\000n\000e\000x\000t\000i\000o\000n\000.\000h\000\040\000F\000i\000l\000e\000\040\000R\000e\000f\000e\000r\000e\000n\000c\000e}{chapter.4}% 389
\BOOKMARK [1][-]{section.4.25}{\376\377\0004\000.\0002\0005\000\040\000r\000t\000c\000\137\000t\000e\000s\000t\000.\000c\000\040\000F\000i\000l\000e\000\040\000R\000e\000f\000e\000r\000e\000n\000c\000e}{chapter.4}% 390
\BOOKMARK [2][-]{subsection.4.25.1}{\376\377\0004\000.\0002\0005\000.\0001\000\040\000D\000e\000t\000a\000i\000l\000e\000d\000\040\000D\000e\000s\000c\000r\000i\000p\000t\000i\000o\000n}{section.4.25}% 391
\BOOKMARK [1][-]{section.4.26}{\376\377\0004\000.\0002\0006\000\040\000r\000t\000c\000\137\000t\000e\000s\000t\000.\000h\000\040\000F\000i\000l\000e\000\040\000R\000e\000f\000e\000r\000e\000n\000c\000e}{chapter.4}% 392
\BOOKMARK [2][-]{subsection.4.26.1}{\376\377\0004\000.\0002\0006\000.\0001\000\040\000D\000e\000t\000a\000i\000l\000e\000d\000\040\000D\000e\000s\000c\000r\000i\000p\000t\000i\000o\000n}{section.4.26}% 393
\BOOKMARK [1][-]{section.4.27}{\376\377\0004\000.\0002\0007\000\040\000u\000n\000i\000t\000T\000e\000s\000t\000.\000c\000\040\000F\000i\000l\000e\000\040\000R\000e\000f\000e\000r\000e\000n\000c\000e}{chapter.4}% 394
\BOOKMARK [2][-]{subsection.4.27.1}{\376\377\0004\000.\0002\0007\000.\0001\000\040\000D\000e\000t\000a\000i\000l\000e\000d\000\040\000D\000e\000s\000c\000r\000i\000p\000t\000i\000o\000n}{section.4.27}% 395
\BOOKMARK [1][-]{section.4.28}{\376\377\0004\000.\0002\0008\000\040\000u\000n\000i\000t\000T\000e\000s\000t\000.\000h\000\040\000F\000i\000l\000e\000\040\000R\000e\000f\000e\000r\000e\000n\000c\000e}{chapter.4}% 396
\BOOKMARK [2][-]{subsection.4.28.1}{\376\377\0004\000.\0002\0008\000.\0001\000\040\000D\000e\000t\000a\000i\000l\000e\000d\000\040\000D\000e\000s\000c\000r\000i\000p\000t\000i\000o\000n}{section.4.28}% 397
