Removed Pin From Net: NetName=\G\ Pin=P2-4
Removed Pin From Net: NetName=\B\ Pin=P2-5
Removed Pin From Net: NetName=\G\ Pin=U1-5
Removed Pin From Net: NetName=D0 Pin=U1-9
Removed Pin From Net: NetName=B0 Pin=U1-10
Removed Pin From Net: NetName=D1 Pin=U2-2
Removed Pin From Net: NetName=G1 Pin=U2-3
Removed Pin From Net: NetName=B1 Pin=U2-4
Removed Pin From Net: NetName=\B\ Pin=U2-5
Removed Pin From Net: NetName=D1 Pin=U2-6
Removed Pin From Net: NetName=D2 Pin=U2-9
Removed Pin From Net: NetName=R2 Pin=U2-10
Removed Pin From Net: NetName=G2 Pin=U2-11
Removed Pin From Net: NetName=D2 Pin=U2-13
Removed Pin From Net: NetName=B2 Pin=U3-3
Removed Pin From Net: NetName=R3 Pin=U3-4
Removed Pin From Net: NetName=\R\ Pin=U3-5
Removed Pin From Net: NetName=D3 Pin=U3-6
Removed Pin From Net: NetName=G3 Pin=U3-10
Removed Pin From Net: NetName=B3 Pin=U3-11
Removed Pin From Net: NetName=\G\ Pin=U4-5
Removed Pin From Net: NetName=D4 Pin=U4-9
Removed Pin From Net: NetName=B4 Pin=U4-10
Removed Pin From Net: NetName=D5 Pin=U5-2
Removed Pin From Net: NetName=G5 Pin=U5-3
Removed Pin From Net: NetName=B5 Pin=U5-4
Removed Pin From Net: NetName=\B\ Pin=U5-5
Removed Pin From Net: NetName=D5 Pin=U5-6
Added Pin To Net: NetName=5V Pin=P1-1
Added Pin To Net: NetName=3.3V Pin=P2-1
Added Pin To Net: NetName=\B\ Pin=P2-4
Added Pin To Net: NetName=\G\ Pin=P2-5
Added Pin To Net: NetName=\B\ Pin=U1-5
Added Pin To Net: NetName=D1 Pin=U1-9
Added Pin To Net: NetName=G1 Pin=U1-10
Added Pin To Net: NetName=D0 Pin=U2-2
Added Pin To Net: NetName=B0 Pin=U2-3
Added Pin To Net: NetName=R2 Pin=U2-4
Added Pin To Net: NetName=\R\ Pin=U2-5
Added Pin To Net: NetName=D2 Pin=U2-6
Added Pin To Net: NetName=D3 Pin=U2-9
Added Pin To Net: NetName=R3 Pin=U2-10
Added Pin To Net: NetName=B1 Pin=U2-11
Added Pin To Net: NetName=D1 Pin=U2-13
Added Pin To Net: NetName=G2 Pin=U3-3
Added Pin To Net: NetName=B2 Pin=U3-4
Added Pin To Net: NetName=\G\ Pin=U3-5
Added Pin To Net: NetName=D2 Pin=U3-6
Added Pin To Net: NetName=B3 Pin=U3-10
Added Pin To Net: NetName=G3 Pin=U3-11
Added Pin To Net: NetName=\B\ Pin=U4-5
Added Pin To Net: NetName=D5 Pin=U4-9
Added Pin To Net: NetName=G5 Pin=U4-10
Added Pin To Net: NetName=D4 Pin=U5-2
Added Pin To Net: NetName=B4 Pin=U5-3
Added Pin To Net: NetName=B5 Pin=U5-11
Added Pin To Net: NetName=\G\ Pin=U5-12
Added Pin To Net: NetName=D5 Pin=U5-13
Change Net Name : Old Net Name=\B\ New Net Name=\G\
Change Net Name : Old Net Name=\G\ New Net Name=\B\
