Removed Pin From Net: NetName=R5 Pin=U1-11
Removed Pin From Net: NetName=D5 Pin=U1-13
Removed Pin From Net: NetName=\R\ Pin=U2-1
Removed Pin From Net: NetName=R1 Pin=U2-3
Removed Pin From Net: NetName=G1 Pin=U2-4
Removed Pin From Net: NetName=\G\ Pin=U2-5
Removed Pin From Net: NetName=\B\ Pin=U2-8
Removed Pin From Net: NetName=D1 Pin=U2-9
Removed Pin From Net: NetName=B1 Pin=U2-10
Removed Pin From Net: NetName=G5 Pin=U2-11
Removed Pin From Net: NetName=D5 Pin=U2-13
Removed Pin From Net: NetName=\R\ Pin=U3-1
Removed Pin From Net: NetName=R2 Pin=U3-3
Removed Pin From Net: NetName=G2 Pin=U3-4
Removed Pin From Net: NetName=\G\ Pin=U3-5
Removed Pin From Net: NetName=D2 Pin=U3-6
Removed Pin From Net: NetName=\B\ Pin=U3-8
Removed Pin From Net: NetName=D2 Pin=U3-9
Removed Pin From Net: NetName=B2 Pin=U3-10
Removed Pin From Net: NetName=B5 Pin=U3-11
Removed Pin From Net: NetName=D5 Pin=U3-13
Removed Pin From Net: NetName=R3 Pin=U4-3
Removed Pin From Net: NetName=G3 Pin=U4-4
Removed Pin From Net: NetName=B3 Pin=U4-10
Removed Pin From Net: NetName=\R\ Pin=U5-1
Removed Pin From Net: NetName=R4 Pin=U5-3
Removed Pin From Net: NetName=G4 Pin=U5-4
Removed Pin From Net: NetName=\G\ Pin=U5-5
Removed Pin From Net: NetName=\B\ Pin=U5-8
Removed Pin From Net: NetName=B4 Pin=U5-10
Removed Pin From Net: NetName=D3 Pin=U-7
Added Pin To Net: NetName=GND Pin=P1-1
Added Pin To Net: NetName=GND Pin=P2-1
Added Pin To Net: NetName=R1 Pin=U1-11
Added Pin To Net: NetName=D1 Pin=U1-13
Added Pin To Net: NetName=\G\ Pin=U2-1
Added Pin To Net: NetName=G1 Pin=U2-3
Added Pin To Net: NetName=B1 Pin=U2-4
Added Pin To Net: NetName=\B\ Pin=U2-5
Added Pin To Net: NetName=\R\ Pin=U2-8
Added Pin To Net: NetName=D2 Pin=U2-9
Added Pin To Net: NetName=R2 Pin=U2-10
Added Pin To Net: NetName=G2 Pin=U2-11
Added Pin To Net: NetName=D2 Pin=U2-13
Added Pin To Net: NetName=\B\ Pin=U3-1
Added Pin To Net: NetName=B2 Pin=U3-3
Added Pin To Net: NetName=R3 Pin=U3-4
Added Pin To Net: NetName=\R\ Pin=U3-5
Added Pin To Net: NetName=\G\ Pin=U3-8
Added Pin To Net: NetName=G3 Pin=U3-10
Added Pin To Net: NetName=B3 Pin=U3-11
Added Pin To Net: NetName=R4 Pin=U4-3
Added Pin To Net: NetName=G4 Pin=U4-4
Added Pin To Net: NetName=B4 Pin=U4-10
Added Pin To Net: NetName=R5 Pin=U4-11
Added Pin To Net: NetName=\R\ Pin=U4-12
Added Pin To Net: NetName=D5 Pin=U4-13
Added Pin To Net: NetName=\G\ Pin=U5-1
Added Pin To Net: NetName=D5 Pin=U5-2
Added Pin To Net: NetName=G5 Pin=U5-3
Added Pin To Net: NetName=B5 Pin=U5-4
Added Pin To Net: NetName=\B\ Pin=U5-5
Added Pin To Net: NetName=D5 Pin=U5-6
Added Pin To Net: NetName=D3 Pin=U-3
Change Net Name : Old Net Name=D3 New Net Name=D4
Added Pin To Net: NetName=D3 Pin=U3-6
Added Pin To Net: NetName=D3 Pin=U3-9
Added Pin To Net: NetName=D3 Pin=U3-13
Added Pin To Net: NetName=D3 Pin=U-7
Added Net: Name=D3
