Replace Part C9 Cap in E:\undergrad\eee4022S-2017\NPSC\hardware\design\stm_debugger\STM32f051C6T6_debugger.SchDoc with Cap from Miscellaneous Devices.IntLib
Replace Part C10 Cap in E:\undergrad\eee4022S-2017\NPSC\hardware\design\stm_debugger\STM32f051C6T6_debugger.SchDoc with Cap from Miscellaneous Devices.IntLib
Replace Part C11 Cap in E:\undergrad\eee4022S-2017\NPSC\hardware\design\stm_debugger\STM32f051C6T6_debugger.SchDoc with Cap from Miscellaneous Devices.IntLib
Replace Part C12 Cap in E:\undergrad\eee4022S-2017\NPSC\hardware\design\stm_debugger\STM32f051C6T6_debugger.SchDoc with Cap from Miscellaneous Devices.IntLib
Replace Part C13 Cap in E:\undergrad\eee4022S-2017\NPSC\hardware\design\stm_debugger\STM32f051C6T6_debugger.SchDoc with Cap from Miscellaneous Devices.IntLib
Replace Part C14 Cap in E:\undergrad\eee4022S-2017\NPSC\hardware\design\stm_debugger\STM32f051C6T6_debugger.SchDoc with Cap from Miscellaneous Devices.IntLib
Replace Part C15 Cap in E:\undergrad\eee4022S-2017\NPSC\hardware\design\stm_debugger\STM32f051C6T6_debugger.SchDoc with Cap from Miscellaneous Devices.IntLib
Replace Part C16 Cap in E:\undergrad\eee4022S-2017\NPSC\hardware\design\stm_debugger\STM32f051C6T6_debugger.SchDoc with Cap from Miscellaneous Devices.IntLib
Replace Part C17 Cap in E:\undergrad\eee4022S-2017\NPSC\hardware\design\stm_debugger\STM32f051C6T6_debugger.SchDoc with Cap from Miscellaneous Devices.IntLib
Replace Part J1 USB-5-4SHLD in E:\undergrad\eee4022S-2017\NPSC\hardware\design\stm_debugger\STM32f051C6T6_debugger.SchDoc with USB-5-4SHLD from Altium Content Vault
Replace Part P1 pico-clasp-7 in E:\undergrad\eee4022S-2017\NPSC\hardware\design\stm_debugger\STM32f051C6T6_debugger.SchDoc with pico-clasp-7 from Integrated_Library_connectors.IntLib
Replace Part R2 RES in E:\undergrad\eee4022S-2017\NPSC\hardware\design\stm_debugger\STM32f051C6T6_debugger.SchDoc with RES from Altium Content Vault
Replace Part R3 RES in E:\undergrad\eee4022S-2017\NPSC\hardware\design\stm_debugger\STM32f051C6T6_debugger.SchDoc with RES from Altium Content Vault
Replace Part R4 RES in E:\undergrad\eee4022S-2017\NPSC\hardware\design\stm_debugger\STM32f051C6T6_debugger.SchDoc with RES from Altium Content Vault
Replace Part R5 RES in E:\undergrad\eee4022S-2017\NPSC\hardware\design\stm_debugger\STM32f051C6T6_debugger.SchDoc with RES from Altium Content Vault
Replace Part R6 RES in E:\undergrad\eee4022S-2017\NPSC\hardware\design\stm_debugger\STM32f051C6T6_debugger.SchDoc with RES from Altium Content Vault
Replace Part R7 RES in E:\undergrad\eee4022S-2017\NPSC\hardware\design\stm_debugger\STM32f051C6T6_debugger.SchDoc with RES from Altium Content Vault
Replace Part R8 Res1 in E:\undergrad\eee4022S-2017\NPSC\hardware\design\stm_debugger\STM32f051C6T6_debugger.SchDoc with Res1 from Miscellaneous Devices.IntLib
Replace Part R9 RES in E:\undergrad\eee4022S-2017\NPSC\hardware\design\stm_debugger\STM32f051C6T6_debugger.SchDoc with RES from Altium Content Vault
Replace Part R10 RES in E:\undergrad\eee4022S-2017\NPSC\hardware\design\stm_debugger\STM32f051C6T6_debugger.SchDoc with RES from Altium Content Vault
Replace Part R11 Res1 in E:\undergrad\eee4022S-2017\NPSC\hardware\design\stm_debugger\STM32f051C6T6_debugger.SchDoc with Res1 from Miscellaneous Devices.IntLib
Replace Part R12 Res1 in E:\undergrad\eee4022S-2017\NPSC\hardware\design\stm_debugger\STM32f051C6T6_debugger.SchDoc with Res1 from Miscellaneous Devices.IntLib
Replace Part U3 PM-LINEREG-MCP1702-IL3A in E:\undergrad\eee4022S-2017\NPSC\hardware\design\stm_debugger\STM32f051C6T6_debugger.SchDoc with PM-LINEREG-MCP1702-IL3A from Altium Content Vault
Replace Part U4 MC-ARM-STM32F051-SQ48 in E:\undergrad\eee4022S-2017\NPSC\hardware\design\stm_debugger\STM32f051C6T6_debugger.SchDoc with MC-ARM-STM32F051-SQ48 from Altium Content Vault
Replace Part U4 MC-ARM-STM32F051-SQ48 in E:\undergrad\eee4022S-2017\NPSC\hardware\design\stm_debugger\STM32f051C6T6_debugger.SchDoc with MC-ARM-STM32F051-SQ48 from Altium Content Vault
Replace Part Y2 XTAL in E:\undergrad\eee4022S-2017\NPSC\hardware\design\stm_debugger\STM32f051C6T6_debugger.SchDoc with XTAL from Miscellaneous Devices.IntLib
