Change Component DesignItemId : Designator=C1 Old DesignItemId=Cap Semi New DesignItemId=CMP-1036-04396-1
Change Component Footprint: Designator=C1 Old Footprint=1608[0603] New Footprint=CAPC0805(2012)100_N
Change Component Comment : Designator=C1 Old Comment= New Comment=CAP 100nF 10V 0805(2012)
Change Component Description : Designator=C1 Old Description=Capacitor (Semiconductor SIM Model) New Description=CAP 100nF 10V ±20% 0805 (2012 Metric) Thickness 1mm SMD
Change Component Library : Designator=C1 Old Library=Miscellaneous Devices.IntLib New Library=Altium Content Vault
Change component parameters: Designator = "C1"; Footprint = "CAPC0805(2012)100_N"; UniqueID = "\RPIYGLFN"
Change component parameters. Clean all parameters for all variants
Change component parameters (AddParameter): Name = "Case-EIA"; Value = "0805"; VariantName = "[No Variations]"
Change component parameters (AddParameter): Name = "Case-Metric"; Value = "2012"; VariantName = "[No Variations]"
Change component parameters (AddParameter): Name = "Max Thickness"; Value = "1 mm"; VariantName = "[No Variations]"
Change component parameters (AddParameter): Name = "Rated Voltage"; Value = "10 V"; VariantName = "[No Variations]"
Change component parameters (AddParameter): Name = "Technology"; Value = "SMT"; VariantName = "[No Variations]"
Change component parameters (AddParameter): Name = "Tolerance"; Value = "Â±20%"; VariantName = "[No Variations]"
Change component parameters (AddParameter): Name = "Value"; Value = "100nF"; VariantName = "[No Variations]"
Added Member To Class: ClassName=ring Member=Component U11 WS2812B
Added Member To Class: ClassName=ring Member=Component U37 WS2812B
Added Member To Class: ClassName=ring Member=Component U57 WS2812B
Added Member To Class: ClassName=ring Member=Component U77 WS2812B
Added Member To Class: ClassName=ring Member=Component U97 WS2812B
Added Member To Class: ClassName=ring Member=Component U117 WS2812B
Added Member To Class: ClassName=ring Member=Component U124 WS2812B
Added Member To Class: ClassName=ring Member=Component U137 WS2812B
Added Member To Class: ClassName=ring Member=Component U157 WS2812B
Added Member To Class: ClassName=ring Member=Component U167 WS2812B
Added Member To Class: ClassName=ring Member=Component U177 WS2812B
