Change Component DesignItemId : Designator=C121 Old DesignItemId=CMP-1036-04396-1 New DesignItemId=CMP-1036-00005-1
Change Component DesignItemId : Designator=C122 Old DesignItemId=CMP-1036-04396-1 New DesignItemId=CMP-1036-00005-1
Change Component DesignItemId : Designator=C123 Old DesignItemId=CMP-1036-04396-1 New DesignItemId=CMP-1036-00005-1
Change Component DesignItemId : Designator=C124 Old DesignItemId=CMP-1036-04396-1 New DesignItemId=CMP-1036-00005-1
Change Component DesignItemId : Designator=C125 Old DesignItemId=CMP-1036-04396-1 New DesignItemId=CMP-1036-00005-1
Change Component DesignItemId : Designator=C126 Old DesignItemId=CMP-1036-04396-1 New DesignItemId=CMP-1036-00005-1
Change Component DesignItemId : Designator=C127 Old DesignItemId=CMP-1036-04396-1 New DesignItemId=CMP-1036-00005-1
Change Component DesignItemId : Designator=C128 Old DesignItemId=CMP-1036-04396-1 New DesignItemId=CMP-1036-00005-1
Change Component DesignItemId : Designator=C129 Old DesignItemId=CMP-1036-04396-1 New DesignItemId=CMP-1036-00005-1
Change Component DesignItemId : Designator=C130 Old DesignItemId=CMP-1036-04396-1 New DesignItemId=CMP-1036-00005-1
Change Component DesignItemId : Designator=C131 Old DesignItemId=CMP-1036-04396-1 New DesignItemId=CMP-1036-00005-1
Change Component DesignItemId : Designator=C132 Old DesignItemId=CMP-1036-04396-1 New DesignItemId=CMP-1036-00005-1
Change Component DesignItemId : Designator=C133 Old DesignItemId=CMP-1036-04396-1 New DesignItemId=CMP-1036-00005-1
Change Component DesignItemId : Designator=C134 Old DesignItemId=CMP-1036-04396-1 New DesignItemId=CMP-1036-00005-1
Change Component DesignItemId : Designator=C135 Old DesignItemId=CMP-1036-04396-1 New DesignItemId=CMP-1036-00005-1
Change Component DesignItemId : Designator=C136 Old DesignItemId=CMP-1036-04396-1 New DesignItemId=CMP-1036-00005-1
Change Component DesignItemId : Designator=C137 Old DesignItemId=CMP-1036-04396-1 New DesignItemId=CMP-1036-00005-1
Change Component DesignItemId : Designator=C138 Old DesignItemId=CMP-1036-04396-1 New DesignItemId=CMP-1036-00005-1
Change Component DesignItemId : Designator=C139 Old DesignItemId=CMP-1036-04396-1 New DesignItemId=CMP-1036-00005-1
Change Component DesignItemId : Designator=C140 Old DesignItemId=CMP-1036-04396-1 New DesignItemId=CMP-1036-00005-1
Change Component DesignItemId : Designator=C141 Old DesignItemId=CMP-1036-04396-1 New DesignItemId=CMP-1036-00005-1
Change Component DesignItemId : Designator=C142 Old DesignItemId=CMP-1036-04396-1 New DesignItemId=CMP-1036-00005-1
Change Component DesignItemId : Designator=C143 Old DesignItemId=CMP-1036-04396-1 New DesignItemId=CMP-1036-00005-1
Change Component DesignItemId : Designator=C144 Old DesignItemId=CMP-1036-04396-1 New DesignItemId=CMP-1036-00005-1
Change Component DesignItemId : Designator=C145 Old DesignItemId=CMP-1036-04396-1 New DesignItemId=CMP-1036-00005-1
Change Component DesignItemId : Designator=C146 Old DesignItemId=CMP-1036-04396-1 New DesignItemId=CMP-1036-00005-1
Change Component DesignItemId : Designator=C147 Old DesignItemId=CMP-1036-04396-1 New DesignItemId=CMP-1036-00005-1
Change Component DesignItemId : Designator=C148 Old DesignItemId=CMP-1036-04396-1 New DesignItemId=CMP-1036-00005-1
Change Component DesignItemId : Designator=C149 Old DesignItemId=CMP-1036-04396-1 New DesignItemId=CMP-1036-00005-1
Change Component DesignItemId : Designator=C150 Old DesignItemId=CMP-1036-04396-1 New DesignItemId=CMP-1036-00005-1
Change Component DesignItemId : Designator=C151 Old DesignItemId=CMP-1036-04396-1 New DesignItemId=CMP-1036-00005-1
Change Component DesignItemId : Designator=C152 Old DesignItemId=CMP-1036-04396-1 New DesignItemId=CMP-1036-00005-1
Change Component DesignItemId : Designator=C153 Old DesignItemId=CMP-1036-04396-1 New DesignItemId=CMP-1036-00005-1
Change Component DesignItemId : Designator=C154 Old DesignItemId=CMP-1036-04396-1 New DesignItemId=CMP-1036-00005-1
Change Component DesignItemId : Designator=C155 Old DesignItemId=CMP-1036-04396-1 New DesignItemId=CMP-1036-00005-1
Change Component DesignItemId : Designator=C156 Old DesignItemId=CMP-1036-04396-1 New DesignItemId=CMP-1036-00005-1
Change Component DesignItemId : Designator=C157 Old DesignItemId=CMP-1036-04396-1 New DesignItemId=CMP-1036-00005-1
Change Component DesignItemId : Designator=C158 Old DesignItemId=CMP-1036-04396-1 New DesignItemId=CMP-1036-00005-1
Change Component DesignItemId : Designator=C159 Old DesignItemId=CMP-1036-04396-1 New DesignItemId=CMP-1036-00005-1
Change Component DesignItemId : Designator=C160 Old DesignItemId=CMP-1036-04396-1 New DesignItemId=CMP-1036-00005-1
Change Component DesignItemId : Designator=C161 Old DesignItemId=CMP-1036-04396-1 New DesignItemId=CMP-1036-00005-1
Change Component DesignItemId : Designator=C162 Old DesignItemId=CMP-1036-04396-1 New DesignItemId=CMP-1036-00005-1
Change Component DesignItemId : Designator=C163 Old DesignItemId=CMP-1036-04396-1 New DesignItemId=CMP-1036-00005-1
Change Component DesignItemId : Designator=C164 Old DesignItemId=CMP-1036-04396-1 New DesignItemId=CMP-1036-00005-1
Change Component DesignItemId : Designator=C165 Old DesignItemId=CMP-1036-04396-1 New DesignItemId=CMP-1036-00005-1
Change Component DesignItemId : Designator=C166 Old DesignItemId=CMP-1036-04396-1 New DesignItemId=CMP-1036-00005-1
Change Component DesignItemId : Designator=C167 Old DesignItemId=CMP-1036-04396-1 New DesignItemId=CMP-1036-00005-1
Change Component DesignItemId : Designator=C168 Old DesignItemId=CMP-1036-04396-1 New DesignItemId=CMP-1036-00005-1
Change Component DesignItemId : Designator=C169 Old DesignItemId=CMP-1036-04396-1 New DesignItemId=CMP-1036-00005-1
Change Component DesignItemId : Designator=C170 Old DesignItemId=CMP-1036-04396-1 New DesignItemId=CMP-1036-00005-1
Change Component DesignItemId : Designator=C171 Old DesignItemId=CMP-1036-04396-1 New DesignItemId=CMP-1036-00005-1
Change Component DesignItemId : Designator=C172 Old DesignItemId=CMP-1036-04396-1 New DesignItemId=CMP-1036-00005-1
Change Component DesignItemId : Designator=C173 Old DesignItemId=CMP-1036-04396-1 New DesignItemId=CMP-1036-00005-1
Change Component DesignItemId : Designator=C174 Old DesignItemId=CMP-1036-04396-1 New DesignItemId=CMP-1036-00005-1
Change Component DesignItemId : Designator=C175 Old DesignItemId=CMP-1036-04396-1 New DesignItemId=CMP-1036-00005-1
Change Component DesignItemId : Designator=C176 Old DesignItemId=CMP-1036-04396-1 New DesignItemId=CMP-1036-00005-1
Change Component DesignItemId : Designator=C177 Old DesignItemId=CMP-1036-04396-1 New DesignItemId=CMP-1036-00005-1
Change Component DesignItemId : Designator=C178 Old DesignItemId=CMP-1036-04396-1 New DesignItemId=CMP-1036-00005-1
Change Component DesignItemId : Designator=C179 Old DesignItemId=CMP-1036-04396-1 New DesignItemId=CMP-1036-00005-1
Change Component DesignItemId : Designator=C180 Old DesignItemId=CMP-1036-04396-1 New DesignItemId=CMP-1036-00005-1
Change Component Footprint: Designator=C121 Old Footprint=1608[0603] New Footprint=CAPC0805(2012)100_L
Change Component Footprint: Designator=C122 Old Footprint=1608[0603] New Footprint=CAPC0805(2012)100_L
Change Component Footprint: Designator=C123 Old Footprint=1608[0603] New Footprint=CAPC0805(2012)100_L
Change Component Footprint: Designator=C124 Old Footprint=1608[0603] New Footprint=CAPC0805(2012)100_L
Change Component Footprint: Designator=C125 Old Footprint=1608[0603] New Footprint=CAPC0805(2012)100_L
Change Component Footprint: Designator=C126 Old Footprint=1608[0603] New Footprint=CAPC0805(2012)100_L
Change Component Footprint: Designator=C127 Old Footprint=1608[0603] New Footprint=CAPC0805(2012)100_L
Change Component Footprint: Designator=C128 Old Footprint=1608[0603] New Footprint=CAPC0805(2012)100_L
Change Component Footprint: Designator=C129 Old Footprint=1608[0603] New Footprint=CAPC0805(2012)100_L
Change Component Footprint: Designator=C130 Old Footprint=1608[0603] New Footprint=CAPC0805(2012)100_L
Change Component Footprint: Designator=C131 Old Footprint=1608[0603] New Footprint=CAPC0805(2012)100_L
Change Component Footprint: Designator=C132 Old Footprint=1608[0603] New Footprint=CAPC0805(2012)100_L
Change Component Footprint: Designator=C133 Old Footprint=1608[0603] New Footprint=CAPC0805(2012)100_L
Change Component Footprint: Designator=C134 Old Footprint=1608[0603] New Footprint=CAPC0805(2012)100_L
Change Component Footprint: Designator=C135 Old Footprint=1608[0603] New Footprint=CAPC0805(2012)100_L
Change Component Footprint: Designator=C136 Old Footprint=1608[0603] New Footprint=CAPC0805(2012)100_L
Change Component Footprint: Designator=C137 Old Footprint=1608[0603] New Footprint=CAPC0805(2012)100_L
Change Component Footprint: Designator=C138 Old Footprint=1608[0603] New Footprint=CAPC0805(2012)100_L
Change Component Footprint: Designator=C139 Old Footprint=1608[0603] New Footprint=CAPC0805(2012)100_L
Change Component Footprint: Designator=C140 Old Footprint=1608[0603] New Footprint=CAPC0805(2012)100_L
Change Component Footprint: Designator=C141 Old Footprint=1608[0603] New Footprint=CAPC0805(2012)100_L
Change Component Footprint: Designator=C142 Old Footprint=1608[0603] New Footprint=CAPC0805(2012)100_L
Change Component Footprint: Designator=C143 Old Footprint=1608[0603] New Footprint=CAPC0805(2012)100_L
Change Component Footprint: Designator=C144 Old Footprint=1608[0603] New Footprint=CAPC0805(2012)100_L
Change Component Footprint: Designator=C145 Old Footprint=1608[0603] New Footprint=CAPC0805(2012)100_L
Change Component Footprint: Designator=C146 Old Footprint=1608[0603] New Footprint=CAPC0805(2012)100_L
Change Component Footprint: Designator=C147 Old Footprint=1608[0603] New Footprint=CAPC0805(2012)100_L
Change Component Footprint: Designator=C148 Old Footprint=1608[0603] New Footprint=CAPC0805(2012)100_L
Change Component Footprint: Designator=C149 Old Footprint=1608[0603] New Footprint=CAPC0805(2012)100_L
Change Component Footprint: Designator=C150 Old Footprint=1608[0603] New Footprint=CAPC0805(2012)100_L
Change Component Footprint: Designator=C151 Old Footprint=1608[0603] New Footprint=CAPC0805(2012)100_L
Change Component Footprint: Designator=C152 Old Footprint=1608[0603] New Footprint=CAPC0805(2012)100_L
Change Component Footprint: Designator=C153 Old Footprint=1608[0603] New Footprint=CAPC0805(2012)100_L
Change Component Footprint: Designator=C154 Old Footprint=1608[0603] New Footprint=CAPC0805(2012)100_L
Change Component Footprint: Designator=C155 Old Footprint=1608[0603] New Footprint=CAPC0805(2012)100_L
Change Component Footprint: Designator=C156 Old Footprint=1608[0603] New Footprint=CAPC0805(2012)100_L
Change Component Footprint: Designator=C157 Old Footprint=1608[0603] New Footprint=CAPC0805(2012)100_L
Change Component Footprint: Designator=C158 Old Footprint=1608[0603] New Footprint=CAPC0805(2012)100_L
Change Component Footprint: Designator=C159 Old Footprint=1608[0603] New Footprint=CAPC0805(2012)100_L
Change Component Footprint: Designator=C160 Old Footprint=1608[0603] New Footprint=CAPC0805(2012)100_L
Change Component Footprint: Designator=C161 Old Footprint=1608[0603] New Footprint=CAPC0805(2012)100_L
Change Component Footprint: Designator=C162 Old Footprint=1608[0603] New Footprint=CAPC0805(2012)100_L
Change Component Footprint: Designator=C163 Old Footprint=1608[0603] New Footprint=CAPC0805(2012)100_L
Change Component Footprint: Designator=C164 Old Footprint=1608[0603] New Footprint=CAPC0805(2012)100_L
Change Component Footprint: Designator=C165 Old Footprint=1608[0603] New Footprint=CAPC0805(2012)100_L
Change Component Footprint: Designator=C166 Old Footprint=1608[0603] New Footprint=CAPC0805(2012)100_L
Change Component Footprint: Designator=C167 Old Footprint=1608[0603] New Footprint=CAPC0805(2012)100_L
Change Component Footprint: Designator=C168 Old Footprint=1608[0603] New Footprint=CAPC0805(2012)100_L
Change Component Footprint: Designator=C169 Old Footprint=1608[0603] New Footprint=CAPC0805(2012)100_L
Change Component Footprint: Designator=C170 Old Footprint=1608[0603] New Footprint=CAPC0805(2012)100_L
Change Component Footprint: Designator=C171 Old Footprint=1608[0603] New Footprint=CAPC0805(2012)100_L
Change Component Footprint: Designator=C172 Old Footprint=1608[0603] New Footprint=CAPC0805(2012)100_L
Change Component Footprint: Designator=C173 Old Footprint=1608[0603] New Footprint=CAPC0805(2012)100_L
Change Component Footprint: Designator=C174 Old Footprint=1608[0603] New Footprint=CAPC0805(2012)100_L
Change Component Footprint: Designator=C175 Old Footprint=1608[0603] New Footprint=CAPC0805(2012)100_L
Change Component Footprint: Designator=C176 Old Footprint=1608[0603] New Footprint=CAPC0805(2012)100_L
Change Component Footprint: Designator=C177 Old Footprint=1608[0603] New Footprint=CAPC0805(2012)100_L
Change Component Footprint: Designator=C178 Old Footprint=1608[0603] New Footprint=CAPC0805(2012)100_L
Change Component Footprint: Designator=C179 Old Footprint=1608[0603] New Footprint=CAPC0805(2012)100_L
Change Component Footprint: Designator=C180 Old Footprint=1608[0603] New Footprint=CAPC0805(2012)100_L
Change Component Comment : Designator=C121 Old Comment=CAP New Comment=CAP 0.5pF 10V 0805(2012)
Change Component Comment : Designator=C122 Old Comment=CAP New Comment=CAP 0.5pF 10V 0805(2012)
Change Component Comment : Designator=C123 Old Comment=CAP New Comment=CAP 0.5pF 10V 0805(2012)
Change Component Comment : Designator=C124 Old Comment=CAP New Comment=CAP 0.5pF 10V 0805(2012)
Change Component Comment : Designator=C125 Old Comment=CAP New Comment=CAP 0.5pF 10V 0805(2012)
Change Component Comment : Designator=C126 Old Comment=CAP New Comment=CAP 0.5pF 10V 0805(2012)
Change Component Comment : Designator=C127 Old Comment=CAP New Comment=CAP 0.5pF 10V 0805(2012)
Change Component Comment : Designator=C128 Old Comment=CAP New Comment=CAP 0.5pF 10V 0805(2012)
Change Component Comment : Designator=C129 Old Comment=CAP New Comment=CAP 0.5pF 10V 0805(2012)
Change Component Comment : Designator=C130 Old Comment=CAP New Comment=CAP 0.5pF 10V 0805(2012)
Change Component Comment : Designator=C131 Old Comment=CAP New Comment=CAP 0.5pF 10V 0805(2012)
Change Component Comment : Designator=C132 Old Comment=CAP New Comment=CAP 0.5pF 10V 0805(2012)
Change Component Comment : Designator=C133 Old Comment=CAP New Comment=CAP 0.5pF 10V 0805(2012)
Change Component Comment : Designator=C134 Old Comment=CAP New Comment=CAP 0.5pF 10V 0805(2012)
Change Component Comment : Designator=C135 Old Comment=CAP New Comment=CAP 0.5pF 10V 0805(2012)
Change Component Comment : Designator=C136 Old Comment=CAP New Comment=CAP 0.5pF 10V 0805(2012)
Change Component Comment : Designator=C137 Old Comment=CAP New Comment=CAP 0.5pF 10V 0805(2012)
Change Component Comment : Designator=C138 Old Comment=CAP New Comment=CAP 0.5pF 10V 0805(2012)
Change Component Comment : Designator=C139 Old Comment=CAP New Comment=CAP 0.5pF 10V 0805(2012)
Change Component Comment : Designator=C140 Old Comment=CAP New Comment=CAP 0.5pF 10V 0805(2012)
Change Component Comment : Designator=C141 Old Comment=CAP New Comment=CAP 0.5pF 10V 0805(2012)
Change Component Comment : Designator=C142 Old Comment=CAP New Comment=CAP 0.5pF 10V 0805(2012)
Change Component Comment : Designator=C143 Old Comment=CAP New Comment=CAP 0.5pF 10V 0805(2012)
Change Component Comment : Designator=C144 Old Comment=CAP New Comment=CAP 0.5pF 10V 0805(2012)
Change Component Comment : Designator=C145 Old Comment=CAP New Comment=CAP 0.5pF 10V 0805(2012)
Change Component Comment : Designator=C146 Old Comment=CAP New Comment=CAP 0.5pF 10V 0805(2012)
Change Component Comment : Designator=C147 Old Comment=CAP New Comment=CAP 0.5pF 10V 0805(2012)
Change Component Comment : Designator=C148 Old Comment=CAP New Comment=CAP 0.5pF 10V 0805(2012)
Change Component Comment : Designator=C149 Old Comment=CAP New Comment=CAP 0.5pF 10V 0805(2012)
Change Component Comment : Designator=C150 Old Comment=CAP New Comment=CAP 0.5pF 10V 0805(2012)
Change Component Comment : Designator=C151 Old Comment=CAP New Comment=CAP 0.5pF 10V 0805(2012)
Change Component Comment : Designator=C152 Old Comment=CAP New Comment=CAP 0.5pF 10V 0805(2012)
Change Component Comment : Designator=C153 Old Comment=CAP New Comment=CAP 0.5pF 10V 0805(2012)
Change Component Comment : Designator=C154 Old Comment=CAP New Comment=CAP 0.5pF 10V 0805(2012)
Change Component Comment : Designator=C155 Old Comment=CAP New Comment=CAP 0.5pF 10V 0805(2012)
Change Component Comment : Designator=C156 Old Comment=CAP New Comment=CAP 0.5pF 10V 0805(2012)
Change Component Comment : Designator=C157 Old Comment=CAP New Comment=CAP 0.5pF 10V 0805(2012)
Change Component Comment : Designator=C158 Old Comment=CAP New Comment=CAP 0.5pF 10V 0805(2012)
Change Component Comment : Designator=C159 Old Comment=CAP New Comment=CAP 0.5pF 10V 0805(2012)
Change Component Comment : Designator=C160 Old Comment=CAP New Comment=CAP 0.5pF 10V 0805(2012)
Change Component Comment : Designator=C161 Old Comment=CAP New Comment=CAP 0.5pF 10V 0805(2012)
Change Component Comment : Designator=C162 Old Comment=CAP New Comment=CAP 0.5pF 10V 0805(2012)
Change Component Comment : Designator=C163 Old Comment=CAP New Comment=CAP 0.5pF 10V 0805(2012)
Change Component Comment : Designator=C164 Old Comment=CAP New Comment=CAP 0.5pF 10V 0805(2012)
Change Component Comment : Designator=C165 Old Comment=CAP New Comment=CAP 0.5pF 10V 0805(2012)
Change Component Comment : Designator=C166 Old Comment=CAP New Comment=CAP 0.5pF 10V 0805(2012)
Change Component Comment : Designator=C167 Old Comment=CAP New Comment=CAP 0.5pF 10V 0805(2012)
Change Component Comment : Designator=C168 Old Comment=CAP New Comment=CAP 0.5pF 10V 0805(2012)
Change Component Comment : Designator=C169 Old Comment=CAP New Comment=CAP 0.5pF 10V 0805(2012)
Change Component Comment : Designator=C170 Old Comment=CAP New Comment=CAP 0.5pF 10V 0805(2012)
Change Component Comment : Designator=C171 Old Comment=CAP New Comment=CAP 0.5pF 10V 0805(2012)
Change Component Comment : Designator=C172 Old Comment=CAP New Comment=CAP 0.5pF 10V 0805(2012)
Change Component Comment : Designator=C173 Old Comment=CAP New Comment=CAP 0.5pF 10V 0805(2012)
Change Component Comment : Designator=C174 Old Comment=CAP New Comment=CAP 0.5pF 10V 0805(2012)
Change Component Comment : Designator=C175 Old Comment=CAP New Comment=CAP 0.5pF 10V 0805(2012)
Change Component Comment : Designator=C176 Old Comment=CAP New Comment=CAP 0.5pF 10V 0805(2012)
Change Component Comment : Designator=C177 Old Comment=CAP New Comment=CAP 0.5pF 10V 0805(2012)
Change Component Comment : Designator=C178 Old Comment=CAP New Comment=CAP 0.5pF 10V 0805(2012)
Change Component Comment : Designator=C179 Old Comment=CAP New Comment=CAP 0.5pF 10V 0805(2012)
Change Component Comment : Designator=C180 Old Comment=CAP New Comment=CAP 0.5pF 10V 0805(2012)
Change Component Description : Designator=C121 Old Description= New Description=CAP 0.5pF 10V ±0.5pF 0805 (2012 Metric) Thickness 1mm SMD
Change Component Description : Designator=C122 Old Description= New Description=CAP 0.5pF 10V ±0.5pF 0805 (2012 Metric) Thickness 1mm SMD
Change Component Description : Designator=C123 Old Description= New Description=CAP 0.5pF 10V ±0.5pF 0805 (2012 Metric) Thickness 1mm SMD
Change Component Description : Designator=C124 Old Description= New Description=CAP 0.5pF 10V ±0.5pF 0805 (2012 Metric) Thickness 1mm SMD
Change Component Description : Designator=C125 Old Description= New Description=CAP 0.5pF 10V ±0.5pF 0805 (2012 Metric) Thickness 1mm SMD
Change Component Description : Designator=C126 Old Description= New Description=CAP 0.5pF 10V ±0.5pF 0805 (2012 Metric) Thickness 1mm SMD
Change Component Description : Designator=C127 Old Description= New Description=CAP 0.5pF 10V ±0.5pF 0805 (2012 Metric) Thickness 1mm SMD
Change Component Description : Designator=C128 Old Description= New Description=CAP 0.5pF 10V ±0.5pF 0805 (2012 Metric) Thickness 1mm SMD
Change Component Description : Designator=C129 Old Description= New Description=CAP 0.5pF 10V ±0.5pF 0805 (2012 Metric) Thickness 1mm SMD
Change Component Description : Designator=C130 Old Description= New Description=CAP 0.5pF 10V ±0.5pF 0805 (2012 Metric) Thickness 1mm SMD
Change Component Description : Designator=C131 Old Description= New Description=CAP 0.5pF 10V ±0.5pF 0805 (2012 Metric) Thickness 1mm SMD
Change Component Description : Designator=C132 Old Description= New Description=CAP 0.5pF 10V ±0.5pF 0805 (2012 Metric) Thickness 1mm SMD
Change Component Description : Designator=C133 Old Description= New Description=CAP 0.5pF 10V ±0.5pF 0805 (2012 Metric) Thickness 1mm SMD
Change Component Description : Designator=C134 Old Description= New Description=CAP 0.5pF 10V ±0.5pF 0805 (2012 Metric) Thickness 1mm SMD
Change Component Description : Designator=C135 Old Description= New Description=CAP 0.5pF 10V ±0.5pF 0805 (2012 Metric) Thickness 1mm SMD
Change Component Description : Designator=C136 Old Description= New Description=CAP 0.5pF 10V ±0.5pF 0805 (2012 Metric) Thickness 1mm SMD
Change Component Description : Designator=C137 Old Description= New Description=CAP 0.5pF 10V ±0.5pF 0805 (2012 Metric) Thickness 1mm SMD
Change Component Description : Designator=C138 Old Description= New Description=CAP 0.5pF 10V ±0.5pF 0805 (2012 Metric) Thickness 1mm SMD
Change Component Description : Designator=C139 Old Description= New Description=CAP 0.5pF 10V ±0.5pF 0805 (2012 Metric) Thickness 1mm SMD
Change Component Description : Designator=C140 Old Description= New Description=CAP 0.5pF 10V ±0.5pF 0805 (2012 Metric) Thickness 1mm SMD
Change Component Description : Designator=C141 Old Description= New Description=CAP 0.5pF 10V ±0.5pF 0805 (2012 Metric) Thickness 1mm SMD
Change Component Description : Designator=C142 Old Description= New Description=CAP 0.5pF 10V ±0.5pF 0805 (2012 Metric) Thickness 1mm SMD
Change Component Description : Designator=C143 Old Description= New Description=CAP 0.5pF 10V ±0.5pF 0805 (2012 Metric) Thickness 1mm SMD
Change Component Description : Designator=C144 Old Description= New Description=CAP 0.5pF 10V ±0.5pF 0805 (2012 Metric) Thickness 1mm SMD
Change Component Description : Designator=C145 Old Description= New Description=CAP 0.5pF 10V ±0.5pF 0805 (2012 Metric) Thickness 1mm SMD
Change Component Description : Designator=C146 Old Description= New Description=CAP 0.5pF 10V ±0.5pF 0805 (2012 Metric) Thickness 1mm SMD
Change Component Description : Designator=C147 Old Description= New Description=CAP 0.5pF 10V ±0.5pF 0805 (2012 Metric) Thickness 1mm SMD
Change Component Description : Designator=C148 Old Description= New Description=CAP 0.5pF 10V ±0.5pF 0805 (2012 Metric) Thickness 1mm SMD
Change Component Description : Designator=C149 Old Description= New Description=CAP 0.5pF 10V ±0.5pF 0805 (2012 Metric) Thickness 1mm SMD
Change Component Description : Designator=C150 Old Description= New Description=CAP 0.5pF 10V ±0.5pF 0805 (2012 Metric) Thickness 1mm SMD
Change Component Description : Designator=C151 Old Description= New Description=CAP 0.5pF 10V ±0.5pF 0805 (2012 Metric) Thickness 1mm SMD
Change Component Description : Designator=C152 Old Description= New Description=CAP 0.5pF 10V ±0.5pF 0805 (2012 Metric) Thickness 1mm SMD
Change Component Description : Designator=C153 Old Description= New Description=CAP 0.5pF 10V ±0.5pF 0805 (2012 Metric) Thickness 1mm SMD
Change Component Description : Designator=C154 Old Description= New Description=CAP 0.5pF 10V ±0.5pF 0805 (2012 Metric) Thickness 1mm SMD
Change Component Description : Designator=C155 Old Description= New Description=CAP 0.5pF 10V ±0.5pF 0805 (2012 Metric) Thickness 1mm SMD
Change Component Description : Designator=C156 Old Description= New Description=CAP 0.5pF 10V ±0.5pF 0805 (2012 Metric) Thickness 1mm SMD
Change Component Description : Designator=C157 Old Description= New Description=CAP 0.5pF 10V ±0.5pF 0805 (2012 Metric) Thickness 1mm SMD
Change Component Description : Designator=C158 Old Description= New Description=CAP 0.5pF 10V ±0.5pF 0805 (2012 Metric) Thickness 1mm SMD
Change Component Description : Designator=C159 Old Description= New Description=CAP 0.5pF 10V ±0.5pF 0805 (2012 Metric) Thickness 1mm SMD
Change Component Description : Designator=C160 Old Description= New Description=CAP 0.5pF 10V ±0.5pF 0805 (2012 Metric) Thickness 1mm SMD
Change Component Description : Designator=C161 Old Description= New Description=CAP 0.5pF 10V ±0.5pF 0805 (2012 Metric) Thickness 1mm SMD
Change Component Description : Designator=C162 Old Description= New Description=CAP 0.5pF 10V ±0.5pF 0805 (2012 Metric) Thickness 1mm SMD
Change Component Description : Designator=C163 Old Description= New Description=CAP 0.5pF 10V ±0.5pF 0805 (2012 Metric) Thickness 1mm SMD
Change Component Description : Designator=C164 Old Description= New Description=CAP 0.5pF 10V ±0.5pF 0805 (2012 Metric) Thickness 1mm SMD
Change Component Description : Designator=C165 Old Description= New Description=CAP 0.5pF 10V ±0.5pF 0805 (2012 Metric) Thickness 1mm SMD
Change Component Description : Designator=C166 Old Description= New Description=CAP 0.5pF 10V ±0.5pF 0805 (2012 Metric) Thickness 1mm SMD
Change Component Description : Designator=C167 Old Description= New Description=CAP 0.5pF 10V ±0.5pF 0805 (2012 Metric) Thickness 1mm SMD
Change Component Description : Designator=C168 Old Description= New Description=CAP 0.5pF 10V ±0.5pF 0805 (2012 Metric) Thickness 1mm SMD
Change Component Description : Designator=C169 Old Description= New Description=CAP 0.5pF 10V ±0.5pF 0805 (2012 Metric) Thickness 1mm SMD
Change Component Description : Designator=C170 Old Description= New Description=CAP 0.5pF 10V ±0.5pF 0805 (2012 Metric) Thickness 1mm SMD
Change Component Description : Designator=C171 Old Description= New Description=CAP 0.5pF 10V ±0.5pF 0805 (2012 Metric) Thickness 1mm SMD
Change Component Description : Designator=C172 Old Description= New Description=CAP 0.5pF 10V ±0.5pF 0805 (2012 Metric) Thickness 1mm SMD
Change Component Description : Designator=C173 Old Description= New Description=CAP 0.5pF 10V ±0.5pF 0805 (2012 Metric) Thickness 1mm SMD
Change Component Description : Designator=C174 Old Description= New Description=CAP 0.5pF 10V ±0.5pF 0805 (2012 Metric) Thickness 1mm SMD
Change Component Description : Designator=C175 Old Description= New Description=CAP 0.5pF 10V ±0.5pF 0805 (2012 Metric) Thickness 1mm SMD
Change Component Description : Designator=C176 Old Description= New Description=CAP 0.5pF 10V ±0.5pF 0805 (2012 Metric) Thickness 1mm SMD
Change Component Description : Designator=C177 Old Description= New Description=CAP 0.5pF 10V ±0.5pF 0805 (2012 Metric) Thickness 1mm SMD
Change Component Description : Designator=C178 Old Description= New Description=CAP 0.5pF 10V ±0.5pF 0805 (2012 Metric) Thickness 1mm SMD
Change Component Description : Designator=C179 Old Description= New Description=CAP 0.5pF 10V ±0.5pF 0805 (2012 Metric) Thickness 1mm SMD
Change Component Description : Designator=C180 Old Description= New Description=CAP 0.5pF 10V ±0.5pF 0805 (2012 Metric) Thickness 1mm SMD
Change Component Library : Designator=C121 Old Library=10 V|VisibleOnAddParamList= New Library=Altium Content Vault
Change Component Library : Designator=C122 Old Library=10 V|VisibleOnAddParamList= New Library=Altium Content Vault
Change Component Library : Designator=C123 Old Library=10 V|VisibleOnAddParamList= New Library=Altium Content Vault
Change Component Library : Designator=C124 Old Library=10 V|VisibleOnAddParamList= New Library=Altium Content Vault
Change Component Library : Designator=C125 Old Library=10 V|VisibleOnAddParamList= New Library=Altium Content Vault
Change Component Library : Designator=C126 Old Library=10 V|VisibleOnAddParamList= New Library=Altium Content Vault
Change Component Library : Designator=C127 Old Library=10 V|VisibleOnAddParamList= New Library=Altium Content Vault
Change Component Library : Designator=C128 Old Library=10 V|VisibleOnAddParamList= New Library=Altium Content Vault
Change Component Library : Designator=C129 Old Library=10 V|VisibleOnAddParamList= New Library=Altium Content Vault
Change Component Library : Designator=C130 Old Library=10 V|VisibleOnAddParamList= New Library=Altium Content Vault
Change Component Library : Designator=C131 Old Library=10 V|VisibleOnAddParamList= New Library=Altium Content Vault
Change Component Library : Designator=C132 Old Library=10 V|VisibleOnAddParamList= New Library=Altium Content Vault
Change Component Library : Designator=C133 Old Library=10 V|VisibleOnAddParamList= New Library=Altium Content Vault
Change Component Library : Designator=C134 Old Library=10 V|VisibleOnAddParamList= New Library=Altium Content Vault
Change Component Library : Designator=C135 Old Library=10 V|VisibleOnAddParamList= New Library=Altium Content Vault
Change Component Library : Designator=C136 Old Library=10 V|VisibleOnAddParamList= New Library=Altium Content Vault
Change Component Library : Designator=C137 Old Library=10 V|VisibleOnAddParamList= New Library=Altium Content Vault
Change Component Library : Designator=C138 Old Library=10 V|VisibleOnAddParamList= New Library=Altium Content Vault
Change Component Library : Designator=C139 Old Library=10 V|VisibleOnAddParamList= New Library=Altium Content Vault
Change Component Library : Designator=C140 Old Library=10 V|VisibleOnAddParamList= New Library=Altium Content Vault
Change Component Library : Designator=C141 Old Library=10 V|VisibleOnAddParamList= New Library=Altium Content Vault
Change Component Library : Designator=C142 Old Library=10 V|VisibleOnAddParamList= New Library=Altium Content Vault
Change Component Library : Designator=C143 Old Library=10 V|VisibleOnAddParamList= New Library=Altium Content Vault
Change Component Library : Designator=C144 Old Library=10 V|VisibleOnAddParamList= New Library=Altium Content Vault
Change Component Library : Designator=C145 Old Library=10 V|VisibleOnAddParamList= New Library=Altium Content Vault
Change Component Library : Designator=C146 Old Library=10 V|VisibleOnAddParamList= New Library=Altium Content Vault
Change Component Library : Designator=C147 Old Library=10 V|VisibleOnAddParamList= New Library=Altium Content Vault
Change Component Library : Designator=C148 Old Library=10 V|VisibleOnAddParamList= New Library=Altium Content Vault
Change Component Library : Designator=C149 Old Library=10 V|VisibleOnAddParamList= New Library=Altium Content Vault
Change Component Library : Designator=C150 Old Library=10 V|VisibleOnAddParamList= New Library=Altium Content Vault
Change Component Library : Designator=C151 Old Library=10 V|VisibleOnAddParamList= New Library=Altium Content Vault
Change Component Library : Designator=C152 Old Library=10 V|VisibleOnAddParamList= New Library=Altium Content Vault
Change Component Library : Designator=C153 Old Library=10 V|VisibleOnAddParamList= New Library=Altium Content Vault
Change Component Library : Designator=C154 Old Library=10 V|VisibleOnAddParamList= New Library=Altium Content Vault
Change Component Library : Designator=C155 Old Library=10 V|VisibleOnAddParamList= New Library=Altium Content Vault
Change Component Library : Designator=C156 Old Library=10 V|VisibleOnAddParamList= New Library=Altium Content Vault
Change Component Library : Designator=C157 Old Library=10 V|VisibleOnAddParamList= New Library=Altium Content Vault
Change Component Library : Designator=C158 Old Library=10 V|VisibleOnAddParamList= New Library=Altium Content Vault
Change Component Library : Designator=C159 Old Library=10 V|VisibleOnAddParamList= New Library=Altium Content Vault
Change Component Library : Designator=C160 Old Library=10 V|VisibleOnAddParamList= New Library=Altium Content Vault
Change Component Library : Designator=C161 Old Library=10 V|VisibleOnAddParamList= New Library=Altium Content Vault
Change Component Library : Designator=C162 Old Library=10 V|VisibleOnAddParamList= New Library=Altium Content Vault
Change Component Library : Designator=C163 Old Library=10 V|VisibleOnAddParamList= New Library=Altium Content Vault
Change Component Library : Designator=C164 Old Library=10 V|VisibleOnAddParamList= New Library=Altium Content Vault
Change Component Library : Designator=C165 Old Library=10 V|VisibleOnAddParamList= New Library=Altium Content Vault
Change Component Library : Designator=C166 Old Library=10 V|VisibleOnAddParamList= New Library=Altium Content Vault
Change Component Library : Designator=C167 Old Library=10 V|VisibleOnAddParamList= New Library=Altium Content Vault
Change Component Library : Designator=C168 Old Library=10 V|VisibleOnAddParamList= New Library=Altium Content Vault
Change Component Library : Designator=C169 Old Library=10 V|VisibleOnAddParamList= New Library=Altium Content Vault
Change Component Library : Designator=C170 Old Library=10 V|VisibleOnAddParamList= New Library=Altium Content Vault
Change Component Library : Designator=C171 Old Library=10 V|VisibleOnAddParamList= New Library=Altium Content Vault
Change Component Library : Designator=C172 Old Library=10 V|VisibleOnAddParamList= New Library=Altium Content Vault
Change Component Library : Designator=C173 Old Library=10 V|VisibleOnAddParamList= New Library=Altium Content Vault
Change Component Library : Designator=C174 Old Library=10 V|VisibleOnAddParamList= New Library=Altium Content Vault
Change Component Library : Designator=C175 Old Library=10 V|VisibleOnAddParamList= New Library=Altium Content Vault
Change Component Library : Designator=C176 Old Library=10 V|VisibleOnAddParamList= New Library=Altium Content Vault
Change Component Library : Designator=C177 Old Library=10 V|VisibleOnAddParamList= New Library=Altium Content Vault
Change Component Library : Designator=C178 Old Library=10 V|VisibleOnAddParamList= New Library=Altium Content Vault
Change Component Library : Designator=C179 Old Library=10 V|VisibleOnAddParamList= New Library=Altium Content Vault
Change Component Library : Designator=C180 Old Library=10 V|VisibleOnAddParamList= New Library=Altium Content Vault
Change component parameters: Designator = "C121"; Footprint = "CAPC0805(2012)100_L"; UniqueID = "\VHHBGRQE"
Change component parameters. Clean all parameters for all variants
Change component parameters (AddParameter): Name = "Case-EIA"; Value = "0805"; VariantName = "[No Variations]"
Change component parameters (AddParameter): Name = "Case-Metric"; Value = "2012"; VariantName = "[No Variations]"
Change component parameters (AddParameter): Name = "Max Thickness"; Value = "1 mm"; VariantName = "[No Variations]"
Change component parameters (AddParameter): Name = "Rated Voltage"; Value = "10 V"; VariantName = "[No Variations]"
Change component parameters (AddParameter): Name = "Technology"; Value = "SMT"; VariantName = "[No Variations]"
Change component parameters (AddParameter): Name = "Tolerance"; Value = "Â±0.5pF"; VariantName = "[No Variations]"
Change component parameters (AddParameter): Name = "Value"; Value = "0.5pF"; VariantName = "[No Variations]"
Change component parameters: Designator = "C122"; Footprint = "CAPC0805(2012)100_L"; UniqueID = "\AFWEFPJG"
Change component parameters. Clean all parameters for all variants
Change component parameters (AddParameter): Name = "Case-EIA"; Value = "0805"; VariantName = "[No Variations]"
Change component parameters (AddParameter): Name = "Case-Metric"; Value = "2012"; VariantName = "[No Variations]"
Change component parameters (AddParameter): Name = "Max Thickness"; Value = "1 mm"; VariantName = "[No Variations]"
Change component parameters (AddParameter): Name = "Rated Voltage"; Value = "10 V"; VariantName = "[No Variations]"
Change component parameters (AddParameter): Name = "Technology"; Value = "SMT"; VariantName = "[No Variations]"
Change component parameters (AddParameter): Name = "Tolerance"; Value = "Â±0.5pF"; VariantName = "[No Variations]"
Change component parameters (AddParameter): Name = "Value"; Value = "0.5pF"; VariantName = "[No Variations]"
Change component parameters: Designator = "C123"; Footprint = "CAPC0805(2012)100_L"; UniqueID = "\CDTQNCSX"
Change component parameters. Clean all parameters for all variants
Change component parameters (AddParameter): Name = "Case-EIA"; Value = "0805"; VariantName = "[No Variations]"
Change component parameters (AddParameter): Name = "Case-Metric"; Value = "2012"; VariantName = "[No Variations]"
Change component parameters (AddParameter): Name = "Max Thickness"; Value = "1 mm"; VariantName = "[No Variations]"
Change component parameters (AddParameter): Name = "Rated Voltage"; Value = "10 V"; VariantName = "[No Variations]"
Change component parameters (AddParameter): Name = "Technology"; Value = "SMT"; VariantName = "[No Variations]"
Change component parameters (AddParameter): Name = "Tolerance"; Value = "Â±0.5pF"; VariantName = "[No Variations]"
Change component parameters (AddParameter): Name = "Value"; Value = "0.5pF"; VariantName = "[No Variations]"
Change component parameters: Designator = "C124"; Footprint = "CAPC0805(2012)100_L"; UniqueID = "\KCOIFJJG"
Change component parameters. Clean all parameters for all variants
Change component parameters (AddParameter): Name = "Case-EIA"; Value = "0805"; VariantName = "[No Variations]"
Change component parameters (AddParameter): Name = "Case-Metric"; Value = "2012"; VariantName = "[No Variations]"
Change component parameters (AddParameter): Name = "Max Thickness"; Value = "1 mm"; VariantName = "[No Variations]"
Change component parameters (AddParameter): Name = "Rated Voltage"; Value = "10 V"; VariantName = "[No Variations]"
Change component parameters (AddParameter): Name = "Technology"; Value = "SMT"; VariantName = "[No Variations]"
Change component parameters (AddParameter): Name = "Tolerance"; Value = "Â±0.5pF"; VariantName = "[No Variations]"
Change component parameters (AddParameter): Name = "Value"; Value = "0.5pF"; VariantName = "[No Variations]"
Change component parameters: Designator = "C125"; Footprint = "CAPC0805(2012)100_L"; UniqueID = "\LCYYRQVE"
Change component parameters. Clean all parameters for all variants
Change component parameters (AddParameter): Name = "Case-EIA"; Value = "0805"; VariantName = "[No Variations]"
Change component parameters (AddParameter): Name = "Case-Metric"; Value = "2012"; VariantName = "[No Variations]"
Change component parameters (AddParameter): Name = "Max Thickness"; Value = "1 mm"; VariantName = "[No Variations]"
Change component parameters (AddParameter): Name = "Rated Voltage"; Value = "10 V"; VariantName = "[No Variations]"
Change component parameters (AddParameter): Name = "Technology"; Value = "SMT"; VariantName = "[No Variations]"
Change component parameters (AddParameter): Name = "Tolerance"; Value = "Â±0.5pF"; VariantName = "[No Variations]"
Change component parameters (AddParameter): Name = "Value"; Value = "0.5pF"; VariantName = "[No Variations]"
Change component parameters: Designator = "C126"; Footprint = "CAPC0805(2012)100_L"; UniqueID = "\LHRSRYTB"
Change component parameters. Clean all parameters for all variants
Change component parameters (AddParameter): Name = "Case-EIA"; Value = "0805"; VariantName = "[No Variations]"
Change component parameters (AddParameter): Name = "Case-Metric"; Value = "2012"; VariantName = "[No Variations]"
Change component parameters (AddParameter): Name = "Max Thickness"; Value = "1 mm"; VariantName = "[No Variations]"
Change component parameters (AddParameter): Name = "Rated Voltage"; Value = "10 V"; VariantName = "[No Variations]"
Change component parameters (AddParameter): Name = "Technology"; Value = "SMT"; VariantName = "[No Variations]"
Change component parameters (AddParameter): Name = "Tolerance"; Value = "Â±0.5pF"; VariantName = "[No Variations]"
Change component parameters (AddParameter): Name = "Value"; Value = "0.5pF"; VariantName = "[No Variations]"
Change component parameters: Designator = "C127"; Footprint = "CAPC0805(2012)100_L"; UniqueID = "\COERDAUY"
Change component parameters. Clean all parameters for all variants
Change component parameters (AddParameter): Name = "Case-EIA"; Value = "0805"; VariantName = "[No Variations]"
Change component parameters (AddParameter): Name = "Case-Metric"; Value = "2012"; VariantName = "[No Variations]"
Change component parameters (AddParameter): Name = "Max Thickness"; Value = "1 mm"; VariantName = "[No Variations]"
Change component parameters (AddParameter): Name = "Rated Voltage"; Value = "10 V"; VariantName = "[No Variations]"
Change component parameters (AddParameter): Name = "Technology"; Value = "SMT"; VariantName = "[No Variations]"
Change component parameters (AddParameter): Name = "Tolerance"; Value = "Â±0.5pF"; VariantName = "[No Variations]"
Change component parameters (AddParameter): Name = "Value"; Value = "0.5pF"; VariantName = "[No Variations]"
Change component parameters: Designator = "C128"; Footprint = "CAPC0805(2012)100_L"; UniqueID = "\SXKFAFTW"
Change component parameters. Clean all parameters for all variants
Change component parameters (AddParameter): Name = "Case-EIA"; Value = "0805"; VariantName = "[No Variations]"
Change component parameters (AddParameter): Name = "Case-Metric"; Value = "2012"; VariantName = "[No Variations]"
Change component parameters (AddParameter): Name = "Max Thickness"; Value = "1 mm"; VariantName = "[No Variations]"
Change component parameters (AddParameter): Name = "Rated Voltage"; Value = "10 V"; VariantName = "[No Variations]"
Change component parameters (AddParameter): Name = "Technology"; Value = "SMT"; VariantName = "[No Variations]"
Change component parameters (AddParameter): Name = "Tolerance"; Value = "Â±0.5pF"; VariantName = "[No Variations]"
Change component parameters (AddParameter): Name = "Value"; Value = "0.5pF"; VariantName = "[No Variations]"
Change component parameters: Designator = "C129"; Footprint = "CAPC0805(2012)100_L"; UniqueID = "\YIKQEPEE"
Change component parameters. Clean all parameters for all variants
Change component parameters (AddParameter): Name = "Case-EIA"; Value = "0805"; VariantName = "[No Variations]"
Change component parameters (AddParameter): Name = "Case-Metric"; Value = "2012"; VariantName = "[No Variations]"
Change component parameters (AddParameter): Name = "Max Thickness"; Value = "1 mm"; VariantName = "[No Variations]"
Change component parameters (AddParameter): Name = "Rated Voltage"; Value = "10 V"; VariantName = "[No Variations]"
Change component parameters (AddParameter): Name = "Technology"; Value = "SMT"; VariantName = "[No Variations]"
Change component parameters (AddParameter): Name = "Tolerance"; Value = "Â±0.5pF"; VariantName = "[No Variations]"
Change component parameters (AddParameter): Name = "Value"; Value = "0.5pF"; VariantName = "[No Variations]"
Change component parameters: Designator = "C130"; Footprint = "CAPC0805(2012)100_L"; UniqueID = "\ENAGARQR"
Change component parameters. Clean all parameters for all variants
Change component parameters (AddParameter): Name = "Case-EIA"; Value = "0805"; VariantName = "[No Variations]"
Change component parameters (AddParameter): Name = "Case-Metric"; Value = "2012"; VariantName = "[No Variations]"
Change component parameters (AddParameter): Name = "Max Thickness"; Value = "1 mm"; VariantName = "[No Variations]"
Change component parameters (AddParameter): Name = "Rated Voltage"; Value = "10 V"; VariantName = "[No Variations]"
Change component parameters (AddParameter): Name = "Technology"; Value = "SMT"; VariantName = "[No Variations]"
Change component parameters (AddParameter): Name = "Tolerance"; Value = "Â±0.5pF"; VariantName = "[No Variations]"
Change component parameters (AddParameter): Name = "Value"; Value = "0.5pF"; VariantName = "[No Variations]"
Change component parameters: Designator = "C131"; Footprint = "CAPC0805(2012)100_L"; UniqueID = "\LRSHDHBW"
Change component parameters. Clean all parameters for all variants
Change component parameters (AddParameter): Name = "Case-EIA"; Value = "0805"; VariantName = "[No Variations]"
Change component parameters (AddParameter): Name = "Case-Metric"; Value = "2012"; VariantName = "[No Variations]"
Change component parameters (AddParameter): Name = "Max Thickness"; Value = "1 mm"; VariantName = "[No Variations]"
Change component parameters (AddParameter): Name = "Rated Voltage"; Value = "10 V"; VariantName = "[No Variations]"
Change component parameters (AddParameter): Name = "Technology"; Value = "SMT"; VariantName = "[No Variations]"
Change component parameters (AddParameter): Name = "Tolerance"; Value = "Â±0.5pF"; VariantName = "[No Variations]"
Change component parameters (AddParameter): Name = "Value"; Value = "0.5pF"; VariantName = "[No Variations]"
Change component parameters: Designator = "C132"; Footprint = "CAPC0805(2012)100_L"; UniqueID = "\TJDKXRXV"
Change component parameters. Clean all parameters for all variants
Change component parameters (AddParameter): Name = "Case-EIA"; Value = "0805"; VariantName = "[No Variations]"
Change component parameters (AddParameter): Name = "Case-Metric"; Value = "2012"; VariantName = "[No Variations]"
Change component parameters (AddParameter): Name = "Max Thickness"; Value = "1 mm"; VariantName = "[No Variations]"
Change component parameters (AddParameter): Name = "Rated Voltage"; Value = "10 V"; VariantName = "[No Variations]"
Change component parameters (AddParameter): Name = "Technology"; Value = "SMT"; VariantName = "[No Variations]"
Change component parameters (AddParameter): Name = "Tolerance"; Value = "Â±0.5pF"; VariantName = "[No Variations]"
Change component parameters (AddParameter): Name = "Value"; Value = "0.5pF"; VariantName = "[No Variations]"
Change component parameters: Designator = "C133"; Footprint = "CAPC0805(2012)100_L"; UniqueID = "\CMGMGWVG"
Change component parameters. Clean all parameters for all variants
Change component parameters (AddParameter): Name = "Case-EIA"; Value = "0805"; VariantName = "[No Variations]"
Change component parameters (AddParameter): Name = "Case-Metric"; Value = "2012"; VariantName = "[No Variations]"
Change component parameters (AddParameter): Name = "Max Thickness"; Value = "1 mm"; VariantName = "[No Variations]"
Change component parameters (AddParameter): Name = "Rated Voltage"; Value = "10 V"; VariantName = "[No Variations]"
Change component parameters (AddParameter): Name = "Technology"; Value = "SMT"; VariantName = "[No Variations]"
Change component parameters (AddParameter): Name = "Tolerance"; Value = "Â±0.5pF"; VariantName = "[No Variations]"
Change component parameters (AddParameter): Name = "Value"; Value = "0.5pF"; VariantName = "[No Variations]"
Change component parameters: Designator = "C134"; Footprint = "CAPC0805(2012)100_L"; UniqueID = "\QAVRLOWU"
Change component parameters. Clean all parameters for all variants
Change component parameters (AddParameter): Name = "Case-EIA"; Value = "0805"; VariantName = "[No Variations]"
Change component parameters (AddParameter): Name = "Case-Metric"; Value = "2012"; VariantName = "[No Variations]"
Change component parameters (AddParameter): Name = "Max Thickness"; Value = "1 mm"; VariantName = "[No Variations]"
Change component parameters (AddParameter): Name = "Rated Voltage"; Value = "10 V"; VariantName = "[No Variations]"
Change component parameters (AddParameter): Name = "Technology"; Value = "SMT"; VariantName = "[No Variations]"
Change component parameters (AddParameter): Name = "Tolerance"; Value = "Â±0.5pF"; VariantName = "[No Variations]"
Change component parameters (AddParameter): Name = "Value"; Value = "0.5pF"; VariantName = "[No Variations]"
Change component parameters: Designator = "C135"; Footprint = "CAPC0805(2012)100_L"; UniqueID = "\YFSPEMOU"
Change component parameters. Clean all parameters for all variants
Change component parameters (AddParameter): Name = "Case-EIA"; Value = "0805"; VariantName = "[No Variations]"
Change component parameters (AddParameter): Name = "Case-Metric"; Value = "2012"; VariantName = "[No Variations]"
Change component parameters (AddParameter): Name = "Max Thickness"; Value = "1 mm"; VariantName = "[No Variations]"
Change component parameters (AddParameter): Name = "Rated Voltage"; Value = "10 V"; VariantName = "[No Variations]"
Change component parameters (AddParameter): Name = "Technology"; Value = "SMT"; VariantName = "[No Variations]"
Change component parameters (AddParameter): Name = "Tolerance"; Value = "Â±0.5pF"; VariantName = "[No Variations]"
Change component parameters (AddParameter): Name = "Value"; Value = "0.5pF"; VariantName = "[No Variations]"
Change component parameters: Designator = "C136"; Footprint = "CAPC0805(2012)100_L"; UniqueID = "\POTXWMUO"
Change component parameters. Clean all parameters for all variants
Change component parameters (AddParameter): Name = "Case-EIA"; Value = "0805"; VariantName = "[No Variations]"
Change component parameters (AddParameter): Name = "Case-Metric"; Value = "2012"; VariantName = "[No Variations]"
Change component parameters (AddParameter): Name = "Max Thickness"; Value = "1 mm"; VariantName = "[No Variations]"
Change component parameters (AddParameter): Name = "Rated Voltage"; Value = "10 V"; VariantName = "[No Variations]"
Change component parameters (AddParameter): Name = "Technology"; Value = "SMT"; VariantName = "[No Variations]"
Change component parameters (AddParameter): Name = "Tolerance"; Value = "Â±0.5pF"; VariantName = "[No Variations]"
Change component parameters (AddParameter): Name = "Value"; Value = "0.5pF"; VariantName = "[No Variations]"
Change component parameters: Designator = "C137"; Footprint = "CAPC0805(2012)100_L"; UniqueID = "\KYJAYGLP"
Change component parameters. Clean all parameters for all variants
Change component parameters (AddParameter): Name = "Case-EIA"; Value = "0805"; VariantName = "[No Variations]"
Change component parameters (AddParameter): Name = "Case-Metric"; Value = "2012"; VariantName = "[No Variations]"
Change component parameters (AddParameter): Name = "Max Thickness"; Value = "1 mm"; VariantName = "[No Variations]"
Change component parameters (AddParameter): Name = "Rated Voltage"; Value = "10 V"; VariantName = "[No Variations]"
Change component parameters (AddParameter): Name = "Technology"; Value = "SMT"; VariantName = "[No Variations]"
Change component parameters (AddParameter): Name = "Tolerance"; Value = "Â±0.5pF"; VariantName = "[No Variations]"
Change component parameters (AddParameter): Name = "Value"; Value = "0.5pF"; VariantName = "[No Variations]"
Change component parameters: Designator = "C138"; Footprint = "CAPC0805(2012)100_L"; UniqueID = "\BCWMVNDB"
Change component parameters. Clean all parameters for all variants
Change component parameters (AddParameter): Name = "Case-EIA"; Value = "0805"; VariantName = "[No Variations]"
Change component parameters (AddParameter): Name = "Case-Metric"; Value = "2012"; VariantName = "[No Variations]"
Change component parameters (AddParameter): Name = "Max Thickness"; Value = "1 mm"; VariantName = "[No Variations]"
Change component parameters (AddParameter): Name = "Rated Voltage"; Value = "10 V"; VariantName = "[No Variations]"
Change component parameters (AddParameter): Name = "Technology"; Value = "SMT"; VariantName = "[No Variations]"
Change component parameters (AddParameter): Name = "Tolerance"; Value = "Â±0.5pF"; VariantName = "[No Variations]"
Change component parameters (AddParameter): Name = "Value"; Value = "0.5pF"; VariantName = "[No Variations]"
Change component parameters: Designator = "C139"; Footprint = "CAPC0805(2012)100_L"; UniqueID = "\EKYOSFQX"
Change component parameters. Clean all parameters for all variants
Change component parameters (AddParameter): Name = "Case-EIA"; Value = "0805"; VariantName = "[No Variations]"
Change component parameters (AddParameter): Name = "Case-Metric"; Value = "2012"; VariantName = "[No Variations]"
Change component parameters (AddParameter): Name = "Max Thickness"; Value = "1 mm"; VariantName = "[No Variations]"
Change component parameters (AddParameter): Name = "Rated Voltage"; Value = "10 V"; VariantName = "[No Variations]"
Change component parameters (AddParameter): Name = "Technology"; Value = "SMT"; VariantName = "[No Variations]"
Change component parameters (AddParameter): Name = "Tolerance"; Value = "Â±0.5pF"; VariantName = "[No Variations]"
Change component parameters (AddParameter): Name = "Value"; Value = "0.5pF"; VariantName = "[No Variations]"
Change component parameters: Designator = "C140"; Footprint = "CAPC0805(2012)100_L"; UniqueID = "\XMCEEDTA"
Change component parameters. Clean all parameters for all variants
Change component parameters (AddParameter): Name = "Case-EIA"; Value = "0805"; VariantName = "[No Variations]"
Change component parameters (AddParameter): Name = "Case-Metric"; Value = "2012"; VariantName = "[No Variations]"
Change component parameters (AddParameter): Name = "Max Thickness"; Value = "1 mm"; VariantName = "[No Variations]"
Change component parameters (AddParameter): Name = "Rated Voltage"; Value = "10 V"; VariantName = "[No Variations]"
Change component parameters (AddParameter): Name = "Technology"; Value = "SMT"; VariantName = "[No Variations]"
Change component parameters (AddParameter): Name = "Tolerance"; Value = "Â±0.5pF"; VariantName = "[No Variations]"
Change component parameters (AddParameter): Name = "Value"; Value = "0.5pF"; VariantName = "[No Variations]"
Change component parameters: Designator = "C141"; Footprint = "CAPC0805(2012)100_L"; UniqueID = "\GCMMOACB"
Change component parameters. Clean all parameters for all variants
Change component parameters (AddParameter): Name = "Case-EIA"; Value = "0805"; VariantName = "[No Variations]"
Change component parameters (AddParameter): Name = "Case-Metric"; Value = "2012"; VariantName = "[No Variations]"
Change component parameters (AddParameter): Name = "Max Thickness"; Value = "1 mm"; VariantName = "[No Variations]"
Change component parameters (AddParameter): Name = "Rated Voltage"; Value = "10 V"; VariantName = "[No Variations]"
Change component parameters (AddParameter): Name = "Technology"; Value = "SMT"; VariantName = "[No Variations]"
Change component parameters (AddParameter): Name = "Tolerance"; Value = "Â±0.5pF"; VariantName = "[No Variations]"
Change component parameters (AddParameter): Name = "Value"; Value = "0.5pF"; VariantName = "[No Variations]"
Change component parameters: Designator = "C142"; Footprint = "CAPC0805(2012)100_L"; UniqueID = "\JCCXJGCY"
Change component parameters. Clean all parameters for all variants
Change component parameters (AddParameter): Name = "Case-EIA"; Value = "0805"; VariantName = "[No Variations]"
Change component parameters (AddParameter): Name = "Case-Metric"; Value = "2012"; VariantName = "[No Variations]"
Change component parameters (AddParameter): Name = "Max Thickness"; Value = "1 mm"; VariantName = "[No Variations]"
Change component parameters (AddParameter): Name = "Rated Voltage"; Value = "10 V"; VariantName = "[No Variations]"
Change component parameters (AddParameter): Name = "Technology"; Value = "SMT"; VariantName = "[No Variations]"
Change component parameters (AddParameter): Name = "Tolerance"; Value = "Â±0.5pF"; VariantName = "[No Variations]"
Change component parameters (AddParameter): Name = "Value"; Value = "0.5pF"; VariantName = "[No Variations]"
Change component parameters: Designator = "C143"; Footprint = "CAPC0805(2012)100_L"; UniqueID = "\TRNQUOWH"
Change component parameters. Clean all parameters for all variants
Change component parameters (AddParameter): Name = "Case-EIA"; Value = "0805"; VariantName = "[No Variations]"
Change component parameters (AddParameter): Name = "Case-Metric"; Value = "2012"; VariantName = "[No Variations]"
Change component parameters (AddParameter): Name = "Max Thickness"; Value = "1 mm"; VariantName = "[No Variations]"
Change component parameters (AddParameter): Name = "Rated Voltage"; Value = "10 V"; VariantName = "[No Variations]"
Change component parameters (AddParameter): Name = "Technology"; Value = "SMT"; VariantName = "[No Variations]"
Change component parameters (AddParameter): Name = "Tolerance"; Value = "Â±0.5pF"; VariantName = "[No Variations]"
Change component parameters (AddParameter): Name = "Value"; Value = "0.5pF"; VariantName = "[No Variations]"
Change component parameters: Designator = "C144"; Footprint = "CAPC0805(2012)100_L"; UniqueID = "\XMIIDYPJ"
Change component parameters. Clean all parameters for all variants
Change component parameters (AddParameter): Name = "Case-EIA"; Value = "0805"; VariantName = "[No Variations]"
Change component parameters (AddParameter): Name = "Case-Metric"; Value = "2012"; VariantName = "[No Variations]"
Change component parameters (AddParameter): Name = "Max Thickness"; Value = "1 mm"; VariantName = "[No Variations]"
Change component parameters (AddParameter): Name = "Rated Voltage"; Value = "10 V"; VariantName = "[No Variations]"
Change component parameters (AddParameter): Name = "Technology"; Value = "SMT"; VariantName = "[No Variations]"
Change component parameters (AddParameter): Name = "Tolerance"; Value = "Â±0.5pF"; VariantName = "[No Variations]"
Change component parameters (AddParameter): Name = "Value"; Value = "0.5pF"; VariantName = "[No Variations]"
Change component parameters: Designator = "C145"; Footprint = "CAPC0805(2012)100_L"; UniqueID = "\LVXSQJIU"
Change component parameters. Clean all parameters for all variants
Change component parameters (AddParameter): Name = "Case-EIA"; Value = "0805"; VariantName = "[No Variations]"
Change component parameters (AddParameter): Name = "Case-Metric"; Value = "2012"; VariantName = "[No Variations]"
Change component parameters (AddParameter): Name = "Max Thickness"; Value = "1 mm"; VariantName = "[No Variations]"
Change component parameters (AddParameter): Name = "Rated Voltage"; Value = "10 V"; VariantName = "[No Variations]"
Change component parameters (AddParameter): Name = "Technology"; Value = "SMT"; VariantName = "[No Variations]"
Change component parameters (AddParameter): Name = "Tolerance"; Value = "Â±0.5pF"; VariantName = "[No Variations]"
Change component parameters (AddParameter): Name = "Value"; Value = "0.5pF"; VariantName = "[No Variations]"
Change component parameters: Designator = "C146"; Footprint = "CAPC0805(2012)100_L"; UniqueID = "\UTJCAMAP"
Change component parameters. Clean all parameters for all variants
Change component parameters (AddParameter): Name = "Case-EIA"; Value = "0805"; VariantName = "[No Variations]"
Change component parameters (AddParameter): Name = "Case-Metric"; Value = "2012"; VariantName = "[No Variations]"
Change component parameters (AddParameter): Name = "Max Thickness"; Value = "1 mm"; VariantName = "[No Variations]"
Change component parameters (AddParameter): Name = "Rated Voltage"; Value = "10 V"; VariantName = "[No Variations]"
Change component parameters (AddParameter): Name = "Technology"; Value = "SMT"; VariantName = "[No Variations]"
Change component parameters (AddParameter): Name = "Tolerance"; Value = "Â±0.5pF"; VariantName = "[No Variations]"
Change component parameters (AddParameter): Name = "Value"; Value = "0.5pF"; VariantName = "[No Variations]"
Change component parameters: Designator = "C147"; Footprint = "CAPC0805(2012)100_L"; UniqueID = "\VLCLEERA"
Change component parameters. Clean all parameters for all variants
Change component parameters (AddParameter): Name = "Case-EIA"; Value = "0805"; VariantName = "[No Variations]"
Change component parameters (AddParameter): Name = "Case-Metric"; Value = "2012"; VariantName = "[No Variations]"
Change component parameters (AddParameter): Name = "Max Thickness"; Value = "1 mm"; VariantName = "[No Variations]"
Change component parameters (AddParameter): Name = "Rated Voltage"; Value = "10 V"; VariantName = "[No Variations]"
Change component parameters (AddParameter): Name = "Technology"; Value = "SMT"; VariantName = "[No Variations]"
Change component parameters (AddParameter): Name = "Tolerance"; Value = "Â±0.5pF"; VariantName = "[No Variations]"
Change component parameters (AddParameter): Name = "Value"; Value = "0.5pF"; VariantName = "[No Variations]"
Change component parameters: Designator = "C148"; Footprint = "CAPC0805(2012)100_L"; UniqueID = "\LSLGSGNT"
Change component parameters. Clean all parameters for all variants
Change component parameters (AddParameter): Name = "Case-EIA"; Value = "0805"; VariantName = "[No Variations]"
Change component parameters (AddParameter): Name = "Case-Metric"; Value = "2012"; VariantName = "[No Variations]"
Change component parameters (AddParameter): Name = "Max Thickness"; Value = "1 mm"; VariantName = "[No Variations]"
Change component parameters (AddParameter): Name = "Rated Voltage"; Value = "10 V"; VariantName = "[No Variations]"
Change component parameters (AddParameter): Name = "Technology"; Value = "SMT"; VariantName = "[No Variations]"
Change component parameters (AddParameter): Name = "Tolerance"; Value = "Â±0.5pF"; VariantName = "[No Variations]"
Change component parameters (AddParameter): Name = "Value"; Value = "0.5pF"; VariantName = "[No Variations]"
Change component parameters: Designator = "C149"; Footprint = "CAPC0805(2012)100_L"; UniqueID = "\YMXULVTB"
Change component parameters. Clean all parameters for all variants
Change component parameters (AddParameter): Name = "Case-EIA"; Value = "0805"; VariantName = "[No Variations]"
Change component parameters (AddParameter): Name = "Case-Metric"; Value = "2012"; VariantName = "[No Variations]"
Change component parameters (AddParameter): Name = "Max Thickness"; Value = "1 mm"; VariantName = "[No Variations]"
Change component parameters (AddParameter): Name = "Rated Voltage"; Value = "10 V"; VariantName = "[No Variations]"
Change component parameters (AddParameter): Name = "Technology"; Value = "SMT"; VariantName = "[No Variations]"
Change component parameters (AddParameter): Name = "Tolerance"; Value = "Â±0.5pF"; VariantName = "[No Variations]"
Change component parameters (AddParameter): Name = "Value"; Value = "0.5pF"; VariantName = "[No Variations]"
Change component parameters: Designator = "C150"; Footprint = "CAPC0805(2012)100_L"; UniqueID = "\KQSAHNQK"
Change component parameters. Clean all parameters for all variants
Change component parameters (AddParameter): Name = "Case-EIA"; Value = "0805"; VariantName = "[No Variations]"
Change component parameters (AddParameter): Name = "Case-Metric"; Value = "2012"; VariantName = "[No Variations]"
Change component parameters (AddParameter): Name = "Max Thickness"; Value = "1 mm"; VariantName = "[No Variations]"
Change component parameters (AddParameter): Name = "Rated Voltage"; Value = "10 V"; VariantName = "[No Variations]"
Change component parameters (AddParameter): Name = "Technology"; Value = "SMT"; VariantName = "[No Variations]"
Change component parameters (AddParameter): Name = "Tolerance"; Value = "Â±0.5pF"; VariantName = "[No Variations]"
Change component parameters (AddParameter): Name = "Value"; Value = "0.5pF"; VariantName = "[No Variations]"
Change component parameters: Designator = "C151"; Footprint = "CAPC0805(2012)100_L"; UniqueID = "\EJDLATKE"
Change component parameters. Clean all parameters for all variants
Change component parameters (AddParameter): Name = "Case-EIA"; Value = "0805"; VariantName = "[No Variations]"
Change component parameters (AddParameter): Name = "Case-Metric"; Value = "2012"; VariantName = "[No Variations]"
Change component parameters (AddParameter): Name = "Max Thickness"; Value = "1 mm"; VariantName = "[No Variations]"
Change component parameters (AddParameter): Name = "Rated Voltage"; Value = "10 V"; VariantName = "[No Variations]"
Change component parameters (AddParameter): Name = "Technology"; Value = "SMT"; VariantName = "[No Variations]"
Change component parameters (AddParameter): Name = "Tolerance"; Value = "Â±0.5pF"; VariantName = "[No Variations]"
Change component parameters (AddParameter): Name = "Value"; Value = "0.5pF"; VariantName = "[No Variations]"
Change component parameters: Designator = "C152"; Footprint = "CAPC0805(2012)100_L"; UniqueID = "\BGFSKRKQ"
Change component parameters. Clean all parameters for all variants
Change component parameters (AddParameter): Name = "Case-EIA"; Value = "0805"; VariantName = "[No Variations]"
Change component parameters (AddParameter): Name = "Case-Metric"; Value = "2012"; VariantName = "[No Variations]"
Change component parameters (AddParameter): Name = "Max Thickness"; Value = "1 mm"; VariantName = "[No Variations]"
Change component parameters (AddParameter): Name = "Rated Voltage"; Value = "10 V"; VariantName = "[No Variations]"
Change component parameters (AddParameter): Name = "Technology"; Value = "SMT"; VariantName = "[No Variations]"
Change component parameters (AddParameter): Name = "Tolerance"; Value = "Â±0.5pF"; VariantName = "[No Variations]"
Change component parameters (AddParameter): Name = "Value"; Value = "0.5pF"; VariantName = "[No Variations]"
Change component parameters: Designator = "C153"; Footprint = "CAPC0805(2012)100_L"; UniqueID = "\RFLTGYFT"
Change component parameters. Clean all parameters for all variants
Change component parameters (AddParameter): Name = "Case-EIA"; Value = "0805"; VariantName = "[No Variations]"
Change component parameters (AddParameter): Name = "Case-Metric"; Value = "2012"; VariantName = "[No Variations]"
Change component parameters (AddParameter): Name = "Max Thickness"; Value = "1 mm"; VariantName = "[No Variations]"
Change component parameters (AddParameter): Name = "Rated Voltage"; Value = "10 V"; VariantName = "[No Variations]"
Change component parameters (AddParameter): Name = "Technology"; Value = "SMT"; VariantName = "[No Variations]"
Change component parameters (AddParameter): Name = "Tolerance"; Value = "Â±0.5pF"; VariantName = "[No Variations]"
Change component parameters (AddParameter): Name = "Value"; Value = "0.5pF"; VariantName = "[No Variations]"
Change component parameters: Designator = "C154"; Footprint = "CAPC0805(2012)100_L"; UniqueID = "\NDFSVFIK"
Change component parameters. Clean all parameters for all variants
Change component parameters (AddParameter): Name = "Case-EIA"; Value = "0805"; VariantName = "[No Variations]"
Change component parameters (AddParameter): Name = "Case-Metric"; Value = "2012"; VariantName = "[No Variations]"
Change component parameters (AddParameter): Name = "Max Thickness"; Value = "1 mm"; VariantName = "[No Variations]"
Change component parameters (AddParameter): Name = "Rated Voltage"; Value = "10 V"; VariantName = "[No Variations]"
Change component parameters (AddParameter): Name = "Technology"; Value = "SMT"; VariantName = "[No Variations]"
Change component parameters (AddParameter): Name = "Tolerance"; Value = "Â±0.5pF"; VariantName = "[No Variations]"
Change component parameters (AddParameter): Name = "Value"; Value = "0.5pF"; VariantName = "[No Variations]"
Change component parameters: Designator = "C155"; Footprint = "CAPC0805(2012)100_L"; UniqueID = "\YXLWUNNG"
Change component parameters. Clean all parameters for all variants
Change component parameters (AddParameter): Name = "Case-EIA"; Value = "0805"; VariantName = "[No Variations]"
Change component parameters (AddParameter): Name = "Case-Metric"; Value = "2012"; VariantName = "[No Variations]"
Change component parameters (AddParameter): Name = "Max Thickness"; Value = "1 mm"; VariantName = "[No Variations]"
Change component parameters (AddParameter): Name = "Rated Voltage"; Value = "10 V"; VariantName = "[No Variations]"
Change component parameters (AddParameter): Name = "Technology"; Value = "SMT"; VariantName = "[No Variations]"
Change component parameters (AddParameter): Name = "Tolerance"; Value = "Â±0.5pF"; VariantName = "[No Variations]"
Change component parameters (AddParameter): Name = "Value"; Value = "0.5pF"; VariantName = "[No Variations]"
Change component parameters: Designator = "C156"; Footprint = "CAPC0805(2012)100_L"; UniqueID = "\LHVSYIUW"
Change component parameters. Clean all parameters for all variants
Change component parameters (AddParameter): Name = "Case-EIA"; Value = "0805"; VariantName = "[No Variations]"
Change component parameters (AddParameter): Name = "Case-Metric"; Value = "2012"; VariantName = "[No Variations]"
Change component parameters (AddParameter): Name = "Max Thickness"; Value = "1 mm"; VariantName = "[No Variations]"
Change component parameters (AddParameter): Name = "Rated Voltage"; Value = "10 V"; VariantName = "[No Variations]"
Change component parameters (AddParameter): Name = "Technology"; Value = "SMT"; VariantName = "[No Variations]"
Change component parameters (AddParameter): Name = "Tolerance"; Value = "Â±0.5pF"; VariantName = "[No Variations]"
Change component parameters (AddParameter): Name = "Value"; Value = "0.5pF"; VariantName = "[No Variations]"
Change component parameters: Designator = "C157"; Footprint = "CAPC0805(2012)100_L"; UniqueID = "\JYVBUQPY"
Change component parameters. Clean all parameters for all variants
Change component parameters (AddParameter): Name = "Case-EIA"; Value = "0805"; VariantName = "[No Variations]"
Change component parameters (AddParameter): Name = "Case-Metric"; Value = "2012"; VariantName = "[No Variations]"
Change component parameters (AddParameter): Name = "Max Thickness"; Value = "1 mm"; VariantName = "[No Variations]"
Change component parameters (AddParameter): Name = "Rated Voltage"; Value = "10 V"; VariantName = "[No Variations]"
Change component parameters (AddParameter): Name = "Technology"; Value = "SMT"; VariantName = "[No Variations]"
Change component parameters (AddParameter): Name = "Tolerance"; Value = "Â±0.5pF"; VariantName = "[No Variations]"
Change component parameters (AddParameter): Name = "Value"; Value = "0.5pF"; VariantName = "[No Variations]"
Change component parameters: Designator = "C158"; Footprint = "CAPC0805(2012)100_L"; UniqueID = "\ASQOWEQD"
Change component parameters. Clean all parameters for all variants
Change component parameters (AddParameter): Name = "Case-EIA"; Value = "0805"; VariantName = "[No Variations]"
Change component parameters (AddParameter): Name = "Case-Metric"; Value = "2012"; VariantName = "[No Variations]"
Change component parameters (AddParameter): Name = "Max Thickness"; Value = "1 mm"; VariantName = "[No Variations]"
Change component parameters (AddParameter): Name = "Rated Voltage"; Value = "10 V"; VariantName = "[No Variations]"
Change component parameters (AddParameter): Name = "Technology"; Value = "SMT"; VariantName = "[No Variations]"
Change component parameters (AddParameter): Name = "Tolerance"; Value = "Â±0.5pF"; VariantName = "[No Variations]"
Change component parameters (AddParameter): Name = "Value"; Value = "0.5pF"; VariantName = "[No Variations]"
Change component parameters: Designator = "C159"; Footprint = "CAPC0805(2012)100_L"; UniqueID = "\PKALTEYQ"
Change component parameters. Clean all parameters for all variants
Change component parameters (AddParameter): Name = "Case-EIA"; Value = "0805"; VariantName = "[No Variations]"
Change component parameters (AddParameter): Name = "Case-Metric"; Value = "2012"; VariantName = "[No Variations]"
Change component parameters (AddParameter): Name = "Max Thickness"; Value = "1 mm"; VariantName = "[No Variations]"
Change component parameters (AddParameter): Name = "Rated Voltage"; Value = "10 V"; VariantName = "[No Variations]"
Change component parameters (AddParameter): Name = "Technology"; Value = "SMT"; VariantName = "[No Variations]"
Change component parameters (AddParameter): Name = "Tolerance"; Value = "Â±0.5pF"; VariantName = "[No Variations]"
Change component parameters (AddParameter): Name = "Value"; Value = "0.5pF"; VariantName = "[No Variations]"
Change component parameters: Designator = "C160"; Footprint = "CAPC0805(2012)100_L"; UniqueID = "\JKVCBSDD"
Change component parameters. Clean all parameters for all variants
Change component parameters (AddParameter): Name = "Case-EIA"; Value = "0805"; VariantName = "[No Variations]"
Change component parameters (AddParameter): Name = "Case-Metric"; Value = "2012"; VariantName = "[No Variations]"
Change component parameters (AddParameter): Name = "Max Thickness"; Value = "1 mm"; VariantName = "[No Variations]"
Change component parameters (AddParameter): Name = "Rated Voltage"; Value = "10 V"; VariantName = "[No Variations]"
Change component parameters (AddParameter): Name = "Technology"; Value = "SMT"; VariantName = "[No Variations]"
Change component parameters (AddParameter): Name = "Tolerance"; Value = "Â±0.5pF"; VariantName = "[No Variations]"
Change component parameters (AddParameter): Name = "Value"; Value = "0.5pF"; VariantName = "[No Variations]"
Change component parameters: Designator = "C161"; Footprint = "CAPC0805(2012)100_L"; UniqueID = "\WPHCMNVR"
Change component parameters. Clean all parameters for all variants
Change component parameters (AddParameter): Name = "Case-EIA"; Value = "0805"; VariantName = "[No Variations]"
Change component parameters (AddParameter): Name = "Case-Metric"; Value = "2012"; VariantName = "[No Variations]"
Change component parameters (AddParameter): Name = "Max Thickness"; Value = "1 mm"; VariantName = "[No Variations]"
Change component parameters (AddParameter): Name = "Rated Voltage"; Value = "10 V"; VariantName = "[No Variations]"
Change component parameters (AddParameter): Name = "Technology"; Value = "SMT"; VariantName = "[No Variations]"
Change component parameters (AddParameter): Name = "Tolerance"; Value = "Â±0.5pF"; VariantName = "[No Variations]"
Change component parameters (AddParameter): Name = "Value"; Value = "0.5pF"; VariantName = "[No Variations]"
Change component parameters: Designator = "C162"; Footprint = "CAPC0805(2012)100_L"; UniqueID = "\IVHUSSOX"
Change component parameters. Clean all parameters for all variants
Change component parameters (AddParameter): Name = "Case-EIA"; Value = "0805"; VariantName = "[No Variations]"
Change component parameters (AddParameter): Name = "Case-Metric"; Value = "2012"; VariantName = "[No Variations]"
Change component parameters (AddParameter): Name = "Max Thickness"; Value = "1 mm"; VariantName = "[No Variations]"
Change component parameters (AddParameter): Name = "Rated Voltage"; Value = "10 V"; VariantName = "[No Variations]"
Change component parameters (AddParameter): Name = "Technology"; Value = "SMT"; VariantName = "[No Variations]"
Change component parameters (AddParameter): Name = "Tolerance"; Value = "Â±0.5pF"; VariantName = "[No Variations]"
Change component parameters (AddParameter): Name = "Value"; Value = "0.5pF"; VariantName = "[No Variations]"
Change component parameters: Designator = "C163"; Footprint = "CAPC0805(2012)100_L"; UniqueID = "\URSPFXID"
Change component parameters. Clean all parameters for all variants
Change component parameters (AddParameter): Name = "Case-EIA"; Value = "0805"; VariantName = "[No Variations]"
Change component parameters (AddParameter): Name = "Case-Metric"; Value = "2012"; VariantName = "[No Variations]"
Change component parameters (AddParameter): Name = "Max Thickness"; Value = "1 mm"; VariantName = "[No Variations]"
Change component parameters (AddParameter): Name = "Rated Voltage"; Value = "10 V"; VariantName = "[No Variations]"
Change component parameters (AddParameter): Name = "Technology"; Value = "SMT"; VariantName = "[No Variations]"
Change component parameters (AddParameter): Name = "Tolerance"; Value = "Â±0.5pF"; VariantName = "[No Variations]"
Change component parameters (AddParameter): Name = "Value"; Value = "0.5pF"; VariantName = "[No Variations]"
Change component parameters: Designator = "C164"; Footprint = "CAPC0805(2012)100_L"; UniqueID = "\HVXEINYD"
Change component parameters. Clean all parameters for all variants
Change component parameters (AddParameter): Name = "Case-EIA"; Value = "0805"; VariantName = "[No Variations]"
Change component parameters (AddParameter): Name = "Case-Metric"; Value = "2012"; VariantName = "[No Variations]"
Change component parameters (AddParameter): Name = "Max Thickness"; Value = "1 mm"; VariantName = "[No Variations]"
Change component parameters (AddParameter): Name = "Rated Voltage"; Value = "10 V"; VariantName = "[No Variations]"
Change component parameters (AddParameter): Name = "Technology"; Value = "SMT"; VariantName = "[No Variations]"
Change component parameters (AddParameter): Name = "Tolerance"; Value = "Â±0.5pF"; VariantName = "[No Variations]"
Change component parameters (AddParameter): Name = "Value"; Value = "0.5pF"; VariantName = "[No Variations]"
Change component parameters: Designator = "C165"; Footprint = "CAPC0805(2012)100_L"; UniqueID = "\IQWMKJRQ"
Change component parameters. Clean all parameters for all variants
Change component parameters (AddParameter): Name = "Case-EIA"; Value = "0805"; VariantName = "[No Variations]"
Change component parameters (AddParameter): Name = "Case-Metric"; Value = "2012"; VariantName = "[No Variations]"
Change component parameters (AddParameter): Name = "Max Thickness"; Value = "1 mm"; VariantName = "[No Variations]"
Change component parameters (AddParameter): Name = "Rated Voltage"; Value = "10 V"; VariantName = "[No Variations]"
Change component parameters (AddParameter): Name = "Technology"; Value = "SMT"; VariantName = "[No Variations]"
Change component parameters (AddParameter): Name = "Tolerance"; Value = "Â±0.5pF"; VariantName = "[No Variations]"
Change component parameters (AddParameter): Name = "Value"; Value = "0.5pF"; VariantName = "[No Variations]"
Change component parameters: Designator = "C166"; Footprint = "CAPC0805(2012)100_L"; UniqueID = "\FRMXNDLX"
Change component parameters. Clean all parameters for all variants
Change component parameters (AddParameter): Name = "Case-EIA"; Value = "0805"; VariantName = "[No Variations]"
Change component parameters (AddParameter): Name = "Case-Metric"; Value = "2012"; VariantName = "[No Variations]"
Change component parameters (AddParameter): Name = "Max Thickness"; Value = "1 mm"; VariantName = "[No Variations]"
Change component parameters (AddParameter): Name = "Rated Voltage"; Value = "10 V"; VariantName = "[No Variations]"
Change component parameters (AddParameter): Name = "Technology"; Value = "SMT"; VariantName = "[No Variations]"
Change component parameters (AddParameter): Name = "Tolerance"; Value = "Â±0.5pF"; VariantName = "[No Variations]"
Change component parameters (AddParameter): Name = "Value"; Value = "0.5pF"; VariantName = "[No Variations]"
Change component parameters: Designator = "C167"; Footprint = "CAPC0805(2012)100_L"; UniqueID = "\IVMXINWT"
Change component parameters. Clean all parameters for all variants
Change component parameters (AddParameter): Name = "Case-EIA"; Value = "0805"; VariantName = "[No Variations]"
Change component parameters (AddParameter): Name = "Case-Metric"; Value = "2012"; VariantName = "[No Variations]"
Change component parameters (AddParameter): Name = "Max Thickness"; Value = "1 mm"; VariantName = "[No Variations]"
Change component parameters (AddParameter): Name = "Rated Voltage"; Value = "10 V"; VariantName = "[No Variations]"
Change component parameters (AddParameter): Name = "Technology"; Value = "SMT"; VariantName = "[No Variations]"
Change component parameters (AddParameter): Name = "Tolerance"; Value = "Â±0.5pF"; VariantName = "[No Variations]"
Change component parameters (AddParameter): Name = "Value"; Value = "0.5pF"; VariantName = "[No Variations]"
Change component parameters: Designator = "C168"; Footprint = "CAPC0805(2012)100_L"; UniqueID = "\IJNUXUSN"
Change component parameters. Clean all parameters for all variants
Change component parameters (AddParameter): Name = "Case-EIA"; Value = "0805"; VariantName = "[No Variations]"
Change component parameters (AddParameter): Name = "Case-Metric"; Value = "2012"; VariantName = "[No Variations]"
Change component parameters (AddParameter): Name = "Max Thickness"; Value = "1 mm"; VariantName = "[No Variations]"
Change component parameters (AddParameter): Name = "Rated Voltage"; Value = "10 V"; VariantName = "[No Variations]"
Change component parameters (AddParameter): Name = "Technology"; Value = "SMT"; VariantName = "[No Variations]"
Change component parameters (AddParameter): Name = "Tolerance"; Value = "Â±0.5pF"; VariantName = "[No Variations]"
Change component parameters (AddParameter): Name = "Value"; Value = "0.5pF"; VariantName = "[No Variations]"
Change component parameters: Designator = "C169"; Footprint = "CAPC0805(2012)100_L"; UniqueID = "\XLBBVDCX"
Change component parameters. Clean all parameters for all variants
Change component parameters (AddParameter): Name = "Case-EIA"; Value = "0805"; VariantName = "[No Variations]"
Change component parameters (AddParameter): Name = "Case-Metric"; Value = "2012"; VariantName = "[No Variations]"
Change component parameters (AddParameter): Name = "Max Thickness"; Value = "1 mm"; VariantName = "[No Variations]"
Change component parameters (AddParameter): Name = "Rated Voltage"; Value = "10 V"; VariantName = "[No Variations]"
Change component parameters (AddParameter): Name = "Technology"; Value = "SMT"; VariantName = "[No Variations]"
Change component parameters (AddParameter): Name = "Tolerance"; Value = "Â±0.5pF"; VariantName = "[No Variations]"
Change component parameters (AddParameter): Name = "Value"; Value = "0.5pF"; VariantName = "[No Variations]"
Change component parameters: Designator = "C170"; Footprint = "CAPC0805(2012)100_L"; UniqueID = "\NSWTTJHL"
Change component parameters. Clean all parameters for all variants
Change component parameters (AddParameter): Name = "Case-EIA"; Value = "0805"; VariantName = "[No Variations]"
Change component parameters (AddParameter): Name = "Case-Metric"; Value = "2012"; VariantName = "[No Variations]"
Change component parameters (AddParameter): Name = "Max Thickness"; Value = "1 mm"; VariantName = "[No Variations]"
Change component parameters (AddParameter): Name = "Rated Voltage"; Value = "10 V"; VariantName = "[No Variations]"
Change component parameters (AddParameter): Name = "Technology"; Value = "SMT"; VariantName = "[No Variations]"
Change component parameters (AddParameter): Name = "Tolerance"; Value = "Â±0.5pF"; VariantName = "[No Variations]"
Change component parameters (AddParameter): Name = "Value"; Value = "0.5pF"; VariantName = "[No Variations]"
Change component parameters: Designator = "C171"; Footprint = "CAPC0805(2012)100_L"; UniqueID = "\GINDNQHE"
Change component parameters. Clean all parameters for all variants
Change component parameters (AddParameter): Name = "Case-EIA"; Value = "0805"; VariantName = "[No Variations]"
Change component parameters (AddParameter): Name = "Case-Metric"; Value = "2012"; VariantName = "[No Variations]"
Change component parameters (AddParameter): Name = "Max Thickness"; Value = "1 mm"; VariantName = "[No Variations]"
Change component parameters (AddParameter): Name = "Rated Voltage"; Value = "10 V"; VariantName = "[No Variations]"
Change component parameters (AddParameter): Name = "Technology"; Value = "SMT"; VariantName = "[No Variations]"
Change component parameters (AddParameter): Name = "Tolerance"; Value = "Â±0.5pF"; VariantName = "[No Variations]"
Change component parameters (AddParameter): Name = "Value"; Value = "0.5pF"; VariantName = "[No Variations]"
Change component parameters: Designator = "C172"; Footprint = "CAPC0805(2012)100_L"; UniqueID = "\BGEXCAAR"
Change component parameters. Clean all parameters for all variants
Change component parameters (AddParameter): Name = "Case-EIA"; Value = "0805"; VariantName = "[No Variations]"
Change component parameters (AddParameter): Name = "Case-Metric"; Value = "2012"; VariantName = "[No Variations]"
Change component parameters (AddParameter): Name = "Max Thickness"; Value = "1 mm"; VariantName = "[No Variations]"
Change component parameters (AddParameter): Name = "Rated Voltage"; Value = "10 V"; VariantName = "[No Variations]"
Change component parameters (AddParameter): Name = "Technology"; Value = "SMT"; VariantName = "[No Variations]"
Change component parameters (AddParameter): Name = "Tolerance"; Value = "Â±0.5pF"; VariantName = "[No Variations]"
Change component parameters (AddParameter): Name = "Value"; Value = "0.5pF"; VariantName = "[No Variations]"
Change component parameters: Designator = "C173"; Footprint = "CAPC0805(2012)100_L"; UniqueID = "\NHOFYQKO"
Change component parameters. Clean all parameters for all variants
Change component parameters (AddParameter): Name = "Case-EIA"; Value = "0805"; VariantName = "[No Variations]"
Change component parameters (AddParameter): Name = "Case-Metric"; Value = "2012"; VariantName = "[No Variations]"
Change component parameters (AddParameter): Name = "Max Thickness"; Value = "1 mm"; VariantName = "[No Variations]"
Change component parameters (AddParameter): Name = "Rated Voltage"; Value = "10 V"; VariantName = "[No Variations]"
Change component parameters (AddParameter): Name = "Technology"; Value = "SMT"; VariantName = "[No Variations]"
Change component parameters (AddParameter): Name = "Tolerance"; Value = "Â±0.5pF"; VariantName = "[No Variations]"
Change component parameters (AddParameter): Name = "Value"; Value = "0.5pF"; VariantName = "[No Variations]"
Change component parameters: Designator = "C174"; Footprint = "CAPC0805(2012)100_L"; UniqueID = "\XCXHUDFE"
Change component parameters. Clean all parameters for all variants
Change component parameters (AddParameter): Name = "Case-EIA"; Value = "0805"; VariantName = "[No Variations]"
Change component parameters (AddParameter): Name = "Case-Metric"; Value = "2012"; VariantName = "[No Variations]"
Change component parameters (AddParameter): Name = "Max Thickness"; Value = "1 mm"; VariantName = "[No Variations]"
Change component parameters (AddParameter): Name = "Rated Voltage"; Value = "10 V"; VariantName = "[No Variations]"
Change component parameters (AddParameter): Name = "Technology"; Value = "SMT"; VariantName = "[No Variations]"
Change component parameters (AddParameter): Name = "Tolerance"; Value = "Â±0.5pF"; VariantName = "[No Variations]"
Change component parameters (AddParameter): Name = "Value"; Value = "0.5pF"; VariantName = "[No Variations]"
Change component parameters: Designator = "C175"; Footprint = "CAPC0805(2012)100_L"; UniqueID = "\KWIXJXYV"
Change component parameters. Clean all parameters for all variants
Change component parameters (AddParameter): Name = "Case-EIA"; Value = "0805"; VariantName = "[No Variations]"
Change component parameters (AddParameter): Name = "Case-Metric"; Value = "2012"; VariantName = "[No Variations]"
Change component parameters (AddParameter): Name = "Max Thickness"; Value = "1 mm"; VariantName = "[No Variations]"
Change component parameters (AddParameter): Name = "Rated Voltage"; Value = "10 V"; VariantName = "[No Variations]"
Change component parameters (AddParameter): Name = "Technology"; Value = "SMT"; VariantName = "[No Variations]"
Change component parameters (AddParameter): Name = "Tolerance"; Value = "Â±0.5pF"; VariantName = "[No Variations]"
Change component parameters (AddParameter): Name = "Value"; Value = "0.5pF"; VariantName = "[No Variations]"
Change component parameters: Designator = "C176"; Footprint = "CAPC0805(2012)100_L"; UniqueID = "\AKBOLBLU"
Change component parameters. Clean all parameters for all variants
Change component parameters (AddParameter): Name = "Case-EIA"; Value = "0805"; VariantName = "[No Variations]"
Change component parameters (AddParameter): Name = "Case-Metric"; Value = "2012"; VariantName = "[No Variations]"
Change component parameters (AddParameter): Name = "Max Thickness"; Value = "1 mm"; VariantName = "[No Variations]"
Change component parameters (AddParameter): Name = "Rated Voltage"; Value = "10 V"; VariantName = "[No Variations]"
Change component parameters (AddParameter): Name = "Technology"; Value = "SMT"; VariantName = "[No Variations]"
Change component parameters (AddParameter): Name = "Tolerance"; Value = "Â±0.5pF"; VariantName = "[No Variations]"
Change component parameters (AddParameter): Name = "Value"; Value = "0.5pF"; VariantName = "[No Variations]"
Change component parameters: Designator = "C177"; Footprint = "CAPC0805(2012)100_L"; UniqueID = "\FVKRQBFS"
Change component parameters. Clean all parameters for all variants
Change component parameters (AddParameter): Name = "Case-EIA"; Value = "0805"; VariantName = "[No Variations]"
Change component parameters (AddParameter): Name = "Case-Metric"; Value = "2012"; VariantName = "[No Variations]"
Change component parameters (AddParameter): Name = "Max Thickness"; Value = "1 mm"; VariantName = "[No Variations]"
Change component parameters (AddParameter): Name = "Rated Voltage"; Value = "10 V"; VariantName = "[No Variations]"
Change component parameters (AddParameter): Name = "Technology"; Value = "SMT"; VariantName = "[No Variations]"
Change component parameters (AddParameter): Name = "Tolerance"; Value = "Â±0.5pF"; VariantName = "[No Variations]"
Change component parameters (AddParameter): Name = "Value"; Value = "0.5pF"; VariantName = "[No Variations]"
Change component parameters: Designator = "C178"; Footprint = "CAPC0805(2012)100_L"; UniqueID = "\MMLIKPVH"
Change component parameters. Clean all parameters for all variants
Change component parameters (AddParameter): Name = "Case-EIA"; Value = "0805"; VariantName = "[No Variations]"
Change component parameters (AddParameter): Name = "Case-Metric"; Value = "2012"; VariantName = "[No Variations]"
Change component parameters (AddParameter): Name = "Max Thickness"; Value = "1 mm"; VariantName = "[No Variations]"
Change component parameters (AddParameter): Name = "Rated Voltage"; Value = "10 V"; VariantName = "[No Variations]"
Change component parameters (AddParameter): Name = "Technology"; Value = "SMT"; VariantName = "[No Variations]"
Change component parameters (AddParameter): Name = "Tolerance"; Value = "Â±0.5pF"; VariantName = "[No Variations]"
Change component parameters (AddParameter): Name = "Value"; Value = "0.5pF"; VariantName = "[No Variations]"
Change component parameters: Designator = "C179"; Footprint = "CAPC0805(2012)100_L"; UniqueID = "\PQROYGWW"
Change component parameters. Clean all parameters for all variants
Change component parameters (AddParameter): Name = "Case-EIA"; Value = "0805"; VariantName = "[No Variations]"
Change component parameters (AddParameter): Name = "Case-Metric"; Value = "2012"; VariantName = "[No Variations]"
Change component parameters (AddParameter): Name = "Max Thickness"; Value = "1 mm"; VariantName = "[No Variations]"
Change component parameters (AddParameter): Name = "Rated Voltage"; Value = "10 V"; VariantName = "[No Variations]"
Change component parameters (AddParameter): Name = "Technology"; Value = "SMT"; VariantName = "[No Variations]"
Change component parameters (AddParameter): Name = "Tolerance"; Value = "Â±0.5pF"; VariantName = "[No Variations]"
Change component parameters (AddParameter): Name = "Value"; Value = "0.5pF"; VariantName = "[No Variations]"
Change component parameters: Designator = "C180"; Footprint = "CAPC0805(2012)100_L"; UniqueID = "\MIOBKJGF"
Change component parameters. Clean all parameters for all variants
Change component parameters (AddParameter): Name = "Case-EIA"; Value = "0805"; VariantName = "[No Variations]"
Change component parameters (AddParameter): Name = "Case-Metric"; Value = "2012"; VariantName = "[No Variations]"
Change component parameters (AddParameter): Name = "Max Thickness"; Value = "1 mm"; VariantName = "[No Variations]"
Change component parameters (AddParameter): Name = "Rated Voltage"; Value = "10 V"; VariantName = "[No Variations]"
Change component parameters (AddParameter): Name = "Technology"; Value = "SMT"; VariantName = "[No Variations]"
Change component parameters (AddParameter): Name = "Tolerance"; Value = "Â±0.5pF"; VariantName = "[No Variations]"
Change component parameters (AddParameter): Name = "Value"; Value = "0.5pF"; VariantName = "[No Variations]"
Added Pin To Net: NetName=GND Pin=C121-1
Added Pin To Net: NetName=GND Pin=C122-1
Added Pin To Net: NetName=GND Pin=C123-1
Added Pin To Net: NetName=GND Pin=C124-1
Added Pin To Net: NetName=GND Pin=C125-1
Added Pin To Net: NetName=GND Pin=C126-1
Added Pin To Net: NetName=GND Pin=C127-1
Added Pin To Net: NetName=GND Pin=C128-1
Added Pin To Net: NetName=GND Pin=C129-1
Added Pin To Net: NetName=GND Pin=C130-1
Added Pin To Net: NetName=GND Pin=C131-1
Added Pin To Net: NetName=GND Pin=C132-1
Added Pin To Net: NetName=GND Pin=C133-1
Added Pin To Net: NetName=GND Pin=C134-1
Added Pin To Net: NetName=GND Pin=C135-1
Added Pin To Net: NetName=GND Pin=C136-1
Added Pin To Net: NetName=GND Pin=C137-1
Added Pin To Net: NetName=GND Pin=C138-1
Added Pin To Net: NetName=GND Pin=C139-1
Added Pin To Net: NetName=GND Pin=C140-1
Added Pin To Net: NetName=GND Pin=C141-1
Added Pin To Net: NetName=GND Pin=C142-1
Added Pin To Net: NetName=GND Pin=C143-1
Added Pin To Net: NetName=GND Pin=C144-1
Added Pin To Net: NetName=GND Pin=C145-1
Added Pin To Net: NetName=GND Pin=C146-1
Added Pin To Net: NetName=GND Pin=C147-1
Added Pin To Net: NetName=GND Pin=C148-1
Added Pin To Net: NetName=GND Pin=C149-1
Added Pin To Net: NetName=GND Pin=C150-1
Added Pin To Net: NetName=GND Pin=C151-1
Added Pin To Net: NetName=GND Pin=C152-1
Added Pin To Net: NetName=GND Pin=C153-1
Added Pin To Net: NetName=GND Pin=C154-1
Added Pin To Net: NetName=GND Pin=C155-1
Added Pin To Net: NetName=GND Pin=C156-1
Added Pin To Net: NetName=GND Pin=C157-1
Added Pin To Net: NetName=GND Pin=C158-1
Added Pin To Net: NetName=GND Pin=C159-1
Added Pin To Net: NetName=GND Pin=C160-1
Added Pin To Net: NetName=GND Pin=C161-1
Added Pin To Net: NetName=GND Pin=C162-1
Added Pin To Net: NetName=GND Pin=C163-1
Added Pin To Net: NetName=GND Pin=C164-1
Added Pin To Net: NetName=GND Pin=C165-1
Added Pin To Net: NetName=GND Pin=C166-1
Added Pin To Net: NetName=GND Pin=C167-1
Added Pin To Net: NetName=GND Pin=C168-1
Added Pin To Net: NetName=GND Pin=C169-1
Added Pin To Net: NetName=GND Pin=C170-1
Added Pin To Net: NetName=GND Pin=C171-1
Added Pin To Net: NetName=GND Pin=C172-1
Added Pin To Net: NetName=GND Pin=C173-1
Added Pin To Net: NetName=GND Pin=C174-1
Added Pin To Net: NetName=GND Pin=C175-1
Added Pin To Net: NetName=GND Pin=C176-1
Added Pin To Net: NetName=GND Pin=C177-1
Added Pin To Net: NetName=GND Pin=C178-1
Added Pin To Net: NetName=GND Pin=C179-1
Added Pin To Net: NetName=GND Pin=C180-1
Added Pin To Net: NetName=VCC Pin=U121-1
Added Pin To Net: NetName=VCC Pin=U122-1
Added Pin To Net: NetName=VCC Pin=U123-1
Added Pin To Net: NetName=VCC Pin=U124-1
Added Pin To Net: NetName=VCC Pin=U125-1
Added Pin To Net: NetName=VCC Pin=U126-1
Added Pin To Net: NetName=VCC Pin=U127-1
Added Pin To Net: NetName=VCC Pin=U128-1
Added Pin To Net: NetName=VCC Pin=U129-1
Added Pin To Net: NetName=VCC Pin=U130-1
Added Pin To Net: NetName=VCC Pin=U131-1
Added Pin To Net: NetName=VCC Pin=U132-1
Added Pin To Net: NetName=VCC Pin=U133-1
Added Pin To Net: NetName=VCC Pin=U134-1
Added Pin To Net: NetName=VCC Pin=U135-1
Added Pin To Net: NetName=VCC Pin=U136-1
Added Pin To Net: NetName=VCC Pin=U137-1
Added Pin To Net: NetName=VCC Pin=U138-1
Added Pin To Net: NetName=VCC Pin=U139-1
Added Pin To Net: NetName=VCC Pin=U140-1
Added Pin To Net: NetName=VCC Pin=U141-1
Added Pin To Net: NetName=VCC Pin=U142-1
Added Pin To Net: NetName=VCC Pin=U143-1
Added Pin To Net: NetName=VCC Pin=U144-1
Added Pin To Net: NetName=VCC Pin=U145-1
Added Pin To Net: NetName=VCC Pin=U146-1
Added Pin To Net: NetName=VCC Pin=U147-1
Added Pin To Net: NetName=VCC Pin=U148-1
Added Pin To Net: NetName=VCC Pin=U149-1
Added Pin To Net: NetName=VCC Pin=U150-1
Added Pin To Net: NetName=VCC Pin=U151-1
Added Pin To Net: NetName=VCC Pin=U152-1
Added Pin To Net: NetName=VCC Pin=U153-1
Added Pin To Net: NetName=VCC Pin=U154-1
Added Pin To Net: NetName=VCC Pin=U155-1
Added Pin To Net: NetName=VCC Pin=U156-1
Added Pin To Net: NetName=VCC Pin=U157-1
Added Pin To Net: NetName=VCC Pin=U158-1
Added Pin To Net: NetName=VCC Pin=U159-1
Added Pin To Net: NetName=VCC Pin=U160-1
Added Pin To Net: NetName=VCC Pin=U161-1
Added Pin To Net: NetName=VCC Pin=U162-1
Added Pin To Net: NetName=VCC Pin=U163-1
Added Pin To Net: NetName=VCC Pin=U164-1
Added Pin To Net: NetName=VCC Pin=U165-1
Added Pin To Net: NetName=VCC Pin=U166-1
Added Pin To Net: NetName=VCC Pin=U167-1
Added Pin To Net: NetName=VCC Pin=U168-1
Added Pin To Net: NetName=VCC Pin=U169-1
Added Pin To Net: NetName=VCC Pin=U170-1
Added Pin To Net: NetName=VCC Pin=U171-1
Added Pin To Net: NetName=VCC Pin=U172-1
Added Pin To Net: NetName=VCC Pin=U173-1
Added Pin To Net: NetName=VCC Pin=U174-1
Added Pin To Net: NetName=VCC Pin=U175-1
Added Pin To Net: NetName=VCC Pin=U176-1
Added Pin To Net: NetName=VCC Pin=U177-1
Added Pin To Net: NetName=VCC Pin=U178-1
Added Pin To Net: NetName=VCC Pin=U179-1
Added Pin To Net: NetName=VCC Pin=U180-1
