Change Component DesignItemId : Designator=C7 Old DesignItemId=CMP-1036-04396-1 New DesignItemId=CMP-1036-00005-1
Change Component DesignItemId : Designator=C8 Old DesignItemId=CMP-1036-04396-1 New DesignItemId=CMP-1036-00005-1
Change Component DesignItemId : Designator=C9 Old DesignItemId=CMP-1036-04396-1 New DesignItemId=CMP-1036-00005-1
Change Component DesignItemId : Designator=C10 Old DesignItemId=CMP-1036-04396-1 New DesignItemId=CMP-1036-00005-1
Change Component DesignItemId : Designator=C11 Old DesignItemId=CMP-1036-04396-1 New DesignItemId=CMP-1036-00005-1
Change Component DesignItemId : Designator=C13 Old DesignItemId=CMP-1036-04396-1 New DesignItemId=CMP-1036-00005-1
Change Component DesignItemId : Designator=C14 Old DesignItemId=CMP-1036-04396-1 New DesignItemId=CMP-1036-00005-1
Change Component DesignItemId : Designator=C15 Old DesignItemId=CMP-1036-04396-1 New DesignItemId=CMP-1036-00005-1
Change Component DesignItemId : Designator=C16 Old DesignItemId=CMP-1036-04396-1 New DesignItemId=CMP-1036-00005-1
Change Component DesignItemId : Designator=C17 Old DesignItemId=CMP-1036-04396-1 New DesignItemId=CMP-1036-00005-1
Change Component DesignItemId : Designator=C18 Old DesignItemId=CMP-1036-04396-1 New DesignItemId=CMP-1036-00005-1
Change Component DesignItemId : Designator=C19 Old DesignItemId=CMP-1036-04396-1 New DesignItemId=CMP-1036-00005-1
Change Component DesignItemId : Designator=C20 Old DesignItemId=CMP-1036-04396-1 New DesignItemId=CMP-1036-00005-1
Change Component Footprint: Designator=C7 Old Footprint=1608[0603] New Footprint=CAPC0805(2012)100_L
Change Component Footprint: Designator=C8 Old Footprint=1608[0603] New Footprint=CAPC0805(2012)100_L
Change Component Footprint: Designator=C9 Old Footprint=1608[0603] New Footprint=CAPC0805(2012)100_L
Change Component Footprint: Designator=C10 Old Footprint=1608[0603] New Footprint=CAPC0805(2012)100_L
Change Component Footprint: Designator=C11 Old Footprint=1608[0603] New Footprint=CAPC0805(2012)100_L
Change Component Footprint: Designator=C13 Old Footprint=1608[0603] New Footprint=CAPC0805(2012)100_L
Change Component Footprint: Designator=C14 Old Footprint=1608[0603] New Footprint=CAPC0805(2012)100_L
Change Component Footprint: Designator=C15 Old Footprint=1608[0603] New Footprint=CAPC0805(2012)100_L
Change Component Footprint: Designator=C16 Old Footprint=1608[0603] New Footprint=CAPC0805(2012)100_L
Change Component Footprint: Designator=C17 Old Footprint=1608[0603] New Footprint=CAPC0805(2012)100_L
Change Component Footprint: Designator=C18 Old Footprint=1608[0603] New Footprint=CAPC0805(2012)100_L
Change Component Footprint: Designator=C19 Old Footprint=1608[0603] New Footprint=CAPC0805(2012)100_L
Change Component Footprint: Designator=C20 Old Footprint=1608[0603] New Footprint=CAPC0805(2012)100_L
Change Component Comment : Designator=C7 Old Comment=CAP New Comment=CAP 0.5pF 10V 0805(2012)
Change Component Comment : Designator=C8 Old Comment=CAP New Comment=CAP 0.5pF 10V 0805(2012)
Change Component Comment : Designator=C9 Old Comment=CAP New Comment=CAP 0.5pF 10V 0805(2012)
Change Component Comment : Designator=C10 Old Comment=CAP New Comment=CAP 0.5pF 10V 0805(2012)
Change Component Comment : Designator=C11 Old Comment=CAP New Comment=CAP 0.5pF 10V 0805(2012)
Change Component Comment : Designator=C13 Old Comment=CAP New Comment=CAP 0.5pF 10V 0805(2012)
Change Component Comment : Designator=C14 Old Comment=CAP New Comment=CAP 0.5pF 10V 0805(2012)
Change Component Comment : Designator=C15 Old Comment=CAP New Comment=CAP 0.5pF 10V 0805(2012)
Change Component Comment : Designator=C16 Old Comment=CAP New Comment=CAP 0.5pF 10V 0805(2012)
Change Component Comment : Designator=C17 Old Comment=CAP New Comment=CAP 0.5pF 10V 0805(2012)
Change Component Comment : Designator=C18 Old Comment=CAP New Comment=CAP 0.5pF 10V 0805(2012)
Change Component Comment : Designator=C19 Old Comment=CAP New Comment=CAP 0.5pF 10V 0805(2012)
Change Component Comment : Designator=C20 Old Comment=CAP New Comment=CAP 0.5pF 10V 0805(2012)
Change Component Description : Designator=C7 Old Description= New Description=CAP 0.5pF 10V ±0.5pF 0805 (2012 Metric) Thickness 1mm SMD
Change Component Description : Designator=C8 Old Description= New Description=CAP 0.5pF 10V ±0.5pF 0805 (2012 Metric) Thickness 1mm SMD
Change Component Description : Designator=C9 Old Description= New Description=CAP 0.5pF 10V ±0.5pF 0805 (2012 Metric) Thickness 1mm SMD
Change Component Description : Designator=C10 Old Description= New Description=CAP 0.5pF 10V ±0.5pF 0805 (2012 Metric) Thickness 1mm SMD
Change Component Description : Designator=C11 Old Description= New Description=CAP 0.5pF 10V ±0.5pF 0805 (2012 Metric) Thickness 1mm SMD
Change Component Description : Designator=C13 Old Description= New Description=CAP 0.5pF 10V ±0.5pF 0805 (2012 Metric) Thickness 1mm SMD
Change Component Description : Designator=C14 Old Description= New Description=CAP 0.5pF 10V ±0.5pF 0805 (2012 Metric) Thickness 1mm SMD
Change Component Description : Designator=C15 Old Description= New Description=CAP 0.5pF 10V ±0.5pF 0805 (2012 Metric) Thickness 1mm SMD
Change Component Description : Designator=C16 Old Description= New Description=CAP 0.5pF 10V ±0.5pF 0805 (2012 Metric) Thickness 1mm SMD
Change Component Description : Designator=C17 Old Description= New Description=CAP 0.5pF 10V ±0.5pF 0805 (2012 Metric) Thickness 1mm SMD
Change Component Description : Designator=C18 Old Description= New Description=CAP 0.5pF 10V ±0.5pF 0805 (2012 Metric) Thickness 1mm SMD
Change Component Description : Designator=C19 Old Description= New Description=CAP 0.5pF 10V ±0.5pF 0805 (2012 Metric) Thickness 1mm SMD
Change Component Description : Designator=C20 Old Description= New Description=CAP 0.5pF 10V ±0.5pF 0805 (2012 Metric) Thickness 1mm SMD
Change Component Library : Designator=C7 Old Library=10 V|VisibleOnAddParamList= New Library=Altium Content Vault
Change Component Library : Designator=C8 Old Library=10 V|VisibleOnAddParamList= New Library=Altium Content Vault
Change Component Library : Designator=C9 Old Library=10 V|VisibleOnAddParamList= New Library=Altium Content Vault
Change Component Library : Designator=C10 Old Library=10 V|VisibleOnAddParamList= New Library=Altium Content Vault
Change Component Library : Designator=C11 Old Library=10 V|VisibleOnAddParamList= New Library=Altium Content Vault
Change Component Library : Designator=C13 Old Library=10 V|VisibleOnAddParamList= New Library=Altium Content Vault
Change Component Library : Designator=C14 Old Library=10 V|VisibleOnAddParamList= New Library=Altium Content Vault
Change Component Library : Designator=C15 Old Library=10 V|VisibleOnAddParamList= New Library=Altium Content Vault
Change Component Library : Designator=C16 Old Library=10 V|VisibleOnAddParamList= New Library=Altium Content Vault
Change Component Library : Designator=C17 Old Library=10 V|VisibleOnAddParamList= New Library=Altium Content Vault
Change Component Library : Designator=C18 Old Library=10 V|VisibleOnAddParamList= New Library=Altium Content Vault
Change Component Library : Designator=C19 Old Library=10 V|VisibleOnAddParamList= New Library=Altium Content Vault
Change Component Library : Designator=C20 Old Library=10 V|VisibleOnAddParamList= New Library=Altium Content Vault
Change component parameters: Designator = "C7"; Footprint = "CAPC0805(2012)100_L"; UniqueID = "\HDCVJFAY"
Change component parameters. Clean all parameters for all variants
Change component parameters (AddParameter): Name = "Case-EIA"; Value = "0805"; VariantName = "[No Variations]"
Change component parameters (AddParameter): Name = "Case-Metric"; Value = "2012"; VariantName = "[No Variations]"
Change component parameters (AddParameter): Name = "Max Thickness"; Value = "1 mm"; VariantName = "[No Variations]"
Change component parameters (AddParameter): Name = "Rated Voltage"; Value = "10 V"; VariantName = "[No Variations]"
Change component parameters (AddParameter): Name = "Technology"; Value = "SMT"; VariantName = "[No Variations]"
Change component parameters (AddParameter): Name = "Tolerance"; Value = "Â±0.5pF"; VariantName = "[No Variations]"
Change component parameters (AddParameter): Name = "Value"; Value = "0.5pF"; VariantName = "[No Variations]"
Change component parameters: Designator = "C8"; Footprint = "CAPC0805(2012)100_L"; UniqueID = "\WJRGRBWQ"
Change component parameters. Clean all parameters for all variants
Change component parameters (AddParameter): Name = "Case-EIA"; Value = "0805"; VariantName = "[No Variations]"
Change component parameters (AddParameter): Name = "Case-Metric"; Value = "2012"; VariantName = "[No Variations]"
Change component parameters (AddParameter): Name = "Max Thickness"; Value = "1 mm"; VariantName = "[No Variations]"
Change component parameters (AddParameter): Name = "Rated Voltage"; Value = "10 V"; VariantName = "[No Variations]"
Change component parameters (AddParameter): Name = "Technology"; Value = "SMT"; VariantName = "[No Variations]"
Change component parameters (AddParameter): Name = "Tolerance"; Value = "Â±0.5pF"; VariantName = "[No Variations]"
Change component parameters (AddParameter): Name = "Value"; Value = "0.5pF"; VariantName = "[No Variations]"
Change component parameters: Designator = "C9"; Footprint = "CAPC0805(2012)100_L"; UniqueID = "\FUTCWKFJ"
Change component parameters. Clean all parameters for all variants
Change component parameters (AddParameter): Name = "Case-EIA"; Value = "0805"; VariantName = "[No Variations]"
Change component parameters (AddParameter): Name = "Case-Metric"; Value = "2012"; VariantName = "[No Variations]"
Change component parameters (AddParameter): Name = "Max Thickness"; Value = "1 mm"; VariantName = "[No Variations]"
Change component parameters (AddParameter): Name = "Rated Voltage"; Value = "10 V"; VariantName = "[No Variations]"
Change component parameters (AddParameter): Name = "Technology"; Value = "SMT"; VariantName = "[No Variations]"
Change component parameters (AddParameter): Name = "Tolerance"; Value = "Â±0.5pF"; VariantName = "[No Variations]"
Change component parameters (AddParameter): Name = "Value"; Value = "0.5pF"; VariantName = "[No Variations]"
Change component parameters: Designator = "C10"; Footprint = "CAPC0805(2012)100_L"; UniqueID = "\XXESLULL"
Change component parameters. Clean all parameters for all variants
Change component parameters (AddParameter): Name = "Case-EIA"; Value = "0805"; VariantName = "[No Variations]"
Change component parameters (AddParameter): Name = "Case-Metric"; Value = "2012"; VariantName = "[No Variations]"
Change component parameters (AddParameter): Name = "Max Thickness"; Value = "1 mm"; VariantName = "[No Variations]"
Change component parameters (AddParameter): Name = "Rated Voltage"; Value = "10 V"; VariantName = "[No Variations]"
Change component parameters (AddParameter): Name = "Technology"; Value = "SMT"; VariantName = "[No Variations]"
Change component parameters (AddParameter): Name = "Tolerance"; Value = "Â±0.5pF"; VariantName = "[No Variations]"
Change component parameters (AddParameter): Name = "Value"; Value = "0.5pF"; VariantName = "[No Variations]"
Change component parameters: Designator = "C11"; Footprint = "CAPC0805(2012)100_L"; UniqueID = "\LUEFMQXB"
Change component parameters. Clean all parameters for all variants
Change component parameters (AddParameter): Name = "Case-EIA"; Value = "0805"; VariantName = "[No Variations]"
Change component parameters (AddParameter): Name = "Case-Metric"; Value = "2012"; VariantName = "[No Variations]"
Change component parameters (AddParameter): Name = "Max Thickness"; Value = "1 mm"; VariantName = "[No Variations]"
Change component parameters (AddParameter): Name = "Rated Voltage"; Value = "10 V"; VariantName = "[No Variations]"
Change component parameters (AddParameter): Name = "Technology"; Value = "SMT"; VariantName = "[No Variations]"
Change component parameters (AddParameter): Name = "Tolerance"; Value = "Â±0.5pF"; VariantName = "[No Variations]"
Change component parameters (AddParameter): Name = "Value"; Value = "0.5pF"; VariantName = "[No Variations]"
Change component parameters: Designator = "C13"; Footprint = "CAPC0805(2012)100_L"; UniqueID = "\NMSLLVFA"
Change component parameters. Clean all parameters for all variants
Change component parameters (AddParameter): Name = "Case-EIA"; Value = "0805"; VariantName = "[No Variations]"
Change component parameters (AddParameter): Name = "Case-Metric"; Value = "2012"; VariantName = "[No Variations]"
Change component parameters (AddParameter): Name = "Max Thickness"; Value = "1 mm"; VariantName = "[No Variations]"
Change component parameters (AddParameter): Name = "Rated Voltage"; Value = "10 V"; VariantName = "[No Variations]"
Change component parameters (AddParameter): Name = "Technology"; Value = "SMT"; VariantName = "[No Variations]"
Change component parameters (AddParameter): Name = "Tolerance"; Value = "Â±0.5pF"; VariantName = "[No Variations]"
Change component parameters (AddParameter): Name = "Value"; Value = "0.5pF"; VariantName = "[No Variations]"
Change component parameters: Designator = "C14"; Footprint = "CAPC0805(2012)100_L"; UniqueID = "\SPRRFIOD"
Change component parameters. Clean all parameters for all variants
Change component parameters (AddParameter): Name = "Case-EIA"; Value = "0805"; VariantName = "[No Variations]"
Change component parameters (AddParameter): Name = "Case-Metric"; Value = "2012"; VariantName = "[No Variations]"
Change component parameters (AddParameter): Name = "Max Thickness"; Value = "1 mm"; VariantName = "[No Variations]"
Change component parameters (AddParameter): Name = "Rated Voltage"; Value = "10 V"; VariantName = "[No Variations]"
Change component parameters (AddParameter): Name = "Technology"; Value = "SMT"; VariantName = "[No Variations]"
Change component parameters (AddParameter): Name = "Tolerance"; Value = "Â±0.5pF"; VariantName = "[No Variations]"
Change component parameters (AddParameter): Name = "Value"; Value = "0.5pF"; VariantName = "[No Variations]"
Change component parameters: Designator = "C15"; Footprint = "CAPC0805(2012)100_L"; UniqueID = "\WJGCWWVY"
Change component parameters. Clean all parameters for all variants
Change component parameters (AddParameter): Name = "Case-EIA"; Value = "0805"; VariantName = "[No Variations]"
Change component parameters (AddParameter): Name = "Case-Metric"; Value = "2012"; VariantName = "[No Variations]"
Change component parameters (AddParameter): Name = "Max Thickness"; Value = "1 mm"; VariantName = "[No Variations]"
Change component parameters (AddParameter): Name = "Rated Voltage"; Value = "10 V"; VariantName = "[No Variations]"
Change component parameters (AddParameter): Name = "Technology"; Value = "SMT"; VariantName = "[No Variations]"
Change component parameters (AddParameter): Name = "Tolerance"; Value = "Â±0.5pF"; VariantName = "[No Variations]"
Change component parameters (AddParameter): Name = "Value"; Value = "0.5pF"; VariantName = "[No Variations]"
Change component parameters: Designator = "C16"; Footprint = "CAPC0805(2012)100_L"; UniqueID = "\YJVBHKFT"
Change component parameters. Clean all parameters for all variants
Change component parameters (AddParameter): Name = "Case-EIA"; Value = "0805"; VariantName = "[No Variations]"
Change component parameters (AddParameter): Name = "Case-Metric"; Value = "2012"; VariantName = "[No Variations]"
Change component parameters (AddParameter): Name = "Max Thickness"; Value = "1 mm"; VariantName = "[No Variations]"
Change component parameters (AddParameter): Name = "Rated Voltage"; Value = "10 V"; VariantName = "[No Variations]"
Change component parameters (AddParameter): Name = "Technology"; Value = "SMT"; VariantName = "[No Variations]"
Change component parameters (AddParameter): Name = "Tolerance"; Value = "Â±0.5pF"; VariantName = "[No Variations]"
Change component parameters (AddParameter): Name = "Value"; Value = "0.5pF"; VariantName = "[No Variations]"
Change component parameters: Designator = "C17"; Footprint = "CAPC0805(2012)100_L"; UniqueID = "\LGOWRBFB"
Change component parameters. Clean all parameters for all variants
Change component parameters (AddParameter): Name = "Case-EIA"; Value = "0805"; VariantName = "[No Variations]"
Change component parameters (AddParameter): Name = "Case-Metric"; Value = "2012"; VariantName = "[No Variations]"
Change component parameters (AddParameter): Name = "Max Thickness"; Value = "1 mm"; VariantName = "[No Variations]"
Change component parameters (AddParameter): Name = "Rated Voltage"; Value = "10 V"; VariantName = "[No Variations]"
Change component parameters (AddParameter): Name = "Technology"; Value = "SMT"; VariantName = "[No Variations]"
Change component parameters (AddParameter): Name = "Tolerance"; Value = "Â±0.5pF"; VariantName = "[No Variations]"
Change component parameters (AddParameter): Name = "Value"; Value = "0.5pF"; VariantName = "[No Variations]"
Change component parameters: Designator = "C18"; Footprint = "CAPC0805(2012)100_L"; UniqueID = "\DWDXNUTM"
Change component parameters. Clean all parameters for all variants
Change component parameters (AddParameter): Name = "Case-EIA"; Value = "0805"; VariantName = "[No Variations]"
Change component parameters (AddParameter): Name = "Case-Metric"; Value = "2012"; VariantName = "[No Variations]"
Change component parameters (AddParameter): Name = "Max Thickness"; Value = "1 mm"; VariantName = "[No Variations]"
Change component parameters (AddParameter): Name = "Rated Voltage"; Value = "10 V"; VariantName = "[No Variations]"
Change component parameters (AddParameter): Name = "Technology"; Value = "SMT"; VariantName = "[No Variations]"
Change component parameters (AddParameter): Name = "Tolerance"; Value = "Â±0.5pF"; VariantName = "[No Variations]"
Change component parameters (AddParameter): Name = "Value"; Value = "0.5pF"; VariantName = "[No Variations]"
Change component parameters: Designator = "C19"; Footprint = "CAPC0805(2012)100_L"; UniqueID = "\VHJPOAPJ"
Change component parameters. Clean all parameters for all variants
Change component parameters (AddParameter): Name = "Case-EIA"; Value = "0805"; VariantName = "[No Variations]"
Change component parameters (AddParameter): Name = "Case-Metric"; Value = "2012"; VariantName = "[No Variations]"
Change component parameters (AddParameter): Name = "Max Thickness"; Value = "1 mm"; VariantName = "[No Variations]"
Change component parameters (AddParameter): Name = "Rated Voltage"; Value = "10 V"; VariantName = "[No Variations]"
Change component parameters (AddParameter): Name = "Technology"; Value = "SMT"; VariantName = "[No Variations]"
Change component parameters (AddParameter): Name = "Tolerance"; Value = "Â±0.5pF"; VariantName = "[No Variations]"
Change component parameters (AddParameter): Name = "Value"; Value = "0.5pF"; VariantName = "[No Variations]"
Change component parameters: Designator = "C20"; Footprint = "CAPC0805(2012)100_L"; UniqueID = "\GFNBPFGR"
Change component parameters. Clean all parameters for all variants
Change component parameters (AddParameter): Name = "Case-EIA"; Value = "0805"; VariantName = "[No Variations]"
Change component parameters (AddParameter): Name = "Case-Metric"; Value = "2012"; VariantName = "[No Variations]"
Change component parameters (AddParameter): Name = "Max Thickness"; Value = "1 mm"; VariantName = "[No Variations]"
Change component parameters (AddParameter): Name = "Rated Voltage"; Value = "10 V"; VariantName = "[No Variations]"
Change component parameters (AddParameter): Name = "Technology"; Value = "SMT"; VariantName = "[No Variations]"
Change component parameters (AddParameter): Name = "Tolerance"; Value = "Â±0.5pF"; VariantName = "[No Variations]"
Change component parameters (AddParameter): Name = "Value"; Value = "0.5pF"; VariantName = "[No Variations]"
