Change Component Footprint: Designator=C61 Old Footprint=1608[0603] New Footprint=CAPC0805(2012)100_L
Change Component Footprint: Designator=C62 Old Footprint=1608[0603] New Footprint=CAPC0805(2012)100_L
Change Component Footprint: Designator=C63 Old Footprint=1608[0603] New Footprint=CAPC0805(2012)100_L
Change Component Footprint: Designator=C64 Old Footprint=1608[0603] New Footprint=CAPC0805(2012)100_L
Change Component Footprint: Designator=C65 Old Footprint=1608[0603] New Footprint=CAPC0805(2012)100_L
Change Component Footprint: Designator=C66 Old Footprint=1608[0603] New Footprint=CAPC0805(2012)100_L
Change Component Footprint: Designator=C67 Old Footprint=1608[0603] New Footprint=CAPC0805(2012)100_L
Change Component Footprint: Designator=C68 Old Footprint=1608[0603] New Footprint=CAPC0805(2012)100_L
Change Component Footprint: Designator=C69 Old Footprint=1608[0603] New Footprint=CAPC0805(2012)100_L
Change Component Footprint: Designator=C70 Old Footprint=1608[0603] New Footprint=CAPC0805(2012)100_L
Change Component Footprint: Designator=C71 Old Footprint=1608[0603] New Footprint=CAPC0805(2012)100_L
Change Component Footprint: Designator=C72 Old Footprint=1608[0603] New Footprint=CAPC0805(2012)100_L
Change Component Footprint: Designator=C73 Old Footprint=1608[0603] New Footprint=CAPC0805(2012)100_L
Change Component Footprint: Designator=C74 Old Footprint=1608[0603] New Footprint=CAPC0805(2012)100_L
Change Component Footprint: Designator=C75 Old Footprint=1608[0603] New Footprint=CAPC0805(2012)100_L
Change Component Footprint: Designator=C76 Old Footprint=1608[0603] New Footprint=CAPC0805(2012)100_L
Change Component Footprint: Designator=C77 Old Footprint=1608[0603] New Footprint=CAPC0805(2012)100_L
Change Component Footprint: Designator=C78 Old Footprint=1608[0603] New Footprint=CAPC0805(2012)100_L
Change Component Footprint: Designator=C79 Old Footprint=1608[0603] New Footprint=CAPC0805(2012)100_L
Change Component Footprint: Designator=C80 Old Footprint=1608[0603] New Footprint=CAPC0805(2012)100_L
Change Component Footprint: Designator=C81 Old Footprint=1608[0603] New Footprint=CAPC0805(2012)100_L
Change Component Footprint: Designator=C82 Old Footprint=1608[0603] New Footprint=CAPC0805(2012)100_L
Change Component Footprint: Designator=C83 Old Footprint=1608[0603] New Footprint=CAPC0805(2012)100_L
Change Component Footprint: Designator=C84 Old Footprint=1608[0603] New Footprint=CAPC0805(2012)100_L
Change Component Footprint: Designator=C85 Old Footprint=1608[0603] New Footprint=CAPC0805(2012)100_L
Change Component Footprint: Designator=C86 Old Footprint=1608[0603] New Footprint=CAPC0805(2012)100_L
Change Component Footprint: Designator=C87 Old Footprint=1608[0603] New Footprint=CAPC0805(2012)100_L
Change Component Footprint: Designator=C88 Old Footprint=1608[0603] New Footprint=CAPC0805(2012)100_L
Change Component Footprint: Designator=C89 Old Footprint=1608[0603] New Footprint=CAPC0805(2012)100_L
Change Component Footprint: Designator=C90 Old Footprint=1608[0603] New Footprint=CAPC0805(2012)100_L
Change Component Footprint: Designator=C91 Old Footprint=1608[0603] New Footprint=CAPC0805(2012)100_L
Change Component Footprint: Designator=C92 Old Footprint=1608[0603] New Footprint=CAPC0805(2012)100_L
Change Component Footprint: Designator=C93 Old Footprint=1608[0603] New Footprint=CAPC0805(2012)100_L
Change Component Footprint: Designator=C94 Old Footprint=1608[0603] New Footprint=CAPC0805(2012)100_L
Change Component Footprint: Designator=C95 Old Footprint=1608[0603] New Footprint=CAPC0805(2012)100_L
Change Component Footprint: Designator=C96 Old Footprint=1608[0603] New Footprint=CAPC0805(2012)100_L
Change Component Footprint: Designator=C97 Old Footprint=1608[0603] New Footprint=CAPC0805(2012)100_L
Change Component Footprint: Designator=C98 Old Footprint=1608[0603] New Footprint=CAPC0805(2012)100_L
Change Component Footprint: Designator=C99 Old Footprint=1608[0603] New Footprint=CAPC0805(2012)100_L
Change Component Footprint: Designator=C100 Old Footprint=1608[0603] New Footprint=CAPC0805(2012)100_L
Change Component Footprint: Designator=C101 Old Footprint=1608[0603] New Footprint=CAPC0805(2012)100_L
Change Component Footprint: Designator=C102 Old Footprint=1608[0603] New Footprint=CAPC0805(2012)100_L
Change Component Footprint: Designator=C103 Old Footprint=1608[0603] New Footprint=CAPC0805(2012)100_L
Change Component Footprint: Designator=C104 Old Footprint=1608[0603] New Footprint=CAPC0805(2012)100_L
Change Component Footprint: Designator=C105 Old Footprint=1608[0603] New Footprint=CAPC0805(2012)100_L
Change Component Footprint: Designator=C106 Old Footprint=1608[0603] New Footprint=CAPC0805(2012)100_L
Change Component Footprint: Designator=C107 Old Footprint=1608[0603] New Footprint=CAPC0805(2012)100_L
Change Component Footprint: Designator=C108 Old Footprint=1608[0603] New Footprint=CAPC0805(2012)100_L
Change Component Footprint: Designator=C109 Old Footprint=1608[0603] New Footprint=CAPC0805(2012)100_L
Change Component Footprint: Designator=C110 Old Footprint=1608[0603] New Footprint=CAPC0805(2012)100_L
Change Component Footprint: Designator=C111 Old Footprint=1608[0603] New Footprint=CAPC0805(2012)100_L
Change Component Footprint: Designator=C112 Old Footprint=1608[0603] New Footprint=CAPC0805(2012)100_L
Change Component Footprint: Designator=C113 Old Footprint=1608[0603] New Footprint=CAPC0805(2012)100_L
Change Component Footprint: Designator=C114 Old Footprint=1608[0603] New Footprint=CAPC0805(2012)100_L
Change Component Footprint: Designator=C115 Old Footprint=1608[0603] New Footprint=CAPC0805(2012)100_L
Change Component Footprint: Designator=C116 Old Footprint=1608[0603] New Footprint=CAPC0805(2012)100_L
Change Component Footprint: Designator=C117 Old Footprint=1608[0603] New Footprint=CAPC0805(2012)100_L
Change Component Footprint: Designator=C118 Old Footprint=1608[0603] New Footprint=CAPC0805(2012)100_L
Change Component Footprint: Designator=C119 Old Footprint=1608[0603] New Footprint=CAPC0805(2012)100_L
Change Component Footprint: Designator=C120 Old Footprint=1608[0603] New Footprint=CAPC0805(2012)100_L
Change Component Comment : Designator=C61 Old Comment=CAP New Comment=CAP 0.5pF 10V 0805(2012)
Change Component Comment : Designator=C62 Old Comment=CAP New Comment=CAP 0.5pF 10V 0805(2012)
Change Component Comment : Designator=C63 Old Comment=CAP New Comment=CAP 0.5pF 10V 0805(2012)
Change Component Comment : Designator=C64 Old Comment=CAP New Comment=CAP 0.5pF 10V 0805(2012)
Change Component Comment : Designator=C65 Old Comment=CAP New Comment=CAP 0.5pF 10V 0805(2012)
Change Component Comment : Designator=C66 Old Comment=CAP New Comment=CAP 0.5pF 10V 0805(2012)
Change Component Comment : Designator=C67 Old Comment=CAP New Comment=CAP 0.5pF 10V 0805(2012)
Change Component Comment : Designator=C68 Old Comment=CAP New Comment=CAP 0.5pF 10V 0805(2012)
Change Component Comment : Designator=C69 Old Comment=CAP New Comment=CAP 0.5pF 10V 0805(2012)
Change Component Comment : Designator=C70 Old Comment=CAP New Comment=CAP 0.5pF 10V 0805(2012)
Change Component Comment : Designator=C71 Old Comment=CAP New Comment=CAP 0.5pF 10V 0805(2012)
Change Component Comment : Designator=C72 Old Comment=CAP New Comment=CAP 0.5pF 10V 0805(2012)
Change Component Comment : Designator=C73 Old Comment=CAP New Comment=CAP 0.5pF 10V 0805(2012)
Change Component Comment : Designator=C74 Old Comment=CAP New Comment=CAP 0.5pF 10V 0805(2012)
Change Component Comment : Designator=C75 Old Comment=CAP New Comment=CAP 0.5pF 10V 0805(2012)
Change Component Comment : Designator=C76 Old Comment=CAP New Comment=CAP 0.5pF 10V 0805(2012)
Change Component Comment : Designator=C77 Old Comment=CAP New Comment=CAP 0.5pF 10V 0805(2012)
Change Component Comment : Designator=C78 Old Comment=CAP New Comment=CAP 0.5pF 10V 0805(2012)
Change Component Comment : Designator=C79 Old Comment=CAP New Comment=CAP 0.5pF 10V 0805(2012)
Change Component Comment : Designator=C80 Old Comment=CAP New Comment=CAP 0.5pF 10V 0805(2012)
Change Component Comment : Designator=C81 Old Comment=CAP New Comment=CAP 0.5pF 10V 0805(2012)
Change Component Comment : Designator=C82 Old Comment=CAP New Comment=CAP 0.5pF 10V 0805(2012)
Change Component Comment : Designator=C83 Old Comment=CAP New Comment=CAP 0.5pF 10V 0805(2012)
Change Component Comment : Designator=C84 Old Comment=CAP New Comment=CAP 0.5pF 10V 0805(2012)
Change Component Comment : Designator=C85 Old Comment=CAP New Comment=CAP 0.5pF 10V 0805(2012)
Change Component Comment : Designator=C86 Old Comment=CAP New Comment=CAP 0.5pF 10V 0805(2012)
Change Component Comment : Designator=C87 Old Comment=CAP New Comment=CAP 0.5pF 10V 0805(2012)
Change Component Comment : Designator=C88 Old Comment=CAP New Comment=CAP 0.5pF 10V 0805(2012)
Change Component Comment : Designator=C89 Old Comment=CAP New Comment=CAP 0.5pF 10V 0805(2012)
Change Component Comment : Designator=C90 Old Comment=CAP New Comment=CAP 0.5pF 10V 0805(2012)
Change Component Comment : Designator=C91 Old Comment=CAP New Comment=CAP 0.5pF 10V 0805(2012)
Change Component Comment : Designator=C92 Old Comment=CAP New Comment=CAP 0.5pF 10V 0805(2012)
Change Component Comment : Designator=C93 Old Comment=CAP New Comment=CAP 0.5pF 10V 0805(2012)
Change Component Comment : Designator=C94 Old Comment=CAP New Comment=CAP 0.5pF 10V 0805(2012)
Change Component Comment : Designator=C95 Old Comment=CAP New Comment=CAP 0.5pF 10V 0805(2012)
Change Component Comment : Designator=C96 Old Comment=CAP New Comment=CAP 0.5pF 10V 0805(2012)
Change Component Comment : Designator=C97 Old Comment=CAP New Comment=CAP 0.5pF 10V 0805(2012)
Change Component Comment : Designator=C98 Old Comment=CAP New Comment=CAP 0.5pF 10V 0805(2012)
Change Component Comment : Designator=C99 Old Comment=CAP New Comment=CAP 0.5pF 10V 0805(2012)
Change Component Comment : Designator=C100 Old Comment=CAP New Comment=CAP 0.5pF 10V 0805(2012)
Change Component Comment : Designator=C101 Old Comment=CAP New Comment=CAP 0.5pF 10V 0805(2012)
Change Component Comment : Designator=C102 Old Comment=CAP New Comment=CAP 0.5pF 10V 0805(2012)
Change Component Comment : Designator=C103 Old Comment=CAP New Comment=CAP 0.5pF 10V 0805(2012)
Change Component Comment : Designator=C104 Old Comment=CAP New Comment=CAP 0.5pF 10V 0805(2012)
Change Component Comment : Designator=C105 Old Comment=CAP New Comment=CAP 0.5pF 10V 0805(2012)
Change Component Comment : Designator=C106 Old Comment=CAP New Comment=CAP 0.5pF 10V 0805(2012)
Change Component Comment : Designator=C107 Old Comment=CAP New Comment=CAP 0.5pF 10V 0805(2012)
Change Component Comment : Designator=C108 Old Comment=CAP New Comment=CAP 0.5pF 10V 0805(2012)
Change Component Comment : Designator=C109 Old Comment=CAP New Comment=CAP 0.5pF 10V 0805(2012)
Change Component Comment : Designator=C110 Old Comment=CAP New Comment=CAP 0.5pF 10V 0805(2012)
Change Component Comment : Designator=C111 Old Comment=CAP New Comment=CAP 0.5pF 10V 0805(2012)
Change Component Comment : Designator=C112 Old Comment=CAP New Comment=CAP 0.5pF 10V 0805(2012)
Change Component Comment : Designator=C113 Old Comment=CAP New Comment=CAP 0.5pF 10V 0805(2012)
Change Component Comment : Designator=C114 Old Comment=CAP New Comment=CAP 0.5pF 10V 0805(2012)
Change Component Comment : Designator=C115 Old Comment=CAP New Comment=CAP 0.5pF 10V 0805(2012)
Change Component Comment : Designator=C116 Old Comment=CAP New Comment=CAP 0.5pF 10V 0805(2012)
Change Component Comment : Designator=C117 Old Comment=CAP New Comment=CAP 0.5pF 10V 0805(2012)
Change Component Comment : Designator=C118 Old Comment=CAP New Comment=CAP 0.5pF 10V 0805(2012)
Change Component Comment : Designator=C119 Old Comment=CAP New Comment=CAP 0.5pF 10V 0805(2012)
Change Component Comment : Designator=C120 Old Comment=CAP New Comment=CAP 0.5pF 10V 0805(2012)
Change component parameters: Designator = "C61"; Footprint = "CAPC0805(2012)100_L"; UniqueID = "\WUVHRCDY"
Change component parameters. Clean all parameters for all variants
Change component parameters (AddParameter): Name = "Case-EIA"; Value = "0805"; VariantName = "[No Variations]"
Change component parameters (AddParameter): Name = "Case-Metric"; Value = "2012"; VariantName = "[No Variations]"
Change component parameters (AddParameter): Name = "Max Thickness"; Value = "1 mm"; VariantName = "[No Variations]"
Change component parameters (AddParameter): Name = "Rated Voltage"; Value = "10 V"; VariantName = "[No Variations]"
Change component parameters (AddParameter): Name = "Technology"; Value = "SMT"; VariantName = "[No Variations]"
Change component parameters (AddParameter): Name = "Tolerance"; Value = "±0.5pF"; VariantName = "[No Variations]"
Change component parameters (AddParameter): Name = "Value"; Value = "0.5pF"; VariantName = "[No Variations]"
Change component parameters: Designator = "C62"; Footprint = "CAPC0805(2012)100_L"; UniqueID = "\SQDISBDE"
Change component parameters. Clean all parameters for all variants
Change component parameters (AddParameter): Name = "Case-EIA"; Value = "0805"; VariantName = "[No Variations]"
Change component parameters (AddParameter): Name = "Case-Metric"; Value = "2012"; VariantName = "[No Variations]"
Change component parameters (AddParameter): Name = "Max Thickness"; Value = "1 mm"; VariantName = "[No Variations]"
Change component parameters (AddParameter): Name = "Rated Voltage"; Value = "10 V"; VariantName = "[No Variations]"
Change component parameters (AddParameter): Name = "Technology"; Value = "SMT"; VariantName = "[No Variations]"
Change component parameters (AddParameter): Name = "Tolerance"; Value = "±0.5pF"; VariantName = "[No Variations]"
Change component parameters (AddParameter): Name = "Value"; Value = "0.5pF"; VariantName = "[No Variations]"
Change component parameters: Designator = "C63"; Footprint = "CAPC0805(2012)100_L"; UniqueID = "\IGSNEMHQ"
Change component parameters. Clean all parameters for all variants
Change component parameters (AddParameter): Name = "Case-EIA"; Value = "0805"; VariantName = "[No Variations]"
Change component parameters (AddParameter): Name = "Case-Metric"; Value = "2012"; VariantName = "[No Variations]"
Change component parameters (AddParameter): Name = "Max Thickness"; Value = "1 mm"; VariantName = "[No Variations]"
Change component parameters (AddParameter): Name = "Rated Voltage"; Value = "10 V"; VariantName = "[No Variations]"
Change component parameters (AddParameter): Name = "Technology"; Value = "SMT"; VariantName = "[No Variations]"
Change component parameters (AddParameter): Name = "Tolerance"; Value = "±0.5pF"; VariantName = "[No Variations]"
Change component parameters (AddParameter): Name = "Value"; Value = "0.5pF"; VariantName = "[No Variations]"
Change component parameters: Designator = "C64"; Footprint = "CAPC0805(2012)100_L"; UniqueID = "\IYMGXVKD"
Change component parameters. Clean all parameters for all variants
Change component parameters (AddParameter): Name = "Case-EIA"; Value = "0805"; VariantName = "[No Variations]"
Change component parameters (AddParameter): Name = "Case-Metric"; Value = "2012"; VariantName = "[No Variations]"
Change component parameters (AddParameter): Name = "Max Thickness"; Value = "1 mm"; VariantName = "[No Variations]"
Change component parameters (AddParameter): Name = "Rated Voltage"; Value = "10 V"; VariantName = "[No Variations]"
Change component parameters (AddParameter): Name = "Technology"; Value = "SMT"; VariantName = "[No Variations]"
Change component parameters (AddParameter): Name = "Tolerance"; Value = "±0.5pF"; VariantName = "[No Variations]"
Change component parameters (AddParameter): Name = "Value"; Value = "0.5pF"; VariantName = "[No Variations]"
Change component parameters: Designator = "C65"; Footprint = "CAPC0805(2012)100_L"; UniqueID = "\YUBJHISN"
Change component parameters. Clean all parameters for all variants
Change component parameters (AddParameter): Name = "Case-EIA"; Value = "0805"; VariantName = "[No Variations]"
Change component parameters (AddParameter): Name = "Case-Metric"; Value = "2012"; VariantName = "[No Variations]"
Change component parameters (AddParameter): Name = "Max Thickness"; Value = "1 mm"; VariantName = "[No Variations]"
Change component parameters (AddParameter): Name = "Rated Voltage"; Value = "10 V"; VariantName = "[No Variations]"
Change component parameters (AddParameter): Name = "Technology"; Value = "SMT"; VariantName = "[No Variations]"
Change component parameters (AddParameter): Name = "Tolerance"; Value = "±0.5pF"; VariantName = "[No Variations]"
Change component parameters (AddParameter): Name = "Value"; Value = "0.5pF"; VariantName = "[No Variations]"
Change component parameters: Designator = "C66"; Footprint = "CAPC0805(2012)100_L"; UniqueID = "\YBPBFSLT"
Change component parameters. Clean all parameters for all variants
Change component parameters (AddParameter): Name = "Case-EIA"; Value = "0805"; VariantName = "[No Variations]"
Change component parameters (AddParameter): Name = "Case-Metric"; Value = "2012"; VariantName = "[No Variations]"
Change component parameters (AddParameter): Name = "Max Thickness"; Value = "1 mm"; VariantName = "[No Variations]"
Change component parameters (AddParameter): Name = "Rated Voltage"; Value = "10 V"; VariantName = "[No Variations]"
Change component parameters (AddParameter): Name = "Technology"; Value = "SMT"; VariantName = "[No Variations]"
Change component parameters (AddParameter): Name = "Tolerance"; Value = "±0.5pF"; VariantName = "[No Variations]"
Change component parameters (AddParameter): Name = "Value"; Value = "0.5pF"; VariantName = "[No Variations]"
Change component parameters: Designator = "C67"; Footprint = "CAPC0805(2012)100_L"; UniqueID = "\BQPLLQLY"
Change component parameters. Clean all parameters for all variants
Change component parameters (AddParameter): Name = "Case-EIA"; Value = "0805"; VariantName = "[No Variations]"
Change component parameters (AddParameter): Name = "Case-Metric"; Value = "2012"; VariantName = "[No Variations]"
Change component parameters (AddParameter): Name = "Max Thickness"; Value = "1 mm"; VariantName = "[No Variations]"
Change component parameters (AddParameter): Name = "Rated Voltage"; Value = "10 V"; VariantName = "[No Variations]"
Change component parameters (AddParameter): Name = "Technology"; Value = "SMT"; VariantName = "[No Variations]"
Change component parameters (AddParameter): Name = "Tolerance"; Value = "±0.5pF"; VariantName = "[No Variations]"
Change component parameters (AddParameter): Name = "Value"; Value = "0.5pF"; VariantName = "[No Variations]"
Change component parameters: Designator = "C68"; Footprint = "CAPC0805(2012)100_L"; UniqueID = "\JSWCRRCN"
Change component parameters. Clean all parameters for all variants
Change component parameters (AddParameter): Name = "Case-EIA"; Value = "0805"; VariantName = "[No Variations]"
Change component parameters (AddParameter): Name = "Case-Metric"; Value = "2012"; VariantName = "[No Variations]"
Change component parameters (AddParameter): Name = "Max Thickness"; Value = "1 mm"; VariantName = "[No Variations]"
Change component parameters (AddParameter): Name = "Rated Voltage"; Value = "10 V"; VariantName = "[No Variations]"
Change component parameters (AddParameter): Name = "Technology"; Value = "SMT"; VariantName = "[No Variations]"
Change component parameters (AddParameter): Name = "Tolerance"; Value = "±0.5pF"; VariantName = "[No Variations]"
Change component parameters (AddParameter): Name = "Value"; Value = "0.5pF"; VariantName = "[No Variations]"
Change component parameters: Designator = "C69"; Footprint = "CAPC0805(2012)100_L"; UniqueID = "\DSRTORTA"
Change component parameters. Clean all parameters for all variants
Change component parameters (AddParameter): Name = "Case-EIA"; Value = "0805"; VariantName = "[No Variations]"
Change component parameters (AddParameter): Name = "Case-Metric"; Value = "2012"; VariantName = "[No Variations]"
Change component parameters (AddParameter): Name = "Max Thickness"; Value = "1 mm"; VariantName = "[No Variations]"
Change component parameters (AddParameter): Name = "Rated Voltage"; Value = "10 V"; VariantName = "[No Variations]"
Change component parameters (AddParameter): Name = "Technology"; Value = "SMT"; VariantName = "[No Variations]"
Change component parameters (AddParameter): Name = "Tolerance"; Value = "±0.5pF"; VariantName = "[No Variations]"
Change component parameters (AddParameter): Name = "Value"; Value = "0.5pF"; VariantName = "[No Variations]"
Change component parameters: Designator = "C70"; Footprint = "CAPC0805(2012)100_L"; UniqueID = "\AFOYIEFN"
Change component parameters. Clean all parameters for all variants
Change component parameters (AddParameter): Name = "Case-EIA"; Value = "0805"; VariantName = "[No Variations]"
Change component parameters (AddParameter): Name = "Case-Metric"; Value = "2012"; VariantName = "[No Variations]"
Change component parameters (AddParameter): Name = "Max Thickness"; Value = "1 mm"; VariantName = "[No Variations]"
Change component parameters (AddParameter): Name = "Rated Voltage"; Value = "10 V"; VariantName = "[No Variations]"
Change component parameters (AddParameter): Name = "Technology"; Value = "SMT"; VariantName = "[No Variations]"
Change component parameters (AddParameter): Name = "Tolerance"; Value = "±0.5pF"; VariantName = "[No Variations]"
Change component parameters (AddParameter): Name = "Value"; Value = "0.5pF"; VariantName = "[No Variations]"
Change component parameters: Designator = "C71"; Footprint = "CAPC0805(2012)100_L"; UniqueID = "\HWUJLEYA"
Change component parameters. Clean all parameters for all variants
Change component parameters (AddParameter): Name = "Case-EIA"; Value = "0805"; VariantName = "[No Variations]"
Change component parameters (AddParameter): Name = "Case-Metric"; Value = "2012"; VariantName = "[No Variations]"
Change component parameters (AddParameter): Name = "Max Thickness"; Value = "1 mm"; VariantName = "[No Variations]"
Change component parameters (AddParameter): Name = "Rated Voltage"; Value = "10 V"; VariantName = "[No Variations]"
Change component parameters (AddParameter): Name = "Technology"; Value = "SMT"; VariantName = "[No Variations]"
Change component parameters (AddParameter): Name = "Tolerance"; Value = "±0.5pF"; VariantName = "[No Variations]"
Change component parameters (AddParameter): Name = "Value"; Value = "0.5pF"; VariantName = "[No Variations]"
Change component parameters: Designator = "C72"; Footprint = "CAPC0805(2012)100_L"; UniqueID = "\LSATDDML"
Change component parameters. Clean all parameters for all variants
Change component parameters (AddParameter): Name = "Case-EIA"; Value = "0805"; VariantName = "[No Variations]"
Change component parameters (AddParameter): Name = "Case-Metric"; Value = "2012"; VariantName = "[No Variations]"
Change component parameters (AddParameter): Name = "Max Thickness"; Value = "1 mm"; VariantName = "[No Variations]"
Change component parameters (AddParameter): Name = "Rated Voltage"; Value = "10 V"; VariantName = "[No Variations]"
Change component parameters (AddParameter): Name = "Technology"; Value = "SMT"; VariantName = "[No Variations]"
Change component parameters (AddParameter): Name = "Tolerance"; Value = "±0.5pF"; VariantName = "[No Variations]"
Change component parameters (AddParameter): Name = "Value"; Value = "0.5pF"; VariantName = "[No Variations]"
Change component parameters: Designator = "C73"; Footprint = "CAPC0805(2012)100_L"; UniqueID = "\RBVROMJV"
Change component parameters. Clean all parameters for all variants
Change component parameters (AddParameter): Name = "Case-EIA"; Value = "0805"; VariantName = "[No Variations]"
Change component parameters (AddParameter): Name = "Case-Metric"; Value = "2012"; VariantName = "[No Variations]"
Change component parameters (AddParameter): Name = "Max Thickness"; Value = "1 mm"; VariantName = "[No Variations]"
Change component parameters (AddParameter): Name = "Rated Voltage"; Value = "10 V"; VariantName = "[No Variations]"
Change component parameters (AddParameter): Name = "Technology"; Value = "SMT"; VariantName = "[No Variations]"
Change component parameters (AddParameter): Name = "Tolerance"; Value = "±0.5pF"; VariantName = "[No Variations]"
Change component parameters (AddParameter): Name = "Value"; Value = "0.5pF"; VariantName = "[No Variations]"
Change component parameters: Designator = "C74"; Footprint = "CAPC0805(2012)100_L"; UniqueID = "\YYVPYLDW"
Change component parameters. Clean all parameters for all variants
Change component parameters (AddParameter): Name = "Case-EIA"; Value = "0805"; VariantName = "[No Variations]"
Change component parameters (AddParameter): Name = "Case-Metric"; Value = "2012"; VariantName = "[No Variations]"
Change component parameters (AddParameter): Name = "Max Thickness"; Value = "1 mm"; VariantName = "[No Variations]"
Change component parameters (AddParameter): Name = "Rated Voltage"; Value = "10 V"; VariantName = "[No Variations]"
Change component parameters (AddParameter): Name = "Technology"; Value = "SMT"; VariantName = "[No Variations]"
Change component parameters (AddParameter): Name = "Tolerance"; Value = "±0.5pF"; VariantName = "[No Variations]"
Change component parameters (AddParameter): Name = "Value"; Value = "0.5pF"; VariantName = "[No Variations]"
Change component parameters: Designator = "C75"; Footprint = "CAPC0805(2012)100_L"; UniqueID = "\FUEKDFKQ"
Change component parameters. Clean all parameters for all variants
Change component parameters (AddParameter): Name = "Case-EIA"; Value = "0805"; VariantName = "[No Variations]"
Change component parameters (AddParameter): Name = "Case-Metric"; Value = "2012"; VariantName = "[No Variations]"
Change component parameters (AddParameter): Name = "Max Thickness"; Value = "1 mm"; VariantName = "[No Variations]"
Change component parameters (AddParameter): Name = "Rated Voltage"; Value = "10 V"; VariantName = "[No Variations]"
Change component parameters (AddParameter): Name = "Technology"; Value = "SMT"; VariantName = "[No Variations]"
Change component parameters (AddParameter): Name = "Tolerance"; Value = "±0.5pF"; VariantName = "[No Variations]"
Change component parameters (AddParameter): Name = "Value"; Value = "0.5pF"; VariantName = "[No Variations]"
Change component parameters: Designator = "C76"; Footprint = "CAPC0805(2012)100_L"; UniqueID = "\EUWGSPME"
Change component parameters. Clean all parameters for all variants
Change component parameters (AddParameter): Name = "Case-EIA"; Value = "0805"; VariantName = "[No Variations]"
Change component parameters (AddParameter): Name = "Case-Metric"; Value = "2012"; VariantName = "[No Variations]"
Change component parameters (AddParameter): Name = "Max Thickness"; Value = "1 mm"; VariantName = "[No Variations]"
Change component parameters (AddParameter): Name = "Rated Voltage"; Value = "10 V"; VariantName = "[No Variations]"
Change component parameters (AddParameter): Name = "Technology"; Value = "SMT"; VariantName = "[No Variations]"
Change component parameters (AddParameter): Name = "Tolerance"; Value = "±0.5pF"; VariantName = "[No Variations]"
Change component parameters (AddParameter): Name = "Value"; Value = "0.5pF"; VariantName = "[No Variations]"
Change component parameters: Designator = "C77"; Footprint = "CAPC0805(2012)100_L"; UniqueID = "\TRSJKEBC"
Change component parameters. Clean all parameters for all variants
Change component parameters (AddParameter): Name = "Case-EIA"; Value = "0805"; VariantName = "[No Variations]"
Change component parameters (AddParameter): Name = "Case-Metric"; Value = "2012"; VariantName = "[No Variations]"
Change component parameters (AddParameter): Name = "Max Thickness"; Value = "1 mm"; VariantName = "[No Variations]"
Change component parameters (AddParameter): Name = "Rated Voltage"; Value = "10 V"; VariantName = "[No Variations]"
Change component parameters (AddParameter): Name = "Technology"; Value = "SMT"; VariantName = "[No Variations]"
Change component parameters (AddParameter): Name = "Tolerance"; Value = "±0.5pF"; VariantName = "[No Variations]"
Change component parameters (AddParameter): Name = "Value"; Value = "0.5pF"; VariantName = "[No Variations]"
Change component parameters: Designator = "C78"; Footprint = "CAPC0805(2012)100_L"; UniqueID = "\OWQRFXYG"
Change component parameters. Clean all parameters for all variants
Change component parameters (AddParameter): Name = "Case-EIA"; Value = "0805"; VariantName = "[No Variations]"
Change component parameters (AddParameter): Name = "Case-Metric"; Value = "2012"; VariantName = "[No Variations]"
Change component parameters (AddParameter): Name = "Max Thickness"; Value = "1 mm"; VariantName = "[No Variations]"
Change component parameters (AddParameter): Name = "Rated Voltage"; Value = "10 V"; VariantName = "[No Variations]"
Change component parameters (AddParameter): Name = "Technology"; Value = "SMT"; VariantName = "[No Variations]"
Change component parameters (AddParameter): Name = "Tolerance"; Value = "±0.5pF"; VariantName = "[No Variations]"
Change component parameters (AddParameter): Name = "Value"; Value = "0.5pF"; VariantName = "[No Variations]"
Change component parameters: Designator = "C79"; Footprint = "CAPC0805(2012)100_L"; UniqueID = "\AEVOJDMM"
Change component parameters. Clean all parameters for all variants
Change component parameters (AddParameter): Name = "Case-EIA"; Value = "0805"; VariantName = "[No Variations]"
Change component parameters (AddParameter): Name = "Case-Metric"; Value = "2012"; VariantName = "[No Variations]"
Change component parameters (AddParameter): Name = "Max Thickness"; Value = "1 mm"; VariantName = "[No Variations]"
Change component parameters (AddParameter): Name = "Rated Voltage"; Value = "10 V"; VariantName = "[No Variations]"
Change component parameters (AddParameter): Name = "Technology"; Value = "SMT"; VariantName = "[No Variations]"
Change component parameters (AddParameter): Name = "Tolerance"; Value = "±0.5pF"; VariantName = "[No Variations]"
Change component parameters (AddParameter): Name = "Value"; Value = "0.5pF"; VariantName = "[No Variations]"
Change component parameters: Designator = "C80"; Footprint = "CAPC0805(2012)100_L"; UniqueID = "\CCMJDBKU"
Change component parameters. Clean all parameters for all variants
Change component parameters (AddParameter): Name = "Case-EIA"; Value = "0805"; VariantName = "[No Variations]"
Change component parameters (AddParameter): Name = "Case-Metric"; Value = "2012"; VariantName = "[No Variations]"
Change component parameters (AddParameter): Name = "Max Thickness"; Value = "1 mm"; VariantName = "[No Variations]"
Change component parameters (AddParameter): Name = "Rated Voltage"; Value = "10 V"; VariantName = "[No Variations]"
Change component parameters (AddParameter): Name = "Technology"; Value = "SMT"; VariantName = "[No Variations]"
Change component parameters (AddParameter): Name = "Tolerance"; Value = "±0.5pF"; VariantName = "[No Variations]"
Change component parameters (AddParameter): Name = "Value"; Value = "0.5pF"; VariantName = "[No Variations]"
Change component parameters: Designator = "C81"; Footprint = "CAPC0805(2012)100_L"; UniqueID = "\XBNXMNWV"
Change component parameters. Clean all parameters for all variants
Change component parameters (AddParameter): Name = "Case-EIA"; Value = "0805"; VariantName = "[No Variations]"
Change component parameters (AddParameter): Name = "Case-Metric"; Value = "2012"; VariantName = "[No Variations]"
Change component parameters (AddParameter): Name = "Max Thickness"; Value = "1 mm"; VariantName = "[No Variations]"
Change component parameters (AddParameter): Name = "Rated Voltage"; Value = "10 V"; VariantName = "[No Variations]"
Change component parameters (AddParameter): Name = "Technology"; Value = "SMT"; VariantName = "[No Variations]"
Change component parameters (AddParameter): Name = "Tolerance"; Value = "±0.5pF"; VariantName = "[No Variations]"
Change component parameters (AddParameter): Name = "Value"; Value = "0.5pF"; VariantName = "[No Variations]"
Change component parameters: Designator = "C82"; Footprint = "CAPC0805(2012)100_L"; UniqueID = "\YUFUGHQR"
Change component parameters. Clean all parameters for all variants
Change component parameters (AddParameter): Name = "Case-EIA"; Value = "0805"; VariantName = "[No Variations]"
Change component parameters (AddParameter): Name = "Case-Metric"; Value = "2012"; VariantName = "[No Variations]"
Change component parameters (AddParameter): Name = "Max Thickness"; Value = "1 mm"; VariantName = "[No Variations]"
Change component parameters (AddParameter): Name = "Rated Voltage"; Value = "10 V"; VariantName = "[No Variations]"
Change component parameters (AddParameter): Name = "Technology"; Value = "SMT"; VariantName = "[No Variations]"
Change component parameters (AddParameter): Name = "Tolerance"; Value = "±0.5pF"; VariantName = "[No Variations]"
Change component parameters (AddParameter): Name = "Value"; Value = "0.5pF"; VariantName = "[No Variations]"
Change component parameters: Designator = "C83"; Footprint = "CAPC0805(2012)100_L"; UniqueID = "\SFDRGMJO"
Change component parameters. Clean all parameters for all variants
Change component parameters (AddParameter): Name = "Case-EIA"; Value = "0805"; VariantName = "[No Variations]"
Change component parameters (AddParameter): Name = "Case-Metric"; Value = "2012"; VariantName = "[No Variations]"
Change component parameters (AddParameter): Name = "Max Thickness"; Value = "1 mm"; VariantName = "[No Variations]"
Change component parameters (AddParameter): Name = "Rated Voltage"; Value = "10 V"; VariantName = "[No Variations]"
Change component parameters (AddParameter): Name = "Technology"; Value = "SMT"; VariantName = "[No Variations]"
Change component parameters (AddParameter): Name = "Tolerance"; Value = "±0.5pF"; VariantName = "[No Variations]"
Change component parameters (AddParameter): Name = "Value"; Value = "0.5pF"; VariantName = "[No Variations]"
Change component parameters: Designator = "C84"; Footprint = "CAPC0805(2012)100_L"; UniqueID = "\NUVGLFGQ"
Change component parameters. Clean all parameters for all variants
Change component parameters (AddParameter): Name = "Case-EIA"; Value = "0805"; VariantName = "[No Variations]"
Change component parameters (AddParameter): Name = "Case-Metric"; Value = "2012"; VariantName = "[No Variations]"
Change component parameters (AddParameter): Name = "Max Thickness"; Value = "1 mm"; VariantName = "[No Variations]"
Change component parameters (AddParameter): Name = "Rated Voltage"; Value = "10 V"; VariantName = "[No Variations]"
Change component parameters (AddParameter): Name = "Technology"; Value = "SMT"; VariantName = "[No Variations]"
Change component parameters (AddParameter): Name = "Tolerance"; Value = "±0.5pF"; VariantName = "[No Variations]"
Change component parameters (AddParameter): Name = "Value"; Value = "0.5pF"; VariantName = "[No Variations]"
Change component parameters: Designator = "C85"; Footprint = "CAPC0805(2012)100_L"; UniqueID = "\KHSXSIEH"
Change component parameters. Clean all parameters for all variants
Change component parameters (AddParameter): Name = "Case-EIA"; Value = "0805"; VariantName = "[No Variations]"
Change component parameters (AddParameter): Name = "Case-Metric"; Value = "2012"; VariantName = "[No Variations]"
Change component parameters (AddParameter): Name = "Max Thickness"; Value = "1 mm"; VariantName = "[No Variations]"
Change component parameters (AddParameter): Name = "Rated Voltage"; Value = "10 V"; VariantName = "[No Variations]"
Change component parameters (AddParameter): Name = "Technology"; Value = "SMT"; VariantName = "[No Variations]"
Change component parameters (AddParameter): Name = "Tolerance"; Value = "±0.5pF"; VariantName = "[No Variations]"
Change component parameters (AddParameter): Name = "Value"; Value = "0.5pF"; VariantName = "[No Variations]"
Change component parameters: Designator = "C86"; Footprint = "CAPC0805(2012)100_L"; UniqueID = "\OFXNLIDA"
Change component parameters. Clean all parameters for all variants
Change component parameters (AddParameter): Name = "Case-EIA"; Value = "0805"; VariantName = "[No Variations]"
Change component parameters (AddParameter): Name = "Case-Metric"; Value = "2012"; VariantName = "[No Variations]"
Change component parameters (AddParameter): Name = "Max Thickness"; Value = "1 mm"; VariantName = "[No Variations]"
Change component parameters (AddParameter): Name = "Rated Voltage"; Value = "10 V"; VariantName = "[No Variations]"
Change component parameters (AddParameter): Name = "Technology"; Value = "SMT"; VariantName = "[No Variations]"
Change component parameters (AddParameter): Name = "Tolerance"; Value = "±0.5pF"; VariantName = "[No Variations]"
Change component parameters (AddParameter): Name = "Value"; Value = "0.5pF"; VariantName = "[No Variations]"
Change component parameters: Designator = "C87"; Footprint = "CAPC0805(2012)100_L"; UniqueID = "\BILTGKFY"
Change component parameters. Clean all parameters for all variants
Change component parameters (AddParameter): Name = "Case-EIA"; Value = "0805"; VariantName = "[No Variations]"
Change component parameters (AddParameter): Name = "Case-Metric"; Value = "2012"; VariantName = "[No Variations]"
Change component parameters (AddParameter): Name = "Max Thickness"; Value = "1 mm"; VariantName = "[No Variations]"
Change component parameters (AddParameter): Name = "Rated Voltage"; Value = "10 V"; VariantName = "[No Variations]"
Change component parameters (AddParameter): Name = "Technology"; Value = "SMT"; VariantName = "[No Variations]"
Change component parameters (AddParameter): Name = "Tolerance"; Value = "±0.5pF"; VariantName = "[No Variations]"
Change component parameters (AddParameter): Name = "Value"; Value = "0.5pF"; VariantName = "[No Variations]"
Change component parameters: Designator = "C88"; Footprint = "CAPC0805(2012)100_L"; UniqueID = "\QCAHALDB"
Change component parameters. Clean all parameters for all variants
Change component parameters (AddParameter): Name = "Case-EIA"; Value = "0805"; VariantName = "[No Variations]"
Change component parameters (AddParameter): Name = "Case-Metric"; Value = "2012"; VariantName = "[No Variations]"
Change component parameters (AddParameter): Name = "Max Thickness"; Value = "1 mm"; VariantName = "[No Variations]"
Change component parameters (AddParameter): Name = "Rated Voltage"; Value = "10 V"; VariantName = "[No Variations]"
Change component parameters (AddParameter): Name = "Technology"; Value = "SMT"; VariantName = "[No Variations]"
Change component parameters (AddParameter): Name = "Tolerance"; Value = "±0.5pF"; VariantName = "[No Variations]"
Change component parameters (AddParameter): Name = "Value"; Value = "0.5pF"; VariantName = "[No Variations]"
Change component parameters: Designator = "C89"; Footprint = "CAPC0805(2012)100_L"; UniqueID = "\JPEICHMB"
Change component parameters. Clean all parameters for all variants
Change component parameters (AddParameter): Name = "Case-EIA"; Value = "0805"; VariantName = "[No Variations]"
Change component parameters (AddParameter): Name = "Case-Metric"; Value = "2012"; VariantName = "[No Variations]"
Change component parameters (AddParameter): Name = "Max Thickness"; Value = "1 mm"; VariantName = "[No Variations]"
Change component parameters (AddParameter): Name = "Rated Voltage"; Value = "10 V"; VariantName = "[No Variations]"
Change component parameters (AddParameter): Name = "Technology"; Value = "SMT"; VariantName = "[No Variations]"
Change component parameters (AddParameter): Name = "Tolerance"; Value = "±0.5pF"; VariantName = "[No Variations]"
Change component parameters (AddParameter): Name = "Value"; Value = "0.5pF"; VariantName = "[No Variations]"
Change component parameters: Designator = "C90"; Footprint = "CAPC0805(2012)100_L"; UniqueID = "\RGJMEQTT"
Change component parameters. Clean all parameters for all variants
Change component parameters (AddParameter): Name = "Case-EIA"; Value = "0805"; VariantName = "[No Variations]"
Change component parameters (AddParameter): Name = "Case-Metric"; Value = "2012"; VariantName = "[No Variations]"
Change component parameters (AddParameter): Name = "Max Thickness"; Value = "1 mm"; VariantName = "[No Variations]"
Change component parameters (AddParameter): Name = "Rated Voltage"; Value = "10 V"; VariantName = "[No Variations]"
Change component parameters (AddParameter): Name = "Technology"; Value = "SMT"; VariantName = "[No Variations]"
Change component parameters (AddParameter): Name = "Tolerance"; Value = "±0.5pF"; VariantName = "[No Variations]"
Change component parameters (AddParameter): Name = "Value"; Value = "0.5pF"; VariantName = "[No Variations]"
Change component parameters: Designator = "C91"; Footprint = "CAPC0805(2012)100_L"; UniqueID = "\XXBQEARP"
Change component parameters. Clean all parameters for all variants
Change component parameters (AddParameter): Name = "Case-EIA"; Value = "0805"; VariantName = "[No Variations]"
Change component parameters (AddParameter): Name = "Case-Metric"; Value = "2012"; VariantName = "[No Variations]"
Change component parameters (AddParameter): Name = "Max Thickness"; Value = "1 mm"; VariantName = "[No Variations]"
Change component parameters (AddParameter): Name = "Rated Voltage"; Value = "10 V"; VariantName = "[No Variations]"
Change component parameters (AddParameter): Name = "Technology"; Value = "SMT"; VariantName = "[No Variations]"
Change component parameters (AddParameter): Name = "Tolerance"; Value = "±0.5pF"; VariantName = "[No Variations]"
Change component parameters (AddParameter): Name = "Value"; Value = "0.5pF"; VariantName = "[No Variations]"
Change component parameters: Designator = "C92"; Footprint = "CAPC0805(2012)100_L"; UniqueID = "\WRRCTMQE"
Change component parameters. Clean all parameters for all variants
Change component parameters (AddParameter): Name = "Case-EIA"; Value = "0805"; VariantName = "[No Variations]"
Change component parameters (AddParameter): Name = "Case-Metric"; Value = "2012"; VariantName = "[No Variations]"
Change component parameters (AddParameter): Name = "Max Thickness"; Value = "1 mm"; VariantName = "[No Variations]"
Change component parameters (AddParameter): Name = "Rated Voltage"; Value = "10 V"; VariantName = "[No Variations]"
Change component parameters (AddParameter): Name = "Technology"; Value = "SMT"; VariantName = "[No Variations]"
Change component parameters (AddParameter): Name = "Tolerance"; Value = "±0.5pF"; VariantName = "[No Variations]"
Change component parameters (AddParameter): Name = "Value"; Value = "0.5pF"; VariantName = "[No Variations]"
Change component parameters: Designator = "C93"; Footprint = "CAPC0805(2012)100_L"; UniqueID = "\TQYABOOL"
Change component parameters. Clean all parameters for all variants
Change component parameters (AddParameter): Name = "Case-EIA"; Value = "0805"; VariantName = "[No Variations]"
Change component parameters (AddParameter): Name = "Case-Metric"; Value = "2012"; VariantName = "[No Variations]"
Change component parameters (AddParameter): Name = "Max Thickness"; Value = "1 mm"; VariantName = "[No Variations]"
Change component parameters (AddParameter): Name = "Rated Voltage"; Value = "10 V"; VariantName = "[No Variations]"
Change component parameters (AddParameter): Name = "Technology"; Value = "SMT"; VariantName = "[No Variations]"
Change component parameters (AddParameter): Name = "Tolerance"; Value = "±0.5pF"; VariantName = "[No Variations]"
Change component parameters (AddParameter): Name = "Value"; Value = "0.5pF"; VariantName = "[No Variations]"
Change component parameters: Designator = "C94"; Footprint = "CAPC0805(2012)100_L"; UniqueID = "\NBAYWJDY"
Change component parameters. Clean all parameters for all variants
Change component parameters (AddParameter): Name = "Case-EIA"; Value = "0805"; VariantName = "[No Variations]"
Change component parameters (AddParameter): Name = "Case-Metric"; Value = "2012"; VariantName = "[No Variations]"
Change component parameters (AddParameter): Name = "Max Thickness"; Value = "1 mm"; VariantName = "[No Variations]"
Change component parameters (AddParameter): Name = "Rated Voltage"; Value = "10 V"; VariantName = "[No Variations]"
Change component parameters (AddParameter): Name = "Technology"; Value = "SMT"; VariantName = "[No Variations]"
Change component parameters (AddParameter): Name = "Tolerance"; Value = "±0.5pF"; VariantName = "[No Variations]"
Change component parameters (AddParameter): Name = "Value"; Value = "0.5pF"; VariantName = "[No Variations]"
Change component parameters: Designator = "C95"; Footprint = "CAPC0805(2012)100_L"; UniqueID = "\WFIOOKBJ"
Change component parameters. Clean all parameters for all variants
Change component parameters (AddParameter): Name = "Case-EIA"; Value = "0805"; VariantName = "[No Variations]"
Change component parameters (AddParameter): Name = "Case-Metric"; Value = "2012"; VariantName = "[No Variations]"
Change component parameters (AddParameter): Name = "Max Thickness"; Value = "1 mm"; VariantName = "[No Variations]"
Change component parameters (AddParameter): Name = "Rated Voltage"; Value = "10 V"; VariantName = "[No Variations]"
Change component parameters (AddParameter): Name = "Technology"; Value = "SMT"; VariantName = "[No Variations]"
Change component parameters (AddParameter): Name = "Tolerance"; Value = "±0.5pF"; VariantName = "[No Variations]"
Change component parameters (AddParameter): Name = "Value"; Value = "0.5pF"; VariantName = "[No Variations]"
Change component parameters: Designator = "C96"; Footprint = "CAPC0805(2012)100_L"; UniqueID = "\ALEAKVAQ"
Change component parameters. Clean all parameters for all variants
Change component parameters (AddParameter): Name = "Case-EIA"; Value = "0805"; VariantName = "[No Variations]"
Change component parameters (AddParameter): Name = "Case-Metric"; Value = "2012"; VariantName = "[No Variations]"
Change component parameters (AddParameter): Name = "Max Thickness"; Value = "1 mm"; VariantName = "[No Variations]"
Change component parameters (AddParameter): Name = "Rated Voltage"; Value = "10 V"; VariantName = "[No Variations]"
Change component parameters (AddParameter): Name = "Technology"; Value = "SMT"; VariantName = "[No Variations]"
Change component parameters (AddParameter): Name = "Tolerance"; Value = "±0.5pF"; VariantName = "[No Variations]"
Change component parameters (AddParameter): Name = "Value"; Value = "0.5pF"; VariantName = "[No Variations]"
Change component parameters: Designator = "C97"; Footprint = "CAPC0805(2012)100_L"; UniqueID = "\BTJRRRAU"
Change component parameters. Clean all parameters for all variants
Change component parameters (AddParameter): Name = "Case-EIA"; Value = "0805"; VariantName = "[No Variations]"
Change component parameters (AddParameter): Name = "Case-Metric"; Value = "2012"; VariantName = "[No Variations]"
Change component parameters (AddParameter): Name = "Max Thickness"; Value = "1 mm"; VariantName = "[No Variations]"
Change component parameters (AddParameter): Name = "Rated Voltage"; Value = "10 V"; VariantName = "[No Variations]"
Change component parameters (AddParameter): Name = "Technology"; Value = "SMT"; VariantName = "[No Variations]"
Change component parameters (AddParameter): Name = "Tolerance"; Value = "±0.5pF"; VariantName = "[No Variations]"
Change component parameters (AddParameter): Name = "Value"; Value = "0.5pF"; VariantName = "[No Variations]"
Change component parameters: Designator = "C98"; Footprint = "CAPC0805(2012)100_L"; UniqueID = "\JYJIGUWQ"
Change component parameters. Clean all parameters for all variants
Change component parameters (AddParameter): Name = "Case-EIA"; Value = "0805"; VariantName = "[No Variations]"
Change component parameters (AddParameter): Name = "Case-Metric"; Value = "2012"; VariantName = "[No Variations]"
Change component parameters (AddParameter): Name = "Max Thickness"; Value = "1 mm"; VariantName = "[No Variations]"
Change component parameters (AddParameter): Name = "Rated Voltage"; Value = "10 V"; VariantName = "[No Variations]"
Change component parameters (AddParameter): Name = "Technology"; Value = "SMT"; VariantName = "[No Variations]"
Change component parameters (AddParameter): Name = "Tolerance"; Value = "±0.5pF"; VariantName = "[No Variations]"
Change component parameters (AddParameter): Name = "Value"; Value = "0.5pF"; VariantName = "[No Variations]"
Change component parameters: Designator = "C99"; Footprint = "CAPC0805(2012)100_L"; UniqueID = "\BRUHSMXA"
Change component parameters. Clean all parameters for all variants
Change component parameters (AddParameter): Name = "Case-EIA"; Value = "0805"; VariantName = "[No Variations]"
Change component parameters (AddParameter): Name = "Case-Metric"; Value = "2012"; VariantName = "[No Variations]"
Change component parameters (AddParameter): Name = "Max Thickness"; Value = "1 mm"; VariantName = "[No Variations]"
Change component parameters (AddParameter): Name = "Rated Voltage"; Value = "10 V"; VariantName = "[No Variations]"
Change component parameters (AddParameter): Name = "Technology"; Value = "SMT"; VariantName = "[No Variations]"
Change component parameters (AddParameter): Name = "Tolerance"; Value = "±0.5pF"; VariantName = "[No Variations]"
Change component parameters (AddParameter): Name = "Value"; Value = "0.5pF"; VariantName = "[No Variations]"
Change component parameters: Designator = "C100"; Footprint = "CAPC0805(2012)100_L"; UniqueID = "\SNIMDTKE"
Change component parameters. Clean all parameters for all variants
Change component parameters (AddParameter): Name = "Case-EIA"; Value = "0805"; VariantName = "[No Variations]"
Change component parameters (AddParameter): Name = "Case-Metric"; Value = "2012"; VariantName = "[No Variations]"
Change component parameters (AddParameter): Name = "Max Thickness"; Value = "1 mm"; VariantName = "[No Variations]"
Change component parameters (AddParameter): Name = "Rated Voltage"; Value = "10 V"; VariantName = "[No Variations]"
Change component parameters (AddParameter): Name = "Technology"; Value = "SMT"; VariantName = "[No Variations]"
Change component parameters (AddParameter): Name = "Tolerance"; Value = "±0.5pF"; VariantName = "[No Variations]"
Change component parameters (AddParameter): Name = "Value"; Value = "0.5pF"; VariantName = "[No Variations]"
Change component parameters: Designator = "C101"; Footprint = "CAPC0805(2012)100_L"; UniqueID = "\TIDCJERI"
Change component parameters. Clean all parameters for all variants
Change component parameters (AddParameter): Name = "Case-EIA"; Value = "0805"; VariantName = "[No Variations]"
Change component parameters (AddParameter): Name = "Case-Metric"; Value = "2012"; VariantName = "[No Variations]"
Change component parameters (AddParameter): Name = "Max Thickness"; Value = "1 mm"; VariantName = "[No Variations]"
Change component parameters (AddParameter): Name = "Rated Voltage"; Value = "10 V"; VariantName = "[No Variations]"
Change component parameters (AddParameter): Name = "Technology"; Value = "SMT"; VariantName = "[No Variations]"
Change component parameters (AddParameter): Name = "Tolerance"; Value = "±0.5pF"; VariantName = "[No Variations]"
Change component parameters (AddParameter): Name = "Value"; Value = "0.5pF"; VariantName = "[No Variations]"
Change component parameters: Designator = "C102"; Footprint = "CAPC0805(2012)100_L"; UniqueID = "\CWLPRFTH"
Change component parameters. Clean all parameters for all variants
Change component parameters (AddParameter): Name = "Case-EIA"; Value = "0805"; VariantName = "[No Variations]"
Change component parameters (AddParameter): Name = "Case-Metric"; Value = "2012"; VariantName = "[No Variations]"
Change component parameters (AddParameter): Name = "Max Thickness"; Value = "1 mm"; VariantName = "[No Variations]"
Change component parameters (AddParameter): Name = "Rated Voltage"; Value = "10 V"; VariantName = "[No Variations]"
Change component parameters (AddParameter): Name = "Technology"; Value = "SMT"; VariantName = "[No Variations]"
Change component parameters (AddParameter): Name = "Tolerance"; Value = "±0.5pF"; VariantName = "[No Variations]"
Change component parameters (AddParameter): Name = "Value"; Value = "0.5pF"; VariantName = "[No Variations]"
Change component parameters: Designator = "C103"; Footprint = "CAPC0805(2012)100_L"; UniqueID = "\RLYRBOHT"
Change component parameters. Clean all parameters for all variants
Change component parameters (AddParameter): Name = "Case-EIA"; Value = "0805"; VariantName = "[No Variations]"
Change component parameters (AddParameter): Name = "Case-Metric"; Value = "2012"; VariantName = "[No Variations]"
Change component parameters (AddParameter): Name = "Max Thickness"; Value = "1 mm"; VariantName = "[No Variations]"
Change component parameters (AddParameter): Name = "Rated Voltage"; Value = "10 V"; VariantName = "[No Variations]"
Change component parameters (AddParameter): Name = "Technology"; Value = "SMT"; VariantName = "[No Variations]"
Change component parameters (AddParameter): Name = "Tolerance"; Value = "±0.5pF"; VariantName = "[No Variations]"
Change component parameters (AddParameter): Name = "Value"; Value = "0.5pF"; VariantName = "[No Variations]"
Change component parameters: Designator = "C104"; Footprint = "CAPC0805(2012)100_L"; UniqueID = "\JSRQWHEA"
Change component parameters. Clean all parameters for all variants
Change component parameters (AddParameter): Name = "Case-EIA"; Value = "0805"; VariantName = "[No Variations]"
Change component parameters (AddParameter): Name = "Case-Metric"; Value = "2012"; VariantName = "[No Variations]"
Change component parameters (AddParameter): Name = "Max Thickness"; Value = "1 mm"; VariantName = "[No Variations]"
Change component parameters (AddParameter): Name = "Rated Voltage"; Value = "10 V"; VariantName = "[No Variations]"
Change component parameters (AddParameter): Name = "Technology"; Value = "SMT"; VariantName = "[No Variations]"
Change component parameters (AddParameter): Name = "Tolerance"; Value = "±0.5pF"; VariantName = "[No Variations]"
Change component parameters (AddParameter): Name = "Value"; Value = "0.5pF"; VariantName = "[No Variations]"
Change component parameters: Designator = "C105"; Footprint = "CAPC0805(2012)100_L"; UniqueID = "\YWULXVEC"
Change component parameters. Clean all parameters for all variants
Change component parameters (AddParameter): Name = "Case-EIA"; Value = "0805"; VariantName = "[No Variations]"
Change component parameters (AddParameter): Name = "Case-Metric"; Value = "2012"; VariantName = "[No Variations]"
Change component parameters (AddParameter): Name = "Max Thickness"; Value = "1 mm"; VariantName = "[No Variations]"
Change component parameters (AddParameter): Name = "Rated Voltage"; Value = "10 V"; VariantName = "[No Variations]"
Change component parameters (AddParameter): Name = "Technology"; Value = "SMT"; VariantName = "[No Variations]"
Change component parameters (AddParameter): Name = "Tolerance"; Value = "±0.5pF"; VariantName = "[No Variations]"
Change component parameters (AddParameter): Name = "Value"; Value = "0.5pF"; VariantName = "[No Variations]"
Change component parameters: Designator = "C106"; Footprint = "CAPC0805(2012)100_L"; UniqueID = "\VEJXJIMY"
Change component parameters. Clean all parameters for all variants
Change component parameters (AddParameter): Name = "Case-EIA"; Value = "0805"; VariantName = "[No Variations]"
Change component parameters (AddParameter): Name = "Case-Metric"; Value = "2012"; VariantName = "[No Variations]"
Change component parameters (AddParameter): Name = "Max Thickness"; Value = "1 mm"; VariantName = "[No Variations]"
Change component parameters (AddParameter): Name = "Rated Voltage"; Value = "10 V"; VariantName = "[No Variations]"
Change component parameters (AddParameter): Name = "Technology"; Value = "SMT"; VariantName = "[No Variations]"
Change component parameters (AddParameter): Name = "Tolerance"; Value = "±0.5pF"; VariantName = "[No Variations]"
Change component parameters (AddParameter): Name = "Value"; Value = "0.5pF"; VariantName = "[No Variations]"
Change component parameters: Designator = "C107"; Footprint = "CAPC0805(2012)100_L"; UniqueID = "\IJTGLABD"
Change component parameters. Clean all parameters for all variants
Change component parameters (AddParameter): Name = "Case-EIA"; Value = "0805"; VariantName = "[No Variations]"
Change component parameters (AddParameter): Name = "Case-Metric"; Value = "2012"; VariantName = "[No Variations]"
Change component parameters (AddParameter): Name = "Max Thickness"; Value = "1 mm"; VariantName = "[No Variations]"
Change component parameters (AddParameter): Name = "Rated Voltage"; Value = "10 V"; VariantName = "[No Variations]"
Change component parameters (AddParameter): Name = "Technology"; Value = "SMT"; VariantName = "[No Variations]"
Change component parameters (AddParameter): Name = "Tolerance"; Value = "±0.5pF"; VariantName = "[No Variations]"
Change component parameters (AddParameter): Name = "Value"; Value = "0.5pF"; VariantName = "[No Variations]"
Change component parameters: Designator = "C108"; Footprint = "CAPC0805(2012)100_L"; UniqueID = "\EOGQYWYV"
Change component parameters. Clean all parameters for all variants
Change component parameters (AddParameter): Name = "Case-EIA"; Value = "0805"; VariantName = "[No Variations]"
Change component parameters (AddParameter): Name = "Case-Metric"; Value = "2012"; VariantName = "[No Variations]"
Change component parameters (AddParameter): Name = "Max Thickness"; Value = "1 mm"; VariantName = "[No Variations]"
Change component parameters (AddParameter): Name = "Rated Voltage"; Value = "10 V"; VariantName = "[No Variations]"
Change component parameters (AddParameter): Name = "Technology"; Value = "SMT"; VariantName = "[No Variations]"
Change component parameters (AddParameter): Name = "Tolerance"; Value = "±0.5pF"; VariantName = "[No Variations]"
Change component parameters (AddParameter): Name = "Value"; Value = "0.5pF"; VariantName = "[No Variations]"
Change component parameters: Designator = "C109"; Footprint = "CAPC0805(2012)100_L"; UniqueID = "\UOLOYUIT"
Change component parameters. Clean all parameters for all variants
Change component parameters (AddParameter): Name = "Case-EIA"; Value = "0805"; VariantName = "[No Variations]"
Change component parameters (AddParameter): Name = "Case-Metric"; Value = "2012"; VariantName = "[No Variations]"
Change component parameters (AddParameter): Name = "Max Thickness"; Value = "1 mm"; VariantName = "[No Variations]"
Change component parameters (AddParameter): Name = "Rated Voltage"; Value = "10 V"; VariantName = "[No Variations]"
Change component parameters (AddParameter): Name = "Technology"; Value = "SMT"; VariantName = "[No Variations]"
Change component parameters (AddParameter): Name = "Tolerance"; Value = "±0.5pF"; VariantName = "[No Variations]"
Change component parameters (AddParameter): Name = "Value"; Value = "0.5pF"; VariantName = "[No Variations]"
Change component parameters: Designator = "C110"; Footprint = "CAPC0805(2012)100_L"; UniqueID = "\IEPOVQVO"
Change component parameters. Clean all parameters for all variants
Change component parameters (AddParameter): Name = "Case-EIA"; Value = "0805"; VariantName = "[No Variations]"
Change component parameters (AddParameter): Name = "Case-Metric"; Value = "2012"; VariantName = "[No Variations]"
Change component parameters (AddParameter): Name = "Max Thickness"; Value = "1 mm"; VariantName = "[No Variations]"
Change component parameters (AddParameter): Name = "Rated Voltage"; Value = "10 V"; VariantName = "[No Variations]"
Change component parameters (AddParameter): Name = "Technology"; Value = "SMT"; VariantName = "[No Variations]"
Change component parameters (AddParameter): Name = "Tolerance"; Value = "±0.5pF"; VariantName = "[No Variations]"
Change component parameters (AddParameter): Name = "Value"; Value = "0.5pF"; VariantName = "[No Variations]"
Change component parameters: Designator = "C111"; Footprint = "CAPC0805(2012)100_L"; UniqueID = "\KPSXDMFF"
Change component parameters. Clean all parameters for all variants
Change component parameters (AddParameter): Name = "Case-EIA"; Value = "0805"; VariantName = "[No Variations]"
Change component parameters (AddParameter): Name = "Case-Metric"; Value = "2012"; VariantName = "[No Variations]"
Change component parameters (AddParameter): Name = "Max Thickness"; Value = "1 mm"; VariantName = "[No Variations]"
Change component parameters (AddParameter): Name = "Rated Voltage"; Value = "10 V"; VariantName = "[No Variations]"
Change component parameters (AddParameter): Name = "Technology"; Value = "SMT"; VariantName = "[No Variations]"
Change component parameters (AddParameter): Name = "Tolerance"; Value = "±0.5pF"; VariantName = "[No Variations]"
Change component parameters (AddParameter): Name = "Value"; Value = "0.5pF"; VariantName = "[No Variations]"
Change component parameters: Designator = "C112"; Footprint = "CAPC0805(2012)100_L"; UniqueID = "\EFSWNAFL"
Change component parameters. Clean all parameters for all variants
Change component parameters (AddParameter): Name = "Case-EIA"; Value = "0805"; VariantName = "[No Variations]"
Change component parameters (AddParameter): Name = "Case-Metric"; Value = "2012"; VariantName = "[No Variations]"
Change component parameters (AddParameter): Name = "Max Thickness"; Value = "1 mm"; VariantName = "[No Variations]"
Change component parameters (AddParameter): Name = "Rated Voltage"; Value = "10 V"; VariantName = "[No Variations]"
Change component parameters (AddParameter): Name = "Technology"; Value = "SMT"; VariantName = "[No Variations]"
Change component parameters (AddParameter): Name = "Tolerance"; Value = "±0.5pF"; VariantName = "[No Variations]"
Change component parameters (AddParameter): Name = "Value"; Value = "0.5pF"; VariantName = "[No Variations]"
Change component parameters: Designator = "C113"; Footprint = "CAPC0805(2012)100_L"; UniqueID = "\FJRFSBPG"
Change component parameters. Clean all parameters for all variants
Change component parameters (AddParameter): Name = "Case-EIA"; Value = "0805"; VariantName = "[No Variations]"
Change component parameters (AddParameter): Name = "Case-Metric"; Value = "2012"; VariantName = "[No Variations]"
Change component parameters (AddParameter): Name = "Max Thickness"; Value = "1 mm"; VariantName = "[No Variations]"
Change component parameters (AddParameter): Name = "Rated Voltage"; Value = "10 V"; VariantName = "[No Variations]"
Change component parameters (AddParameter): Name = "Technology"; Value = "SMT"; VariantName = "[No Variations]"
Change component parameters (AddParameter): Name = "Tolerance"; Value = "±0.5pF"; VariantName = "[No Variations]"
Change component parameters (AddParameter): Name = "Value"; Value = "0.5pF"; VariantName = "[No Variations]"
Change component parameters: Designator = "C114"; Footprint = "CAPC0805(2012)100_L"; UniqueID = "\MLNYBYLF"
Change component parameters. Clean all parameters for all variants
Change component parameters (AddParameter): Name = "Case-EIA"; Value = "0805"; VariantName = "[No Variations]"
Change component parameters (AddParameter): Name = "Case-Metric"; Value = "2012"; VariantName = "[No Variations]"
Change component parameters (AddParameter): Name = "Max Thickness"; Value = "1 mm"; VariantName = "[No Variations]"
Change component parameters (AddParameter): Name = "Rated Voltage"; Value = "10 V"; VariantName = "[No Variations]"
Change component parameters (AddParameter): Name = "Technology"; Value = "SMT"; VariantName = "[No Variations]"
Change component parameters (AddParameter): Name = "Tolerance"; Value = "±0.5pF"; VariantName = "[No Variations]"
Change component parameters (AddParameter): Name = "Value"; Value = "0.5pF"; VariantName = "[No Variations]"
Change component parameters: Designator = "C115"; Footprint = "CAPC0805(2012)100_L"; UniqueID = "\HNVVWIIT"
Change component parameters. Clean all parameters for all variants
Change component parameters (AddParameter): Name = "Case-EIA"; Value = "0805"; VariantName = "[No Variations]"
Change component parameters (AddParameter): Name = "Case-Metric"; Value = "2012"; VariantName = "[No Variations]"
Change component parameters (AddParameter): Name = "Max Thickness"; Value = "1 mm"; VariantName = "[No Variations]"
Change component parameters (AddParameter): Name = "Rated Voltage"; Value = "10 V"; VariantName = "[No Variations]"
Change component parameters (AddParameter): Name = "Technology"; Value = "SMT"; VariantName = "[No Variations]"
Change component parameters (AddParameter): Name = "Tolerance"; Value = "±0.5pF"; VariantName = "[No Variations]"
Change component parameters (AddParameter): Name = "Value"; Value = "0.5pF"; VariantName = "[No Variations]"
Change component parameters: Designator = "C116"; Footprint = "CAPC0805(2012)100_L"; UniqueID = "\BVIPTRHH"
Change component parameters. Clean all parameters for all variants
Change component parameters (AddParameter): Name = "Case-EIA"; Value = "0805"; VariantName = "[No Variations]"
Change component parameters (AddParameter): Name = "Case-Metric"; Value = "2012"; VariantName = "[No Variations]"
Change component parameters (AddParameter): Name = "Max Thickness"; Value = "1 mm"; VariantName = "[No Variations]"
Change component parameters (AddParameter): Name = "Rated Voltage"; Value = "10 V"; VariantName = "[No Variations]"
Change component parameters (AddParameter): Name = "Technology"; Value = "SMT"; VariantName = "[No Variations]"
Change component parameters (AddParameter): Name = "Tolerance"; Value = "±0.5pF"; VariantName = "[No Variations]"
Change component parameters (AddParameter): Name = "Value"; Value = "0.5pF"; VariantName = "[No Variations]"
Change component parameters: Designator = "C117"; Footprint = "CAPC0805(2012)100_L"; UniqueID = "\CJFRNHXI"
Change component parameters. Clean all parameters for all variants
Change component parameters (AddParameter): Name = "Case-EIA"; Value = "0805"; VariantName = "[No Variations]"
Change component parameters (AddParameter): Name = "Case-Metric"; Value = "2012"; VariantName = "[No Variations]"
Change component parameters (AddParameter): Name = "Max Thickness"; Value = "1 mm"; VariantName = "[No Variations]"
Change component parameters (AddParameter): Name = "Rated Voltage"; Value = "10 V"; VariantName = "[No Variations]"
Change component parameters (AddParameter): Name = "Technology"; Value = "SMT"; VariantName = "[No Variations]"
Change component parameters (AddParameter): Name = "Tolerance"; Value = "±0.5pF"; VariantName = "[No Variations]"
Change component parameters (AddParameter): Name = "Value"; Value = "0.5pF"; VariantName = "[No Variations]"
Change component parameters: Designator = "C118"; Footprint = "CAPC0805(2012)100_L"; UniqueID = "\FOVRFHDH"
Change component parameters. Clean all parameters for all variants
Change component parameters (AddParameter): Name = "Case-EIA"; Value = "0805"; VariantName = "[No Variations]"
Change component parameters (AddParameter): Name = "Case-Metric"; Value = "2012"; VariantName = "[No Variations]"
Change component parameters (AddParameter): Name = "Max Thickness"; Value = "1 mm"; VariantName = "[No Variations]"
Change component parameters (AddParameter): Name = "Rated Voltage"; Value = "10 V"; VariantName = "[No Variations]"
Change component parameters (AddParameter): Name = "Technology"; Value = "SMT"; VariantName = "[No Variations]"
Change component parameters (AddParameter): Name = "Tolerance"; Value = "±0.5pF"; VariantName = "[No Variations]"
Change component parameters (AddParameter): Name = "Value"; Value = "0.5pF"; VariantName = "[No Variations]"
Change component parameters: Designator = "C119"; Footprint = "CAPC0805(2012)100_L"; UniqueID = "\KFVCARGG"
Change component parameters. Clean all parameters for all variants
Change component parameters (AddParameter): Name = "Case-EIA"; Value = "0805"; VariantName = "[No Variations]"
Change component parameters (AddParameter): Name = "Case-Metric"; Value = "2012"; VariantName = "[No Variations]"
Change component parameters (AddParameter): Name = "Max Thickness"; Value = "1 mm"; VariantName = "[No Variations]"
Change component parameters (AddParameter): Name = "Rated Voltage"; Value = "10 V"; VariantName = "[No Variations]"
Change component parameters (AddParameter): Name = "Technology"; Value = "SMT"; VariantName = "[No Variations]"
Change component parameters (AddParameter): Name = "Tolerance"; Value = "±0.5pF"; VariantName = "[No Variations]"
Change component parameters (AddParameter): Name = "Value"; Value = "0.5pF"; VariantName = "[No Variations]"
Change component parameters: Designator = "C120"; Footprint = "CAPC0805(2012)100_L"; UniqueID = "\TNBGRINC"
Change component parameters. Clean all parameters for all variants
Change component parameters (AddParameter): Name = "Case-EIA"; Value = "0805"; VariantName = "[No Variations]"
Change component parameters (AddParameter): Name = "Case-Metric"; Value = "2012"; VariantName = "[No Variations]"
Change component parameters (AddParameter): Name = "Max Thickness"; Value = "1 mm"; VariantName = "[No Variations]"
Change component parameters (AddParameter): Name = "Rated Voltage"; Value = "10 V"; VariantName = "[No Variations]"
Change component parameters (AddParameter): Name = "Technology"; Value = "SMT"; VariantName = "[No Variations]"
Change component parameters (AddParameter): Name = "Tolerance"; Value = "±0.5pF"; VariantName = "[No Variations]"
Change component parameters (AddParameter): Name = "Value"; Value = "0.5pF"; VariantName = "[No Variations]"
Added Pin To Net: NetName=GND Pin=C61-1
Added Pin To Net: NetName=GND Pin=C62-1
Added Pin To Net: NetName=GND Pin=C63-1
Added Pin To Net: NetName=GND Pin=C64-1
Added Pin To Net: NetName=GND Pin=C65-1
Added Pin To Net: NetName=GND Pin=C66-1
Added Pin To Net: NetName=GND Pin=C67-1
Added Pin To Net: NetName=GND Pin=C68-1
Added Pin To Net: NetName=GND Pin=C69-1
Added Pin To Net: NetName=GND Pin=C70-1
Added Pin To Net: NetName=GND Pin=C71-1
Added Pin To Net: NetName=GND Pin=C72-1
Added Pin To Net: NetName=GND Pin=C73-1
Added Pin To Net: NetName=GND Pin=C74-1
Added Pin To Net: NetName=GND Pin=C75-1
Added Pin To Net: NetName=GND Pin=C76-1
Added Pin To Net: NetName=GND Pin=C77-1
Added Pin To Net: NetName=GND Pin=C78-1
Added Pin To Net: NetName=GND Pin=C79-1
Added Pin To Net: NetName=GND Pin=C80-1
Added Pin To Net: NetName=GND Pin=C81-1
Added Pin To Net: NetName=GND Pin=C82-1
Added Pin To Net: NetName=GND Pin=C83-1
Added Pin To Net: NetName=GND Pin=C84-1
Added Pin To Net: NetName=GND Pin=C85-1
Added Pin To Net: NetName=GND Pin=C86-1
Added Pin To Net: NetName=GND Pin=C87-1
Added Pin To Net: NetName=GND Pin=C88-1
Added Pin To Net: NetName=GND Pin=C89-1
Added Pin To Net: NetName=GND Pin=C90-1
Added Pin To Net: NetName=GND Pin=C91-1
Added Pin To Net: NetName=GND Pin=C92-1
Added Pin To Net: NetName=GND Pin=C93-1
Added Pin To Net: NetName=GND Pin=C94-1
Added Pin To Net: NetName=GND Pin=C95-1
Added Pin To Net: NetName=GND Pin=C96-1
Added Pin To Net: NetName=GND Pin=C97-1
Added Pin To Net: NetName=GND Pin=C98-1
Added Pin To Net: NetName=GND Pin=C99-1
Added Pin To Net: NetName=GND Pin=C100-1
Added Pin To Net: NetName=GND Pin=C101-1
Added Pin To Net: NetName=GND Pin=C102-1
Added Pin To Net: NetName=GND Pin=C103-1
Added Pin To Net: NetName=GND Pin=C104-1
Added Pin To Net: NetName=GND Pin=C105-1
Added Pin To Net: NetName=GND Pin=C106-1
Added Pin To Net: NetName=GND Pin=C107-1
Added Pin To Net: NetName=GND Pin=C108-1
Added Pin To Net: NetName=GND Pin=C109-1
Added Pin To Net: NetName=GND Pin=C110-1
Added Pin To Net: NetName=GND Pin=C111-1
Added Pin To Net: NetName=GND Pin=C112-1
Added Pin To Net: NetName=GND Pin=C113-1
Added Pin To Net: NetName=GND Pin=C114-1
Added Pin To Net: NetName=GND Pin=C115-1
Added Pin To Net: NetName=GND Pin=C116-1
Added Pin To Net: NetName=GND Pin=C117-1
Added Pin To Net: NetName=GND Pin=C118-1
Added Pin To Net: NetName=GND Pin=C119-1
Added Pin To Net: NetName=GND Pin=C120-1
Added Pin To Net: NetName=VCC Pin=U61-1
Added Pin To Net: NetName=VCC Pin=U62-1
Added Pin To Net: NetName=VCC Pin=U63-1
Added Pin To Net: NetName=VCC Pin=U64-1
Added Pin To Net: NetName=VCC Pin=U65-1
Added Pin To Net: NetName=VCC Pin=U66-1
Added Pin To Net: NetName=VCC Pin=U67-1
Added Pin To Net: NetName=VCC Pin=U68-1
Added Pin To Net: NetName=VCC Pin=U69-1
Added Pin To Net: NetName=VCC Pin=U70-1
Added Pin To Net: NetName=VCC Pin=U71-1
Added Pin To Net: NetName=VCC Pin=U72-1
Added Pin To Net: NetName=VCC Pin=U73-1
Added Pin To Net: NetName=VCC Pin=U74-1
Added Pin To Net: NetName=VCC Pin=U75-1
Added Pin To Net: NetName=VCC Pin=U76-1
Added Pin To Net: NetName=VCC Pin=U77-1
Added Pin To Net: NetName=VCC Pin=U78-1
Added Pin To Net: NetName=VCC Pin=U79-1
Added Pin To Net: NetName=VCC Pin=U80-1
Added Pin To Net: NetName=VCC Pin=U81-1
Added Pin To Net: NetName=VCC Pin=U82-1
Added Pin To Net: NetName=VCC Pin=U83-1
Added Pin To Net: NetName=VCC Pin=U84-1
Added Pin To Net: NetName=VCC Pin=U85-1
Added Pin To Net: NetName=VCC Pin=U86-1
Added Pin To Net: NetName=VCC Pin=U87-1
Added Pin To Net: NetName=VCC Pin=U88-1
Added Pin To Net: NetName=VCC Pin=U89-1
Added Pin To Net: NetName=VCC Pin=U90-1
Added Pin To Net: NetName=VCC Pin=U91-1
Added Pin To Net: NetName=VCC Pin=U92-1
Added Pin To Net: NetName=VCC Pin=U93-1
Added Pin To Net: NetName=VCC Pin=U94-1
Added Pin To Net: NetName=VCC Pin=U95-1
Added Pin To Net: NetName=VCC Pin=U96-1
Added Pin To Net: NetName=VCC Pin=U97-1
Added Pin To Net: NetName=VCC Pin=U98-1
Added Pin To Net: NetName=VCC Pin=U99-1
Added Pin To Net: NetName=VCC Pin=U100-1
Added Pin To Net: NetName=VCC Pin=U101-1
Added Pin To Net: NetName=VCC Pin=U102-1
Added Pin To Net: NetName=VCC Pin=U103-1
Added Pin To Net: NetName=VCC Pin=U104-1
Added Pin To Net: NetName=VCC Pin=U105-1
Added Pin To Net: NetName=VCC Pin=U106-1
Added Pin To Net: NetName=VCC Pin=U107-1
Added Pin To Net: NetName=VCC Pin=U108-1
Added Pin To Net: NetName=VCC Pin=U109-1
Added Pin To Net: NetName=VCC Pin=U110-1
Added Pin To Net: NetName=VCC Pin=U111-1
Added Pin To Net: NetName=VCC Pin=U112-1
Added Pin To Net: NetName=VCC Pin=U113-1
Added Pin To Net: NetName=VCC Pin=U114-1
Added Pin To Net: NetName=VCC Pin=U115-1
Added Pin To Net: NetName=VCC Pin=U116-1
Added Pin To Net: NetName=VCC Pin=U117-1
Added Pin To Net: NetName=VCC Pin=U118-1
Added Pin To Net: NetName=VCC Pin=U119-1
Added Pin To Net: NetName=VCC Pin=U120-1
